[2025-04-02T06:12:12.940+0000] {processor.py:186} INFO - Started process (PID=59) to work on /home/airflow/.local/lib/python3.12/site-packages/airflow/example_dags/example_task_group.py
[2025-04-02T06:12:12.940+0000] {processor.py:914} INFO - Processing file /home/airflow/.local/lib/python3.12/site-packages/airflow/example_dags/example_task_group.py for tasks to queue
[2025-04-02T06:12:12.942+0000] {logging_mixin.py:190} INFO - [2025-04-02T06:12:12.941+0000] {dagbag.py:588} INFO - Filling up the DagBag from /home/airflow/.local/lib/python3.12/site-packages/airflow/example_dags/example_task_group.py
[2025-04-02T06:12:12.958+0000] {processor.py:925} INFO - DAG(s) 'example_task_group' retrieved from /home/airflow/.local/lib/python3.12/site-packages/airflow/example_dags/example_task_group.py
[2025-04-02T06:12:13.150+0000] {logging_mixin.py:190} INFO - [2025-04-02T06:12:13.149+0000] {override.py:1912} INFO - Created Permission View: can delete on DAG:example_task_group
[2025-04-02T06:12:13.159+0000] {logging_mixin.py:190} INFO - [2025-04-02T06:12:13.159+0000] {override.py:1912} INFO - Created Permission View: can read on DAG:example_task_group
[2025-04-02T06:12:13.163+0000] {logging_mixin.py:190} INFO - [2025-04-02T06:12:13.163+0000] {override.py:1912} INFO - Created Permission View: can edit on DAG:example_task_group
[2025-04-02T06:12:13.168+0000] {logging_mixin.py:190} INFO - [2025-04-02T06:12:13.168+0000] {override.py:1912} INFO - Created Permission View: can delete on DAG Run:example_task_group
[2025-04-02T06:12:13.172+0000] {logging_mixin.py:190} INFO - [2025-04-02T06:12:13.172+0000] {override.py:1912} INFO - Created Permission View: can create on DAG Run:example_task_group
[2025-04-02T06:12:13.177+0000] {logging_mixin.py:190} INFO - [2025-04-02T06:12:13.176+0000] {override.py:1912} INFO - Created Permission View: can read on DAG Run:example_task_group
[2025-04-02T06:12:13.182+0000] {logging_mixin.py:190} INFO - [2025-04-02T06:12:13.181+0000] {override.py:1912} INFO - Created Permission View: menu access on DAG Run:example_task_group
[2025-04-02T06:12:13.182+0000] {logging_mixin.py:190} INFO - [2025-04-02T06:12:13.182+0000] {dag.py:3239} INFO - Sync 1 DAGs
[2025-04-02T06:12:13.206+0000] {logging_mixin.py:190} INFO - [2025-04-02T06:12:13.206+0000] {dag.py:3262} INFO - Creating ORM DAG for example_task_group
[2025-04-02T06:12:13.207+0000] {logging_mixin.py:190} INFO - [2025-04-02T06:12:13.207+0000] {dag.py:4180} INFO - Setting next_dagrun for example_task_group to None, run_after=None
[2025-04-02T06:12:13.222+0000] {processor.py:208} INFO - Processing /home/airflow/.local/lib/python3.12/site-packages/airflow/example_dags/example_task_group.py took 0.289 seconds
[2025-04-02T06:12:43.717+0000] {processor.py:186} INFO - Started process (PID=122) to work on /home/airflow/.local/lib/python3.12/site-packages/airflow/example_dags/example_task_group.py
[2025-04-02T06:12:43.718+0000] {processor.py:914} INFO - Processing file /home/airflow/.local/lib/python3.12/site-packages/airflow/example_dags/example_task_group.py for tasks to queue
[2025-04-02T06:12:43.719+0000] {logging_mixin.py:190} INFO - [2025-04-02T06:12:43.719+0000] {dagbag.py:588} INFO - Filling up the DagBag from /home/airflow/.local/lib/python3.12/site-packages/airflow/example_dags/example_task_group.py
[2025-04-02T06:12:43.724+0000] {processor.py:925} INFO - DAG(s) 'example_task_group' retrieved from /home/airflow/.local/lib/python3.12/site-packages/airflow/example_dags/example_task_group.py
[2025-04-02T06:12:43.735+0000] {logging_mixin.py:190} INFO - [2025-04-02T06:12:43.735+0000] {dag.py:3239} INFO - Sync 1 DAGs
[2025-04-02T06:12:43.742+0000] {logging_mixin.py:190} INFO - [2025-04-02T06:12:43.741+0000] {dag.py:4180} INFO - Setting next_dagrun for example_task_group to None, run_after=None
[2025-04-02T06:12:43.750+0000] {processor.py:208} INFO - Processing /home/airflow/.local/lib/python3.12/site-packages/airflow/example_dags/example_task_group.py took 0.037 seconds
[2025-04-02T06:13:14.142+0000] {processor.py:186} INFO - Started process (PID=185) to work on /home/airflow/.local/lib/python3.12/site-packages/airflow/example_dags/example_task_group.py
[2025-04-02T06:13:14.144+0000] {processor.py:914} INFO - Processing file /home/airflow/.local/lib/python3.12/site-packages/airflow/example_dags/example_task_group.py for tasks to queue
[2025-04-02T06:13:14.146+0000] {logging_mixin.py:190} INFO - [2025-04-02T06:13:14.145+0000] {dagbag.py:588} INFO - Filling up the DagBag from /home/airflow/.local/lib/python3.12/site-packages/airflow/example_dags/example_task_group.py
[2025-04-02T06:13:14.151+0000] {processor.py:925} INFO - DAG(s) 'example_task_group' retrieved from /home/airflow/.local/lib/python3.12/site-packages/airflow/example_dags/example_task_group.py
[2025-04-02T06:13:14.165+0000] {logging_mixin.py:190} INFO - [2025-04-02T06:13:14.165+0000] {dag.py:3239} INFO - Sync 1 DAGs
[2025-04-02T06:13:14.174+0000] {logging_mixin.py:190} INFO - [2025-04-02T06:13:14.173+0000] {dag.py:4180} INFO - Setting next_dagrun for example_task_group to None, run_after=None
[2025-04-02T06:13:14.185+0000] {processor.py:208} INFO - Processing /home/airflow/.local/lib/python3.12/site-packages/airflow/example_dags/example_task_group.py took 0.048 seconds
[2025-04-02T06:13:44.767+0000] {processor.py:186} INFO - Started process (PID=254) to work on /home/airflow/.local/lib/python3.12/site-packages/airflow/example_dags/example_task_group.py
[2025-04-02T06:13:44.769+0000] {processor.py:914} INFO - Processing file /home/airflow/.local/lib/python3.12/site-packages/airflow/example_dags/example_task_group.py for tasks to queue
[2025-04-02T06:13:44.770+0000] {logging_mixin.py:190} INFO - [2025-04-02T06:13:44.770+0000] {dagbag.py:588} INFO - Filling up the DagBag from /home/airflow/.local/lib/python3.12/site-packages/airflow/example_dags/example_task_group.py
[2025-04-02T06:13:44.774+0000] {processor.py:925} INFO - DAG(s) 'example_task_group' retrieved from /home/airflow/.local/lib/python3.12/site-packages/airflow/example_dags/example_task_group.py
[2025-04-02T06:13:44.784+0000] {logging_mixin.py:190} INFO - [2025-04-02T06:13:44.784+0000] {dag.py:3239} INFO - Sync 1 DAGs
[2025-04-02T06:13:44.792+0000] {logging_mixin.py:190} INFO - [2025-04-02T06:13:44.792+0000] {dag.py:4180} INFO - Setting next_dagrun for example_task_group to None, run_after=None
[2025-04-02T06:13:44.803+0000] {processor.py:208} INFO - Processing /home/airflow/.local/lib/python3.12/site-packages/airflow/example_dags/example_task_group.py took 0.039 seconds
[2025-04-02T06:14:15.039+0000] {processor.py:186} INFO - Started process (PID=317) to work on /home/airflow/.local/lib/python3.12/site-packages/airflow/example_dags/example_task_group.py
[2025-04-02T06:14:15.040+0000] {processor.py:914} INFO - Processing file /home/airflow/.local/lib/python3.12/site-packages/airflow/example_dags/example_task_group.py for tasks to queue
[2025-04-02T06:14:15.041+0000] {logging_mixin.py:190} INFO - [2025-04-02T06:14:15.041+0000] {dagbag.py:588} INFO - Filling up the DagBag from /home/airflow/.local/lib/python3.12/site-packages/airflow/example_dags/example_task_group.py
[2025-04-02T06:14:15.046+0000] {processor.py:925} INFO - DAG(s) 'example_task_group' retrieved from /home/airflow/.local/lib/python3.12/site-packages/airflow/example_dags/example_task_group.py
[2025-04-02T06:14:15.059+0000] {logging_mixin.py:190} INFO - [2025-04-02T06:14:15.058+0000] {dag.py:3239} INFO - Sync 1 DAGs
[2025-04-02T06:14:15.067+0000] {logging_mixin.py:190} INFO - [2025-04-02T06:14:15.066+0000] {dag.py:4180} INFO - Setting next_dagrun for example_task_group to None, run_after=None
[2025-04-02T06:14:15.076+0000] {processor.py:208} INFO - Processing /home/airflow/.local/lib/python3.12/site-packages/airflow/example_dags/example_task_group.py took 0.040 seconds
[2025-04-02T06:14:45.516+0000] {processor.py:186} INFO - Started process (PID=380) to work on /home/airflow/.local/lib/python3.12/site-packages/airflow/example_dags/example_task_group.py
[2025-04-02T06:14:45.518+0000] {processor.py:914} INFO - Processing file /home/airflow/.local/lib/python3.12/site-packages/airflow/example_dags/example_task_group.py for tasks to queue
[2025-04-02T06:14:45.520+0000] {logging_mixin.py:190} INFO - [2025-04-02T06:14:45.520+0000] {dagbag.py:588} INFO - Filling up the DagBag from /home/airflow/.local/lib/python3.12/site-packages/airflow/example_dags/example_task_group.py
[2025-04-02T06:14:45.530+0000] {processor.py:925} INFO - DAG(s) 'example_task_group' retrieved from /home/airflow/.local/lib/python3.12/site-packages/airflow/example_dags/example_task_group.py
[2025-04-02T06:14:45.544+0000] {logging_mixin.py:190} INFO - [2025-04-02T06:14:45.544+0000] {dag.py:3239} INFO - Sync 1 DAGs
[2025-04-02T06:14:45.554+0000] {logging_mixin.py:190} INFO - [2025-04-02T06:14:45.553+0000] {dag.py:4180} INFO - Setting next_dagrun for example_task_group to None, run_after=None
[2025-04-02T06:14:45.565+0000] {processor.py:208} INFO - Processing /home/airflow/.local/lib/python3.12/site-packages/airflow/example_dags/example_task_group.py took 0.055 seconds
[2025-04-02T06:15:15.824+0000] {processor.py:186} INFO - Started process (PID=443) to work on /home/airflow/.local/lib/python3.12/site-packages/airflow/example_dags/example_task_group.py
[2025-04-02T06:15:15.826+0000] {processor.py:914} INFO - Processing file /home/airflow/.local/lib/python3.12/site-packages/airflow/example_dags/example_task_group.py for tasks to queue
[2025-04-02T06:15:15.829+0000] {logging_mixin.py:190} INFO - [2025-04-02T06:15:15.828+0000] {dagbag.py:588} INFO - Filling up the DagBag from /home/airflow/.local/lib/python3.12/site-packages/airflow/example_dags/example_task_group.py
[2025-04-02T06:15:15.836+0000] {processor.py:925} INFO - DAG(s) 'example_task_group' retrieved from /home/airflow/.local/lib/python3.12/site-packages/airflow/example_dags/example_task_group.py
[2025-04-02T06:15:15.855+0000] {logging_mixin.py:190} INFO - [2025-04-02T06:15:15.855+0000] {dag.py:3239} INFO - Sync 1 DAGs
[2025-04-02T06:15:15.864+0000] {logging_mixin.py:190} INFO - [2025-04-02T06:15:15.864+0000] {dag.py:4180} INFO - Setting next_dagrun for example_task_group to None, run_after=None
[2025-04-02T06:15:15.874+0000] {processor.py:208} INFO - Processing /home/airflow/.local/lib/python3.12/site-packages/airflow/example_dags/example_task_group.py took 0.056 seconds
[2025-04-02T06:15:46.215+0000] {processor.py:186} INFO - Started process (PID=506) to work on /home/airflow/.local/lib/python3.12/site-packages/airflow/example_dags/example_task_group.py
[2025-04-02T06:15:46.216+0000] {processor.py:914} INFO - Processing file /home/airflow/.local/lib/python3.12/site-packages/airflow/example_dags/example_task_group.py for tasks to queue
[2025-04-02T06:15:46.218+0000] {logging_mixin.py:190} INFO - [2025-04-02T06:15:46.217+0000] {dagbag.py:588} INFO - Filling up the DagBag from /home/airflow/.local/lib/python3.12/site-packages/airflow/example_dags/example_task_group.py
[2025-04-02T06:15:46.223+0000] {processor.py:925} INFO - DAG(s) 'example_task_group' retrieved from /home/airflow/.local/lib/python3.12/site-packages/airflow/example_dags/example_task_group.py
[2025-04-02T06:15:46.238+0000] {logging_mixin.py:190} INFO - [2025-04-02T06:15:46.238+0000] {dag.py:3239} INFO - Sync 1 DAGs
[2025-04-02T06:15:46.249+0000] {logging_mixin.py:190} INFO - [2025-04-02T06:15:46.249+0000] {dag.py:4180} INFO - Setting next_dagrun for example_task_group to None, run_after=None
[2025-04-02T06:15:46.260+0000] {processor.py:208} INFO - Processing /home/airflow/.local/lib/python3.12/site-packages/airflow/example_dags/example_task_group.py took 0.048 seconds
[2025-04-02T06:18:00.988+0000] {processor.py:186} INFO - Started process (PID=58) to work on /home/airflow/.local/lib/python3.12/site-packages/airflow/example_dags/example_task_group.py
[2025-04-02T06:18:00.989+0000] {processor.py:914} INFO - Processing file /home/airflow/.local/lib/python3.12/site-packages/airflow/example_dags/example_task_group.py for tasks to queue
[2025-04-02T06:18:00.991+0000] {logging_mixin.py:190} INFO - [2025-04-02T06:18:00.991+0000] {dagbag.py:588} INFO - Filling up the DagBag from /home/airflow/.local/lib/python3.12/site-packages/airflow/example_dags/example_task_group.py
[2025-04-02T06:18:01.001+0000] {processor.py:925} INFO - DAG(s) 'example_task_group' retrieved from /home/airflow/.local/lib/python3.12/site-packages/airflow/example_dags/example_task_group.py
[2025-04-02T06:18:01.023+0000] {logging_mixin.py:190} INFO - [2025-04-02T06:18:01.023+0000] {dag.py:3239} INFO - Sync 1 DAGs
[2025-04-02T06:18:01.034+0000] {logging_mixin.py:190} INFO - [2025-04-02T06:18:01.034+0000] {dag.py:4180} INFO - Setting next_dagrun for example_task_group to None, run_after=None
[2025-04-02T06:18:01.053+0000] {processor.py:208} INFO - Processing /home/airflow/.local/lib/python3.12/site-packages/airflow/example_dags/example_task_group.py took 0.070 seconds
[2025-04-02T06:18:31.609+0000] {processor.py:186} INFO - Started process (PID=127) to work on /home/airflow/.local/lib/python3.12/site-packages/airflow/example_dags/example_task_group.py
[2025-04-02T06:18:31.610+0000] {processor.py:914} INFO - Processing file /home/airflow/.local/lib/python3.12/site-packages/airflow/example_dags/example_task_group.py for tasks to queue
[2025-04-02T06:18:31.612+0000] {logging_mixin.py:190} INFO - [2025-04-02T06:18:31.611+0000] {dagbag.py:588} INFO - Filling up the DagBag from /home/airflow/.local/lib/python3.12/site-packages/airflow/example_dags/example_task_group.py
[2025-04-02T06:18:31.616+0000] {processor.py:925} INFO - DAG(s) 'example_task_group' retrieved from /home/airflow/.local/lib/python3.12/site-packages/airflow/example_dags/example_task_group.py
[2025-04-02T06:18:31.626+0000] {logging_mixin.py:190} INFO - [2025-04-02T06:18:31.626+0000] {dag.py:3239} INFO - Sync 1 DAGs
[2025-04-02T06:18:31.633+0000] {logging_mixin.py:190} INFO - [2025-04-02T06:18:31.633+0000] {dag.py:4180} INFO - Setting next_dagrun for example_task_group to None, run_after=None
[2025-04-02T06:18:31.642+0000] {processor.py:208} INFO - Processing /home/airflow/.local/lib/python3.12/site-packages/airflow/example_dags/example_task_group.py took 0.035 seconds
[2025-04-02T06:19:01.869+0000] {processor.py:186} INFO - Started process (PID=190) to work on /home/airflow/.local/lib/python3.12/site-packages/airflow/example_dags/example_task_group.py
[2025-04-02T06:19:01.870+0000] {processor.py:914} INFO - Processing file /home/airflow/.local/lib/python3.12/site-packages/airflow/example_dags/example_task_group.py for tasks to queue
[2025-04-02T06:19:01.872+0000] {logging_mixin.py:190} INFO - [2025-04-02T06:19:01.872+0000] {dagbag.py:588} INFO - Filling up the DagBag from /home/airflow/.local/lib/python3.12/site-packages/airflow/example_dags/example_task_group.py
[2025-04-02T06:19:01.880+0000] {processor.py:925} INFO - DAG(s) 'example_task_group' retrieved from /home/airflow/.local/lib/python3.12/site-packages/airflow/example_dags/example_task_group.py
[2025-04-02T06:19:01.895+0000] {logging_mixin.py:190} INFO - [2025-04-02T06:19:01.894+0000] {dag.py:3239} INFO - Sync 1 DAGs
[2025-04-02T06:19:01.906+0000] {logging_mixin.py:190} INFO - [2025-04-02T06:19:01.905+0000] {dag.py:4180} INFO - Setting next_dagrun for example_task_group to None, run_after=None
[2025-04-02T06:19:01.915+0000] {processor.py:208} INFO - Processing /home/airflow/.local/lib/python3.12/site-packages/airflow/example_dags/example_task_group.py took 0.051 seconds
[2025-04-02T06:19:32.269+0000] {processor.py:186} INFO - Started process (PID=253) to work on /home/airflow/.local/lib/python3.12/site-packages/airflow/example_dags/example_task_group.py
[2025-04-02T06:19:32.269+0000] {processor.py:914} INFO - Processing file /home/airflow/.local/lib/python3.12/site-packages/airflow/example_dags/example_task_group.py for tasks to queue
[2025-04-02T06:19:32.270+0000] {logging_mixin.py:190} INFO - [2025-04-02T06:19:32.270+0000] {dagbag.py:588} INFO - Filling up the DagBag from /home/airflow/.local/lib/python3.12/site-packages/airflow/example_dags/example_task_group.py
[2025-04-02T06:19:32.275+0000] {processor.py:925} INFO - DAG(s) 'example_task_group' retrieved from /home/airflow/.local/lib/python3.12/site-packages/airflow/example_dags/example_task_group.py
[2025-04-02T06:19:32.287+0000] {logging_mixin.py:190} INFO - [2025-04-02T06:19:32.286+0000] {dag.py:3239} INFO - Sync 1 DAGs
[2025-04-02T06:19:32.294+0000] {logging_mixin.py:190} INFO - [2025-04-02T06:19:32.294+0000] {dag.py:4180} INFO - Setting next_dagrun for example_task_group to None, run_after=None
[2025-04-02T06:19:32.303+0000] {processor.py:208} INFO - Processing /home/airflow/.local/lib/python3.12/site-packages/airflow/example_dags/example_task_group.py took 0.038 seconds
[2025-04-02T06:20:02.560+0000] {processor.py:186} INFO - Started process (PID=316) to work on /home/airflow/.local/lib/python3.12/site-packages/airflow/example_dags/example_task_group.py
[2025-04-02T06:20:02.561+0000] {processor.py:914} INFO - Processing file /home/airflow/.local/lib/python3.12/site-packages/airflow/example_dags/example_task_group.py for tasks to queue
[2025-04-02T06:20:02.562+0000] {logging_mixin.py:190} INFO - [2025-04-02T06:20:02.562+0000] {dagbag.py:588} INFO - Filling up the DagBag from /home/airflow/.local/lib/python3.12/site-packages/airflow/example_dags/example_task_group.py
[2025-04-02T06:20:02.570+0000] {processor.py:925} INFO - DAG(s) 'example_task_group' retrieved from /home/airflow/.local/lib/python3.12/site-packages/airflow/example_dags/example_task_group.py
[2025-04-02T06:20:02.587+0000] {logging_mixin.py:190} INFO - [2025-04-02T06:20:02.587+0000] {dag.py:3239} INFO - Sync 1 DAGs
[2025-04-02T06:20:02.596+0000] {logging_mixin.py:190} INFO - [2025-04-02T06:20:02.596+0000] {dag.py:4180} INFO - Setting next_dagrun for example_task_group to None, run_after=None
[2025-04-02T06:20:02.605+0000] {processor.py:208} INFO - Processing /home/airflow/.local/lib/python3.12/site-packages/airflow/example_dags/example_task_group.py took 0.049 seconds
[2025-04-02T06:20:32.720+0000] {processor.py:186} INFO - Started process (PID=379) to work on /home/airflow/.local/lib/python3.12/site-packages/airflow/example_dags/example_task_group.py
[2025-04-02T06:20:32.721+0000] {processor.py:914} INFO - Processing file /home/airflow/.local/lib/python3.12/site-packages/airflow/example_dags/example_task_group.py for tasks to queue
[2025-04-02T06:20:32.722+0000] {logging_mixin.py:190} INFO - [2025-04-02T06:20:32.722+0000] {dagbag.py:588} INFO - Filling up the DagBag from /home/airflow/.local/lib/python3.12/site-packages/airflow/example_dags/example_task_group.py
[2025-04-02T06:20:32.727+0000] {processor.py:925} INFO - DAG(s) 'example_task_group' retrieved from /home/airflow/.local/lib/python3.12/site-packages/airflow/example_dags/example_task_group.py
[2025-04-02T06:20:32.739+0000] {logging_mixin.py:190} INFO - [2025-04-02T06:20:32.739+0000] {dag.py:3239} INFO - Sync 1 DAGs
[2025-04-02T06:20:32.748+0000] {logging_mixin.py:190} INFO - [2025-04-02T06:20:32.748+0000] {dag.py:4180} INFO - Setting next_dagrun for example_task_group to None, run_after=None
[2025-04-02T06:20:32.758+0000] {processor.py:208} INFO - Processing /home/airflow/.local/lib/python3.12/site-packages/airflow/example_dags/example_task_group.py took 0.044 seconds
[2025-04-02T06:21:02.878+0000] {processor.py:186} INFO - Started process (PID=442) to work on /home/airflow/.local/lib/python3.12/site-packages/airflow/example_dags/example_task_group.py
[2025-04-02T06:21:02.879+0000] {processor.py:914} INFO - Processing file /home/airflow/.local/lib/python3.12/site-packages/airflow/example_dags/example_task_group.py for tasks to queue
[2025-04-02T06:21:02.880+0000] {logging_mixin.py:190} INFO - [2025-04-02T06:21:02.880+0000] {dagbag.py:588} INFO - Filling up the DagBag from /home/airflow/.local/lib/python3.12/site-packages/airflow/example_dags/example_task_group.py
[2025-04-02T06:21:02.884+0000] {processor.py:925} INFO - DAG(s) 'example_task_group' retrieved from /home/airflow/.local/lib/python3.12/site-packages/airflow/example_dags/example_task_group.py
[2025-04-02T06:21:02.896+0000] {logging_mixin.py:190} INFO - [2025-04-02T06:21:02.895+0000] {dag.py:3239} INFO - Sync 1 DAGs
[2025-04-02T06:21:02.903+0000] {logging_mixin.py:190} INFO - [2025-04-02T06:21:02.903+0000] {dag.py:4180} INFO - Setting next_dagrun for example_task_group to None, run_after=None
[2025-04-02T06:21:02.915+0000] {processor.py:208} INFO - Processing /home/airflow/.local/lib/python3.12/site-packages/airflow/example_dags/example_task_group.py took 0.041 seconds
[2025-04-02T06:21:33.285+0000] {processor.py:186} INFO - Started process (PID=504) to work on /home/airflow/.local/lib/python3.12/site-packages/airflow/example_dags/example_task_group.py
[2025-04-02T06:21:33.288+0000] {processor.py:914} INFO - Processing file /home/airflow/.local/lib/python3.12/site-packages/airflow/example_dags/example_task_group.py for tasks to queue
[2025-04-02T06:21:33.289+0000] {logging_mixin.py:190} INFO - [2025-04-02T06:21:33.289+0000] {dagbag.py:588} INFO - Filling up the DagBag from /home/airflow/.local/lib/python3.12/site-packages/airflow/example_dags/example_task_group.py
[2025-04-02T06:21:33.299+0000] {processor.py:925} INFO - DAG(s) 'example_task_group' retrieved from /home/airflow/.local/lib/python3.12/site-packages/airflow/example_dags/example_task_group.py
[2025-04-02T06:21:33.319+0000] {logging_mixin.py:190} INFO - [2025-04-02T06:21:33.319+0000] {dag.py:3239} INFO - Sync 1 DAGs
[2025-04-02T06:21:33.328+0000] {logging_mixin.py:190} INFO - [2025-04-02T06:21:33.328+0000] {dag.py:4180} INFO - Setting next_dagrun for example_task_group to None, run_after=None
[2025-04-02T06:21:33.340+0000] {processor.py:208} INFO - Processing /home/airflow/.local/lib/python3.12/site-packages/airflow/example_dags/example_task_group.py took 0.058 seconds
[2025-04-02T06:22:04.429+0000] {processor.py:186} INFO - Started process (PID=567) to work on /home/airflow/.local/lib/python3.12/site-packages/airflow/example_dags/example_task_group.py
[2025-04-02T06:22:04.429+0000] {processor.py:914} INFO - Processing file /home/airflow/.local/lib/python3.12/site-packages/airflow/example_dags/example_task_group.py for tasks to queue
[2025-04-02T06:22:04.431+0000] {logging_mixin.py:190} INFO - [2025-04-02T06:22:04.430+0000] {dagbag.py:588} INFO - Filling up the DagBag from /home/airflow/.local/lib/python3.12/site-packages/airflow/example_dags/example_task_group.py
[2025-04-02T06:22:04.435+0000] {processor.py:925} INFO - DAG(s) 'example_task_group' retrieved from /home/airflow/.local/lib/python3.12/site-packages/airflow/example_dags/example_task_group.py
[2025-04-02T06:22:04.448+0000] {logging_mixin.py:190} INFO - [2025-04-02T06:22:04.448+0000] {dag.py:3239} INFO - Sync 1 DAGs
[2025-04-02T06:22:04.457+0000] {logging_mixin.py:190} INFO - [2025-04-02T06:22:04.457+0000] {dag.py:4180} INFO - Setting next_dagrun for example_task_group to None, run_after=None
[2025-04-02T06:22:04.465+0000] {processor.py:208} INFO - Processing /home/airflow/.local/lib/python3.12/site-packages/airflow/example_dags/example_task_group.py took 0.040 seconds
[2025-04-02T06:22:35.217+0000] {processor.py:186} INFO - Started process (PID=630) to work on /home/airflow/.local/lib/python3.12/site-packages/airflow/example_dags/example_task_group.py
[2025-04-02T06:22:35.218+0000] {processor.py:914} INFO - Processing file /home/airflow/.local/lib/python3.12/site-packages/airflow/example_dags/example_task_group.py for tasks to queue
[2025-04-02T06:22:35.220+0000] {logging_mixin.py:190} INFO - [2025-04-02T06:22:35.219+0000] {dagbag.py:588} INFO - Filling up the DagBag from /home/airflow/.local/lib/python3.12/site-packages/airflow/example_dags/example_task_group.py
[2025-04-02T06:22:35.224+0000] {processor.py:925} INFO - DAG(s) 'example_task_group' retrieved from /home/airflow/.local/lib/python3.12/site-packages/airflow/example_dags/example_task_group.py
[2025-04-02T06:22:35.235+0000] {logging_mixin.py:190} INFO - [2025-04-02T06:22:35.235+0000] {dag.py:3239} INFO - Sync 1 DAGs
[2025-04-02T06:22:35.242+0000] {logging_mixin.py:190} INFO - [2025-04-02T06:22:35.242+0000] {dag.py:4180} INFO - Setting next_dagrun for example_task_group to None, run_after=None
[2025-04-02T06:22:35.252+0000] {processor.py:208} INFO - Processing /home/airflow/.local/lib/python3.12/site-packages/airflow/example_dags/example_task_group.py took 0.039 seconds
[2025-04-02T06:23:06.185+0000] {processor.py:186} INFO - Started process (PID=695) to work on /home/airflow/.local/lib/python3.12/site-packages/airflow/example_dags/example_task_group.py
[2025-04-02T06:23:06.188+0000] {processor.py:914} INFO - Processing file /home/airflow/.local/lib/python3.12/site-packages/airflow/example_dags/example_task_group.py for tasks to queue
[2025-04-02T06:23:06.191+0000] {logging_mixin.py:190} INFO - [2025-04-02T06:23:06.191+0000] {dagbag.py:588} INFO - Filling up the DagBag from /home/airflow/.local/lib/python3.12/site-packages/airflow/example_dags/example_task_group.py
[2025-04-02T06:23:06.197+0000] {processor.py:925} INFO - DAG(s) 'example_task_group' retrieved from /home/airflow/.local/lib/python3.12/site-packages/airflow/example_dags/example_task_group.py
[2025-04-02T06:23:06.217+0000] {logging_mixin.py:190} INFO - [2025-04-02T06:23:06.217+0000] {dag.py:3239} INFO - Sync 1 DAGs
[2025-04-02T06:23:06.228+0000] {logging_mixin.py:190} INFO - [2025-04-02T06:23:06.228+0000] {dag.py:4180} INFO - Setting next_dagrun for example_task_group to None, run_after=None
[2025-04-02T06:23:06.245+0000] {processor.py:208} INFO - Processing /home/airflow/.local/lib/python3.12/site-packages/airflow/example_dags/example_task_group.py took 0.065 seconds
[2025-04-02T06:23:36.758+0000] {processor.py:186} INFO - Started process (PID=759) to work on /home/airflow/.local/lib/python3.12/site-packages/airflow/example_dags/example_task_group.py
[2025-04-02T06:23:36.759+0000] {processor.py:914} INFO - Processing file /home/airflow/.local/lib/python3.12/site-packages/airflow/example_dags/example_task_group.py for tasks to queue
[2025-04-02T06:23:36.761+0000] {logging_mixin.py:190} INFO - [2025-04-02T06:23:36.761+0000] {dagbag.py:588} INFO - Filling up the DagBag from /home/airflow/.local/lib/python3.12/site-packages/airflow/example_dags/example_task_group.py
[2025-04-02T06:23:36.767+0000] {processor.py:925} INFO - DAG(s) 'example_task_group' retrieved from /home/airflow/.local/lib/python3.12/site-packages/airflow/example_dags/example_task_group.py
[2025-04-02T06:23:36.786+0000] {logging_mixin.py:190} INFO - [2025-04-02T06:23:36.786+0000] {dag.py:3239} INFO - Sync 1 DAGs
[2025-04-02T06:23:36.796+0000] {logging_mixin.py:190} INFO - [2025-04-02T06:23:36.796+0000] {dag.py:4180} INFO - Setting next_dagrun for example_task_group to None, run_after=None
[2025-04-02T06:23:36.806+0000] {processor.py:208} INFO - Processing /home/airflow/.local/lib/python3.12/site-packages/airflow/example_dags/example_task_group.py took 0.052 seconds
[2025-04-02T06:24:07.779+0000] {processor.py:186} INFO - Started process (PID=825) to work on /home/airflow/.local/lib/python3.12/site-packages/airflow/example_dags/example_task_group.py
[2025-04-02T06:24:07.780+0000] {processor.py:914} INFO - Processing file /home/airflow/.local/lib/python3.12/site-packages/airflow/example_dags/example_task_group.py for tasks to queue
[2025-04-02T06:24:07.783+0000] {logging_mixin.py:190} INFO - [2025-04-02T06:24:07.783+0000] {dagbag.py:588} INFO - Filling up the DagBag from /home/airflow/.local/lib/python3.12/site-packages/airflow/example_dags/example_task_group.py
[2025-04-02T06:24:07.790+0000] {processor.py:925} INFO - DAG(s) 'example_task_group' retrieved from /home/airflow/.local/lib/python3.12/site-packages/airflow/example_dags/example_task_group.py
[2025-04-02T06:24:07.809+0000] {logging_mixin.py:190} INFO - [2025-04-02T06:24:07.809+0000] {dag.py:3239} INFO - Sync 1 DAGs
[2025-04-02T06:24:07.817+0000] {logging_mixin.py:190} INFO - [2025-04-02T06:24:07.817+0000] {dag.py:4180} INFO - Setting next_dagrun for example_task_group to None, run_after=None
[2025-04-02T06:24:07.831+0000] {processor.py:208} INFO - Processing /home/airflow/.local/lib/python3.12/site-packages/airflow/example_dags/example_task_group.py took 0.055 seconds
[2025-04-02T06:24:38.212+0000] {processor.py:186} INFO - Started process (PID=889) to work on /home/airflow/.local/lib/python3.12/site-packages/airflow/example_dags/example_task_group.py
[2025-04-02T06:24:38.214+0000] {processor.py:914} INFO - Processing file /home/airflow/.local/lib/python3.12/site-packages/airflow/example_dags/example_task_group.py for tasks to queue
[2025-04-02T06:24:38.216+0000] {logging_mixin.py:190} INFO - [2025-04-02T06:24:38.216+0000] {dagbag.py:588} INFO - Filling up the DagBag from /home/airflow/.local/lib/python3.12/site-packages/airflow/example_dags/example_task_group.py
[2025-04-02T06:24:38.221+0000] {processor.py:925} INFO - DAG(s) 'example_task_group' retrieved from /home/airflow/.local/lib/python3.12/site-packages/airflow/example_dags/example_task_group.py
[2025-04-02T06:24:38.239+0000] {logging_mixin.py:190} INFO - [2025-04-02T06:24:38.238+0000] {dag.py:3239} INFO - Sync 1 DAGs
[2025-04-02T06:24:38.247+0000] {logging_mixin.py:190} INFO - [2025-04-02T06:24:38.247+0000] {dag.py:4180} INFO - Setting next_dagrun for example_task_group to None, run_after=None
[2025-04-02T06:24:38.259+0000] {processor.py:208} INFO - Processing /home/airflow/.local/lib/python3.12/site-packages/airflow/example_dags/example_task_group.py took 0.050 seconds
[2025-04-02T06:25:08.630+0000] {processor.py:186} INFO - Started process (PID=953) to work on /home/airflow/.local/lib/python3.12/site-packages/airflow/example_dags/example_task_group.py
[2025-04-02T06:25:08.631+0000] {processor.py:914} INFO - Processing file /home/airflow/.local/lib/python3.12/site-packages/airflow/example_dags/example_task_group.py for tasks to queue
[2025-04-02T06:25:08.633+0000] {logging_mixin.py:190} INFO - [2025-04-02T06:25:08.633+0000] {dagbag.py:588} INFO - Filling up the DagBag from /home/airflow/.local/lib/python3.12/site-packages/airflow/example_dags/example_task_group.py
[2025-04-02T06:25:08.638+0000] {processor.py:925} INFO - DAG(s) 'example_task_group' retrieved from /home/airflow/.local/lib/python3.12/site-packages/airflow/example_dags/example_task_group.py
[2025-04-02T06:25:08.650+0000] {logging_mixin.py:190} INFO - [2025-04-02T06:25:08.650+0000] {dag.py:3239} INFO - Sync 1 DAGs
[2025-04-02T06:25:08.657+0000] {logging_mixin.py:190} INFO - [2025-04-02T06:25:08.657+0000] {dag.py:4180} INFO - Setting next_dagrun for example_task_group to None, run_after=None
[2025-04-02T06:25:08.667+0000] {processor.py:208} INFO - Processing /home/airflow/.local/lib/python3.12/site-packages/airflow/example_dags/example_task_group.py took 0.040 seconds
[2025-04-02T06:25:39.075+0000] {processor.py:186} INFO - Started process (PID=1021) to work on /home/airflow/.local/lib/python3.12/site-packages/airflow/example_dags/example_task_group.py
[2025-04-02T06:25:39.077+0000] {processor.py:914} INFO - Processing file /home/airflow/.local/lib/python3.12/site-packages/airflow/example_dags/example_task_group.py for tasks to queue
[2025-04-02T06:25:39.078+0000] {logging_mixin.py:190} INFO - [2025-04-02T06:25:39.078+0000] {dagbag.py:588} INFO - Filling up the DagBag from /home/airflow/.local/lib/python3.12/site-packages/airflow/example_dags/example_task_group.py
[2025-04-02T06:25:39.083+0000] {processor.py:925} INFO - DAG(s) 'example_task_group' retrieved from /home/airflow/.local/lib/python3.12/site-packages/airflow/example_dags/example_task_group.py
[2025-04-02T06:25:39.100+0000] {logging_mixin.py:190} INFO - [2025-04-02T06:25:39.099+0000] {dag.py:3239} INFO - Sync 1 DAGs
[2025-04-02T06:25:39.106+0000] {logging_mixin.py:190} INFO - [2025-04-02T06:25:39.106+0000] {dag.py:4180} INFO - Setting next_dagrun for example_task_group to None, run_after=None
[2025-04-02T06:25:39.120+0000] {processor.py:208} INFO - Processing /home/airflow/.local/lib/python3.12/site-packages/airflow/example_dags/example_task_group.py took 0.048 seconds
[2025-04-02T06:26:09.429+0000] {processor.py:186} INFO - Started process (PID=1088) to work on /home/airflow/.local/lib/python3.12/site-packages/airflow/example_dags/example_task_group.py
[2025-04-02T06:26:09.431+0000] {processor.py:914} INFO - Processing file /home/airflow/.local/lib/python3.12/site-packages/airflow/example_dags/example_task_group.py for tasks to queue
[2025-04-02T06:26:09.432+0000] {logging_mixin.py:190} INFO - [2025-04-02T06:26:09.432+0000] {dagbag.py:588} INFO - Filling up the DagBag from /home/airflow/.local/lib/python3.12/site-packages/airflow/example_dags/example_task_group.py
[2025-04-02T06:26:09.439+0000] {processor.py:925} INFO - DAG(s) 'example_task_group' retrieved from /home/airflow/.local/lib/python3.12/site-packages/airflow/example_dags/example_task_group.py
[2025-04-02T06:26:09.450+0000] {logging_mixin.py:190} INFO - [2025-04-02T06:26:09.450+0000] {dag.py:3239} INFO - Sync 1 DAGs
[2025-04-02T06:26:09.459+0000] {logging_mixin.py:190} INFO - [2025-04-02T06:26:09.459+0000] {dag.py:4180} INFO - Setting next_dagrun for example_task_group to None, run_after=None
[2025-04-02T06:26:09.470+0000] {processor.py:208} INFO - Processing /home/airflow/.local/lib/python3.12/site-packages/airflow/example_dags/example_task_group.py took 0.045 seconds
[2025-04-02T06:26:39.799+0000] {processor.py:186} INFO - Started process (PID=1156) to work on /home/airflow/.local/lib/python3.12/site-packages/airflow/example_dags/example_task_group.py
[2025-04-02T06:26:39.800+0000] {processor.py:914} INFO - Processing file /home/airflow/.local/lib/python3.12/site-packages/airflow/example_dags/example_task_group.py for tasks to queue
[2025-04-02T06:26:39.802+0000] {logging_mixin.py:190} INFO - [2025-04-02T06:26:39.801+0000] {dagbag.py:588} INFO - Filling up the DagBag from /home/airflow/.local/lib/python3.12/site-packages/airflow/example_dags/example_task_group.py
[2025-04-02T06:26:39.807+0000] {processor.py:925} INFO - DAG(s) 'example_task_group' retrieved from /home/airflow/.local/lib/python3.12/site-packages/airflow/example_dags/example_task_group.py
[2025-04-02T06:26:39.824+0000] {logging_mixin.py:190} INFO - [2025-04-02T06:26:39.824+0000] {dag.py:3239} INFO - Sync 1 DAGs
[2025-04-02T06:26:39.834+0000] {logging_mixin.py:190} INFO - [2025-04-02T06:26:39.833+0000] {dag.py:4180} INFO - Setting next_dagrun for example_task_group to None, run_after=None
[2025-04-02T06:26:39.847+0000] {processor.py:208} INFO - Processing /home/airflow/.local/lib/python3.12/site-packages/airflow/example_dags/example_task_group.py took 0.051 seconds
[2025-04-02T06:27:10.687+0000] {processor.py:186} INFO - Started process (PID=1226) to work on /home/airflow/.local/lib/python3.12/site-packages/airflow/example_dags/example_task_group.py
[2025-04-02T06:27:10.688+0000] {processor.py:914} INFO - Processing file /home/airflow/.local/lib/python3.12/site-packages/airflow/example_dags/example_task_group.py for tasks to queue
[2025-04-02T06:27:10.689+0000] {logging_mixin.py:190} INFO - [2025-04-02T06:27:10.689+0000] {dagbag.py:588} INFO - Filling up the DagBag from /home/airflow/.local/lib/python3.12/site-packages/airflow/example_dags/example_task_group.py
[2025-04-02T06:27:10.703+0000] {processor.py:925} INFO - DAG(s) 'example_task_group' retrieved from /home/airflow/.local/lib/python3.12/site-packages/airflow/example_dags/example_task_group.py
[2025-04-02T06:27:10.721+0000] {logging_mixin.py:190} INFO - [2025-04-02T06:27:10.721+0000] {dag.py:3239} INFO - Sync 1 DAGs
[2025-04-02T06:27:10.734+0000] {logging_mixin.py:190} INFO - [2025-04-02T06:27:10.734+0000] {dag.py:4180} INFO - Setting next_dagrun for example_task_group to None, run_after=None
[2025-04-02T06:27:10.748+0000] {processor.py:208} INFO - Processing /home/airflow/.local/lib/python3.12/site-packages/airflow/example_dags/example_task_group.py took 0.066 seconds
[2025-04-02T06:27:41.298+0000] {processor.py:186} INFO - Started process (PID=1290) to work on /home/airflow/.local/lib/python3.12/site-packages/airflow/example_dags/example_task_group.py
[2025-04-02T06:27:41.299+0000] {processor.py:914} INFO - Processing file /home/airflow/.local/lib/python3.12/site-packages/airflow/example_dags/example_task_group.py for tasks to queue
[2025-04-02T06:27:41.300+0000] {logging_mixin.py:190} INFO - [2025-04-02T06:27:41.300+0000] {dagbag.py:588} INFO - Filling up the DagBag from /home/airflow/.local/lib/python3.12/site-packages/airflow/example_dags/example_task_group.py
[2025-04-02T06:27:41.306+0000] {processor.py:925} INFO - DAG(s) 'example_task_group' retrieved from /home/airflow/.local/lib/python3.12/site-packages/airflow/example_dags/example_task_group.py
[2025-04-02T06:27:41.321+0000] {logging_mixin.py:190} INFO - [2025-04-02T06:27:41.320+0000] {dag.py:3239} INFO - Sync 1 DAGs
[2025-04-02T06:27:41.330+0000] {logging_mixin.py:190} INFO - [2025-04-02T06:27:41.330+0000] {dag.py:4180} INFO - Setting next_dagrun for example_task_group to None, run_after=None
[2025-04-02T06:27:41.341+0000] {processor.py:208} INFO - Processing /home/airflow/.local/lib/python3.12/site-packages/airflow/example_dags/example_task_group.py took 0.046 seconds
[2025-04-02T06:28:11.928+0000] {processor.py:186} INFO - Started process (PID=1358) to work on /home/airflow/.local/lib/python3.12/site-packages/airflow/example_dags/example_task_group.py
[2025-04-02T06:28:11.929+0000] {processor.py:914} INFO - Processing file /home/airflow/.local/lib/python3.12/site-packages/airflow/example_dags/example_task_group.py for tasks to queue
[2025-04-02T06:28:11.930+0000] {logging_mixin.py:190} INFO - [2025-04-02T06:28:11.930+0000] {dagbag.py:588} INFO - Filling up the DagBag from /home/airflow/.local/lib/python3.12/site-packages/airflow/example_dags/example_task_group.py
[2025-04-02T06:28:11.936+0000] {processor.py:925} INFO - DAG(s) 'example_task_group' retrieved from /home/airflow/.local/lib/python3.12/site-packages/airflow/example_dags/example_task_group.py
[2025-04-02T06:28:11.948+0000] {logging_mixin.py:190} INFO - [2025-04-02T06:28:11.947+0000] {dag.py:3239} INFO - Sync 1 DAGs
[2025-04-02T06:28:11.958+0000] {logging_mixin.py:190} INFO - [2025-04-02T06:28:11.958+0000] {dag.py:4180} INFO - Setting next_dagrun for example_task_group to None, run_after=None
[2025-04-02T06:28:11.971+0000] {processor.py:208} INFO - Processing /home/airflow/.local/lib/python3.12/site-packages/airflow/example_dags/example_task_group.py took 0.046 seconds
