[2025-04-02T06:12:17.279+0000] {processor.py:186} INFO - Started process (PID=89) to work on /home/airflow/.local/lib/python3.12/site-packages/airflow/example_dags/example_latest_only_with_trigger.py
[2025-04-02T06:12:17.280+0000] {processor.py:914} INFO - Processing file /home/airflow/.local/lib/python3.12/site-packages/airflow/example_dags/example_latest_only_with_trigger.py for tasks to queue
[2025-04-02T06:12:17.282+0000] {logging_mixin.py:190} INFO - [2025-04-02T06:12:17.282+0000] {dagbag.py:588} INFO - Filling up the DagBag from /home/airflow/.local/lib/python3.12/site-packages/airflow/example_dags/example_latest_only_with_trigger.py
[2025-04-02T06:12:17.289+0000] {processor.py:925} INFO - DAG(s) 'latest_only_with_trigger' retrieved from /home/airflow/.local/lib/python3.12/site-packages/airflow/example_dags/example_latest_only_with_trigger.py
[2025-04-02T06:12:17.363+0000] {logging_mixin.py:190} INFO - [2025-04-02T06:12:17.362+0000] {override.py:1912} INFO - Created Permission View: can delete on DAG:latest_only_with_trigger
[2025-04-02T06:12:17.369+0000] {logging_mixin.py:190} INFO - [2025-04-02T06:12:17.369+0000] {override.py:1912} INFO - Created Permission View: can read on DAG:latest_only_with_trigger
[2025-04-02T06:12:17.372+0000] {logging_mixin.py:190} INFO - [2025-04-02T06:12:17.372+0000] {override.py:1912} INFO - Created Permission View: can edit on DAG:latest_only_with_trigger
[2025-04-02T06:12:17.376+0000] {logging_mixin.py:190} INFO - [2025-04-02T06:12:17.376+0000] {override.py:1912} INFO - Created Permission View: can delete on DAG Run:latest_only_with_trigger
[2025-04-02T06:12:17.379+0000] {logging_mixin.py:190} INFO - [2025-04-02T06:12:17.379+0000] {override.py:1912} INFO - Created Permission View: can create on DAG Run:latest_only_with_trigger
[2025-04-02T06:12:17.383+0000] {logging_mixin.py:190} INFO - [2025-04-02T06:12:17.382+0000] {override.py:1912} INFO - Created Permission View: can read on DAG Run:latest_only_with_trigger
[2025-04-02T06:12:17.387+0000] {logging_mixin.py:190} INFO - [2025-04-02T06:12:17.387+0000] {override.py:1912} INFO - Created Permission View: menu access on DAG Run:latest_only_with_trigger
[2025-04-02T06:12:17.388+0000] {logging_mixin.py:190} INFO - [2025-04-02T06:12:17.388+0000] {dag.py:3239} INFO - Sync 1 DAGs
[2025-04-02T06:12:17.397+0000] {logging_mixin.py:190} INFO - [2025-04-02T06:12:17.397+0000] {dag.py:3262} INFO - Creating ORM DAG for latest_only_with_trigger
[2025-04-02T06:12:17.404+0000] {logging_mixin.py:190} INFO - [2025-04-02T06:12:17.404+0000] {dag.py:4180} INFO - Setting next_dagrun for latest_only_with_trigger to 2025-04-02 00:00:00+00:00, run_after=2025-04-02 04:00:00+00:00
[2025-04-02T06:12:17.415+0000] {processor.py:208} INFO - Processing /home/airflow/.local/lib/python3.12/site-packages/airflow/example_dags/example_latest_only_with_trigger.py took 0.141 seconds
[2025-04-02T06:12:47.881+0000] {processor.py:186} INFO - Started process (PID=152) to work on /home/airflow/.local/lib/python3.12/site-packages/airflow/example_dags/example_latest_only_with_trigger.py
[2025-04-02T06:12:47.885+0000] {processor.py:914} INFO - Processing file /home/airflow/.local/lib/python3.12/site-packages/airflow/example_dags/example_latest_only_with_trigger.py for tasks to queue
[2025-04-02T06:12:47.890+0000] {logging_mixin.py:190} INFO - [2025-04-02T06:12:47.889+0000] {dagbag.py:588} INFO - Filling up the DagBag from /home/airflow/.local/lib/python3.12/site-packages/airflow/example_dags/example_latest_only_with_trigger.py
[2025-04-02T06:12:47.909+0000] {processor.py:925} INFO - DAG(s) 'latest_only_with_trigger' retrieved from /home/airflow/.local/lib/python3.12/site-packages/airflow/example_dags/example_latest_only_with_trigger.py
[2025-04-02T06:12:47.942+0000] {logging_mixin.py:190} INFO - [2025-04-02T06:12:47.941+0000] {dag.py:3239} INFO - Sync 1 DAGs
[2025-04-02T06:12:47.964+0000] {logging_mixin.py:190} INFO - [2025-04-02T06:12:47.964+0000] {dag.py:4180} INFO - Setting next_dagrun for latest_only_with_trigger to 2025-04-02 00:00:00+00:00, run_after=2025-04-02 04:00:00+00:00
[2025-04-02T06:12:47.978+0000] {processor.py:208} INFO - Processing /home/airflow/.local/lib/python3.12/site-packages/airflow/example_dags/example_latest_only_with_trigger.py took 0.105 seconds
[2025-04-02T06:13:18.458+0000] {processor.py:186} INFO - Started process (PID=215) to work on /home/airflow/.local/lib/python3.12/site-packages/airflow/example_dags/example_latest_only_with_trigger.py
[2025-04-02T06:13:18.458+0000] {processor.py:914} INFO - Processing file /home/airflow/.local/lib/python3.12/site-packages/airflow/example_dags/example_latest_only_with_trigger.py for tasks to queue
[2025-04-02T06:13:18.459+0000] {logging_mixin.py:190} INFO - [2025-04-02T06:13:18.459+0000] {dagbag.py:588} INFO - Filling up the DagBag from /home/airflow/.local/lib/python3.12/site-packages/airflow/example_dags/example_latest_only_with_trigger.py
[2025-04-02T06:13:18.464+0000] {processor.py:925} INFO - DAG(s) 'latest_only_with_trigger' retrieved from /home/airflow/.local/lib/python3.12/site-packages/airflow/example_dags/example_latest_only_with_trigger.py
[2025-04-02T06:13:18.475+0000] {logging_mixin.py:190} INFO - [2025-04-02T06:13:18.475+0000] {dag.py:3239} INFO - Sync 1 DAGs
[2025-04-02T06:13:18.496+0000] {logging_mixin.py:190} INFO - [2025-04-02T06:13:18.496+0000] {dag.py:4180} INFO - Setting next_dagrun for latest_only_with_trigger to 2025-04-02 00:00:00+00:00, run_after=2025-04-02 04:00:00+00:00
[2025-04-02T06:13:18.523+0000] {processor.py:208} INFO - Processing /home/airflow/.local/lib/python3.12/site-packages/airflow/example_dags/example_latest_only_with_trigger.py took 0.068 seconds
[2025-04-02T06:13:48.715+0000] {processor.py:186} INFO - Started process (PID=277) to work on /home/airflow/.local/lib/python3.12/site-packages/airflow/example_dags/example_latest_only_with_trigger.py
[2025-04-02T06:13:48.715+0000] {processor.py:914} INFO - Processing file /home/airflow/.local/lib/python3.12/site-packages/airflow/example_dags/example_latest_only_with_trigger.py for tasks to queue
[2025-04-02T06:13:48.717+0000] {logging_mixin.py:190} INFO - [2025-04-02T06:13:48.717+0000] {dagbag.py:588} INFO - Filling up the DagBag from /home/airflow/.local/lib/python3.12/site-packages/airflow/example_dags/example_latest_only_with_trigger.py
[2025-04-02T06:13:48.722+0000] {processor.py:925} INFO - DAG(s) 'latest_only_with_trigger' retrieved from /home/airflow/.local/lib/python3.12/site-packages/airflow/example_dags/example_latest_only_with_trigger.py
[2025-04-02T06:13:48.736+0000] {logging_mixin.py:190} INFO - [2025-04-02T06:13:48.736+0000] {dag.py:3239} INFO - Sync 1 DAGs
[2025-04-02T06:13:48.749+0000] {logging_mixin.py:190} INFO - [2025-04-02T06:13:48.749+0000] {dag.py:4180} INFO - Setting next_dagrun for latest_only_with_trigger to 2025-04-02 00:00:00+00:00, run_after=2025-04-02 04:00:00+00:00
[2025-04-02T06:13:48.758+0000] {processor.py:208} INFO - Processing /home/airflow/.local/lib/python3.12/site-packages/airflow/example_dags/example_latest_only_with_trigger.py took 0.047 seconds
[2025-04-02T06:14:19.210+0000] {processor.py:186} INFO - Started process (PID=340) to work on /home/airflow/.local/lib/python3.12/site-packages/airflow/example_dags/example_latest_only_with_trigger.py
[2025-04-02T06:14:19.211+0000] {processor.py:914} INFO - Processing file /home/airflow/.local/lib/python3.12/site-packages/airflow/example_dags/example_latest_only_with_trigger.py for tasks to queue
[2025-04-02T06:14:19.212+0000] {logging_mixin.py:190} INFO - [2025-04-02T06:14:19.212+0000] {dagbag.py:588} INFO - Filling up the DagBag from /home/airflow/.local/lib/python3.12/site-packages/airflow/example_dags/example_latest_only_with_trigger.py
[2025-04-02T06:14:19.218+0000] {processor.py:925} INFO - DAG(s) 'latest_only_with_trigger' retrieved from /home/airflow/.local/lib/python3.12/site-packages/airflow/example_dags/example_latest_only_with_trigger.py
[2025-04-02T06:14:19.231+0000] {logging_mixin.py:190} INFO - [2025-04-02T06:14:19.230+0000] {dag.py:3239} INFO - Sync 1 DAGs
[2025-04-02T06:14:19.246+0000] {logging_mixin.py:190} INFO - [2025-04-02T06:14:19.246+0000] {dag.py:4180} INFO - Setting next_dagrun for latest_only_with_trigger to 2025-04-02 00:00:00+00:00, run_after=2025-04-02 04:00:00+00:00
[2025-04-02T06:14:19.259+0000] {processor.py:208} INFO - Processing /home/airflow/.local/lib/python3.12/site-packages/airflow/example_dags/example_latest_only_with_trigger.py took 0.053 seconds
[2025-04-02T06:14:49.695+0000] {processor.py:186} INFO - Started process (PID=402) to work on /home/airflow/.local/lib/python3.12/site-packages/airflow/example_dags/example_latest_only_with_trigger.py
[2025-04-02T06:14:49.696+0000] {processor.py:914} INFO - Processing file /home/airflow/.local/lib/python3.12/site-packages/airflow/example_dags/example_latest_only_with_trigger.py for tasks to queue
[2025-04-02T06:14:49.699+0000] {logging_mixin.py:190} INFO - [2025-04-02T06:14:49.699+0000] {dagbag.py:588} INFO - Filling up the DagBag from /home/airflow/.local/lib/python3.12/site-packages/airflow/example_dags/example_latest_only_with_trigger.py
[2025-04-02T06:14:49.709+0000] {processor.py:925} INFO - DAG(s) 'latest_only_with_trigger' retrieved from /home/airflow/.local/lib/python3.12/site-packages/airflow/example_dags/example_latest_only_with_trigger.py
[2025-04-02T06:14:49.725+0000] {logging_mixin.py:190} INFO - [2025-04-02T06:14:49.725+0000] {dag.py:3239} INFO - Sync 1 DAGs
[2025-04-02T06:14:49.738+0000] {logging_mixin.py:190} INFO - [2025-04-02T06:14:49.738+0000] {dag.py:4180} INFO - Setting next_dagrun for latest_only_with_trigger to 2025-04-02 00:00:00+00:00, run_after=2025-04-02 04:00:00+00:00
[2025-04-02T06:14:49.748+0000] {processor.py:208} INFO - Processing /home/airflow/.local/lib/python3.12/site-packages/airflow/example_dags/example_latest_only_with_trigger.py took 0.061 seconds
[2025-04-02T06:15:20.994+0000] {processor.py:186} INFO - Started process (PID=466) to work on /home/airflow/.local/lib/python3.12/site-packages/airflow/example_dags/example_latest_only_with_trigger.py
[2025-04-02T06:15:20.995+0000] {processor.py:914} INFO - Processing file /home/airflow/.local/lib/python3.12/site-packages/airflow/example_dags/example_latest_only_with_trigger.py for tasks to queue
[2025-04-02T06:15:20.997+0000] {logging_mixin.py:190} INFO - [2025-04-02T06:15:20.997+0000] {dagbag.py:588} INFO - Filling up the DagBag from /home/airflow/.local/lib/python3.12/site-packages/airflow/example_dags/example_latest_only_with_trigger.py
[2025-04-02T06:15:21.004+0000] {processor.py:925} INFO - DAG(s) 'latest_only_with_trigger' retrieved from /home/airflow/.local/lib/python3.12/site-packages/airflow/example_dags/example_latest_only_with_trigger.py
[2025-04-02T06:15:21.018+0000] {logging_mixin.py:190} INFO - [2025-04-02T06:15:21.018+0000] {dag.py:3239} INFO - Sync 1 DAGs
[2025-04-02T06:15:21.030+0000] {logging_mixin.py:190} INFO - [2025-04-02T06:15:21.029+0000] {dag.py:4180} INFO - Setting next_dagrun for latest_only_with_trigger to 2025-04-02 00:00:00+00:00, run_after=2025-04-02 04:00:00+00:00
[2025-04-02T06:15:21.039+0000] {processor.py:208} INFO - Processing /home/airflow/.local/lib/python3.12/site-packages/airflow/example_dags/example_latest_only_with_trigger.py took 0.048 seconds
[2025-04-02T06:15:51.083+0000] {processor.py:186} INFO - Started process (PID=529) to work on /home/airflow/.local/lib/python3.12/site-packages/airflow/example_dags/example_latest_only_with_trigger.py
[2025-04-02T06:15:51.084+0000] {processor.py:914} INFO - Processing file /home/airflow/.local/lib/python3.12/site-packages/airflow/example_dags/example_latest_only_with_trigger.py for tasks to queue
[2025-04-02T06:15:51.086+0000] {logging_mixin.py:190} INFO - [2025-04-02T06:15:51.086+0000] {dagbag.py:588} INFO - Filling up the DagBag from /home/airflow/.local/lib/python3.12/site-packages/airflow/example_dags/example_latest_only_with_trigger.py
[2025-04-02T06:15:51.092+0000] {processor.py:925} INFO - DAG(s) 'latest_only_with_trigger' retrieved from /home/airflow/.local/lib/python3.12/site-packages/airflow/example_dags/example_latest_only_with_trigger.py
[2025-04-02T06:15:51.104+0000] {logging_mixin.py:190} INFO - [2025-04-02T06:15:51.104+0000] {dag.py:3239} INFO - Sync 1 DAGs
[2025-04-02T06:15:51.119+0000] {logging_mixin.py:190} INFO - [2025-04-02T06:15:51.119+0000] {dag.py:4180} INFO - Setting next_dagrun for latest_only_with_trigger to 2025-04-02 00:00:00+00:00, run_after=2025-04-02 04:00:00+00:00
[2025-04-02T06:15:51.128+0000] {processor.py:208} INFO - Processing /home/airflow/.local/lib/python3.12/site-packages/airflow/example_dags/example_latest_only_with_trigger.py took 0.048 seconds
[2025-04-02T06:18:04.078+0000] {processor.py:186} INFO - Started process (PID=88) to work on /home/airflow/.local/lib/python3.12/site-packages/airflow/example_dags/example_latest_only_with_trigger.py
[2025-04-02T06:18:04.079+0000] {processor.py:914} INFO - Processing file /home/airflow/.local/lib/python3.12/site-packages/airflow/example_dags/example_latest_only_with_trigger.py for tasks to queue
[2025-04-02T06:18:04.082+0000] {logging_mixin.py:190} INFO - [2025-04-02T06:18:04.082+0000] {dagbag.py:588} INFO - Filling up the DagBag from /home/airflow/.local/lib/python3.12/site-packages/airflow/example_dags/example_latest_only_with_trigger.py
[2025-04-02T06:18:04.090+0000] {processor.py:925} INFO - DAG(s) 'latest_only_with_trigger' retrieved from /home/airflow/.local/lib/python3.12/site-packages/airflow/example_dags/example_latest_only_with_trigger.py
[2025-04-02T06:18:04.108+0000] {logging_mixin.py:190} INFO - [2025-04-02T06:18:04.108+0000] {dag.py:3239} INFO - Sync 1 DAGs
[2025-04-02T06:18:04.125+0000] {logging_mixin.py:190} INFO - [2025-04-02T06:18:04.125+0000] {dag.py:4180} INFO - Setting next_dagrun for latest_only_with_trigger to 2025-04-02 00:00:00+00:00, run_after=2025-04-02 04:00:00+00:00
[2025-04-02T06:18:04.138+0000] {processor.py:208} INFO - Processing /home/airflow/.local/lib/python3.12/site-packages/airflow/example_dags/example_latest_only_with_trigger.py took 0.065 seconds
[2025-04-02T06:18:34.871+0000] {processor.py:186} INFO - Started process (PID=151) to work on /home/airflow/.local/lib/python3.12/site-packages/airflow/example_dags/example_latest_only_with_trigger.py
[2025-04-02T06:18:34.872+0000] {processor.py:914} INFO - Processing file /home/airflow/.local/lib/python3.12/site-packages/airflow/example_dags/example_latest_only_with_trigger.py for tasks to queue
[2025-04-02T06:18:34.873+0000] {logging_mixin.py:190} INFO - [2025-04-02T06:18:34.873+0000] {dagbag.py:588} INFO - Filling up the DagBag from /home/airflow/.local/lib/python3.12/site-packages/airflow/example_dags/example_latest_only_with_trigger.py
[2025-04-02T06:18:34.880+0000] {processor.py:925} INFO - DAG(s) 'latest_only_with_trigger' retrieved from /home/airflow/.local/lib/python3.12/site-packages/airflow/example_dags/example_latest_only_with_trigger.py
[2025-04-02T06:18:34.892+0000] {logging_mixin.py:190} INFO - [2025-04-02T06:18:34.892+0000] {dag.py:3239} INFO - Sync 1 DAGs
[2025-04-02T06:18:34.904+0000] {logging_mixin.py:190} INFO - [2025-04-02T06:18:34.904+0000] {dag.py:4180} INFO - Setting next_dagrun for latest_only_with_trigger to 2025-04-02 00:00:00+00:00, run_after=2025-04-02 04:00:00+00:00
[2025-04-02T06:18:34.915+0000] {processor.py:208} INFO - Processing /home/airflow/.local/lib/python3.12/site-packages/airflow/example_dags/example_latest_only_with_trigger.py took 0.048 seconds
[2025-04-02T06:19:06.357+0000] {processor.py:186} INFO - Started process (PID=214) to work on /home/airflow/.local/lib/python3.12/site-packages/airflow/example_dags/example_latest_only_with_trigger.py
[2025-04-02T06:19:06.360+0000] {processor.py:914} INFO - Processing file /home/airflow/.local/lib/python3.12/site-packages/airflow/example_dags/example_latest_only_with_trigger.py for tasks to queue
[2025-04-02T06:19:06.364+0000] {logging_mixin.py:190} INFO - [2025-04-02T06:19:06.363+0000] {dagbag.py:588} INFO - Filling up the DagBag from /home/airflow/.local/lib/python3.12/site-packages/airflow/example_dags/example_latest_only_with_trigger.py
[2025-04-02T06:19:06.371+0000] {processor.py:925} INFO - DAG(s) 'latest_only_with_trigger' retrieved from /home/airflow/.local/lib/python3.12/site-packages/airflow/example_dags/example_latest_only_with_trigger.py
[2025-04-02T06:19:06.384+0000] {logging_mixin.py:190} INFO - [2025-04-02T06:19:06.384+0000] {dag.py:3239} INFO - Sync 1 DAGs
[2025-04-02T06:19:06.397+0000] {logging_mixin.py:190} INFO - [2025-04-02T06:19:06.397+0000] {dag.py:4180} INFO - Setting next_dagrun for latest_only_with_trigger to 2025-04-02 00:00:00+00:00, run_after=2025-04-02 04:00:00+00:00
[2025-04-02T06:19:06.409+0000] {processor.py:208} INFO - Processing /home/airflow/.local/lib/python3.12/site-packages/airflow/example_dags/example_latest_only_with_trigger.py took 0.058 seconds
[2025-04-02T06:19:37.666+0000] {processor.py:186} INFO - Started process (PID=277) to work on /home/airflow/.local/lib/python3.12/site-packages/airflow/example_dags/example_latest_only_with_trigger.py
[2025-04-02T06:19:37.667+0000] {processor.py:914} INFO - Processing file /home/airflow/.local/lib/python3.12/site-packages/airflow/example_dags/example_latest_only_with_trigger.py for tasks to queue
[2025-04-02T06:19:37.669+0000] {logging_mixin.py:190} INFO - [2025-04-02T06:19:37.669+0000] {dagbag.py:588} INFO - Filling up the DagBag from /home/airflow/.local/lib/python3.12/site-packages/airflow/example_dags/example_latest_only_with_trigger.py
[2025-04-02T06:19:37.674+0000] {processor.py:925} INFO - DAG(s) 'latest_only_with_trigger' retrieved from /home/airflow/.local/lib/python3.12/site-packages/airflow/example_dags/example_latest_only_with_trigger.py
[2025-04-02T06:19:37.687+0000] {logging_mixin.py:190} INFO - [2025-04-02T06:19:37.686+0000] {dag.py:3239} INFO - Sync 1 DAGs
[2025-04-02T06:19:37.700+0000] {logging_mixin.py:190} INFO - [2025-04-02T06:19:37.700+0000] {dag.py:4180} INFO - Setting next_dagrun for latest_only_with_trigger to 2025-04-02 00:00:00+00:00, run_after=2025-04-02 04:00:00+00:00
[2025-04-02T06:19:37.709+0000] {processor.py:208} INFO - Processing /home/airflow/.local/lib/python3.12/site-packages/airflow/example_dags/example_latest_only_with_trigger.py took 0.046 seconds
[2025-04-02T06:20:08.897+0000] {processor.py:186} INFO - Started process (PID=340) to work on /home/airflow/.local/lib/python3.12/site-packages/airflow/example_dags/example_latest_only_with_trigger.py
[2025-04-02T06:20:08.897+0000] {processor.py:914} INFO - Processing file /home/airflow/.local/lib/python3.12/site-packages/airflow/example_dags/example_latest_only_with_trigger.py for tasks to queue
[2025-04-02T06:20:08.899+0000] {logging_mixin.py:190} INFO - [2025-04-02T06:20:08.899+0000] {dagbag.py:588} INFO - Filling up the DagBag from /home/airflow/.local/lib/python3.12/site-packages/airflow/example_dags/example_latest_only_with_trigger.py
[2025-04-02T06:20:08.905+0000] {processor.py:925} INFO - DAG(s) 'latest_only_with_trigger' retrieved from /home/airflow/.local/lib/python3.12/site-packages/airflow/example_dags/example_latest_only_with_trigger.py
[2025-04-02T06:20:08.919+0000] {logging_mixin.py:190} INFO - [2025-04-02T06:20:08.918+0000] {dag.py:3239} INFO - Sync 1 DAGs
[2025-04-02T06:20:08.931+0000] {logging_mixin.py:190} INFO - [2025-04-02T06:20:08.931+0000] {dag.py:4180} INFO - Setting next_dagrun for latest_only_with_trigger to 2025-04-02 00:00:00+00:00, run_after=2025-04-02 04:00:00+00:00
[2025-04-02T06:20:08.939+0000] {processor.py:208} INFO - Processing /home/airflow/.local/lib/python3.12/site-packages/airflow/example_dags/example_latest_only_with_trigger.py took 0.046 seconds
[2025-04-02T06:20:40.085+0000] {processor.py:186} INFO - Started process (PID=403) to work on /home/airflow/.local/lib/python3.12/site-packages/airflow/example_dags/example_latest_only_with_trigger.py
[2025-04-02T06:20:40.085+0000] {processor.py:914} INFO - Processing file /home/airflow/.local/lib/python3.12/site-packages/airflow/example_dags/example_latest_only_with_trigger.py for tasks to queue
[2025-04-02T06:20:40.087+0000] {logging_mixin.py:190} INFO - [2025-04-02T06:20:40.086+0000] {dagbag.py:588} INFO - Filling up the DagBag from /home/airflow/.local/lib/python3.12/site-packages/airflow/example_dags/example_latest_only_with_trigger.py
[2025-04-02T06:20:40.091+0000] {processor.py:925} INFO - DAG(s) 'latest_only_with_trigger' retrieved from /home/airflow/.local/lib/python3.12/site-packages/airflow/example_dags/example_latest_only_with_trigger.py
[2025-04-02T06:20:40.102+0000] {logging_mixin.py:190} INFO - [2025-04-02T06:20:40.102+0000] {dag.py:3239} INFO - Sync 1 DAGs
[2025-04-02T06:20:40.114+0000] {logging_mixin.py:190} INFO - [2025-04-02T06:20:40.114+0000] {dag.py:4180} INFO - Setting next_dagrun for latest_only_with_trigger to 2025-04-02 00:00:00+00:00, run_after=2025-04-02 04:00:00+00:00
[2025-04-02T06:20:40.122+0000] {processor.py:208} INFO - Processing /home/airflow/.local/lib/python3.12/site-packages/airflow/example_dags/example_latest_only_with_trigger.py took 0.041 seconds
[2025-04-02T06:21:11.233+0000] {processor.py:186} INFO - Started process (PID=466) to work on /home/airflow/.local/lib/python3.12/site-packages/airflow/example_dags/example_latest_only_with_trigger.py
[2025-04-02T06:21:11.233+0000] {processor.py:914} INFO - Processing file /home/airflow/.local/lib/python3.12/site-packages/airflow/example_dags/example_latest_only_with_trigger.py for tasks to queue
[2025-04-02T06:21:11.235+0000] {logging_mixin.py:190} INFO - [2025-04-02T06:21:11.234+0000] {dagbag.py:588} INFO - Filling up the DagBag from /home/airflow/.local/lib/python3.12/site-packages/airflow/example_dags/example_latest_only_with_trigger.py
[2025-04-02T06:21:11.239+0000] {processor.py:925} INFO - DAG(s) 'latest_only_with_trigger' retrieved from /home/airflow/.local/lib/python3.12/site-packages/airflow/example_dags/example_latest_only_with_trigger.py
[2025-04-02T06:21:11.250+0000] {logging_mixin.py:190} INFO - [2025-04-02T06:21:11.250+0000] {dag.py:3239} INFO - Sync 1 DAGs
[2025-04-02T06:21:11.261+0000] {logging_mixin.py:190} INFO - [2025-04-02T06:21:11.261+0000] {dag.py:4180} INFO - Setting next_dagrun for latest_only_with_trigger to 2025-04-02 00:00:00+00:00, run_after=2025-04-02 04:00:00+00:00
[2025-04-02T06:21:11.270+0000] {processor.py:208} INFO - Processing /home/airflow/.local/lib/python3.12/site-packages/airflow/example_dags/example_latest_only_with_trigger.py took 0.041 seconds
[2025-04-02T06:21:42.675+0000] {processor.py:186} INFO - Started process (PID=528) to work on /home/airflow/.local/lib/python3.12/site-packages/airflow/example_dags/example_latest_only_with_trigger.py
[2025-04-02T06:21:42.676+0000] {processor.py:914} INFO - Processing file /home/airflow/.local/lib/python3.12/site-packages/airflow/example_dags/example_latest_only_with_trigger.py for tasks to queue
[2025-04-02T06:21:42.678+0000] {logging_mixin.py:190} INFO - [2025-04-02T06:21:42.678+0000] {dagbag.py:588} INFO - Filling up the DagBag from /home/airflow/.local/lib/python3.12/site-packages/airflow/example_dags/example_latest_only_with_trigger.py
[2025-04-02T06:21:42.683+0000] {processor.py:925} INFO - DAG(s) 'latest_only_with_trigger' retrieved from /home/airflow/.local/lib/python3.12/site-packages/airflow/example_dags/example_latest_only_with_trigger.py
[2025-04-02T06:21:42.695+0000] {logging_mixin.py:190} INFO - [2025-04-02T06:21:42.694+0000] {dag.py:3239} INFO - Sync 1 DAGs
[2025-04-02T06:21:42.707+0000] {logging_mixin.py:190} INFO - [2025-04-02T06:21:42.707+0000] {dag.py:4180} INFO - Setting next_dagrun for latest_only_with_trigger to 2025-04-02 00:00:00+00:00, run_after=2025-04-02 04:00:00+00:00
[2025-04-02T06:21:42.716+0000] {processor.py:208} INFO - Processing /home/airflow/.local/lib/python3.12/site-packages/airflow/example_dags/example_latest_only_with_trigger.py took 0.043 seconds
[2025-04-02T06:22:14.236+0000] {processor.py:186} INFO - Started process (PID=591) to work on /home/airflow/.local/lib/python3.12/site-packages/airflow/example_dags/example_latest_only_with_trigger.py
[2025-04-02T06:22:14.237+0000] {processor.py:914} INFO - Processing file /home/airflow/.local/lib/python3.12/site-packages/airflow/example_dags/example_latest_only_with_trigger.py for tasks to queue
[2025-04-02T06:22:14.239+0000] {logging_mixin.py:190} INFO - [2025-04-02T06:22:14.238+0000] {dagbag.py:588} INFO - Filling up the DagBag from /home/airflow/.local/lib/python3.12/site-packages/airflow/example_dags/example_latest_only_with_trigger.py
[2025-04-02T06:22:14.243+0000] {processor.py:925} INFO - DAG(s) 'latest_only_with_trigger' retrieved from /home/airflow/.local/lib/python3.12/site-packages/airflow/example_dags/example_latest_only_with_trigger.py
[2025-04-02T06:22:14.256+0000] {logging_mixin.py:190} INFO - [2025-04-02T06:22:14.255+0000] {dag.py:3239} INFO - Sync 1 DAGs
[2025-04-02T06:22:14.268+0000] {logging_mixin.py:190} INFO - [2025-04-02T06:22:14.268+0000] {dag.py:4180} INFO - Setting next_dagrun for latest_only_with_trigger to 2025-04-02 00:00:00+00:00, run_after=2025-04-02 04:00:00+00:00
[2025-04-02T06:22:14.276+0000] {processor.py:208} INFO - Processing /home/airflow/.local/lib/python3.12/site-packages/airflow/example_dags/example_latest_only_with_trigger.py took 0.044 seconds
[2025-04-02T06:22:45.916+0000] {processor.py:186} INFO - Started process (PID=654) to work on /home/airflow/.local/lib/python3.12/site-packages/airflow/example_dags/example_latest_only_with_trigger.py
[2025-04-02T06:22:45.917+0000] {processor.py:914} INFO - Processing file /home/airflow/.local/lib/python3.12/site-packages/airflow/example_dags/example_latest_only_with_trigger.py for tasks to queue
[2025-04-02T06:22:45.919+0000] {logging_mixin.py:190} INFO - [2025-04-02T06:22:45.919+0000] {dagbag.py:588} INFO - Filling up the DagBag from /home/airflow/.local/lib/python3.12/site-packages/airflow/example_dags/example_latest_only_with_trigger.py
[2025-04-02T06:22:45.924+0000] {processor.py:925} INFO - DAG(s) 'latest_only_with_trigger' retrieved from /home/airflow/.local/lib/python3.12/site-packages/airflow/example_dags/example_latest_only_with_trigger.py
[2025-04-02T06:22:45.940+0000] {logging_mixin.py:190} INFO - [2025-04-02T06:22:45.940+0000] {dag.py:3239} INFO - Sync 1 DAGs
[2025-04-02T06:22:45.954+0000] {logging_mixin.py:190} INFO - [2025-04-02T06:22:45.954+0000] {dag.py:4180} INFO - Setting next_dagrun for latest_only_with_trigger to 2025-04-02 00:00:00+00:00, run_after=2025-04-02 04:00:00+00:00
[2025-04-02T06:22:45.964+0000] {processor.py:208} INFO - Processing /home/airflow/.local/lib/python3.12/site-packages/airflow/example_dags/example_latest_only_with_trigger.py took 0.053 seconds
[2025-04-02T06:23:17.780+0000] {processor.py:186} INFO - Started process (PID=719) to work on /home/airflow/.local/lib/python3.12/site-packages/airflow/example_dags/example_latest_only_with_trigger.py
[2025-04-02T06:23:17.781+0000] {processor.py:914} INFO - Processing file /home/airflow/.local/lib/python3.12/site-packages/airflow/example_dags/example_latest_only_with_trigger.py for tasks to queue
[2025-04-02T06:23:17.783+0000] {logging_mixin.py:190} INFO - [2025-04-02T06:23:17.783+0000] {dagbag.py:588} INFO - Filling up the DagBag from /home/airflow/.local/lib/python3.12/site-packages/airflow/example_dags/example_latest_only_with_trigger.py
[2025-04-02T06:23:17.788+0000] {processor.py:925} INFO - DAG(s) 'latest_only_with_trigger' retrieved from /home/airflow/.local/lib/python3.12/site-packages/airflow/example_dags/example_latest_only_with_trigger.py
[2025-04-02T06:23:17.802+0000] {logging_mixin.py:190} INFO - [2025-04-02T06:23:17.802+0000] {dag.py:3239} INFO - Sync 1 DAGs
[2025-04-02T06:23:17.816+0000] {logging_mixin.py:190} INFO - [2025-04-02T06:23:17.816+0000] {dag.py:4180} INFO - Setting next_dagrun for latest_only_with_trigger to 2025-04-02 00:00:00+00:00, run_after=2025-04-02 04:00:00+00:00
[2025-04-02T06:23:17.832+0000] {processor.py:208} INFO - Processing /home/airflow/.local/lib/python3.12/site-packages/airflow/example_dags/example_latest_only_with_trigger.py took 0.057 seconds
[2025-04-02T06:23:48.521+0000] {processor.py:186} INFO - Started process (PID=783) to work on /home/airflow/.local/lib/python3.12/site-packages/airflow/example_dags/example_latest_only_with_trigger.py
[2025-04-02T06:23:48.522+0000] {processor.py:914} INFO - Processing file /home/airflow/.local/lib/python3.12/site-packages/airflow/example_dags/example_latest_only_with_trigger.py for tasks to queue
[2025-04-02T06:23:48.524+0000] {logging_mixin.py:190} INFO - [2025-04-02T06:23:48.524+0000] {dagbag.py:588} INFO - Filling up the DagBag from /home/airflow/.local/lib/python3.12/site-packages/airflow/example_dags/example_latest_only_with_trigger.py
[2025-04-02T06:23:48.528+0000] {processor.py:925} INFO - DAG(s) 'latest_only_with_trigger' retrieved from /home/airflow/.local/lib/python3.12/site-packages/airflow/example_dags/example_latest_only_with_trigger.py
[2025-04-02T06:23:48.540+0000] {logging_mixin.py:190} INFO - [2025-04-02T06:23:48.540+0000] {dag.py:3239} INFO - Sync 1 DAGs
[2025-04-02T06:23:48.556+0000] {logging_mixin.py:190} INFO - [2025-04-02T06:23:48.555+0000] {dag.py:4180} INFO - Setting next_dagrun for latest_only_with_trigger to 2025-04-02 00:00:00+00:00, run_after=2025-04-02 04:00:00+00:00
[2025-04-02T06:23:48.567+0000] {processor.py:208} INFO - Processing /home/airflow/.local/lib/python3.12/site-packages/airflow/example_dags/example_latest_only_with_trigger.py took 0.049 seconds
[2025-04-02T06:24:19.804+0000] {processor.py:186} INFO - Started process (PID=849) to work on /home/airflow/.local/lib/python3.12/site-packages/airflow/example_dags/example_latest_only_with_trigger.py
[2025-04-02T06:24:19.805+0000] {processor.py:914} INFO - Processing file /home/airflow/.local/lib/python3.12/site-packages/airflow/example_dags/example_latest_only_with_trigger.py for tasks to queue
[2025-04-02T06:24:19.807+0000] {logging_mixin.py:190} INFO - [2025-04-02T06:24:19.807+0000] {dagbag.py:588} INFO - Filling up the DagBag from /home/airflow/.local/lib/python3.12/site-packages/airflow/example_dags/example_latest_only_with_trigger.py
[2025-04-02T06:24:19.812+0000] {processor.py:925} INFO - DAG(s) 'latest_only_with_trigger' retrieved from /home/airflow/.local/lib/python3.12/site-packages/airflow/example_dags/example_latest_only_with_trigger.py
[2025-04-02T06:24:19.827+0000] {logging_mixin.py:190} INFO - [2025-04-02T06:24:19.827+0000] {dag.py:3239} INFO - Sync 1 DAGs
[2025-04-02T06:24:19.847+0000] {logging_mixin.py:190} INFO - [2025-04-02T06:24:19.847+0000] {dag.py:4180} INFO - Setting next_dagrun for latest_only_with_trigger to 2025-04-02 00:00:00+00:00, run_after=2025-04-02 04:00:00+00:00
[2025-04-02T06:24:19.863+0000] {processor.py:208} INFO - Processing /home/airflow/.local/lib/python3.12/site-packages/airflow/example_dags/example_latest_only_with_trigger.py took 0.062 seconds
[2025-04-02T06:24:50.977+0000] {processor.py:186} INFO - Started process (PID=914) to work on /home/airflow/.local/lib/python3.12/site-packages/airflow/example_dags/example_latest_only_with_trigger.py
[2025-04-02T06:24:50.978+0000] {processor.py:914} INFO - Processing file /home/airflow/.local/lib/python3.12/site-packages/airflow/example_dags/example_latest_only_with_trigger.py for tasks to queue
[2025-04-02T06:24:50.980+0000] {logging_mixin.py:190} INFO - [2025-04-02T06:24:50.979+0000] {dagbag.py:588} INFO - Filling up the DagBag from /home/airflow/.local/lib/python3.12/site-packages/airflow/example_dags/example_latest_only_with_trigger.py
[2025-04-02T06:24:50.986+0000] {processor.py:925} INFO - DAG(s) 'latest_only_with_trigger' retrieved from /home/airflow/.local/lib/python3.12/site-packages/airflow/example_dags/example_latest_only_with_trigger.py
[2025-04-02T06:24:50.997+0000] {logging_mixin.py:190} INFO - [2025-04-02T06:24:50.997+0000] {dag.py:3239} INFO - Sync 1 DAGs
[2025-04-02T06:24:51.009+0000] {logging_mixin.py:190} INFO - [2025-04-02T06:24:51.009+0000] {dag.py:4180} INFO - Setting next_dagrun for latest_only_with_trigger to 2025-04-02 00:00:00+00:00, run_after=2025-04-02 04:00:00+00:00
[2025-04-02T06:24:51.019+0000] {processor.py:208} INFO - Processing /home/airflow/.local/lib/python3.12/site-packages/airflow/example_dags/example_latest_only_with_trigger.py took 0.045 seconds
[2025-04-02T06:25:21.994+0000] {processor.py:186} INFO - Started process (PID=982) to work on /home/airflow/.local/lib/python3.12/site-packages/airflow/example_dags/example_latest_only_with_trigger.py
[2025-04-02T06:25:21.996+0000] {processor.py:914} INFO - Processing file /home/airflow/.local/lib/python3.12/site-packages/airflow/example_dags/example_latest_only_with_trigger.py for tasks to queue
[2025-04-02T06:25:21.997+0000] {logging_mixin.py:190} INFO - [2025-04-02T06:25:21.997+0000] {dagbag.py:588} INFO - Filling up the DagBag from /home/airflow/.local/lib/python3.12/site-packages/airflow/example_dags/example_latest_only_with_trigger.py
[2025-04-02T06:25:22.002+0000] {processor.py:925} INFO - DAG(s) 'latest_only_with_trigger' retrieved from /home/airflow/.local/lib/python3.12/site-packages/airflow/example_dags/example_latest_only_with_trigger.py
[2025-04-02T06:25:22.014+0000] {logging_mixin.py:190} INFO - [2025-04-02T06:25:22.014+0000] {dag.py:3239} INFO - Sync 1 DAGs
[2025-04-02T06:25:22.029+0000] {logging_mixin.py:190} INFO - [2025-04-02T06:25:22.028+0000] {dag.py:4180} INFO - Setting next_dagrun for latest_only_with_trigger to 2025-04-02 00:00:00+00:00, run_after=2025-04-02 04:00:00+00:00
[2025-04-02T06:25:22.041+0000] {processor.py:208} INFO - Processing /home/airflow/.local/lib/python3.12/site-packages/airflow/example_dags/example_latest_only_with_trigger.py took 0.050 seconds
[2025-04-02T06:25:52.641+0000] {processor.py:186} INFO - Started process (PID=1046) to work on /home/airflow/.local/lib/python3.12/site-packages/airflow/example_dags/example_latest_only_with_trigger.py
[2025-04-02T06:25:52.643+0000] {processor.py:914} INFO - Processing file /home/airflow/.local/lib/python3.12/site-packages/airflow/example_dags/example_latest_only_with_trigger.py for tasks to queue
[2025-04-02T06:25:52.646+0000] {logging_mixin.py:190} INFO - [2025-04-02T06:25:52.645+0000] {dagbag.py:588} INFO - Filling up the DagBag from /home/airflow/.local/lib/python3.12/site-packages/airflow/example_dags/example_latest_only_with_trigger.py
[2025-04-02T06:25:52.653+0000] {processor.py:925} INFO - DAG(s) 'latest_only_with_trigger' retrieved from /home/airflow/.local/lib/python3.12/site-packages/airflow/example_dags/example_latest_only_with_trigger.py
[2025-04-02T06:25:52.670+0000] {logging_mixin.py:190} INFO - [2025-04-02T06:25:52.669+0000] {dag.py:3239} INFO - Sync 1 DAGs
[2025-04-02T06:25:52.682+0000] {logging_mixin.py:190} INFO - [2025-04-02T06:25:52.681+0000] {dag.py:4180} INFO - Setting next_dagrun for latest_only_with_trigger to 2025-04-02 00:00:00+00:00, run_after=2025-04-02 04:00:00+00:00
[2025-04-02T06:25:52.691+0000] {processor.py:208} INFO - Processing /home/airflow/.local/lib/python3.12/site-packages/airflow/example_dags/example_latest_only_with_trigger.py took 0.057 seconds
[2025-04-02T06:26:24.081+0000] {processor.py:186} INFO - Started process (PID=1115) to work on /home/airflow/.local/lib/python3.12/site-packages/airflow/example_dags/example_latest_only_with_trigger.py
[2025-04-02T06:26:24.082+0000] {processor.py:914} INFO - Processing file /home/airflow/.local/lib/python3.12/site-packages/airflow/example_dags/example_latest_only_with_trigger.py for tasks to queue
[2025-04-02T06:26:24.084+0000] {logging_mixin.py:190} INFO - [2025-04-02T06:26:24.084+0000] {dagbag.py:588} INFO - Filling up the DagBag from /home/airflow/.local/lib/python3.12/site-packages/airflow/example_dags/example_latest_only_with_trigger.py
[2025-04-02T06:26:24.088+0000] {processor.py:925} INFO - DAG(s) 'latest_only_with_trigger' retrieved from /home/airflow/.local/lib/python3.12/site-packages/airflow/example_dags/example_latest_only_with_trigger.py
[2025-04-02T06:26:24.101+0000] {logging_mixin.py:190} INFO - [2025-04-02T06:26:24.101+0000] {dag.py:3239} INFO - Sync 1 DAGs
[2025-04-02T06:26:24.121+0000] {logging_mixin.py:190} INFO - [2025-04-02T06:26:24.121+0000] {dag.py:4180} INFO - Setting next_dagrun for latest_only_with_trigger to 2025-04-02 00:00:00+00:00, run_after=2025-04-02 04:00:00+00:00
[2025-04-02T06:26:24.130+0000] {processor.py:208} INFO - Processing /home/airflow/.local/lib/python3.12/site-packages/airflow/example_dags/example_latest_only_with_trigger.py took 0.052 seconds
[2025-04-02T06:26:55.687+0000] {processor.py:186} INFO - Started process (PID=1183) to work on /home/airflow/.local/lib/python3.12/site-packages/airflow/example_dags/example_latest_only_with_trigger.py
[2025-04-02T06:26:55.688+0000] {processor.py:914} INFO - Processing file /home/airflow/.local/lib/python3.12/site-packages/airflow/example_dags/example_latest_only_with_trigger.py for tasks to queue
[2025-04-02T06:26:55.690+0000] {logging_mixin.py:190} INFO - [2025-04-02T06:26:55.690+0000] {dagbag.py:588} INFO - Filling up the DagBag from /home/airflow/.local/lib/python3.12/site-packages/airflow/example_dags/example_latest_only_with_trigger.py
[2025-04-02T06:26:55.695+0000] {processor.py:925} INFO - DAG(s) 'latest_only_with_trigger' retrieved from /home/airflow/.local/lib/python3.12/site-packages/airflow/example_dags/example_latest_only_with_trigger.py
[2025-04-02T06:26:55.712+0000] {logging_mixin.py:190} INFO - [2025-04-02T06:26:55.712+0000] {dag.py:3239} INFO - Sync 1 DAGs
[2025-04-02T06:26:55.727+0000] {logging_mixin.py:190} INFO - [2025-04-02T06:26:55.726+0000] {dag.py:4180} INFO - Setting next_dagrun for latest_only_with_trigger to 2025-04-02 00:00:00+00:00, run_after=2025-04-02 04:00:00+00:00
[2025-04-02T06:26:55.736+0000] {processor.py:208} INFO - Processing /home/airflow/.local/lib/python3.12/site-packages/airflow/example_dags/example_latest_only_with_trigger.py took 0.053 seconds
[2025-04-02T06:27:26.382+0000] {processor.py:186} INFO - Started process (PID=1250) to work on /home/airflow/.local/lib/python3.12/site-packages/airflow/example_dags/example_latest_only_with_trigger.py
[2025-04-02T06:27:26.383+0000] {processor.py:914} INFO - Processing file /home/airflow/.local/lib/python3.12/site-packages/airflow/example_dags/example_latest_only_with_trigger.py for tasks to queue
[2025-04-02T06:27:26.384+0000] {logging_mixin.py:190} INFO - [2025-04-02T06:27:26.384+0000] {dagbag.py:588} INFO - Filling up the DagBag from /home/airflow/.local/lib/python3.12/site-packages/airflow/example_dags/example_latest_only_with_trigger.py
[2025-04-02T06:27:26.389+0000] {processor.py:925} INFO - DAG(s) 'latest_only_with_trigger' retrieved from /home/airflow/.local/lib/python3.12/site-packages/airflow/example_dags/example_latest_only_with_trigger.py
[2025-04-02T06:27:26.405+0000] {logging_mixin.py:190} INFO - [2025-04-02T06:27:26.405+0000] {dag.py:3239} INFO - Sync 1 DAGs
[2025-04-02T06:27:26.418+0000] {logging_mixin.py:190} INFO - [2025-04-02T06:27:26.418+0000] {dag.py:4180} INFO - Setting next_dagrun for latest_only_with_trigger to 2025-04-02 00:00:00+00:00, run_after=2025-04-02 04:00:00+00:00
[2025-04-02T06:27:26.427+0000] {processor.py:208} INFO - Processing /home/airflow/.local/lib/python3.12/site-packages/airflow/example_dags/example_latest_only_with_trigger.py took 0.049 seconds
[2025-04-02T06:27:57.023+0000] {processor.py:186} INFO - Started process (PID=1318) to work on /home/airflow/.local/lib/python3.12/site-packages/airflow/example_dags/example_latest_only_with_trigger.py
[2025-04-02T06:27:57.024+0000] {processor.py:914} INFO - Processing file /home/airflow/.local/lib/python3.12/site-packages/airflow/example_dags/example_latest_only_with_trigger.py for tasks to queue
[2025-04-02T06:27:57.024+0000] {logging_mixin.py:190} INFO - [2025-04-02T06:27:57.024+0000] {dagbag.py:588} INFO - Filling up the DagBag from /home/airflow/.local/lib/python3.12/site-packages/airflow/example_dags/example_latest_only_with_trigger.py
[2025-04-02T06:27:57.031+0000] {processor.py:925} INFO - DAG(s) 'latest_only_with_trigger' retrieved from /home/airflow/.local/lib/python3.12/site-packages/airflow/example_dags/example_latest_only_with_trigger.py
[2025-04-02T06:27:57.041+0000] {logging_mixin.py:190} INFO - [2025-04-02T06:27:57.040+0000] {dag.py:3239} INFO - Sync 1 DAGs
[2025-04-02T06:27:57.051+0000] {logging_mixin.py:190} INFO - [2025-04-02T06:27:57.051+0000] {dag.py:4180} INFO - Setting next_dagrun for latest_only_with_trigger to 2025-04-02 00:00:00+00:00, run_after=2025-04-02 04:00:00+00:00
[2025-04-02T06:27:57.065+0000] {processor.py:208} INFO - Processing /home/airflow/.local/lib/python3.12/site-packages/airflow/example_dags/example_latest_only_with_trigger.py took 0.046 seconds
