[2025-04-02T06:12:19.737+0000] {processor.py:186} INFO - Started process (PID=100) to work on /home/airflow/.local/lib/python3.12/site-packages/airflow/example_dags/example_latest_only.py
[2025-04-02T06:12:19.738+0000] {processor.py:914} INFO - Processing file /home/airflow/.local/lib/python3.12/site-packages/airflow/example_dags/example_latest_only.py for tasks to queue
[2025-04-02T06:12:19.739+0000] {logging_mixin.py:190} INFO - [2025-04-02T06:12:19.739+0000] {dagbag.py:588} INFO - Filling up the DagBag from /home/airflow/.local/lib/python3.12/site-packages/airflow/example_dags/example_latest_only.py
[2025-04-02T06:12:19.746+0000] {processor.py:925} INFO - DAG(s) 'latest_only' retrieved from /home/airflow/.local/lib/python3.12/site-packages/airflow/example_dags/example_latest_only.py
[2025-04-02T06:12:19.810+0000] {logging_mixin.py:190} INFO - [2025-04-02T06:12:19.809+0000] {override.py:1912} INFO - Created Permission View: can delete on DAG:latest_only
[2025-04-02T06:12:19.816+0000] {logging_mixin.py:190} INFO - [2025-04-02T06:12:19.815+0000] {override.py:1912} INFO - Created Permission View: can read on DAG:latest_only
[2025-04-02T06:12:19.819+0000] {logging_mixin.py:190} INFO - [2025-04-02T06:12:19.819+0000] {override.py:1912} INFO - Created Permission View: can edit on DAG:latest_only
[2025-04-02T06:12:19.822+0000] {logging_mixin.py:190} INFO - [2025-04-02T06:12:19.822+0000] {override.py:1912} INFO - Created Permission View: can delete on DAG Run:latest_only
[2025-04-02T06:12:19.825+0000] {logging_mixin.py:190} INFO - [2025-04-02T06:12:19.825+0000] {override.py:1912} INFO - Created Permission View: can create on DAG Run:latest_only
[2025-04-02T06:12:19.828+0000] {logging_mixin.py:190} INFO - [2025-04-02T06:12:19.828+0000] {override.py:1912} INFO - Created Permission View: can read on DAG Run:latest_only
[2025-04-02T06:12:19.831+0000] {logging_mixin.py:190} INFO - [2025-04-02T06:12:19.830+0000] {override.py:1912} INFO - Created Permission View: menu access on DAG Run:latest_only
[2025-04-02T06:12:19.831+0000] {logging_mixin.py:190} INFO - [2025-04-02T06:12:19.831+0000] {dag.py:3239} INFO - Sync 1 DAGs
[2025-04-02T06:12:19.838+0000] {logging_mixin.py:190} INFO - [2025-04-02T06:12:19.838+0000] {dag.py:3262} INFO - Creating ORM DAG for latest_only
[2025-04-02T06:12:19.843+0000] {logging_mixin.py:190} INFO - [2025-04-02T06:12:19.843+0000] {dag.py:4180} INFO - Setting next_dagrun for latest_only to 2025-04-02 00:00:00+00:00, run_after=2025-04-02 04:00:00+00:00
[2025-04-02T06:12:19.852+0000] {processor.py:208} INFO - Processing /home/airflow/.local/lib/python3.12/site-packages/airflow/example_dags/example_latest_only.py took 0.119 seconds
[2025-04-02T06:12:50.043+0000] {processor.py:186} INFO - Started process (PID=163) to work on /home/airflow/.local/lib/python3.12/site-packages/airflow/example_dags/example_latest_only.py
[2025-04-02T06:12:50.044+0000] {processor.py:914} INFO - Processing file /home/airflow/.local/lib/python3.12/site-packages/airflow/example_dags/example_latest_only.py for tasks to queue
[2025-04-02T06:12:50.045+0000] {logging_mixin.py:190} INFO - [2025-04-02T06:12:50.045+0000] {dagbag.py:588} INFO - Filling up the DagBag from /home/airflow/.local/lib/python3.12/site-packages/airflow/example_dags/example_latest_only.py
[2025-04-02T06:12:50.050+0000] {processor.py:925} INFO - DAG(s) 'latest_only' retrieved from /home/airflow/.local/lib/python3.12/site-packages/airflow/example_dags/example_latest_only.py
[2025-04-02T06:12:50.059+0000] {logging_mixin.py:190} INFO - [2025-04-02T06:12:50.059+0000] {dag.py:3239} INFO - Sync 1 DAGs
[2025-04-02T06:12:50.071+0000] {logging_mixin.py:190} INFO - [2025-04-02T06:12:50.070+0000] {dag.py:4180} INFO - Setting next_dagrun for latest_only to 2025-04-02 00:00:00+00:00, run_after=2025-04-02 04:00:00+00:00
[2025-04-02T06:12:50.080+0000] {processor.py:208} INFO - Processing /home/airflow/.local/lib/python3.12/site-packages/airflow/example_dags/example_latest_only.py took 0.040 seconds
[2025-04-02T06:13:21.072+0000] {processor.py:186} INFO - Started process (PID=226) to work on /home/airflow/.local/lib/python3.12/site-packages/airflow/example_dags/example_latest_only.py
[2025-04-02T06:13:21.074+0000] {processor.py:914} INFO - Processing file /home/airflow/.local/lib/python3.12/site-packages/airflow/example_dags/example_latest_only.py for tasks to queue
[2025-04-02T06:13:21.075+0000] {logging_mixin.py:190} INFO - [2025-04-02T06:13:21.075+0000] {dagbag.py:588} INFO - Filling up the DagBag from /home/airflow/.local/lib/python3.12/site-packages/airflow/example_dags/example_latest_only.py
[2025-04-02T06:13:21.080+0000] {processor.py:925} INFO - DAG(s) 'latest_only' retrieved from /home/airflow/.local/lib/python3.12/site-packages/airflow/example_dags/example_latest_only.py
[2025-04-02T06:13:21.093+0000] {logging_mixin.py:190} INFO - [2025-04-02T06:13:21.093+0000] {dag.py:3239} INFO - Sync 1 DAGs
[2025-04-02T06:13:21.110+0000] {logging_mixin.py:190} INFO - [2025-04-02T06:13:21.109+0000] {dag.py:4180} INFO - Setting next_dagrun for latest_only to 2025-04-02 00:00:00+00:00, run_after=2025-04-02 04:00:00+00:00
[2025-04-02T06:13:21.123+0000] {processor.py:208} INFO - Processing /home/airflow/.local/lib/python3.12/site-packages/airflow/example_dags/example_latest_only.py took 0.058 seconds
[2025-04-02T06:13:51.744+0000] {processor.py:186} INFO - Started process (PID=289) to work on /home/airflow/.local/lib/python3.12/site-packages/airflow/example_dags/example_latest_only.py
[2025-04-02T06:13:51.744+0000] {processor.py:914} INFO - Processing file /home/airflow/.local/lib/python3.12/site-packages/airflow/example_dags/example_latest_only.py for tasks to queue
[2025-04-02T06:13:51.746+0000] {logging_mixin.py:190} INFO - [2025-04-02T06:13:51.746+0000] {dagbag.py:588} INFO - Filling up the DagBag from /home/airflow/.local/lib/python3.12/site-packages/airflow/example_dags/example_latest_only.py
[2025-04-02T06:13:51.750+0000] {processor.py:925} INFO - DAG(s) 'latest_only' retrieved from /home/airflow/.local/lib/python3.12/site-packages/airflow/example_dags/example_latest_only.py
[2025-04-02T06:13:51.761+0000] {logging_mixin.py:190} INFO - [2025-04-02T06:13:51.761+0000] {dag.py:3239} INFO - Sync 1 DAGs
[2025-04-02T06:13:51.773+0000] {logging_mixin.py:190} INFO - [2025-04-02T06:13:51.773+0000] {dag.py:4180} INFO - Setting next_dagrun for latest_only to 2025-04-02 00:00:00+00:00, run_after=2025-04-02 04:00:00+00:00
[2025-04-02T06:13:51.781+0000] {processor.py:208} INFO - Processing /home/airflow/.local/lib/python3.12/site-packages/airflow/example_dags/example_latest_only.py took 0.040 seconds
[2025-04-02T06:14:22.314+0000] {processor.py:186} INFO - Started process (PID=352) to work on /home/airflow/.local/lib/python3.12/site-packages/airflow/example_dags/example_latest_only.py
[2025-04-02T06:14:22.316+0000] {processor.py:914} INFO - Processing file /home/airflow/.local/lib/python3.12/site-packages/airflow/example_dags/example_latest_only.py for tasks to queue
[2025-04-02T06:14:22.317+0000] {logging_mixin.py:190} INFO - [2025-04-02T06:14:22.317+0000] {dagbag.py:588} INFO - Filling up the DagBag from /home/airflow/.local/lib/python3.12/site-packages/airflow/example_dags/example_latest_only.py
[2025-04-02T06:14:22.323+0000] {processor.py:925} INFO - DAG(s) 'latest_only' retrieved from /home/airflow/.local/lib/python3.12/site-packages/airflow/example_dags/example_latest_only.py
[2025-04-02T06:14:22.335+0000] {logging_mixin.py:190} INFO - [2025-04-02T06:14:22.335+0000] {dag.py:3239} INFO - Sync 1 DAGs
[2025-04-02T06:14:22.349+0000] {logging_mixin.py:190} INFO - [2025-04-02T06:14:22.349+0000] {dag.py:4180} INFO - Setting next_dagrun for latest_only to 2025-04-02 00:00:00+00:00, run_after=2025-04-02 04:00:00+00:00
[2025-04-02T06:14:22.363+0000] {processor.py:208} INFO - Processing /home/airflow/.local/lib/python3.12/site-packages/airflow/example_dags/example_latest_only.py took 0.052 seconds
[2025-04-02T06:14:53.573+0000] {processor.py:186} INFO - Started process (PID=415) to work on /home/airflow/.local/lib/python3.12/site-packages/airflow/example_dags/example_latest_only.py
[2025-04-02T06:14:53.573+0000] {processor.py:914} INFO - Processing file /home/airflow/.local/lib/python3.12/site-packages/airflow/example_dags/example_latest_only.py for tasks to queue
[2025-04-02T06:14:53.575+0000] {logging_mixin.py:190} INFO - [2025-04-02T06:14:53.574+0000] {dagbag.py:588} INFO - Filling up the DagBag from /home/airflow/.local/lib/python3.12/site-packages/airflow/example_dags/example_latest_only.py
[2025-04-02T06:14:53.579+0000] {processor.py:925} INFO - DAG(s) 'latest_only' retrieved from /home/airflow/.local/lib/python3.12/site-packages/airflow/example_dags/example_latest_only.py
[2025-04-02T06:14:53.590+0000] {logging_mixin.py:190} INFO - [2025-04-02T06:14:53.589+0000] {dag.py:3239} INFO - Sync 1 DAGs
[2025-04-02T06:14:53.602+0000] {logging_mixin.py:190} INFO - [2025-04-02T06:14:53.602+0000] {dag.py:4180} INFO - Setting next_dagrun for latest_only to 2025-04-02 00:00:00+00:00, run_after=2025-04-02 04:00:00+00:00
[2025-04-02T06:14:53.611+0000] {processor.py:208} INFO - Processing /home/airflow/.local/lib/python3.12/site-packages/airflow/example_dags/example_latest_only.py took 0.041 seconds
[2025-04-02T06:15:24.300+0000] {processor.py:186} INFO - Started process (PID=478) to work on /home/airflow/.local/lib/python3.12/site-packages/airflow/example_dags/example_latest_only.py
[2025-04-02T06:15:24.301+0000] {processor.py:914} INFO - Processing file /home/airflow/.local/lib/python3.12/site-packages/airflow/example_dags/example_latest_only.py for tasks to queue
[2025-04-02T06:15:24.303+0000] {logging_mixin.py:190} INFO - [2025-04-02T06:15:24.303+0000] {dagbag.py:588} INFO - Filling up the DagBag from /home/airflow/.local/lib/python3.12/site-packages/airflow/example_dags/example_latest_only.py
[2025-04-02T06:15:24.307+0000] {processor.py:925} INFO - DAG(s) 'latest_only' retrieved from /home/airflow/.local/lib/python3.12/site-packages/airflow/example_dags/example_latest_only.py
[2025-04-02T06:15:24.318+0000] {logging_mixin.py:190} INFO - [2025-04-02T06:15:24.318+0000] {dag.py:3239} INFO - Sync 1 DAGs
[2025-04-02T06:15:24.332+0000] {logging_mixin.py:190} INFO - [2025-04-02T06:15:24.332+0000] {dag.py:4180} INFO - Setting next_dagrun for latest_only to 2025-04-02 00:00:00+00:00, run_after=2025-04-02 04:00:00+00:00
[2025-04-02T06:15:24.341+0000] {processor.py:208} INFO - Processing /home/airflow/.local/lib/python3.12/site-packages/airflow/example_dags/example_latest_only.py took 0.044 seconds
[2025-04-02T06:15:55.232+0000] {processor.py:186} INFO - Started process (PID=541) to work on /home/airflow/.local/lib/python3.12/site-packages/airflow/example_dags/example_latest_only.py
[2025-04-02T06:15:55.233+0000] {processor.py:914} INFO - Processing file /home/airflow/.local/lib/python3.12/site-packages/airflow/example_dags/example_latest_only.py for tasks to queue
[2025-04-02T06:15:55.234+0000] {logging_mixin.py:190} INFO - [2025-04-02T06:15:55.234+0000] {dagbag.py:588} INFO - Filling up the DagBag from /home/airflow/.local/lib/python3.12/site-packages/airflow/example_dags/example_latest_only.py
[2025-04-02T06:15:55.239+0000] {processor.py:925} INFO - DAG(s) 'latest_only' retrieved from /home/airflow/.local/lib/python3.12/site-packages/airflow/example_dags/example_latest_only.py
[2025-04-02T06:15:55.251+0000] {logging_mixin.py:190} INFO - [2025-04-02T06:15:55.251+0000] {dag.py:3239} INFO - Sync 1 DAGs
[2025-04-02T06:15:55.264+0000] {logging_mixin.py:190} INFO - [2025-04-02T06:15:55.264+0000] {dag.py:4180} INFO - Setting next_dagrun for latest_only to 2025-04-02 00:00:00+00:00, run_after=2025-04-02 04:00:00+00:00
[2025-04-02T06:15:55.274+0000] {processor.py:208} INFO - Processing /home/airflow/.local/lib/python3.12/site-packages/airflow/example_dags/example_latest_only.py took 0.045 seconds
[2025-04-02T06:18:05.720+0000] {processor.py:186} INFO - Started process (PID=99) to work on /home/airflow/.local/lib/python3.12/site-packages/airflow/example_dags/example_latest_only.py
[2025-04-02T06:18:05.722+0000] {processor.py:914} INFO - Processing file /home/airflow/.local/lib/python3.12/site-packages/airflow/example_dags/example_latest_only.py for tasks to queue
[2025-04-02T06:18:05.724+0000] {logging_mixin.py:190} INFO - [2025-04-02T06:18:05.724+0000] {dagbag.py:588} INFO - Filling up the DagBag from /home/airflow/.local/lib/python3.12/site-packages/airflow/example_dags/example_latest_only.py
[2025-04-02T06:18:05.749+0000] {processor.py:925} INFO - DAG(s) 'latest_only' retrieved from /home/airflow/.local/lib/python3.12/site-packages/airflow/example_dags/example_latest_only.py
[2025-04-02T06:18:05.789+0000] {logging_mixin.py:190} INFO - [2025-04-02T06:18:05.789+0000] {dag.py:3239} INFO - Sync 1 DAGs
[2025-04-02T06:18:05.857+0000] {logging_mixin.py:190} INFO - [2025-04-02T06:18:05.856+0000] {dag.py:4180} INFO - Setting next_dagrun for latest_only to 2025-04-02 00:00:00+00:00, run_after=2025-04-02 04:00:00+00:00
[2025-04-02T06:18:05.879+0000] {processor.py:208} INFO - Processing /home/airflow/.local/lib/python3.12/site-packages/airflow/example_dags/example_latest_only.py took 0.174 seconds
[2025-04-02T06:18:36.819+0000] {processor.py:186} INFO - Started process (PID=162) to work on /home/airflow/.local/lib/python3.12/site-packages/airflow/example_dags/example_latest_only.py
[2025-04-02T06:18:36.820+0000] {processor.py:914} INFO - Processing file /home/airflow/.local/lib/python3.12/site-packages/airflow/example_dags/example_latest_only.py for tasks to queue
[2025-04-02T06:18:36.822+0000] {logging_mixin.py:190} INFO - [2025-04-02T06:18:36.822+0000] {dagbag.py:588} INFO - Filling up the DagBag from /home/airflow/.local/lib/python3.12/site-packages/airflow/example_dags/example_latest_only.py
[2025-04-02T06:18:36.828+0000] {processor.py:925} INFO - DAG(s) 'latest_only' retrieved from /home/airflow/.local/lib/python3.12/site-packages/airflow/example_dags/example_latest_only.py
[2025-04-02T06:18:36.842+0000] {logging_mixin.py:190} INFO - [2025-04-02T06:18:36.842+0000] {dag.py:3239} INFO - Sync 1 DAGs
[2025-04-02T06:18:36.856+0000] {logging_mixin.py:190} INFO - [2025-04-02T06:18:36.856+0000] {dag.py:4180} INFO - Setting next_dagrun for latest_only to 2025-04-02 00:00:00+00:00, run_after=2025-04-02 04:00:00+00:00
[2025-04-02T06:18:36.865+0000] {processor.py:208} INFO - Processing /home/airflow/.local/lib/python3.12/site-packages/airflow/example_dags/example_latest_only.py took 0.051 seconds
[2025-04-02T06:19:07.090+0000] {processor.py:186} INFO - Started process (PID=225) to work on /home/airflow/.local/lib/python3.12/site-packages/airflow/example_dags/example_latest_only.py
[2025-04-02T06:19:07.091+0000] {processor.py:914} INFO - Processing file /home/airflow/.local/lib/python3.12/site-packages/airflow/example_dags/example_latest_only.py for tasks to queue
[2025-04-02T06:19:07.093+0000] {logging_mixin.py:190} INFO - [2025-04-02T06:19:07.093+0000] {dagbag.py:588} INFO - Filling up the DagBag from /home/airflow/.local/lib/python3.12/site-packages/airflow/example_dags/example_latest_only.py
[2025-04-02T06:19:07.097+0000] {processor.py:925} INFO - DAG(s) 'latest_only' retrieved from /home/airflow/.local/lib/python3.12/site-packages/airflow/example_dags/example_latest_only.py
[2025-04-02T06:19:07.109+0000] {logging_mixin.py:190} INFO - [2025-04-02T06:19:07.109+0000] {dag.py:3239} INFO - Sync 1 DAGs
[2025-04-02T06:19:07.121+0000] {logging_mixin.py:190} INFO - [2025-04-02T06:19:07.121+0000] {dag.py:4180} INFO - Setting next_dagrun for latest_only to 2025-04-02 00:00:00+00:00, run_after=2025-04-02 04:00:00+00:00
[2025-04-02T06:19:07.130+0000] {processor.py:208} INFO - Processing /home/airflow/.local/lib/python3.12/site-packages/airflow/example_dags/example_latest_only.py took 0.044 seconds
[2025-04-02T06:19:38.361+0000] {processor.py:186} INFO - Started process (PID=288) to work on /home/airflow/.local/lib/python3.12/site-packages/airflow/example_dags/example_latest_only.py
[2025-04-02T06:19:38.362+0000] {processor.py:914} INFO - Processing file /home/airflow/.local/lib/python3.12/site-packages/airflow/example_dags/example_latest_only.py for tasks to queue
[2025-04-02T06:19:38.365+0000] {logging_mixin.py:190} INFO - [2025-04-02T06:19:38.364+0000] {dagbag.py:588} INFO - Filling up the DagBag from /home/airflow/.local/lib/python3.12/site-packages/airflow/example_dags/example_latest_only.py
[2025-04-02T06:19:38.370+0000] {processor.py:925} INFO - DAG(s) 'latest_only' retrieved from /home/airflow/.local/lib/python3.12/site-packages/airflow/example_dags/example_latest_only.py
[2025-04-02T06:19:38.382+0000] {logging_mixin.py:190} INFO - [2025-04-02T06:19:38.382+0000] {dag.py:3239} INFO - Sync 1 DAGs
[2025-04-02T06:19:38.394+0000] {logging_mixin.py:190} INFO - [2025-04-02T06:19:38.394+0000] {dag.py:4180} INFO - Setting next_dagrun for latest_only to 2025-04-02 00:00:00+00:00, run_after=2025-04-02 04:00:00+00:00
[2025-04-02T06:19:38.403+0000] {processor.py:208} INFO - Processing /home/airflow/.local/lib/python3.12/site-packages/airflow/example_dags/example_latest_only.py took 0.049 seconds
[2025-04-02T06:20:09.523+0000] {processor.py:186} INFO - Started process (PID=351) to work on /home/airflow/.local/lib/python3.12/site-packages/airflow/example_dags/example_latest_only.py
[2025-04-02T06:20:09.524+0000] {processor.py:914} INFO - Processing file /home/airflow/.local/lib/python3.12/site-packages/airflow/example_dags/example_latest_only.py for tasks to queue
[2025-04-02T06:20:09.525+0000] {logging_mixin.py:190} INFO - [2025-04-02T06:20:09.525+0000] {dagbag.py:588} INFO - Filling up the DagBag from /home/airflow/.local/lib/python3.12/site-packages/airflow/example_dags/example_latest_only.py
[2025-04-02T06:20:09.530+0000] {processor.py:925} INFO - DAG(s) 'latest_only' retrieved from /home/airflow/.local/lib/python3.12/site-packages/airflow/example_dags/example_latest_only.py
[2025-04-02T06:20:09.542+0000] {logging_mixin.py:190} INFO - [2025-04-02T06:20:09.542+0000] {dag.py:3239} INFO - Sync 1 DAGs
[2025-04-02T06:20:09.557+0000] {logging_mixin.py:190} INFO - [2025-04-02T06:20:09.557+0000] {dag.py:4180} INFO - Setting next_dagrun for latest_only to 2025-04-02 00:00:00+00:00, run_after=2025-04-02 04:00:00+00:00
[2025-04-02T06:20:09.567+0000] {processor.py:208} INFO - Processing /home/airflow/.local/lib/python3.12/site-packages/airflow/example_dags/example_latest_only.py took 0.048 seconds
[2025-04-02T06:20:40.640+0000] {processor.py:186} INFO - Started process (PID=414) to work on /home/airflow/.local/lib/python3.12/site-packages/airflow/example_dags/example_latest_only.py
[2025-04-02T06:20:40.640+0000] {processor.py:914} INFO - Processing file /home/airflow/.local/lib/python3.12/site-packages/airflow/example_dags/example_latest_only.py for tasks to queue
[2025-04-02T06:20:40.642+0000] {logging_mixin.py:190} INFO - [2025-04-02T06:20:40.642+0000] {dagbag.py:588} INFO - Filling up the DagBag from /home/airflow/.local/lib/python3.12/site-packages/airflow/example_dags/example_latest_only.py
[2025-04-02T06:20:40.647+0000] {processor.py:925} INFO - DAG(s) 'latest_only' retrieved from /home/airflow/.local/lib/python3.12/site-packages/airflow/example_dags/example_latest_only.py
[2025-04-02T06:20:40.662+0000] {logging_mixin.py:190} INFO - [2025-04-02T06:20:40.661+0000] {dag.py:3239} INFO - Sync 1 DAGs
[2025-04-02T06:20:40.677+0000] {logging_mixin.py:190} INFO - [2025-04-02T06:20:40.677+0000] {dag.py:4180} INFO - Setting next_dagrun for latest_only to 2025-04-02 00:00:00+00:00, run_after=2025-04-02 04:00:00+00:00
[2025-04-02T06:20:40.687+0000] {processor.py:208} INFO - Processing /home/airflow/.local/lib/python3.12/site-packages/airflow/example_dags/example_latest_only.py took 0.051 seconds
[2025-04-02T06:21:11.925+0000] {processor.py:186} INFO - Started process (PID=477) to work on /home/airflow/.local/lib/python3.12/site-packages/airflow/example_dags/example_latest_only.py
[2025-04-02T06:21:11.926+0000] {processor.py:914} INFO - Processing file /home/airflow/.local/lib/python3.12/site-packages/airflow/example_dags/example_latest_only.py for tasks to queue
[2025-04-02T06:21:11.928+0000] {logging_mixin.py:190} INFO - [2025-04-02T06:21:11.927+0000] {dagbag.py:588} INFO - Filling up the DagBag from /home/airflow/.local/lib/python3.12/site-packages/airflow/example_dags/example_latest_only.py
[2025-04-02T06:21:11.933+0000] {processor.py:925} INFO - DAG(s) 'latest_only' retrieved from /home/airflow/.local/lib/python3.12/site-packages/airflow/example_dags/example_latest_only.py
[2025-04-02T06:21:11.947+0000] {logging_mixin.py:190} INFO - [2025-04-02T06:21:11.947+0000] {dag.py:3239} INFO - Sync 1 DAGs
[2025-04-02T06:21:11.959+0000] {logging_mixin.py:190} INFO - [2025-04-02T06:21:11.958+0000] {dag.py:4180} INFO - Setting next_dagrun for latest_only to 2025-04-02 00:00:00+00:00, run_after=2025-04-02 04:00:00+00:00
[2025-04-02T06:21:11.970+0000] {processor.py:208} INFO - Processing /home/airflow/.local/lib/python3.12/site-packages/airflow/example_dags/example_latest_only.py took 0.050 seconds
[2025-04-02T06:21:43.170+0000] {processor.py:186} INFO - Started process (PID=539) to work on /home/airflow/.local/lib/python3.12/site-packages/airflow/example_dags/example_latest_only.py
[2025-04-02T06:21:43.171+0000] {processor.py:914} INFO - Processing file /home/airflow/.local/lib/python3.12/site-packages/airflow/example_dags/example_latest_only.py for tasks to queue
[2025-04-02T06:21:43.172+0000] {logging_mixin.py:190} INFO - [2025-04-02T06:21:43.172+0000] {dagbag.py:588} INFO - Filling up the DagBag from /home/airflow/.local/lib/python3.12/site-packages/airflow/example_dags/example_latest_only.py
[2025-04-02T06:21:43.177+0000] {processor.py:925} INFO - DAG(s) 'latest_only' retrieved from /home/airflow/.local/lib/python3.12/site-packages/airflow/example_dags/example_latest_only.py
[2025-04-02T06:21:43.189+0000] {logging_mixin.py:190} INFO - [2025-04-02T06:21:43.189+0000] {dag.py:3239} INFO - Sync 1 DAGs
[2025-04-02T06:21:43.201+0000] {logging_mixin.py:190} INFO - [2025-04-02T06:21:43.200+0000] {dag.py:4180} INFO - Setting next_dagrun for latest_only to 2025-04-02 00:00:00+00:00, run_after=2025-04-02 04:00:00+00:00
[2025-04-02T06:21:43.210+0000] {processor.py:208} INFO - Processing /home/airflow/.local/lib/python3.12/site-packages/airflow/example_dags/example_latest_only.py took 0.043 seconds
[2025-04-02T06:22:14.793+0000] {processor.py:186} INFO - Started process (PID=602) to work on /home/airflow/.local/lib/python3.12/site-packages/airflow/example_dags/example_latest_only.py
[2025-04-02T06:22:14.794+0000] {processor.py:914} INFO - Processing file /home/airflow/.local/lib/python3.12/site-packages/airflow/example_dags/example_latest_only.py for tasks to queue
[2025-04-02T06:22:14.796+0000] {logging_mixin.py:190} INFO - [2025-04-02T06:22:14.795+0000] {dagbag.py:588} INFO - Filling up the DagBag from /home/airflow/.local/lib/python3.12/site-packages/airflow/example_dags/example_latest_only.py
[2025-04-02T06:22:14.801+0000] {processor.py:925} INFO - DAG(s) 'latest_only' retrieved from /home/airflow/.local/lib/python3.12/site-packages/airflow/example_dags/example_latest_only.py
[2025-04-02T06:22:14.815+0000] {logging_mixin.py:190} INFO - [2025-04-02T06:22:14.815+0000] {dag.py:3239} INFO - Sync 1 DAGs
[2025-04-02T06:22:14.831+0000] {logging_mixin.py:190} INFO - [2025-04-02T06:22:14.830+0000] {dag.py:4180} INFO - Setting next_dagrun for latest_only to 2025-04-02 00:00:00+00:00, run_after=2025-04-02 04:00:00+00:00
[2025-04-02T06:22:14.845+0000] {processor.py:208} INFO - Processing /home/airflow/.local/lib/python3.12/site-packages/airflow/example_dags/example_latest_only.py took 0.059 seconds
[2025-04-02T06:22:46.508+0000] {processor.py:186} INFO - Started process (PID=664) to work on /home/airflow/.local/lib/python3.12/site-packages/airflow/example_dags/example_latest_only.py
[2025-04-02T06:22:46.509+0000] {processor.py:914} INFO - Processing file /home/airflow/.local/lib/python3.12/site-packages/airflow/example_dags/example_latest_only.py for tasks to queue
[2025-04-02T06:22:46.510+0000] {logging_mixin.py:190} INFO - [2025-04-02T06:22:46.510+0000] {dagbag.py:588} INFO - Filling up the DagBag from /home/airflow/.local/lib/python3.12/site-packages/airflow/example_dags/example_latest_only.py
[2025-04-02T06:22:46.515+0000] {processor.py:925} INFO - DAG(s) 'latest_only' retrieved from /home/airflow/.local/lib/python3.12/site-packages/airflow/example_dags/example_latest_only.py
[2025-04-02T06:22:46.525+0000] {logging_mixin.py:190} INFO - [2025-04-02T06:22:46.525+0000] {dag.py:3239} INFO - Sync 1 DAGs
[2025-04-02T06:22:46.536+0000] {logging_mixin.py:190} INFO - [2025-04-02T06:22:46.536+0000] {dag.py:4180} INFO - Setting next_dagrun for latest_only to 2025-04-02 00:00:00+00:00, run_after=2025-04-02 04:00:00+00:00
[2025-04-02T06:22:46.546+0000] {processor.py:208} INFO - Processing /home/airflow/.local/lib/python3.12/site-packages/airflow/example_dags/example_latest_only.py took 0.041 seconds
[2025-04-02T06:23:18.412+0000] {processor.py:186} INFO - Started process (PID=730) to work on /home/airflow/.local/lib/python3.12/site-packages/airflow/example_dags/example_latest_only.py
[2025-04-02T06:23:18.413+0000] {processor.py:914} INFO - Processing file /home/airflow/.local/lib/python3.12/site-packages/airflow/example_dags/example_latest_only.py for tasks to queue
[2025-04-02T06:23:18.414+0000] {logging_mixin.py:190} INFO - [2025-04-02T06:23:18.414+0000] {dagbag.py:588} INFO - Filling up the DagBag from /home/airflow/.local/lib/python3.12/site-packages/airflow/example_dags/example_latest_only.py
[2025-04-02T06:23:18.419+0000] {processor.py:925} INFO - DAG(s) 'latest_only' retrieved from /home/airflow/.local/lib/python3.12/site-packages/airflow/example_dags/example_latest_only.py
[2025-04-02T06:23:18.431+0000] {logging_mixin.py:190} INFO - [2025-04-02T06:23:18.431+0000] {dag.py:3239} INFO - Sync 1 DAGs
[2025-04-02T06:23:18.446+0000] {logging_mixin.py:190} INFO - [2025-04-02T06:23:18.446+0000] {dag.py:4180} INFO - Setting next_dagrun for latest_only to 2025-04-02 00:00:00+00:00, run_after=2025-04-02 04:00:00+00:00
[2025-04-02T06:23:18.459+0000] {processor.py:208} INFO - Processing /home/airflow/.local/lib/python3.12/site-packages/airflow/example_dags/example_latest_only.py took 0.051 seconds
[2025-04-02T06:23:49.318+0000] {processor.py:186} INFO - Started process (PID=794) to work on /home/airflow/.local/lib/python3.12/site-packages/airflow/example_dags/example_latest_only.py
[2025-04-02T06:23:49.321+0000] {processor.py:914} INFO - Processing file /home/airflow/.local/lib/python3.12/site-packages/airflow/example_dags/example_latest_only.py for tasks to queue
[2025-04-02T06:23:49.322+0000] {logging_mixin.py:190} INFO - [2025-04-02T06:23:49.322+0000] {dagbag.py:588} INFO - Filling up the DagBag from /home/airflow/.local/lib/python3.12/site-packages/airflow/example_dags/example_latest_only.py
[2025-04-02T06:23:49.330+0000] {processor.py:925} INFO - DAG(s) 'latest_only' retrieved from /home/airflow/.local/lib/python3.12/site-packages/airflow/example_dags/example_latest_only.py
[2025-04-02T06:23:49.348+0000] {logging_mixin.py:190} INFO - [2025-04-02T06:23:49.348+0000] {dag.py:3239} INFO - Sync 1 DAGs
[2025-04-02T06:23:49.362+0000] {logging_mixin.py:190} INFO - [2025-04-02T06:23:49.362+0000] {dag.py:4180} INFO - Setting next_dagrun for latest_only to 2025-04-02 00:00:00+00:00, run_after=2025-04-02 04:00:00+00:00
[2025-04-02T06:23:49.376+0000] {processor.py:208} INFO - Processing /home/airflow/.local/lib/python3.12/site-packages/airflow/example_dags/example_latest_only.py took 0.063 seconds
[2025-04-02T06:24:20.742+0000] {processor.py:186} INFO - Started process (PID=860) to work on /home/airflow/.local/lib/python3.12/site-packages/airflow/example_dags/example_latest_only.py
[2025-04-02T06:24:20.743+0000] {processor.py:914} INFO - Processing file /home/airflow/.local/lib/python3.12/site-packages/airflow/example_dags/example_latest_only.py for tasks to queue
[2025-04-02T06:24:20.746+0000] {logging_mixin.py:190} INFO - [2025-04-02T06:24:20.746+0000] {dagbag.py:588} INFO - Filling up the DagBag from /home/airflow/.local/lib/python3.12/site-packages/airflow/example_dags/example_latest_only.py
[2025-04-02T06:24:20.753+0000] {processor.py:925} INFO - DAG(s) 'latest_only' retrieved from /home/airflow/.local/lib/python3.12/site-packages/airflow/example_dags/example_latest_only.py
[2025-04-02T06:24:20.769+0000] {logging_mixin.py:190} INFO - [2025-04-02T06:24:20.769+0000] {dag.py:3239} INFO - Sync 1 DAGs
[2025-04-02T06:24:20.782+0000] {logging_mixin.py:190} INFO - [2025-04-02T06:24:20.782+0000] {dag.py:4180} INFO - Setting next_dagrun for latest_only to 2025-04-02 00:00:00+00:00, run_after=2025-04-02 04:00:00+00:00
[2025-04-02T06:24:20.797+0000] {processor.py:208} INFO - Processing /home/airflow/.local/lib/python3.12/site-packages/airflow/example_dags/example_latest_only.py took 0.060 seconds
[2025-04-02T06:24:51.632+0000] {processor.py:186} INFO - Started process (PID=925) to work on /home/airflow/.local/lib/python3.12/site-packages/airflow/example_dags/example_latest_only.py
[2025-04-02T06:24:51.634+0000] {processor.py:914} INFO - Processing file /home/airflow/.local/lib/python3.12/site-packages/airflow/example_dags/example_latest_only.py for tasks to queue
[2025-04-02T06:24:51.636+0000] {logging_mixin.py:190} INFO - [2025-04-02T06:24:51.636+0000] {dagbag.py:588} INFO - Filling up the DagBag from /home/airflow/.local/lib/python3.12/site-packages/airflow/example_dags/example_latest_only.py
[2025-04-02T06:24:51.640+0000] {processor.py:925} INFO - DAG(s) 'latest_only' retrieved from /home/airflow/.local/lib/python3.12/site-packages/airflow/example_dags/example_latest_only.py
[2025-04-02T06:24:51.652+0000] {logging_mixin.py:190} INFO - [2025-04-02T06:24:51.651+0000] {dag.py:3239} INFO - Sync 1 DAGs
[2025-04-02T06:24:51.663+0000] {logging_mixin.py:190} INFO - [2025-04-02T06:24:51.663+0000] {dag.py:4180} INFO - Setting next_dagrun for latest_only to 2025-04-02 00:00:00+00:00, run_after=2025-04-02 04:00:00+00:00
[2025-04-02T06:24:51.677+0000] {processor.py:208} INFO - Processing /home/airflow/.local/lib/python3.12/site-packages/airflow/example_dags/example_latest_only.py took 0.048 seconds
[2025-04-02T06:25:22.859+0000] {processor.py:186} INFO - Started process (PID=993) to work on /home/airflow/.local/lib/python3.12/site-packages/airflow/example_dags/example_latest_only.py
[2025-04-02T06:25:22.861+0000] {processor.py:914} INFO - Processing file /home/airflow/.local/lib/python3.12/site-packages/airflow/example_dags/example_latest_only.py for tasks to queue
[2025-04-02T06:25:22.862+0000] {logging_mixin.py:190} INFO - [2025-04-02T06:25:22.862+0000] {dagbag.py:588} INFO - Filling up the DagBag from /home/airflow/.local/lib/python3.12/site-packages/airflow/example_dags/example_latest_only.py
[2025-04-02T06:25:22.866+0000] {processor.py:925} INFO - DAG(s) 'latest_only' retrieved from /home/airflow/.local/lib/python3.12/site-packages/airflow/example_dags/example_latest_only.py
[2025-04-02T06:25:22.876+0000] {logging_mixin.py:190} INFO - [2025-04-02T06:25:22.876+0000] {dag.py:3239} INFO - Sync 1 DAGs
[2025-04-02T06:25:22.888+0000] {logging_mixin.py:190} INFO - [2025-04-02T06:25:22.888+0000] {dag.py:4180} INFO - Setting next_dagrun for latest_only to 2025-04-02 00:00:00+00:00, run_after=2025-04-02 04:00:00+00:00
[2025-04-02T06:25:22.899+0000] {processor.py:208} INFO - Processing /home/airflow/.local/lib/python3.12/site-packages/airflow/example_dags/example_latest_only.py took 0.042 seconds
[2025-04-02T06:25:53.373+0000] {processor.py:186} INFO - Started process (PID=1057) to work on /home/airflow/.local/lib/python3.12/site-packages/airflow/example_dags/example_latest_only.py
[2025-04-02T06:25:53.374+0000] {processor.py:914} INFO - Processing file /home/airflow/.local/lib/python3.12/site-packages/airflow/example_dags/example_latest_only.py for tasks to queue
[2025-04-02T06:25:53.376+0000] {logging_mixin.py:190} INFO - [2025-04-02T06:25:53.376+0000] {dagbag.py:588} INFO - Filling up the DagBag from /home/airflow/.local/lib/python3.12/site-packages/airflow/example_dags/example_latest_only.py
[2025-04-02T06:25:53.380+0000] {processor.py:925} INFO - DAG(s) 'latest_only' retrieved from /home/airflow/.local/lib/python3.12/site-packages/airflow/example_dags/example_latest_only.py
[2025-04-02T06:25:53.390+0000] {logging_mixin.py:190} INFO - [2025-04-02T06:25:53.390+0000] {dag.py:3239} INFO - Sync 1 DAGs
[2025-04-02T06:25:53.401+0000] {logging_mixin.py:190} INFO - [2025-04-02T06:25:53.401+0000] {dag.py:4180} INFO - Setting next_dagrun for latest_only to 2025-04-02 00:00:00+00:00, run_after=2025-04-02 04:00:00+00:00
[2025-04-02T06:25:53.410+0000] {processor.py:208} INFO - Processing /home/airflow/.local/lib/python3.12/site-packages/airflow/example_dags/example_latest_only.py took 0.041 seconds
[2025-04-02T06:26:24.798+0000] {processor.py:186} INFO - Started process (PID=1126) to work on /home/airflow/.local/lib/python3.12/site-packages/airflow/example_dags/example_latest_only.py
[2025-04-02T06:26:24.800+0000] {processor.py:914} INFO - Processing file /home/airflow/.local/lib/python3.12/site-packages/airflow/example_dags/example_latest_only.py for tasks to queue
[2025-04-02T06:26:24.803+0000] {logging_mixin.py:190} INFO - [2025-04-02T06:26:24.803+0000] {dagbag.py:588} INFO - Filling up the DagBag from /home/airflow/.local/lib/python3.12/site-packages/airflow/example_dags/example_latest_only.py
[2025-04-02T06:26:24.809+0000] {processor.py:925} INFO - DAG(s) 'latest_only' retrieved from /home/airflow/.local/lib/python3.12/site-packages/airflow/example_dags/example_latest_only.py
[2025-04-02T06:26:24.829+0000] {logging_mixin.py:190} INFO - [2025-04-02T06:26:24.829+0000] {dag.py:3239} INFO - Sync 1 DAGs
[2025-04-02T06:26:24.845+0000] {logging_mixin.py:190} INFO - [2025-04-02T06:26:24.845+0000] {dag.py:4180} INFO - Setting next_dagrun for latest_only to 2025-04-02 00:00:00+00:00, run_after=2025-04-02 04:00:00+00:00
[2025-04-02T06:26:24.860+0000] {processor.py:208} INFO - Processing /home/airflow/.local/lib/python3.12/site-packages/airflow/example_dags/example_latest_only.py took 0.067 seconds
[2025-04-02T06:26:56.393+0000] {processor.py:186} INFO - Started process (PID=1194) to work on /home/airflow/.local/lib/python3.12/site-packages/airflow/example_dags/example_latest_only.py
[2025-04-02T06:26:56.394+0000] {processor.py:914} INFO - Processing file /home/airflow/.local/lib/python3.12/site-packages/airflow/example_dags/example_latest_only.py for tasks to queue
[2025-04-02T06:26:56.395+0000] {logging_mixin.py:190} INFO - [2025-04-02T06:26:56.394+0000] {dagbag.py:588} INFO - Filling up the DagBag from /home/airflow/.local/lib/python3.12/site-packages/airflow/example_dags/example_latest_only.py
[2025-04-02T06:26:56.398+0000] {processor.py:925} INFO - DAG(s) 'latest_only' retrieved from /home/airflow/.local/lib/python3.12/site-packages/airflow/example_dags/example_latest_only.py
[2025-04-02T06:26:56.411+0000] {logging_mixin.py:190} INFO - [2025-04-02T06:26:56.411+0000] {dag.py:3239} INFO - Sync 1 DAGs
[2025-04-02T06:26:56.423+0000] {logging_mixin.py:190} INFO - [2025-04-02T06:26:56.423+0000] {dag.py:4180} INFO - Setting next_dagrun for latest_only to 2025-04-02 00:00:00+00:00, run_after=2025-04-02 04:00:00+00:00
[2025-04-02T06:26:56.436+0000] {processor.py:208} INFO - Processing /home/airflow/.local/lib/python3.12/site-packages/airflow/example_dags/example_latest_only.py took 0.046 seconds
[2025-04-02T06:27:27.071+0000] {processor.py:186} INFO - Started process (PID=1261) to work on /home/airflow/.local/lib/python3.12/site-packages/airflow/example_dags/example_latest_only.py
[2025-04-02T06:27:27.072+0000] {processor.py:914} INFO - Processing file /home/airflow/.local/lib/python3.12/site-packages/airflow/example_dags/example_latest_only.py for tasks to queue
[2025-04-02T06:27:27.073+0000] {logging_mixin.py:190} INFO - [2025-04-02T06:27:27.073+0000] {dagbag.py:588} INFO - Filling up the DagBag from /home/airflow/.local/lib/python3.12/site-packages/airflow/example_dags/example_latest_only.py
[2025-04-02T06:27:27.079+0000] {processor.py:925} INFO - DAG(s) 'latest_only' retrieved from /home/airflow/.local/lib/python3.12/site-packages/airflow/example_dags/example_latest_only.py
[2025-04-02T06:27:27.091+0000] {logging_mixin.py:190} INFO - [2025-04-02T06:27:27.091+0000] {dag.py:3239} INFO - Sync 1 DAGs
[2025-04-02T06:27:27.104+0000] {logging_mixin.py:190} INFO - [2025-04-02T06:27:27.104+0000] {dag.py:4180} INFO - Setting next_dagrun for latest_only to 2025-04-02 00:00:00+00:00, run_after=2025-04-02 04:00:00+00:00
[2025-04-02T06:27:27.116+0000] {processor.py:208} INFO - Processing /home/airflow/.local/lib/python3.12/site-packages/airflow/example_dags/example_latest_only.py took 0.048 seconds
[2025-04-02T06:27:57.867+0000] {processor.py:186} INFO - Started process (PID=1329) to work on /home/airflow/.local/lib/python3.12/site-packages/airflow/example_dags/example_latest_only.py
[2025-04-02T06:27:57.868+0000] {processor.py:914} INFO - Processing file /home/airflow/.local/lib/python3.12/site-packages/airflow/example_dags/example_latest_only.py for tasks to queue
[2025-04-02T06:27:57.869+0000] {logging_mixin.py:190} INFO - [2025-04-02T06:27:57.869+0000] {dagbag.py:588} INFO - Filling up the DagBag from /home/airflow/.local/lib/python3.12/site-packages/airflow/example_dags/example_latest_only.py
[2025-04-02T06:27:57.878+0000] {processor.py:925} INFO - DAG(s) 'latest_only' retrieved from /home/airflow/.local/lib/python3.12/site-packages/airflow/example_dags/example_latest_only.py
[2025-04-02T06:27:57.894+0000] {logging_mixin.py:190} INFO - [2025-04-02T06:27:57.893+0000] {dag.py:3239} INFO - Sync 1 DAGs
[2025-04-02T06:27:57.908+0000] {logging_mixin.py:190} INFO - [2025-04-02T06:27:57.908+0000] {dag.py:4180} INFO - Setting next_dagrun for latest_only to 2025-04-02 00:00:00+00:00, run_after=2025-04-02 04:00:00+00:00
[2025-04-02T06:27:57.923+0000] {processor.py:208} INFO - Processing /home/airflow/.local/lib/python3.12/site-packages/airflow/example_dags/example_latest_only.py took 0.060 seconds
