[2025-04-02T06:12:13.380+0000] {processor.py:186} INFO - Started process (PID=62) to work on /home/airflow/.local/lib/python3.12/site-packages/airflow/example_dags/example_branch_operator.py
[2025-04-02T06:12:13.384+0000] {processor.py:914} INFO - Processing file /home/airflow/.local/lib/python3.12/site-packages/airflow/example_dags/example_branch_operator.py for tasks to queue
[2025-04-02T06:12:13.387+0000] {logging_mixin.py:190} INFO - [2025-04-02T06:12:13.387+0000] {dagbag.py:588} INFO - Filling up the DagBag from /home/airflow/.local/lib/python3.12/site-packages/airflow/example_dags/example_branch_operator.py
[2025-04-02T06:12:13.428+0000] {processor.py:925} INFO - DAG(s) 'example_branch_operator' retrieved from /home/airflow/.local/lib/python3.12/site-packages/airflow/example_dags/example_branch_operator.py
[2025-04-02T06:12:13.520+0000] {logging_mixin.py:190} INFO - [2025-04-02T06:12:13.520+0000] {override.py:1912} INFO - Created Permission View: can delete on DAG:example_branch_operator
[2025-04-02T06:12:13.528+0000] {logging_mixin.py:190} INFO - [2025-04-02T06:12:13.528+0000] {override.py:1912} INFO - Created Permission View: can read on DAG:example_branch_operator
[2025-04-02T06:12:13.534+0000] {logging_mixin.py:190} INFO - [2025-04-02T06:12:13.534+0000] {override.py:1912} INFO - Created Permission View: can edit on DAG:example_branch_operator
[2025-04-02T06:12:13.539+0000] {logging_mixin.py:190} INFO - [2025-04-02T06:12:13.538+0000] {override.py:1912} INFO - Created Permission View: can delete on DAG Run:example_branch_operator
[2025-04-02T06:12:13.544+0000] {logging_mixin.py:190} INFO - [2025-04-02T06:12:13.544+0000] {override.py:1912} INFO - Created Permission View: can create on DAG Run:example_branch_operator
[2025-04-02T06:12:13.551+0000] {logging_mixin.py:190} INFO - [2025-04-02T06:12:13.550+0000] {override.py:1912} INFO - Created Permission View: can read on DAG Run:example_branch_operator
[2025-04-02T06:12:13.556+0000] {logging_mixin.py:190} INFO - [2025-04-02T06:12:13.556+0000] {override.py:1912} INFO - Created Permission View: menu access on DAG Run:example_branch_operator
[2025-04-02T06:12:13.556+0000] {logging_mixin.py:190} INFO - [2025-04-02T06:12:13.556+0000] {dag.py:3239} INFO - Sync 1 DAGs
[2025-04-02T06:12:13.566+0000] {logging_mixin.py:190} INFO - [2025-04-02T06:12:13.566+0000] {dag.py:3262} INFO - Creating ORM DAG for example_branch_operator
[2025-04-02T06:12:13.576+0000] {logging_mixin.py:190} INFO - [2025-04-02T06:12:13.576+0000] {dag.py:4180} INFO - Setting next_dagrun for example_branch_operator to 2025-04-01 00:00:00+00:00, run_after=2025-04-02 00:00:00+00:00
[2025-04-02T06:12:13.591+0000] {processor.py:208} INFO - Processing /home/airflow/.local/lib/python3.12/site-packages/airflow/example_dags/example_branch_operator.py took 0.245 seconds
[2025-04-02T06:12:43.816+0000] {processor.py:186} INFO - Started process (PID=124) to work on /home/airflow/.local/lib/python3.12/site-packages/airflow/example_dags/example_branch_operator.py
[2025-04-02T06:12:43.817+0000] {processor.py:914} INFO - Processing file /home/airflow/.local/lib/python3.12/site-packages/airflow/example_dags/example_branch_operator.py for tasks to queue
[2025-04-02T06:12:43.818+0000] {logging_mixin.py:190} INFO - [2025-04-02T06:12:43.818+0000] {dagbag.py:588} INFO - Filling up the DagBag from /home/airflow/.local/lib/python3.12/site-packages/airflow/example_dags/example_branch_operator.py
[2025-04-02T06:12:43.844+0000] {processor.py:925} INFO - DAG(s) 'example_branch_operator' retrieved from /home/airflow/.local/lib/python3.12/site-packages/airflow/example_dags/example_branch_operator.py
[2025-04-02T06:12:43.871+0000] {logging_mixin.py:190} INFO - [2025-04-02T06:12:43.870+0000] {dag.py:3239} INFO - Sync 1 DAGs
[2025-04-02T06:12:43.883+0000] {logging_mixin.py:190} INFO - [2025-04-02T06:12:43.883+0000] {dag.py:4180} INFO - Setting next_dagrun for example_branch_operator to 2025-04-01 00:00:00+00:00, run_after=2025-04-02 00:00:00+00:00
[2025-04-02T06:12:43.891+0000] {processor.py:208} INFO - Processing /home/airflow/.local/lib/python3.12/site-packages/airflow/example_dags/example_branch_operator.py took 0.078 seconds
[2025-04-02T06:13:14.272+0000] {processor.py:186} INFO - Started process (PID=193) to work on /home/airflow/.local/lib/python3.12/site-packages/airflow/example_dags/example_branch_operator.py
[2025-04-02T06:13:14.273+0000] {processor.py:914} INFO - Processing file /home/airflow/.local/lib/python3.12/site-packages/airflow/example_dags/example_branch_operator.py for tasks to queue
[2025-04-02T06:13:14.274+0000] {logging_mixin.py:190} INFO - [2025-04-02T06:13:14.274+0000] {dagbag.py:588} INFO - Filling up the DagBag from /home/airflow/.local/lib/python3.12/site-packages/airflow/example_dags/example_branch_operator.py
[2025-04-02T06:13:14.286+0000] {processor.py:925} INFO - DAG(s) 'example_branch_operator' retrieved from /home/airflow/.local/lib/python3.12/site-packages/airflow/example_dags/example_branch_operator.py
[2025-04-02T06:13:14.300+0000] {logging_mixin.py:190} INFO - [2025-04-02T06:13:14.300+0000] {dag.py:3239} INFO - Sync 1 DAGs
[2025-04-02T06:13:14.312+0000] {logging_mixin.py:190} INFO - [2025-04-02T06:13:14.312+0000] {dag.py:4180} INFO - Setting next_dagrun for example_branch_operator to 2025-04-01 00:00:00+00:00, run_after=2025-04-02 00:00:00+00:00
[2025-04-02T06:13:14.322+0000] {processor.py:208} INFO - Processing /home/airflow/.local/lib/python3.12/site-packages/airflow/example_dags/example_branch_operator.py took 0.054 seconds
[2025-04-02T06:13:44.821+0000] {processor.py:186} INFO - Started process (PID=256) to work on /home/airflow/.local/lib/python3.12/site-packages/airflow/example_dags/example_branch_operator.py
[2025-04-02T06:13:44.822+0000] {processor.py:914} INFO - Processing file /home/airflow/.local/lib/python3.12/site-packages/airflow/example_dags/example_branch_operator.py for tasks to queue
[2025-04-02T06:13:44.823+0000] {logging_mixin.py:190} INFO - [2025-04-02T06:13:44.823+0000] {dagbag.py:588} INFO - Filling up the DagBag from /home/airflow/.local/lib/python3.12/site-packages/airflow/example_dags/example_branch_operator.py
[2025-04-02T06:13:44.834+0000] {processor.py:925} INFO - DAG(s) 'example_branch_operator' retrieved from /home/airflow/.local/lib/python3.12/site-packages/airflow/example_dags/example_branch_operator.py
[2025-04-02T06:13:44.848+0000] {logging_mixin.py:190} INFO - [2025-04-02T06:13:44.848+0000] {dag.py:3239} INFO - Sync 1 DAGs
[2025-04-02T06:13:44.860+0000] {logging_mixin.py:190} INFO - [2025-04-02T06:13:44.860+0000] {dag.py:4180} INFO - Setting next_dagrun for example_branch_operator to 2025-04-01 00:00:00+00:00, run_after=2025-04-02 00:00:00+00:00
[2025-04-02T06:13:44.868+0000] {processor.py:208} INFO - Processing /home/airflow/.local/lib/python3.12/site-packages/airflow/example_dags/example_branch_operator.py took 0.050 seconds
[2025-04-02T06:14:15.145+0000] {processor.py:186} INFO - Started process (PID=319) to work on /home/airflow/.local/lib/python3.12/site-packages/airflow/example_dags/example_branch_operator.py
[2025-04-02T06:14:15.146+0000] {processor.py:914} INFO - Processing file /home/airflow/.local/lib/python3.12/site-packages/airflow/example_dags/example_branch_operator.py for tasks to queue
[2025-04-02T06:14:15.147+0000] {logging_mixin.py:190} INFO - [2025-04-02T06:14:15.147+0000] {dagbag.py:588} INFO - Filling up the DagBag from /home/airflow/.local/lib/python3.12/site-packages/airflow/example_dags/example_branch_operator.py
[2025-04-02T06:14:15.158+0000] {processor.py:925} INFO - DAG(s) 'example_branch_operator' retrieved from /home/airflow/.local/lib/python3.12/site-packages/airflow/example_dags/example_branch_operator.py
[2025-04-02T06:14:15.172+0000] {logging_mixin.py:190} INFO - [2025-04-02T06:14:15.172+0000] {dag.py:3239} INFO - Sync 1 DAGs
[2025-04-02T06:14:15.184+0000] {logging_mixin.py:190} INFO - [2025-04-02T06:14:15.184+0000] {dag.py:4180} INFO - Setting next_dagrun for example_branch_operator to 2025-04-01 00:00:00+00:00, run_after=2025-04-02 00:00:00+00:00
[2025-04-02T06:14:15.192+0000] {processor.py:208} INFO - Processing /home/airflow/.local/lib/python3.12/site-packages/airflow/example_dags/example_branch_operator.py took 0.050 seconds
[2025-04-02T06:14:45.586+0000] {processor.py:186} INFO - Started process (PID=382) to work on /home/airflow/.local/lib/python3.12/site-packages/airflow/example_dags/example_branch_operator.py
[2025-04-02T06:14:45.587+0000] {processor.py:914} INFO - Processing file /home/airflow/.local/lib/python3.12/site-packages/airflow/example_dags/example_branch_operator.py for tasks to queue
[2025-04-02T06:14:45.589+0000] {logging_mixin.py:190} INFO - [2025-04-02T06:14:45.588+0000] {dagbag.py:588} INFO - Filling up the DagBag from /home/airflow/.local/lib/python3.12/site-packages/airflow/example_dags/example_branch_operator.py
[2025-04-02T06:14:45.601+0000] {processor.py:925} INFO - DAG(s) 'example_branch_operator' retrieved from /home/airflow/.local/lib/python3.12/site-packages/airflow/example_dags/example_branch_operator.py
[2025-04-02T06:14:45.625+0000] {logging_mixin.py:190} INFO - [2025-04-02T06:14:45.625+0000] {dag.py:3239} INFO - Sync 1 DAGs
[2025-04-02T06:14:45.644+0000] {logging_mixin.py:190} INFO - [2025-04-02T06:14:45.643+0000] {dag.py:4180} INFO - Setting next_dagrun for example_branch_operator to 2025-04-01 00:00:00+00:00, run_after=2025-04-02 00:00:00+00:00
[2025-04-02T06:14:45.656+0000] {processor.py:208} INFO - Processing /home/airflow/.local/lib/python3.12/site-packages/airflow/example_dags/example_branch_operator.py took 0.074 seconds
[2025-04-02T06:15:15.960+0000] {processor.py:186} INFO - Started process (PID=445) to work on /home/airflow/.local/lib/python3.12/site-packages/airflow/example_dags/example_branch_operator.py
[2025-04-02T06:15:15.961+0000] {processor.py:914} INFO - Processing file /home/airflow/.local/lib/python3.12/site-packages/airflow/example_dags/example_branch_operator.py for tasks to queue
[2025-04-02T06:15:15.962+0000] {logging_mixin.py:190} INFO - [2025-04-02T06:15:15.962+0000] {dagbag.py:588} INFO - Filling up the DagBag from /home/airflow/.local/lib/python3.12/site-packages/airflow/example_dags/example_branch_operator.py
[2025-04-02T06:15:15.972+0000] {processor.py:925} INFO - DAG(s) 'example_branch_operator' retrieved from /home/airflow/.local/lib/python3.12/site-packages/airflow/example_dags/example_branch_operator.py
[2025-04-02T06:15:15.986+0000] {logging_mixin.py:190} INFO - [2025-04-02T06:15:15.986+0000] {dag.py:3239} INFO - Sync 1 DAGs
[2025-04-02T06:15:15.999+0000] {logging_mixin.py:190} INFO - [2025-04-02T06:15:15.999+0000] {dag.py:4180} INFO - Setting next_dagrun for example_branch_operator to 2025-04-01 00:00:00+00:00, run_after=2025-04-02 00:00:00+00:00
[2025-04-02T06:15:16.007+0000] {processor.py:208} INFO - Processing /home/airflow/.local/lib/python3.12/site-packages/airflow/example_dags/example_branch_operator.py took 0.050 seconds
[2025-04-02T06:15:46.284+0000] {processor.py:186} INFO - Started process (PID=508) to work on /home/airflow/.local/lib/python3.12/site-packages/airflow/example_dags/example_branch_operator.py
[2025-04-02T06:15:46.284+0000] {processor.py:914} INFO - Processing file /home/airflow/.local/lib/python3.12/site-packages/airflow/example_dags/example_branch_operator.py for tasks to queue
[2025-04-02T06:15:46.286+0000] {logging_mixin.py:190} INFO - [2025-04-02T06:15:46.286+0000] {dagbag.py:588} INFO - Filling up the DagBag from /home/airflow/.local/lib/python3.12/site-packages/airflow/example_dags/example_branch_operator.py
[2025-04-02T06:15:46.302+0000] {processor.py:925} INFO - DAG(s) 'example_branch_operator' retrieved from /home/airflow/.local/lib/python3.12/site-packages/airflow/example_dags/example_branch_operator.py
[2025-04-02T06:15:46.323+0000] {logging_mixin.py:190} INFO - [2025-04-02T06:15:46.323+0000] {dag.py:3239} INFO - Sync 1 DAGs
[2025-04-02T06:15:46.336+0000] {logging_mixin.py:190} INFO - [2025-04-02T06:15:46.336+0000] {dag.py:4180} INFO - Setting next_dagrun for example_branch_operator to 2025-04-01 00:00:00+00:00, run_after=2025-04-02 00:00:00+00:00
[2025-04-02T06:15:46.344+0000] {processor.py:208} INFO - Processing /home/airflow/.local/lib/python3.12/site-packages/airflow/example_dags/example_branch_operator.py took 0.066 seconds
[2025-04-02T06:18:01.199+0000] {processor.py:186} INFO - Started process (PID=61) to work on /home/airflow/.local/lib/python3.12/site-packages/airflow/example_dags/example_branch_operator.py
[2025-04-02T06:18:01.200+0000] {processor.py:914} INFO - Processing file /home/airflow/.local/lib/python3.12/site-packages/airflow/example_dags/example_branch_operator.py for tasks to queue
[2025-04-02T06:18:01.202+0000] {logging_mixin.py:190} INFO - [2025-04-02T06:18:01.202+0000] {dagbag.py:588} INFO - Filling up the DagBag from /home/airflow/.local/lib/python3.12/site-packages/airflow/example_dags/example_branch_operator.py
[2025-04-02T06:18:01.217+0000] {processor.py:925} INFO - DAG(s) 'example_branch_operator' retrieved from /home/airflow/.local/lib/python3.12/site-packages/airflow/example_dags/example_branch_operator.py
[2025-04-02T06:18:01.535+0000] {logging_mixin.py:190} INFO - [2025-04-02T06:18:01.534+0000] {dag.py:3239} INFO - Sync 1 DAGs
[2025-04-02T06:18:01.554+0000] {logging_mixin.py:190} INFO - [2025-04-02T06:18:01.554+0000] {dag.py:4180} INFO - Setting next_dagrun for example_branch_operator to 2025-04-01 00:00:00+00:00, run_after=2025-04-02 00:00:00+00:00
[2025-04-02T06:18:01.570+0000] {processor.py:208} INFO - Processing /home/airflow/.local/lib/python3.12/site-packages/airflow/example_dags/example_branch_operator.py took 0.381 seconds
[2025-04-02T06:18:31.723+0000] {processor.py:186} INFO - Started process (PID=129) to work on /home/airflow/.local/lib/python3.12/site-packages/airflow/example_dags/example_branch_operator.py
[2025-04-02T06:18:31.723+0000] {processor.py:914} INFO - Processing file /home/airflow/.local/lib/python3.12/site-packages/airflow/example_dags/example_branch_operator.py for tasks to queue
[2025-04-02T06:18:31.724+0000] {logging_mixin.py:190} INFO - [2025-04-02T06:18:31.724+0000] {dagbag.py:588} INFO - Filling up the DagBag from /home/airflow/.local/lib/python3.12/site-packages/airflow/example_dags/example_branch_operator.py
[2025-04-02T06:18:31.745+0000] {processor.py:925} INFO - DAG(s) 'example_branch_operator' retrieved from /home/airflow/.local/lib/python3.12/site-packages/airflow/example_dags/example_branch_operator.py
[2025-04-02T06:18:31.761+0000] {logging_mixin.py:190} INFO - [2025-04-02T06:18:31.761+0000] {dag.py:3239} INFO - Sync 1 DAGs
[2025-04-02T06:18:31.774+0000] {logging_mixin.py:190} INFO - [2025-04-02T06:18:31.774+0000] {dag.py:4180} INFO - Setting next_dagrun for example_branch_operator to 2025-04-01 00:00:00+00:00, run_after=2025-04-02 00:00:00+00:00
[2025-04-02T06:18:31.783+0000] {processor.py:208} INFO - Processing /home/airflow/.local/lib/python3.12/site-packages/airflow/example_dags/example_branch_operator.py took 0.063 seconds
[2025-04-02T06:19:01.987+0000] {processor.py:186} INFO - Started process (PID=192) to work on /home/airflow/.local/lib/python3.12/site-packages/airflow/example_dags/example_branch_operator.py
[2025-04-02T06:19:01.988+0000] {processor.py:914} INFO - Processing file /home/airflow/.local/lib/python3.12/site-packages/airflow/example_dags/example_branch_operator.py for tasks to queue
[2025-04-02T06:19:01.989+0000] {logging_mixin.py:190} INFO - [2025-04-02T06:19:01.989+0000] {dagbag.py:588} INFO - Filling up the DagBag from /home/airflow/.local/lib/python3.12/site-packages/airflow/example_dags/example_branch_operator.py
[2025-04-02T06:19:02.001+0000] {processor.py:925} INFO - DAG(s) 'example_branch_operator' retrieved from /home/airflow/.local/lib/python3.12/site-packages/airflow/example_dags/example_branch_operator.py
[2025-04-02T06:19:02.016+0000] {logging_mixin.py:190} INFO - [2025-04-02T06:19:02.016+0000] {dag.py:3239} INFO - Sync 1 DAGs
[2025-04-02T06:19:02.030+0000] {logging_mixin.py:190} INFO - [2025-04-02T06:19:02.030+0000] {dag.py:4180} INFO - Setting next_dagrun for example_branch_operator to 2025-04-01 00:00:00+00:00, run_after=2025-04-02 00:00:00+00:00
[2025-04-02T06:19:02.039+0000] {processor.py:208} INFO - Processing /home/airflow/.local/lib/python3.12/site-packages/airflow/example_dags/example_branch_operator.py took 0.056 seconds
[2025-04-02T06:19:32.324+0000] {processor.py:186} INFO - Started process (PID=255) to work on /home/airflow/.local/lib/python3.12/site-packages/airflow/example_dags/example_branch_operator.py
[2025-04-02T06:19:32.326+0000] {processor.py:914} INFO - Processing file /home/airflow/.local/lib/python3.12/site-packages/airflow/example_dags/example_branch_operator.py for tasks to queue
[2025-04-02T06:19:32.327+0000] {logging_mixin.py:190} INFO - [2025-04-02T06:19:32.327+0000] {dagbag.py:588} INFO - Filling up the DagBag from /home/airflow/.local/lib/python3.12/site-packages/airflow/example_dags/example_branch_operator.py
[2025-04-02T06:19:32.340+0000] {processor.py:925} INFO - DAG(s) 'example_branch_operator' retrieved from /home/airflow/.local/lib/python3.12/site-packages/airflow/example_dags/example_branch_operator.py
[2025-04-02T06:19:32.358+0000] {logging_mixin.py:190} INFO - [2025-04-02T06:19:32.358+0000] {dag.py:3239} INFO - Sync 1 DAGs
[2025-04-02T06:19:32.383+0000] {logging_mixin.py:190} INFO - [2025-04-02T06:19:32.383+0000] {dag.py:4180} INFO - Setting next_dagrun for example_branch_operator to 2025-04-01 00:00:00+00:00, run_after=2025-04-02 00:00:00+00:00
[2025-04-02T06:19:32.393+0000] {processor.py:208} INFO - Processing /home/airflow/.local/lib/python3.12/site-packages/airflow/example_dags/example_branch_operator.py took 0.072 seconds
[2025-04-02T06:20:02.673+0000] {processor.py:186} INFO - Started process (PID=318) to work on /home/airflow/.local/lib/python3.12/site-packages/airflow/example_dags/example_branch_operator.py
[2025-04-02T06:20:02.674+0000] {processor.py:914} INFO - Processing file /home/airflow/.local/lib/python3.12/site-packages/airflow/example_dags/example_branch_operator.py for tasks to queue
[2025-04-02T06:20:02.675+0000] {logging_mixin.py:190} INFO - [2025-04-02T06:20:02.675+0000] {dagbag.py:588} INFO - Filling up the DagBag from /home/airflow/.local/lib/python3.12/site-packages/airflow/example_dags/example_branch_operator.py
[2025-04-02T06:20:02.687+0000] {processor.py:925} INFO - DAG(s) 'example_branch_operator' retrieved from /home/airflow/.local/lib/python3.12/site-packages/airflow/example_dags/example_branch_operator.py
[2025-04-02T06:20:02.700+0000] {logging_mixin.py:190} INFO - [2025-04-02T06:20:02.700+0000] {dag.py:3239} INFO - Sync 1 DAGs
[2025-04-02T06:20:02.711+0000] {logging_mixin.py:190} INFO - [2025-04-02T06:20:02.710+0000] {dag.py:4180} INFO - Setting next_dagrun for example_branch_operator to 2025-04-01 00:00:00+00:00, run_after=2025-04-02 00:00:00+00:00
[2025-04-02T06:20:02.718+0000] {processor.py:208} INFO - Processing /home/airflow/.local/lib/python3.12/site-packages/airflow/example_dags/example_branch_operator.py took 0.048 seconds
[2025-04-02T06:20:32.821+0000] {processor.py:186} INFO - Started process (PID=381) to work on /home/airflow/.local/lib/python3.12/site-packages/airflow/example_dags/example_branch_operator.py
[2025-04-02T06:20:32.822+0000] {processor.py:914} INFO - Processing file /home/airflow/.local/lib/python3.12/site-packages/airflow/example_dags/example_branch_operator.py for tasks to queue
[2025-04-02T06:20:32.823+0000] {logging_mixin.py:190} INFO - [2025-04-02T06:20:32.823+0000] {dagbag.py:588} INFO - Filling up the DagBag from /home/airflow/.local/lib/python3.12/site-packages/airflow/example_dags/example_branch_operator.py
[2025-04-02T06:20:32.834+0000] {processor.py:925} INFO - DAG(s) 'example_branch_operator' retrieved from /home/airflow/.local/lib/python3.12/site-packages/airflow/example_dags/example_branch_operator.py
[2025-04-02T06:20:32.847+0000] {logging_mixin.py:190} INFO - [2025-04-02T06:20:32.847+0000] {dag.py:3239} INFO - Sync 1 DAGs
[2025-04-02T06:20:32.857+0000] {logging_mixin.py:190} INFO - [2025-04-02T06:20:32.857+0000] {dag.py:4180} INFO - Setting next_dagrun for example_branch_operator to 2025-04-01 00:00:00+00:00, run_after=2025-04-02 00:00:00+00:00
[2025-04-02T06:20:32.865+0000] {processor.py:208} INFO - Processing /home/airflow/.local/lib/python3.12/site-packages/airflow/example_dags/example_branch_operator.py took 0.046 seconds
[2025-04-02T06:21:03.013+0000] {processor.py:186} INFO - Started process (PID=444) to work on /home/airflow/.local/lib/python3.12/site-packages/airflow/example_dags/example_branch_operator.py
[2025-04-02T06:21:03.014+0000] {processor.py:914} INFO - Processing file /home/airflow/.local/lib/python3.12/site-packages/airflow/example_dags/example_branch_operator.py for tasks to queue
[2025-04-02T06:21:03.015+0000] {logging_mixin.py:190} INFO - [2025-04-02T06:21:03.015+0000] {dagbag.py:588} INFO - Filling up the DagBag from /home/airflow/.local/lib/python3.12/site-packages/airflow/example_dags/example_branch_operator.py
[2025-04-02T06:21:03.027+0000] {processor.py:925} INFO - DAG(s) 'example_branch_operator' retrieved from /home/airflow/.local/lib/python3.12/site-packages/airflow/example_dags/example_branch_operator.py
[2025-04-02T06:21:03.042+0000] {logging_mixin.py:190} INFO - [2025-04-02T06:21:03.042+0000] {dag.py:3239} INFO - Sync 1 DAGs
[2025-04-02T06:21:03.056+0000] {logging_mixin.py:190} INFO - [2025-04-02T06:21:03.056+0000] {dag.py:4180} INFO - Setting next_dagrun for example_branch_operator to 2025-04-01 00:00:00+00:00, run_after=2025-04-02 00:00:00+00:00
[2025-04-02T06:21:03.067+0000] {processor.py:208} INFO - Processing /home/airflow/.local/lib/python3.12/site-packages/airflow/example_dags/example_branch_operator.py took 0.060 seconds
[2025-04-02T06:21:33.425+0000] {processor.py:186} INFO - Started process (PID=506) to work on /home/airflow/.local/lib/python3.12/site-packages/airflow/example_dags/example_branch_operator.py
[2025-04-02T06:21:33.426+0000] {processor.py:914} INFO - Processing file /home/airflow/.local/lib/python3.12/site-packages/airflow/example_dags/example_branch_operator.py for tasks to queue
[2025-04-02T06:21:33.427+0000] {logging_mixin.py:190} INFO - [2025-04-02T06:21:33.427+0000] {dagbag.py:588} INFO - Filling up the DagBag from /home/airflow/.local/lib/python3.12/site-packages/airflow/example_dags/example_branch_operator.py
[2025-04-02T06:21:33.438+0000] {processor.py:925} INFO - DAG(s) 'example_branch_operator' retrieved from /home/airflow/.local/lib/python3.12/site-packages/airflow/example_dags/example_branch_operator.py
[2025-04-02T06:21:33.452+0000] {logging_mixin.py:190} INFO - [2025-04-02T06:21:33.452+0000] {dag.py:3239} INFO - Sync 1 DAGs
[2025-04-02T06:21:33.463+0000] {logging_mixin.py:190} INFO - [2025-04-02T06:21:33.463+0000] {dag.py:4180} INFO - Setting next_dagrun for example_branch_operator to 2025-04-01 00:00:00+00:00, run_after=2025-04-02 00:00:00+00:00
[2025-04-02T06:21:33.471+0000] {processor.py:208} INFO - Processing /home/airflow/.local/lib/python3.12/site-packages/airflow/example_dags/example_branch_operator.py took 0.049 seconds
[2025-04-02T06:22:04.536+0000] {processor.py:186} INFO - Started process (PID=569) to work on /home/airflow/.local/lib/python3.12/site-packages/airflow/example_dags/example_branch_operator.py
[2025-04-02T06:22:04.537+0000] {processor.py:914} INFO - Processing file /home/airflow/.local/lib/python3.12/site-packages/airflow/example_dags/example_branch_operator.py for tasks to queue
[2025-04-02T06:22:04.538+0000] {logging_mixin.py:190} INFO - [2025-04-02T06:22:04.538+0000] {dagbag.py:588} INFO - Filling up the DagBag from /home/airflow/.local/lib/python3.12/site-packages/airflow/example_dags/example_branch_operator.py
[2025-04-02T06:22:04.549+0000] {processor.py:925} INFO - DAG(s) 'example_branch_operator' retrieved from /home/airflow/.local/lib/python3.12/site-packages/airflow/example_dags/example_branch_operator.py
[2025-04-02T06:22:04.562+0000] {logging_mixin.py:190} INFO - [2025-04-02T06:22:04.562+0000] {dag.py:3239} INFO - Sync 1 DAGs
[2025-04-02T06:22:04.573+0000] {logging_mixin.py:190} INFO - [2025-04-02T06:22:04.573+0000] {dag.py:4180} INFO - Setting next_dagrun for example_branch_operator to 2025-04-01 00:00:00+00:00, run_after=2025-04-02 00:00:00+00:00
[2025-04-02T06:22:04.580+0000] {processor.py:208} INFO - Processing /home/airflow/.local/lib/python3.12/site-packages/airflow/example_dags/example_branch_operator.py took 0.048 seconds
[2025-04-02T06:22:35.321+0000] {processor.py:186} INFO - Started process (PID=632) to work on /home/airflow/.local/lib/python3.12/site-packages/airflow/example_dags/example_branch_operator.py
[2025-04-02T06:22:35.322+0000] {processor.py:914} INFO - Processing file /home/airflow/.local/lib/python3.12/site-packages/airflow/example_dags/example_branch_operator.py for tasks to queue
[2025-04-02T06:22:35.323+0000] {logging_mixin.py:190} INFO - [2025-04-02T06:22:35.323+0000] {dagbag.py:588} INFO - Filling up the DagBag from /home/airflow/.local/lib/python3.12/site-packages/airflow/example_dags/example_branch_operator.py
[2025-04-02T06:22:35.347+0000] {processor.py:925} INFO - DAG(s) 'example_branch_operator' retrieved from /home/airflow/.local/lib/python3.12/site-packages/airflow/example_dags/example_branch_operator.py
[2025-04-02T06:22:35.368+0000] {logging_mixin.py:190} INFO - [2025-04-02T06:22:35.368+0000] {dag.py:3239} INFO - Sync 1 DAGs
[2025-04-02T06:22:35.381+0000] {logging_mixin.py:190} INFO - [2025-04-02T06:22:35.381+0000] {dag.py:4180} INFO - Setting next_dagrun for example_branch_operator to 2025-04-01 00:00:00+00:00, run_after=2025-04-02 00:00:00+00:00
[2025-04-02T06:22:35.390+0000] {processor.py:208} INFO - Processing /home/airflow/.local/lib/python3.12/site-packages/airflow/example_dags/example_branch_operator.py took 0.073 seconds
[2025-04-02T06:23:06.350+0000] {processor.py:186} INFO - Started process (PID=697) to work on /home/airflow/.local/lib/python3.12/site-packages/airflow/example_dags/example_branch_operator.py
[2025-04-02T06:23:06.351+0000] {processor.py:914} INFO - Processing file /home/airflow/.local/lib/python3.12/site-packages/airflow/example_dags/example_branch_operator.py for tasks to queue
[2025-04-02T06:23:06.356+0000] {logging_mixin.py:190} INFO - [2025-04-02T06:23:06.356+0000] {dagbag.py:588} INFO - Filling up the DagBag from /home/airflow/.local/lib/python3.12/site-packages/airflow/example_dags/example_branch_operator.py
[2025-04-02T06:23:06.382+0000] {processor.py:925} INFO - DAG(s) 'example_branch_operator' retrieved from /home/airflow/.local/lib/python3.12/site-packages/airflow/example_dags/example_branch_operator.py
[2025-04-02T06:23:06.404+0000] {logging_mixin.py:190} INFO - [2025-04-02T06:23:06.404+0000] {dag.py:3239} INFO - Sync 1 DAGs
[2025-04-02T06:23:06.421+0000] {logging_mixin.py:190} INFO - [2025-04-02T06:23:06.421+0000] {dag.py:4180} INFO - Setting next_dagrun for example_branch_operator to 2025-04-01 00:00:00+00:00, run_after=2025-04-02 00:00:00+00:00
[2025-04-02T06:23:06.435+0000] {processor.py:208} INFO - Processing /home/airflow/.local/lib/python3.12/site-packages/airflow/example_dags/example_branch_operator.py took 0.090 seconds
[2025-04-02T06:23:36.826+0000] {processor.py:186} INFO - Started process (PID=761) to work on /home/airflow/.local/lib/python3.12/site-packages/airflow/example_dags/example_branch_operator.py
[2025-04-02T06:23:36.827+0000] {processor.py:914} INFO - Processing file /home/airflow/.local/lib/python3.12/site-packages/airflow/example_dags/example_branch_operator.py for tasks to queue
[2025-04-02T06:23:36.828+0000] {logging_mixin.py:190} INFO - [2025-04-02T06:23:36.828+0000] {dagbag.py:588} INFO - Filling up the DagBag from /home/airflow/.local/lib/python3.12/site-packages/airflow/example_dags/example_branch_operator.py
[2025-04-02T06:23:36.842+0000] {processor.py:925} INFO - DAG(s) 'example_branch_operator' retrieved from /home/airflow/.local/lib/python3.12/site-packages/airflow/example_dags/example_branch_operator.py
[2025-04-02T06:23:36.864+0000] {logging_mixin.py:190} INFO - [2025-04-02T06:23:36.864+0000] {dag.py:3239} INFO - Sync 1 DAGs
[2025-04-02T06:23:36.877+0000] {logging_mixin.py:190} INFO - [2025-04-02T06:23:36.877+0000] {dag.py:4180} INFO - Setting next_dagrun for example_branch_operator to 2025-04-01 00:00:00+00:00, run_after=2025-04-02 00:00:00+00:00
[2025-04-02T06:23:36.896+0000] {processor.py:208} INFO - Processing /home/airflow/.local/lib/python3.12/site-packages/airflow/example_dags/example_branch_operator.py took 0.074 seconds
[2025-04-02T06:24:07.914+0000] {processor.py:186} INFO - Started process (PID=827) to work on /home/airflow/.local/lib/python3.12/site-packages/airflow/example_dags/example_branch_operator.py
[2025-04-02T06:24:07.915+0000] {processor.py:914} INFO - Processing file /home/airflow/.local/lib/python3.12/site-packages/airflow/example_dags/example_branch_operator.py for tasks to queue
[2025-04-02T06:24:07.917+0000] {logging_mixin.py:190} INFO - [2025-04-02T06:24:07.917+0000] {dagbag.py:588} INFO - Filling up the DagBag from /home/airflow/.local/lib/python3.12/site-packages/airflow/example_dags/example_branch_operator.py
[2025-04-02T06:24:07.929+0000] {processor.py:925} INFO - DAG(s) 'example_branch_operator' retrieved from /home/airflow/.local/lib/python3.12/site-packages/airflow/example_dags/example_branch_operator.py
[2025-04-02T06:24:07.949+0000] {logging_mixin.py:190} INFO - [2025-04-02T06:24:07.949+0000] {dag.py:3239} INFO - Sync 1 DAGs
[2025-04-02T06:24:07.971+0000] {logging_mixin.py:190} INFO - [2025-04-02T06:24:07.971+0000] {dag.py:4180} INFO - Setting next_dagrun for example_branch_operator to 2025-04-01 00:00:00+00:00, run_after=2025-04-02 00:00:00+00:00
[2025-04-02T06:24:07.987+0000] {processor.py:208} INFO - Processing /home/airflow/.local/lib/python3.12/site-packages/airflow/example_dags/example_branch_operator.py took 0.077 seconds
[2025-04-02T06:24:38.325+0000] {processor.py:186} INFO - Started process (PID=891) to work on /home/airflow/.local/lib/python3.12/site-packages/airflow/example_dags/example_branch_operator.py
[2025-04-02T06:24:38.325+0000] {processor.py:914} INFO - Processing file /home/airflow/.local/lib/python3.12/site-packages/airflow/example_dags/example_branch_operator.py for tasks to queue
[2025-04-02T06:24:38.327+0000] {logging_mixin.py:190} INFO - [2025-04-02T06:24:38.327+0000] {dagbag.py:588} INFO - Filling up the DagBag from /home/airflow/.local/lib/python3.12/site-packages/airflow/example_dags/example_branch_operator.py
[2025-04-02T06:24:38.338+0000] {processor.py:925} INFO - DAG(s) 'example_branch_operator' retrieved from /home/airflow/.local/lib/python3.12/site-packages/airflow/example_dags/example_branch_operator.py
[2025-04-02T06:24:38.353+0000] {logging_mixin.py:190} INFO - [2025-04-02T06:24:38.352+0000] {dag.py:3239} INFO - Sync 1 DAGs
[2025-04-02T06:24:38.364+0000] {logging_mixin.py:190} INFO - [2025-04-02T06:24:38.364+0000] {dag.py:4180} INFO - Setting next_dagrun for example_branch_operator to 2025-04-01 00:00:00+00:00, run_after=2025-04-02 00:00:00+00:00
[2025-04-02T06:24:38.372+0000] {processor.py:208} INFO - Processing /home/airflow/.local/lib/python3.12/site-packages/airflow/example_dags/example_branch_operator.py took 0.051 seconds
[2025-04-02T06:25:08.697+0000] {processor.py:186} INFO - Started process (PID=955) to work on /home/airflow/.local/lib/python3.12/site-packages/airflow/example_dags/example_branch_operator.py
[2025-04-02T06:25:08.697+0000] {processor.py:914} INFO - Processing file /home/airflow/.local/lib/python3.12/site-packages/airflow/example_dags/example_branch_operator.py for tasks to queue
[2025-04-02T06:25:08.699+0000] {logging_mixin.py:190} INFO - [2025-04-02T06:25:08.699+0000] {dagbag.py:588} INFO - Filling up the DagBag from /home/airflow/.local/lib/python3.12/site-packages/airflow/example_dags/example_branch_operator.py
[2025-04-02T06:25:08.713+0000] {processor.py:925} INFO - DAG(s) 'example_branch_operator' retrieved from /home/airflow/.local/lib/python3.12/site-packages/airflow/example_dags/example_branch_operator.py
[2025-04-02T06:25:08.733+0000] {logging_mixin.py:190} INFO - [2025-04-02T06:25:08.732+0000] {dag.py:3239} INFO - Sync 1 DAGs
[2025-04-02T06:25:08.749+0000] {logging_mixin.py:190} INFO - [2025-04-02T06:25:08.748+0000] {dag.py:4180} INFO - Setting next_dagrun for example_branch_operator to 2025-04-01 00:00:00+00:00, run_after=2025-04-02 00:00:00+00:00
[2025-04-02T06:25:08.771+0000] {processor.py:208} INFO - Processing /home/airflow/.local/lib/python3.12/site-packages/airflow/example_dags/example_branch_operator.py took 0.080 seconds
[2025-04-02T06:25:39.183+0000] {processor.py:186} INFO - Started process (PID=1023) to work on /home/airflow/.local/lib/python3.12/site-packages/airflow/example_dags/example_branch_operator.py
[2025-04-02T06:25:39.184+0000] {processor.py:914} INFO - Processing file /home/airflow/.local/lib/python3.12/site-packages/airflow/example_dags/example_branch_operator.py for tasks to queue
[2025-04-02T06:25:39.185+0000] {logging_mixin.py:190} INFO - [2025-04-02T06:25:39.185+0000] {dagbag.py:588} INFO - Filling up the DagBag from /home/airflow/.local/lib/python3.12/site-packages/airflow/example_dags/example_branch_operator.py
[2025-04-02T06:25:39.196+0000] {processor.py:925} INFO - DAG(s) 'example_branch_operator' retrieved from /home/airflow/.local/lib/python3.12/site-packages/airflow/example_dags/example_branch_operator.py
[2025-04-02T06:25:39.210+0000] {logging_mixin.py:190} INFO - [2025-04-02T06:25:39.210+0000] {dag.py:3239} INFO - Sync 1 DAGs
[2025-04-02T06:25:39.221+0000] {logging_mixin.py:190} INFO - [2025-04-02T06:25:39.221+0000] {dag.py:4180} INFO - Setting next_dagrun for example_branch_operator to 2025-04-01 00:00:00+00:00, run_after=2025-04-02 00:00:00+00:00
[2025-04-02T06:25:39.231+0000] {processor.py:208} INFO - Processing /home/airflow/.local/lib/python3.12/site-packages/airflow/example_dags/example_branch_operator.py took 0.051 seconds
[2025-04-02T06:26:09.531+0000] {processor.py:186} INFO - Started process (PID=1090) to work on /home/airflow/.local/lib/python3.12/site-packages/airflow/example_dags/example_branch_operator.py
[2025-04-02T06:26:09.532+0000] {processor.py:914} INFO - Processing file /home/airflow/.local/lib/python3.12/site-packages/airflow/example_dags/example_branch_operator.py for tasks to queue
[2025-04-02T06:26:09.535+0000] {logging_mixin.py:190} INFO - [2025-04-02T06:26:09.535+0000] {dagbag.py:588} INFO - Filling up the DagBag from /home/airflow/.local/lib/python3.12/site-packages/airflow/example_dags/example_branch_operator.py
[2025-04-02T06:26:09.546+0000] {processor.py:925} INFO - DAG(s) 'example_branch_operator' retrieved from /home/airflow/.local/lib/python3.12/site-packages/airflow/example_dags/example_branch_operator.py
[2025-04-02T06:26:09.561+0000] {logging_mixin.py:190} INFO - [2025-04-02T06:26:09.561+0000] {dag.py:3239} INFO - Sync 1 DAGs
[2025-04-02T06:26:09.573+0000] {logging_mixin.py:190} INFO - [2025-04-02T06:26:09.573+0000] {dag.py:4180} INFO - Setting next_dagrun for example_branch_operator to 2025-04-01 00:00:00+00:00, run_after=2025-04-02 00:00:00+00:00
[2025-04-02T06:26:09.586+0000] {processor.py:208} INFO - Processing /home/airflow/.local/lib/python3.12/site-packages/airflow/example_dags/example_branch_operator.py took 0.059 seconds
[2025-04-02T06:26:39.931+0000] {processor.py:186} INFO - Started process (PID=1158) to work on /home/airflow/.local/lib/python3.12/site-packages/airflow/example_dags/example_branch_operator.py
[2025-04-02T06:26:39.932+0000] {processor.py:914} INFO - Processing file /home/airflow/.local/lib/python3.12/site-packages/airflow/example_dags/example_branch_operator.py for tasks to queue
[2025-04-02T06:26:39.933+0000] {logging_mixin.py:190} INFO - [2025-04-02T06:26:39.933+0000] {dagbag.py:588} INFO - Filling up the DagBag from /home/airflow/.local/lib/python3.12/site-packages/airflow/example_dags/example_branch_operator.py
[2025-04-02T06:26:39.945+0000] {processor.py:925} INFO - DAG(s) 'example_branch_operator' retrieved from /home/airflow/.local/lib/python3.12/site-packages/airflow/example_dags/example_branch_operator.py
[2025-04-02T06:26:39.959+0000] {logging_mixin.py:190} INFO - [2025-04-02T06:26:39.959+0000] {dag.py:3239} INFO - Sync 1 DAGs
[2025-04-02T06:26:39.972+0000] {logging_mixin.py:190} INFO - [2025-04-02T06:26:39.972+0000] {dag.py:4180} INFO - Setting next_dagrun for example_branch_operator to 2025-04-01 00:00:00+00:00, run_after=2025-04-02 00:00:00+00:00
[2025-04-02T06:26:39.981+0000] {processor.py:208} INFO - Processing /home/airflow/.local/lib/python3.12/site-packages/airflow/example_dags/example_branch_operator.py took 0.054 seconds
[2025-04-02T06:27:10.769+0000] {processor.py:186} INFO - Started process (PID=1228) to work on /home/airflow/.local/lib/python3.12/site-packages/airflow/example_dags/example_branch_operator.py
[2025-04-02T06:27:10.770+0000] {processor.py:914} INFO - Processing file /home/airflow/.local/lib/python3.12/site-packages/airflow/example_dags/example_branch_operator.py for tasks to queue
[2025-04-02T06:27:10.771+0000] {logging_mixin.py:190} INFO - [2025-04-02T06:27:10.771+0000] {dagbag.py:588} INFO - Filling up the DagBag from /home/airflow/.local/lib/python3.12/site-packages/airflow/example_dags/example_branch_operator.py
[2025-04-02T06:27:10.786+0000] {processor.py:925} INFO - DAG(s) 'example_branch_operator' retrieved from /home/airflow/.local/lib/python3.12/site-packages/airflow/example_dags/example_branch_operator.py
[2025-04-02T06:27:10.801+0000] {logging_mixin.py:190} INFO - [2025-04-02T06:27:10.801+0000] {dag.py:3239} INFO - Sync 1 DAGs
[2025-04-02T06:27:10.817+0000] {logging_mixin.py:190} INFO - [2025-04-02T06:27:10.816+0000] {dag.py:4180} INFO - Setting next_dagrun for example_branch_operator to 2025-04-01 00:00:00+00:00, run_after=2025-04-02 00:00:00+00:00
[2025-04-02T06:27:10.827+0000] {processor.py:208} INFO - Processing /home/airflow/.local/lib/python3.12/site-packages/airflow/example_dags/example_branch_operator.py took 0.062 seconds
[2025-04-02T06:27:41.408+0000] {processor.py:186} INFO - Started process (PID=1292) to work on /home/airflow/.local/lib/python3.12/site-packages/airflow/example_dags/example_branch_operator.py
[2025-04-02T06:27:41.409+0000] {processor.py:914} INFO - Processing file /home/airflow/.local/lib/python3.12/site-packages/airflow/example_dags/example_branch_operator.py for tasks to queue
[2025-04-02T06:27:41.410+0000] {logging_mixin.py:190} INFO - [2025-04-02T06:27:41.410+0000] {dagbag.py:588} INFO - Filling up the DagBag from /home/airflow/.local/lib/python3.12/site-packages/airflow/example_dags/example_branch_operator.py
[2025-04-02T06:27:41.423+0000] {processor.py:925} INFO - DAG(s) 'example_branch_operator' retrieved from /home/airflow/.local/lib/python3.12/site-packages/airflow/example_dags/example_branch_operator.py
[2025-04-02T06:27:41.441+0000] {logging_mixin.py:190} INFO - [2025-04-02T06:27:41.441+0000] {dag.py:3239} INFO - Sync 1 DAGs
[2025-04-02T06:27:41.455+0000] {logging_mixin.py:190} INFO - [2025-04-02T06:27:41.455+0000] {dag.py:4180} INFO - Setting next_dagrun for example_branch_operator to 2025-04-01 00:00:00+00:00, run_after=2025-04-02 00:00:00+00:00
[2025-04-02T06:27:41.470+0000] {processor.py:208} INFO - Processing /home/airflow/.local/lib/python3.12/site-packages/airflow/example_dags/example_branch_operator.py took 0.065 seconds
[2025-04-02T06:28:11.994+0000] {processor.py:186} INFO - Started process (PID=1360) to work on /home/airflow/.local/lib/python3.12/site-packages/airflow/example_dags/example_branch_operator.py
[2025-04-02T06:28:11.995+0000] {processor.py:914} INFO - Processing file /home/airflow/.local/lib/python3.12/site-packages/airflow/example_dags/example_branch_operator.py for tasks to queue
[2025-04-02T06:28:11.995+0000] {logging_mixin.py:190} INFO - [2025-04-02T06:28:11.995+0000] {dagbag.py:588} INFO - Filling up the DagBag from /home/airflow/.local/lib/python3.12/site-packages/airflow/example_dags/example_branch_operator.py
[2025-04-02T06:28:12.013+0000] {processor.py:925} INFO - DAG(s) 'example_branch_operator' retrieved from /home/airflow/.local/lib/python3.12/site-packages/airflow/example_dags/example_branch_operator.py
[2025-04-02T06:28:12.033+0000] {logging_mixin.py:190} INFO - [2025-04-02T06:28:12.033+0000] {dag.py:3239} INFO - Sync 1 DAGs
[2025-04-02T06:28:12.047+0000] {logging_mixin.py:190} INFO - [2025-04-02T06:28:12.047+0000] {dag.py:4180} INFO - Setting next_dagrun for example_branch_operator to 2025-04-01 00:00:00+00:00, run_after=2025-04-02 00:00:00+00:00
[2025-04-02T06:28:12.061+0000] {processor.py:208} INFO - Processing /home/airflow/.local/lib/python3.12/site-packages/airflow/example_dags/example_branch_operator.py took 0.071 seconds
