[2025-04-02T06:12:15.953+0000] {processor.py:186} INFO - Started process (PID=80) to work on /home/airflow/.local/lib/python3.12/site-packages/airflow/example_dags/example_complex.py
[2025-04-02T06:12:15.954+0000] {processor.py:914} INFO - Processing file /home/airflow/.local/lib/python3.12/site-packages/airflow/example_dags/example_complex.py for tasks to queue
[2025-04-02T06:12:15.959+0000] {logging_mixin.py:190} INFO - [2025-04-02T06:12:15.958+0000] {dagbag.py:588} INFO - Filling up the DagBag from /home/airflow/.local/lib/python3.12/site-packages/airflow/example_dags/example_complex.py
[2025-04-02T06:12:15.975+0000] {processor.py:925} INFO - DAG(s) 'example_complex' retrieved from /home/airflow/.local/lib/python3.12/site-packages/airflow/example_dags/example_complex.py
[2025-04-02T06:12:16.094+0000] {logging_mixin.py:190} INFO - [2025-04-02T06:12:16.093+0000] {override.py:1912} INFO - Created Permission View: can delete on DAG:example_complex
[2025-04-02T06:12:16.101+0000] {logging_mixin.py:190} INFO - [2025-04-02T06:12:16.101+0000] {override.py:1912} INFO - Created Permission View: can read on DAG:example_complex
[2025-04-02T06:12:16.106+0000] {logging_mixin.py:190} INFO - [2025-04-02T06:12:16.106+0000] {override.py:1912} INFO - Created Permission View: can edit on DAG:example_complex
[2025-04-02T06:12:16.111+0000] {logging_mixin.py:190} INFO - [2025-04-02T06:12:16.111+0000] {override.py:1912} INFO - Created Permission View: can delete on DAG Run:example_complex
[2025-04-02T06:12:16.115+0000] {logging_mixin.py:190} INFO - [2025-04-02T06:12:16.115+0000] {override.py:1912} INFO - Created Permission View: can create on DAG Run:example_complex
[2025-04-02T06:12:16.121+0000] {logging_mixin.py:190} INFO - [2025-04-02T06:12:16.121+0000] {override.py:1912} INFO - Created Permission View: can read on DAG Run:example_complex
[2025-04-02T06:12:16.126+0000] {logging_mixin.py:190} INFO - [2025-04-02T06:12:16.126+0000] {override.py:1912} INFO - Created Permission View: menu access on DAG Run:example_complex
[2025-04-02T06:12:16.127+0000] {logging_mixin.py:190} INFO - [2025-04-02T06:12:16.127+0000] {dag.py:3239} INFO - Sync 1 DAGs
[2025-04-02T06:12:16.140+0000] {logging_mixin.py:190} INFO - [2025-04-02T06:12:16.139+0000] {dag.py:3262} INFO - Creating ORM DAG for example_complex
[2025-04-02T06:12:16.141+0000] {logging_mixin.py:190} INFO - [2025-04-02T06:12:16.141+0000] {dag.py:4180} INFO - Setting next_dagrun for example_complex to None, run_after=None
[2025-04-02T06:12:16.159+0000] {processor.py:208} INFO - Processing /home/airflow/.local/lib/python3.12/site-packages/airflow/example_dags/example_complex.py took 0.212 seconds
[2025-04-02T06:12:46.864+0000] {processor.py:186} INFO - Started process (PID=143) to work on /home/airflow/.local/lib/python3.12/site-packages/airflow/example_dags/example_complex.py
[2025-04-02T06:12:46.866+0000] {processor.py:914} INFO - Processing file /home/airflow/.local/lib/python3.12/site-packages/airflow/example_dags/example_complex.py for tasks to queue
[2025-04-02T06:12:46.868+0000] {logging_mixin.py:190} INFO - [2025-04-02T06:12:46.868+0000] {dagbag.py:588} INFO - Filling up the DagBag from /home/airflow/.local/lib/python3.12/site-packages/airflow/example_dags/example_complex.py
[2025-04-02T06:12:46.876+0000] {processor.py:925} INFO - DAG(s) 'example_complex' retrieved from /home/airflow/.local/lib/python3.12/site-packages/airflow/example_dags/example_complex.py
[2025-04-02T06:12:46.914+0000] {logging_mixin.py:190} INFO - [2025-04-02T06:12:46.914+0000] {dag.py:3239} INFO - Sync 1 DAGs
[2025-04-02T06:12:46.928+0000] {logging_mixin.py:190} INFO - [2025-04-02T06:12:46.928+0000] {dag.py:4180} INFO - Setting next_dagrun for example_complex to None, run_after=None
[2025-04-02T06:12:46.938+0000] {processor.py:208} INFO - Processing /home/airflow/.local/lib/python3.12/site-packages/airflow/example_dags/example_complex.py took 0.091 seconds
[2025-04-02T06:13:17.963+0000] {processor.py:186} INFO - Started process (PID=206) to work on /home/airflow/.local/lib/python3.12/site-packages/airflow/example_dags/example_complex.py
[2025-04-02T06:13:17.964+0000] {processor.py:914} INFO - Processing file /home/airflow/.local/lib/python3.12/site-packages/airflow/example_dags/example_complex.py for tasks to queue
[2025-04-02T06:13:17.965+0000] {logging_mixin.py:190} INFO - [2025-04-02T06:13:17.965+0000] {dagbag.py:588} INFO - Filling up the DagBag from /home/airflow/.local/lib/python3.12/site-packages/airflow/example_dags/example_complex.py
[2025-04-02T06:13:17.972+0000] {processor.py:925} INFO - DAG(s) 'example_complex' retrieved from /home/airflow/.local/lib/python3.12/site-packages/airflow/example_dags/example_complex.py
[2025-04-02T06:13:17.990+0000] {logging_mixin.py:190} INFO - [2025-04-02T06:13:17.990+0000] {dag.py:3239} INFO - Sync 1 DAGs
[2025-04-02T06:13:17.997+0000] {logging_mixin.py:190} INFO - [2025-04-02T06:13:17.997+0000] {dag.py:4180} INFO - Setting next_dagrun for example_complex to None, run_after=None
[2025-04-02T06:13:18.006+0000] {processor.py:208} INFO - Processing /home/airflow/.local/lib/python3.12/site-packages/airflow/example_dags/example_complex.py took 0.046 seconds
[2025-04-02T06:13:48.274+0000] {processor.py:186} INFO - Started process (PID=268) to work on /home/airflow/.local/lib/python3.12/site-packages/airflow/example_dags/example_complex.py
[2025-04-02T06:13:48.275+0000] {processor.py:914} INFO - Processing file /home/airflow/.local/lib/python3.12/site-packages/airflow/example_dags/example_complex.py for tasks to queue
[2025-04-02T06:13:48.277+0000] {logging_mixin.py:190} INFO - [2025-04-02T06:13:48.276+0000] {dagbag.py:588} INFO - Filling up the DagBag from /home/airflow/.local/lib/python3.12/site-packages/airflow/example_dags/example_complex.py
[2025-04-02T06:13:48.283+0000] {processor.py:925} INFO - DAG(s) 'example_complex' retrieved from /home/airflow/.local/lib/python3.12/site-packages/airflow/example_dags/example_complex.py
[2025-04-02T06:13:48.297+0000] {logging_mixin.py:190} INFO - [2025-04-02T06:13:48.297+0000] {dag.py:3239} INFO - Sync 1 DAGs
[2025-04-02T06:13:48.303+0000] {logging_mixin.py:190} INFO - [2025-04-02T06:13:48.303+0000] {dag.py:4180} INFO - Setting next_dagrun for example_complex to None, run_after=None
[2025-04-02T06:13:48.312+0000] {processor.py:208} INFO - Processing /home/airflow/.local/lib/python3.12/site-packages/airflow/example_dags/example_complex.py took 0.041 seconds
[2025-04-02T06:14:18.754+0000] {processor.py:186} INFO - Started process (PID=331) to work on /home/airflow/.local/lib/python3.12/site-packages/airflow/example_dags/example_complex.py
[2025-04-02T06:14:18.755+0000] {processor.py:914} INFO - Processing file /home/airflow/.local/lib/python3.12/site-packages/airflow/example_dags/example_complex.py for tasks to queue
[2025-04-02T06:14:18.757+0000] {logging_mixin.py:190} INFO - [2025-04-02T06:14:18.757+0000] {dagbag.py:588} INFO - Filling up the DagBag from /home/airflow/.local/lib/python3.12/site-packages/airflow/example_dags/example_complex.py
[2025-04-02T06:14:18.763+0000] {processor.py:925} INFO - DAG(s) 'example_complex' retrieved from /home/airflow/.local/lib/python3.12/site-packages/airflow/example_dags/example_complex.py
[2025-04-02T06:14:18.787+0000] {logging_mixin.py:190} INFO - [2025-04-02T06:14:18.787+0000] {dag.py:3239} INFO - Sync 1 DAGs
[2025-04-02T06:14:18.796+0000] {logging_mixin.py:190} INFO - [2025-04-02T06:14:18.796+0000] {dag.py:4180} INFO - Setting next_dagrun for example_complex to None, run_after=None
[2025-04-02T06:14:18.807+0000] {processor.py:208} INFO - Processing /home/airflow/.local/lib/python3.12/site-packages/airflow/example_dags/example_complex.py took 0.056 seconds
[2025-04-02T06:14:49.329+0000] {processor.py:186} INFO - Started process (PID=394) to work on /home/airflow/.local/lib/python3.12/site-packages/airflow/example_dags/example_complex.py
[2025-04-02T06:14:49.330+0000] {processor.py:914} INFO - Processing file /home/airflow/.local/lib/python3.12/site-packages/airflow/example_dags/example_complex.py for tasks to queue
[2025-04-02T06:14:49.331+0000] {logging_mixin.py:190} INFO - [2025-04-02T06:14:49.331+0000] {dagbag.py:588} INFO - Filling up the DagBag from /home/airflow/.local/lib/python3.12/site-packages/airflow/example_dags/example_complex.py
[2025-04-02T06:14:49.340+0000] {processor.py:925} INFO - DAG(s) 'example_complex' retrieved from /home/airflow/.local/lib/python3.12/site-packages/airflow/example_dags/example_complex.py
[2025-04-02T06:14:49.381+0000] {logging_mixin.py:190} INFO - [2025-04-02T06:14:49.381+0000] {dag.py:3239} INFO - Sync 1 DAGs
[2025-04-02T06:14:49.392+0000] {logging_mixin.py:190} INFO - [2025-04-02T06:14:49.392+0000] {dag.py:4180} INFO - Setting next_dagrun for example_complex to None, run_after=None
[2025-04-02T06:14:49.408+0000] {processor.py:208} INFO - Processing /home/airflow/.local/lib/python3.12/site-packages/airflow/example_dags/example_complex.py took 0.115 seconds
[2025-04-02T06:15:20.383+0000] {processor.py:186} INFO - Started process (PID=458) to work on /home/airflow/.local/lib/python3.12/site-packages/airflow/example_dags/example_complex.py
[2025-04-02T06:15:20.384+0000] {processor.py:914} INFO - Processing file /home/airflow/.local/lib/python3.12/site-packages/airflow/example_dags/example_complex.py for tasks to queue
[2025-04-02T06:15:20.386+0000] {logging_mixin.py:190} INFO - [2025-04-02T06:15:20.386+0000] {dagbag.py:588} INFO - Filling up the DagBag from /home/airflow/.local/lib/python3.12/site-packages/airflow/example_dags/example_complex.py
[2025-04-02T06:15:20.399+0000] {processor.py:925} INFO - DAG(s) 'example_complex' retrieved from /home/airflow/.local/lib/python3.12/site-packages/airflow/example_dags/example_complex.py
[2025-04-02T06:15:20.426+0000] {logging_mixin.py:190} INFO - [2025-04-02T06:15:20.426+0000] {dag.py:3239} INFO - Sync 1 DAGs
[2025-04-02T06:15:20.438+0000] {logging_mixin.py:190} INFO - [2025-04-02T06:15:20.438+0000] {dag.py:4180} INFO - Setting next_dagrun for example_complex to None, run_after=None
[2025-04-02T06:15:20.452+0000] {processor.py:208} INFO - Processing /home/airflow/.local/lib/python3.12/site-packages/airflow/example_dags/example_complex.py took 0.076 seconds
[2025-04-02T06:15:50.746+0000] {processor.py:186} INFO - Started process (PID=520) to work on /home/airflow/.local/lib/python3.12/site-packages/airflow/example_dags/example_complex.py
[2025-04-02T06:15:50.747+0000] {processor.py:914} INFO - Processing file /home/airflow/.local/lib/python3.12/site-packages/airflow/example_dags/example_complex.py for tasks to queue
[2025-04-02T06:15:50.749+0000] {logging_mixin.py:190} INFO - [2025-04-02T06:15:50.749+0000] {dagbag.py:588} INFO - Filling up the DagBag from /home/airflow/.local/lib/python3.12/site-packages/airflow/example_dags/example_complex.py
[2025-04-02T06:15:50.757+0000] {processor.py:925} INFO - DAG(s) 'example_complex' retrieved from /home/airflow/.local/lib/python3.12/site-packages/airflow/example_dags/example_complex.py
[2025-04-02T06:15:50.774+0000] {logging_mixin.py:190} INFO - [2025-04-02T06:15:50.774+0000] {dag.py:3239} INFO - Sync 1 DAGs
[2025-04-02T06:15:50.781+0000] {logging_mixin.py:190} INFO - [2025-04-02T06:15:50.781+0000] {dag.py:4180} INFO - Setting next_dagrun for example_complex to None, run_after=None
[2025-04-02T06:15:50.792+0000] {processor.py:208} INFO - Processing /home/airflow/.local/lib/python3.12/site-packages/airflow/example_dags/example_complex.py took 0.050 seconds
[2025-04-02T06:18:03.354+0000] {processor.py:186} INFO - Started process (PID=79) to work on /home/airflow/.local/lib/python3.12/site-packages/airflow/example_dags/example_complex.py
[2025-04-02T06:18:03.356+0000] {processor.py:914} INFO - Processing file /home/airflow/.local/lib/python3.12/site-packages/airflow/example_dags/example_complex.py for tasks to queue
[2025-04-02T06:18:03.358+0000] {logging_mixin.py:190} INFO - [2025-04-02T06:18:03.358+0000] {dagbag.py:588} INFO - Filling up the DagBag from /home/airflow/.local/lib/python3.12/site-packages/airflow/example_dags/example_complex.py
[2025-04-02T06:18:03.371+0000] {processor.py:925} INFO - DAG(s) 'example_complex' retrieved from /home/airflow/.local/lib/python3.12/site-packages/airflow/example_dags/example_complex.py
[2025-04-02T06:18:03.402+0000] {logging_mixin.py:190} INFO - [2025-04-02T06:18:03.402+0000] {dag.py:3239} INFO - Sync 1 DAGs
[2025-04-02T06:18:03.414+0000] {logging_mixin.py:190} INFO - [2025-04-02T06:18:03.413+0000] {dag.py:4180} INFO - Setting next_dagrun for example_complex to None, run_after=None
[2025-04-02T06:18:03.426+0000] {processor.py:208} INFO - Processing /home/airflow/.local/lib/python3.12/site-packages/airflow/example_dags/example_complex.py took 0.078 seconds
[2025-04-02T06:18:34.309+0000] {processor.py:186} INFO - Started process (PID=142) to work on /home/airflow/.local/lib/python3.12/site-packages/airflow/example_dags/example_complex.py
[2025-04-02T06:18:34.310+0000] {processor.py:914} INFO - Processing file /home/airflow/.local/lib/python3.12/site-packages/airflow/example_dags/example_complex.py for tasks to queue
[2025-04-02T06:18:34.311+0000] {logging_mixin.py:190} INFO - [2025-04-02T06:18:34.311+0000] {dagbag.py:588} INFO - Filling up the DagBag from /home/airflow/.local/lib/python3.12/site-packages/airflow/example_dags/example_complex.py
[2025-04-02T06:18:34.319+0000] {processor.py:925} INFO - DAG(s) 'example_complex' retrieved from /home/airflow/.local/lib/python3.12/site-packages/airflow/example_dags/example_complex.py
[2025-04-02T06:18:34.340+0000] {logging_mixin.py:190} INFO - [2025-04-02T06:18:34.340+0000] {dag.py:3239} INFO - Sync 1 DAGs
[2025-04-02T06:18:34.349+0000] {logging_mixin.py:190} INFO - [2025-04-02T06:18:34.348+0000] {dag.py:4180} INFO - Setting next_dagrun for example_complex to None, run_after=None
[2025-04-02T06:18:34.360+0000] {processor.py:208} INFO - Processing /home/airflow/.local/lib/python3.12/site-packages/airflow/example_dags/example_complex.py took 0.055 seconds
[2025-04-02T06:19:04.416+0000] {processor.py:186} INFO - Started process (PID=204) to work on /home/airflow/.local/lib/python3.12/site-packages/airflow/example_dags/example_complex.py
[2025-04-02T06:19:04.417+0000] {processor.py:914} INFO - Processing file /home/airflow/.local/lib/python3.12/site-packages/airflow/example_dags/example_complex.py for tasks to queue
[2025-04-02T06:19:04.418+0000] {logging_mixin.py:190} INFO - [2025-04-02T06:19:04.418+0000] {dagbag.py:588} INFO - Filling up the DagBag from /home/airflow/.local/lib/python3.12/site-packages/airflow/example_dags/example_complex.py
[2025-04-02T06:19:04.424+0000] {processor.py:925} INFO - DAG(s) 'example_complex' retrieved from /home/airflow/.local/lib/python3.12/site-packages/airflow/example_dags/example_complex.py
[2025-04-02T06:19:04.440+0000] {logging_mixin.py:190} INFO - [2025-04-02T06:19:04.440+0000] {dag.py:3239} INFO - Sync 1 DAGs
[2025-04-02T06:19:04.448+0000] {logging_mixin.py:190} INFO - [2025-04-02T06:19:04.447+0000] {dag.py:4180} INFO - Setting next_dagrun for example_complex to None, run_after=None
[2025-04-02T06:19:04.457+0000] {processor.py:208} INFO - Processing /home/airflow/.local/lib/python3.12/site-packages/airflow/example_dags/example_complex.py took 0.043 seconds
[2025-04-02T06:19:34.828+0000] {processor.py:186} INFO - Started process (PID=267) to work on /home/airflow/.local/lib/python3.12/site-packages/airflow/example_dags/example_complex.py
[2025-04-02T06:19:34.829+0000] {processor.py:914} INFO - Processing file /home/airflow/.local/lib/python3.12/site-packages/airflow/example_dags/example_complex.py for tasks to queue
[2025-04-02T06:19:34.830+0000] {logging_mixin.py:190} INFO - [2025-04-02T06:19:34.830+0000] {dagbag.py:588} INFO - Filling up the DagBag from /home/airflow/.local/lib/python3.12/site-packages/airflow/example_dags/example_complex.py
[2025-04-02T06:19:34.837+0000] {processor.py:925} INFO - DAG(s) 'example_complex' retrieved from /home/airflow/.local/lib/python3.12/site-packages/airflow/example_dags/example_complex.py
[2025-04-02T06:19:34.854+0000] {logging_mixin.py:190} INFO - [2025-04-02T06:19:34.854+0000] {dag.py:3239} INFO - Sync 1 DAGs
[2025-04-02T06:19:34.861+0000] {logging_mixin.py:190} INFO - [2025-04-02T06:19:34.861+0000] {dag.py:4180} INFO - Setting next_dagrun for example_complex to None, run_after=None
[2025-04-02T06:19:34.870+0000] {processor.py:208} INFO - Processing /home/airflow/.local/lib/python3.12/site-packages/airflow/example_dags/example_complex.py took 0.045 seconds
[2025-04-02T06:20:05.095+0000] {processor.py:186} INFO - Started process (PID=330) to work on /home/airflow/.local/lib/python3.12/site-packages/airflow/example_dags/example_complex.py
[2025-04-02T06:20:05.096+0000] {processor.py:914} INFO - Processing file /home/airflow/.local/lib/python3.12/site-packages/airflow/example_dags/example_complex.py for tasks to queue
[2025-04-02T06:20:05.098+0000] {logging_mixin.py:190} INFO - [2025-04-02T06:20:05.098+0000] {dagbag.py:588} INFO - Filling up the DagBag from /home/airflow/.local/lib/python3.12/site-packages/airflow/example_dags/example_complex.py
[2025-04-02T06:20:05.111+0000] {processor.py:925} INFO - DAG(s) 'example_complex' retrieved from /home/airflow/.local/lib/python3.12/site-packages/airflow/example_dags/example_complex.py
[2025-04-02T06:20:05.129+0000] {logging_mixin.py:190} INFO - [2025-04-02T06:20:05.129+0000] {dag.py:3239} INFO - Sync 1 DAGs
[2025-04-02T06:20:05.137+0000] {logging_mixin.py:190} INFO - [2025-04-02T06:20:05.137+0000] {dag.py:4180} INFO - Setting next_dagrun for example_complex to None, run_after=None
[2025-04-02T06:20:05.146+0000] {processor.py:208} INFO - Processing /home/airflow/.local/lib/python3.12/site-packages/airflow/example_dags/example_complex.py took 0.055 seconds
[2025-04-02T06:20:35.251+0000] {processor.py:186} INFO - Started process (PID=393) to work on /home/airflow/.local/lib/python3.12/site-packages/airflow/example_dags/example_complex.py
[2025-04-02T06:20:35.252+0000] {processor.py:914} INFO - Processing file /home/airflow/.local/lib/python3.12/site-packages/airflow/example_dags/example_complex.py for tasks to queue
[2025-04-02T06:20:35.256+0000] {logging_mixin.py:190} INFO - [2025-04-02T06:20:35.256+0000] {dagbag.py:588} INFO - Filling up the DagBag from /home/airflow/.local/lib/python3.12/site-packages/airflow/example_dags/example_complex.py
[2025-04-02T06:20:35.266+0000] {processor.py:925} INFO - DAG(s) 'example_complex' retrieved from /home/airflow/.local/lib/python3.12/site-packages/airflow/example_dags/example_complex.py
[2025-04-02T06:20:35.284+0000] {logging_mixin.py:190} INFO - [2025-04-02T06:20:35.284+0000] {dag.py:3239} INFO - Sync 1 DAGs
[2025-04-02T06:20:35.292+0000] {logging_mixin.py:190} INFO - [2025-04-02T06:20:35.292+0000] {dag.py:4180} INFO - Setting next_dagrun for example_complex to None, run_after=None
[2025-04-02T06:20:35.305+0000] {processor.py:208} INFO - Processing /home/airflow/.local/lib/python3.12/site-packages/airflow/example_dags/example_complex.py took 0.060 seconds
[2025-04-02T06:21:05.412+0000] {processor.py:186} INFO - Started process (PID=456) to work on /home/airflow/.local/lib/python3.12/site-packages/airflow/example_dags/example_complex.py
[2025-04-02T06:21:05.413+0000] {processor.py:914} INFO - Processing file /home/airflow/.local/lib/python3.12/site-packages/airflow/example_dags/example_complex.py for tasks to queue
[2025-04-02T06:21:05.414+0000] {logging_mixin.py:190} INFO - [2025-04-02T06:21:05.414+0000] {dagbag.py:588} INFO - Filling up the DagBag from /home/airflow/.local/lib/python3.12/site-packages/airflow/example_dags/example_complex.py
[2025-04-02T06:21:05.421+0000] {processor.py:925} INFO - DAG(s) 'example_complex' retrieved from /home/airflow/.local/lib/python3.12/site-packages/airflow/example_dags/example_complex.py
[2025-04-02T06:21:05.436+0000] {logging_mixin.py:190} INFO - [2025-04-02T06:21:05.436+0000] {dag.py:3239} INFO - Sync 1 DAGs
[2025-04-02T06:21:05.445+0000] {logging_mixin.py:190} INFO - [2025-04-02T06:21:05.445+0000] {dag.py:4180} INFO - Setting next_dagrun for example_complex to None, run_after=None
[2025-04-02T06:21:05.459+0000] {processor.py:208} INFO - Processing /home/airflow/.local/lib/python3.12/site-packages/airflow/example_dags/example_complex.py took 0.050 seconds
[2025-04-02T06:21:35.789+0000] {processor.py:186} INFO - Started process (PID=518) to work on /home/airflow/.local/lib/python3.12/site-packages/airflow/example_dags/example_complex.py
[2025-04-02T06:21:35.790+0000] {processor.py:914} INFO - Processing file /home/airflow/.local/lib/python3.12/site-packages/airflow/example_dags/example_complex.py for tasks to queue
[2025-04-02T06:21:35.791+0000] {logging_mixin.py:190} INFO - [2025-04-02T06:21:35.791+0000] {dagbag.py:588} INFO - Filling up the DagBag from /home/airflow/.local/lib/python3.12/site-packages/airflow/example_dags/example_complex.py
[2025-04-02T06:21:35.798+0000] {processor.py:925} INFO - DAG(s) 'example_complex' retrieved from /home/airflow/.local/lib/python3.12/site-packages/airflow/example_dags/example_complex.py
[2025-04-02T06:21:35.815+0000] {logging_mixin.py:190} INFO - [2025-04-02T06:21:35.815+0000] {dag.py:3239} INFO - Sync 1 DAGs
[2025-04-02T06:21:35.823+0000] {logging_mixin.py:190} INFO - [2025-04-02T06:21:35.822+0000] {dag.py:4180} INFO - Setting next_dagrun for example_complex to None, run_after=None
[2025-04-02T06:21:35.832+0000] {processor.py:208} INFO - Processing /home/airflow/.local/lib/python3.12/site-packages/airflow/example_dags/example_complex.py took 0.045 seconds
[2025-04-02T06:22:05.996+0000] {processor.py:186} INFO - Started process (PID=581) to work on /home/airflow/.local/lib/python3.12/site-packages/airflow/example_dags/example_complex.py
[2025-04-02T06:22:05.998+0000] {processor.py:914} INFO - Processing file /home/airflow/.local/lib/python3.12/site-packages/airflow/example_dags/example_complex.py for tasks to queue
[2025-04-02T06:22:06.003+0000] {logging_mixin.py:190} INFO - [2025-04-02T06:22:06.002+0000] {dagbag.py:588} INFO - Filling up the DagBag from /home/airflow/.local/lib/python3.12/site-packages/airflow/example_dags/example_complex.py
[2025-04-02T06:22:06.010+0000] {processor.py:925} INFO - DAG(s) 'example_complex' retrieved from /home/airflow/.local/lib/python3.12/site-packages/airflow/example_dags/example_complex.py
[2025-04-02T06:22:06.032+0000] {logging_mixin.py:190} INFO - [2025-04-02T06:22:06.032+0000] {dag.py:3239} INFO - Sync 1 DAGs
[2025-04-02T06:22:06.039+0000] {logging_mixin.py:190} INFO - [2025-04-02T06:22:06.039+0000] {dag.py:4180} INFO - Setting next_dagrun for example_complex to None, run_after=None
[2025-04-02T06:22:06.052+0000] {processor.py:208} INFO - Processing /home/airflow/.local/lib/python3.12/site-packages/airflow/example_dags/example_complex.py took 0.061 seconds
[2025-04-02T06:22:36.782+0000] {processor.py:186} INFO - Started process (PID=644) to work on /home/airflow/.local/lib/python3.12/site-packages/airflow/example_dags/example_complex.py
[2025-04-02T06:22:36.783+0000] {processor.py:914} INFO - Processing file /home/airflow/.local/lib/python3.12/site-packages/airflow/example_dags/example_complex.py for tasks to queue
[2025-04-02T06:22:36.784+0000] {logging_mixin.py:190} INFO - [2025-04-02T06:22:36.784+0000] {dagbag.py:588} INFO - Filling up the DagBag from /home/airflow/.local/lib/python3.12/site-packages/airflow/example_dags/example_complex.py
[2025-04-02T06:22:36.790+0000] {processor.py:925} INFO - DAG(s) 'example_complex' retrieved from /home/airflow/.local/lib/python3.12/site-packages/airflow/example_dags/example_complex.py
[2025-04-02T06:22:36.806+0000] {logging_mixin.py:190} INFO - [2025-04-02T06:22:36.805+0000] {dag.py:3239} INFO - Sync 1 DAGs
[2025-04-02T06:22:36.813+0000] {logging_mixin.py:190} INFO - [2025-04-02T06:22:36.813+0000] {dag.py:4180} INFO - Setting next_dagrun for example_complex to None, run_after=None
[2025-04-02T06:22:36.821+0000] {processor.py:208} INFO - Processing /home/airflow/.local/lib/python3.12/site-packages/airflow/example_dags/example_complex.py took 0.043 seconds
[2025-04-02T06:23:07.160+0000] {processor.py:186} INFO - Started process (PID=709) to work on /home/airflow/.local/lib/python3.12/site-packages/airflow/example_dags/example_complex.py
[2025-04-02T06:23:07.162+0000] {processor.py:914} INFO - Processing file /home/airflow/.local/lib/python3.12/site-packages/airflow/example_dags/example_complex.py for tasks to queue
[2025-04-02T06:23:07.164+0000] {logging_mixin.py:190} INFO - [2025-04-02T06:23:07.163+0000] {dagbag.py:588} INFO - Filling up the DagBag from /home/airflow/.local/lib/python3.12/site-packages/airflow/example_dags/example_complex.py
[2025-04-02T06:23:07.176+0000] {processor.py:925} INFO - DAG(s) 'example_complex' retrieved from /home/airflow/.local/lib/python3.12/site-packages/airflow/example_dags/example_complex.py
[2025-04-02T06:23:07.208+0000] {logging_mixin.py:190} INFO - [2025-04-02T06:23:07.208+0000] {dag.py:3239} INFO - Sync 1 DAGs
[2025-04-02T06:23:07.217+0000] {logging_mixin.py:190} INFO - [2025-04-02T06:23:07.217+0000] {dag.py:4180} INFO - Setting next_dagrun for example_complex to None, run_after=None
[2025-04-02T06:23:07.228+0000] {processor.py:208} INFO - Processing /home/airflow/.local/lib/python3.12/site-packages/airflow/example_dags/example_complex.py took 0.073 seconds
[2025-04-02T06:23:37.402+0000] {processor.py:186} INFO - Started process (PID=773) to work on /home/airflow/.local/lib/python3.12/site-packages/airflow/example_dags/example_complex.py
[2025-04-02T06:23:37.403+0000] {processor.py:914} INFO - Processing file /home/airflow/.local/lib/python3.12/site-packages/airflow/example_dags/example_complex.py for tasks to queue
[2025-04-02T06:23:37.404+0000] {logging_mixin.py:190} INFO - [2025-04-02T06:23:37.404+0000] {dagbag.py:588} INFO - Filling up the DagBag from /home/airflow/.local/lib/python3.12/site-packages/airflow/example_dags/example_complex.py
[2025-04-02T06:23:37.410+0000] {processor.py:925} INFO - DAG(s) 'example_complex' retrieved from /home/airflow/.local/lib/python3.12/site-packages/airflow/example_dags/example_complex.py
[2025-04-02T06:23:37.429+0000] {logging_mixin.py:190} INFO - [2025-04-02T06:23:37.429+0000] {dag.py:3239} INFO - Sync 1 DAGs
[2025-04-02T06:23:37.436+0000] {logging_mixin.py:190} INFO - [2025-04-02T06:23:37.436+0000] {dag.py:4180} INFO - Setting next_dagrun for example_complex to None, run_after=None
[2025-04-02T06:23:37.448+0000] {processor.py:208} INFO - Processing /home/airflow/.local/lib/python3.12/site-packages/airflow/example_dags/example_complex.py took 0.049 seconds
[2025-04-02T06:24:08.437+0000] {processor.py:186} INFO - Started process (PID=839) to work on /home/airflow/.local/lib/python3.12/site-packages/airflow/example_dags/example_complex.py
[2025-04-02T06:24:08.438+0000] {processor.py:914} INFO - Processing file /home/airflow/.local/lib/python3.12/site-packages/airflow/example_dags/example_complex.py for tasks to queue
[2025-04-02T06:24:08.439+0000] {logging_mixin.py:190} INFO - [2025-04-02T06:24:08.439+0000] {dagbag.py:588} INFO - Filling up the DagBag from /home/airflow/.local/lib/python3.12/site-packages/airflow/example_dags/example_complex.py
[2025-04-02T06:24:08.446+0000] {processor.py:925} INFO - DAG(s) 'example_complex' retrieved from /home/airflow/.local/lib/python3.12/site-packages/airflow/example_dags/example_complex.py
[2025-04-02T06:24:08.463+0000] {logging_mixin.py:190} INFO - [2025-04-02T06:24:08.463+0000] {dag.py:3239} INFO - Sync 1 DAGs
[2025-04-02T06:24:08.470+0000] {logging_mixin.py:190} INFO - [2025-04-02T06:24:08.470+0000] {dag.py:4180} INFO - Setting next_dagrun for example_complex to None, run_after=None
[2025-04-02T06:24:08.484+0000] {processor.py:208} INFO - Processing /home/airflow/.local/lib/python3.12/site-packages/airflow/example_dags/example_complex.py took 0.050 seconds
[2025-04-02T06:24:38.833+0000] {processor.py:186} INFO - Started process (PID=903) to work on /home/airflow/.local/lib/python3.12/site-packages/airflow/example_dags/example_complex.py
[2025-04-02T06:24:38.834+0000] {processor.py:914} INFO - Processing file /home/airflow/.local/lib/python3.12/site-packages/airflow/example_dags/example_complex.py for tasks to queue
[2025-04-02T06:24:38.835+0000] {logging_mixin.py:190} INFO - [2025-04-02T06:24:38.835+0000] {dagbag.py:588} INFO - Filling up the DagBag from /home/airflow/.local/lib/python3.12/site-packages/airflow/example_dags/example_complex.py
[2025-04-02T06:24:38.844+0000] {processor.py:925} INFO - DAG(s) 'example_complex' retrieved from /home/airflow/.local/lib/python3.12/site-packages/airflow/example_dags/example_complex.py
[2025-04-02T06:24:38.862+0000] {logging_mixin.py:190} INFO - [2025-04-02T06:24:38.862+0000] {dag.py:3239} INFO - Sync 1 DAGs
[2025-04-02T06:24:38.870+0000] {logging_mixin.py:190} INFO - [2025-04-02T06:24:38.870+0000] {dag.py:4180} INFO - Setting next_dagrun for example_complex to None, run_after=None
[2025-04-02T06:24:38.880+0000] {processor.py:208} INFO - Processing /home/airflow/.local/lib/python3.12/site-packages/airflow/example_dags/example_complex.py took 0.051 seconds
[2025-04-02T06:25:09.176+0000] {processor.py:186} INFO - Started process (PID=967) to work on /home/airflow/.local/lib/python3.12/site-packages/airflow/example_dags/example_complex.py
[2025-04-02T06:25:09.178+0000] {processor.py:914} INFO - Processing file /home/airflow/.local/lib/python3.12/site-packages/airflow/example_dags/example_complex.py for tasks to queue
[2025-04-02T06:25:09.179+0000] {logging_mixin.py:190} INFO - [2025-04-02T06:25:09.179+0000] {dagbag.py:588} INFO - Filling up the DagBag from /home/airflow/.local/lib/python3.12/site-packages/airflow/example_dags/example_complex.py
[2025-04-02T06:25:09.186+0000] {processor.py:925} INFO - DAG(s) 'example_complex' retrieved from /home/airflow/.local/lib/python3.12/site-packages/airflow/example_dags/example_complex.py
[2025-04-02T06:25:09.206+0000] {logging_mixin.py:190} INFO - [2025-04-02T06:25:09.205+0000] {dag.py:3239} INFO - Sync 1 DAGs
[2025-04-02T06:25:09.214+0000] {logging_mixin.py:190} INFO - [2025-04-02T06:25:09.214+0000] {dag.py:4180} INFO - Setting next_dagrun for example_complex to None, run_after=None
[2025-04-02T06:25:09.229+0000] {processor.py:208} INFO - Processing /home/airflow/.local/lib/python3.12/site-packages/airflow/example_dags/example_complex.py took 0.057 seconds
[2025-04-02T06:25:39.634+0000] {processor.py:186} INFO - Started process (PID=1035) to work on /home/airflow/.local/lib/python3.12/site-packages/airflow/example_dags/example_complex.py
[2025-04-02T06:25:39.636+0000] {processor.py:914} INFO - Processing file /home/airflow/.local/lib/python3.12/site-packages/airflow/example_dags/example_complex.py for tasks to queue
[2025-04-02T06:25:39.638+0000] {logging_mixin.py:190} INFO - [2025-04-02T06:25:39.638+0000] {dagbag.py:588} INFO - Filling up the DagBag from /home/airflow/.local/lib/python3.12/site-packages/airflow/example_dags/example_complex.py
[2025-04-02T06:25:39.645+0000] {processor.py:925} INFO - DAG(s) 'example_complex' retrieved from /home/airflow/.local/lib/python3.12/site-packages/airflow/example_dags/example_complex.py
[2025-04-02T06:25:39.663+0000] {logging_mixin.py:190} INFO - [2025-04-02T06:25:39.663+0000] {dag.py:3239} INFO - Sync 1 DAGs
[2025-04-02T06:25:39.670+0000] {logging_mixin.py:190} INFO - [2025-04-02T06:25:39.670+0000] {dag.py:4180} INFO - Setting next_dagrun for example_complex to None, run_after=None
[2025-04-02T06:25:39.682+0000] {processor.py:208} INFO - Processing /home/airflow/.local/lib/python3.12/site-packages/airflow/example_dags/example_complex.py took 0.052 seconds
[2025-04-02T06:26:09.974+0000] {processor.py:186} INFO - Started process (PID=1103) to work on /home/airflow/.local/lib/python3.12/site-packages/airflow/example_dags/example_complex.py
[2025-04-02T06:26:09.980+0000] {processor.py:914} INFO - Processing file /home/airflow/.local/lib/python3.12/site-packages/airflow/example_dags/example_complex.py for tasks to queue
[2025-04-02T06:26:09.981+0000] {logging_mixin.py:190} INFO - [2025-04-02T06:26:09.981+0000] {dagbag.py:588} INFO - Filling up the DagBag from /home/airflow/.local/lib/python3.12/site-packages/airflow/example_dags/example_complex.py
[2025-04-02T06:26:09.989+0000] {processor.py:925} INFO - DAG(s) 'example_complex' retrieved from /home/airflow/.local/lib/python3.12/site-packages/airflow/example_dags/example_complex.py
[2025-04-02T06:26:10.005+0000] {logging_mixin.py:190} INFO - [2025-04-02T06:26:10.004+0000] {dag.py:3239} INFO - Sync 1 DAGs
[2025-04-02T06:26:10.011+0000] {logging_mixin.py:190} INFO - [2025-04-02T06:26:10.011+0000] {dag.py:4180} INFO - Setting next_dagrun for example_complex to None, run_after=None
[2025-04-02T06:26:10.025+0000] {processor.py:208} INFO - Processing /home/airflow/.local/lib/python3.12/site-packages/airflow/example_dags/example_complex.py took 0.054 seconds
[2025-04-02T06:26:40.403+0000] {processor.py:186} INFO - Started process (PID=1170) to work on /home/airflow/.local/lib/python3.12/site-packages/airflow/example_dags/example_complex.py
[2025-04-02T06:26:40.404+0000] {processor.py:914} INFO - Processing file /home/airflow/.local/lib/python3.12/site-packages/airflow/example_dags/example_complex.py for tasks to queue
[2025-04-02T06:26:40.407+0000] {logging_mixin.py:190} INFO - [2025-04-02T06:26:40.407+0000] {dagbag.py:588} INFO - Filling up the DagBag from /home/airflow/.local/lib/python3.12/site-packages/airflow/example_dags/example_complex.py
[2025-04-02T06:26:40.417+0000] {processor.py:925} INFO - DAG(s) 'example_complex' retrieved from /home/airflow/.local/lib/python3.12/site-packages/airflow/example_dags/example_complex.py
[2025-04-02T06:26:40.437+0000] {logging_mixin.py:190} INFO - [2025-04-02T06:26:40.437+0000] {dag.py:3239} INFO - Sync 1 DAGs
[2025-04-02T06:26:40.446+0000] {logging_mixin.py:190} INFO - [2025-04-02T06:26:40.445+0000] {dag.py:4180} INFO - Setting next_dagrun for example_complex to None, run_after=None
[2025-04-02T06:26:40.460+0000] {processor.py:208} INFO - Processing /home/airflow/.local/lib/python3.12/site-packages/airflow/example_dags/example_complex.py took 0.061 seconds
[2025-04-02T06:27:11.253+0000] {processor.py:186} INFO - Started process (PID=1240) to work on /home/airflow/.local/lib/python3.12/site-packages/airflow/example_dags/example_complex.py
[2025-04-02T06:27:11.254+0000] {processor.py:914} INFO - Processing file /home/airflow/.local/lib/python3.12/site-packages/airflow/example_dags/example_complex.py for tasks to queue
[2025-04-02T06:27:11.256+0000] {logging_mixin.py:190} INFO - [2025-04-02T06:27:11.254+0000] {dagbag.py:588} INFO - Filling up the DagBag from /home/airflow/.local/lib/python3.12/site-packages/airflow/example_dags/example_complex.py
[2025-04-02T06:27:11.266+0000] {processor.py:925} INFO - DAG(s) 'example_complex' retrieved from /home/airflow/.local/lib/python3.12/site-packages/airflow/example_dags/example_complex.py
[2025-04-02T06:27:11.282+0000] {logging_mixin.py:190} INFO - [2025-04-02T06:27:11.281+0000] {dag.py:3239} INFO - Sync 1 DAGs
[2025-04-02T06:27:11.290+0000] {logging_mixin.py:190} INFO - [2025-04-02T06:27:11.290+0000] {dag.py:4180} INFO - Setting next_dagrun for example_complex to None, run_after=None
[2025-04-02T06:27:11.301+0000] {processor.py:208} INFO - Processing /home/airflow/.local/lib/python3.12/site-packages/airflow/example_dags/example_complex.py took 0.051 seconds
[2025-04-02T06:27:41.836+0000] {processor.py:186} INFO - Started process (PID=1304) to work on /home/airflow/.local/lib/python3.12/site-packages/airflow/example_dags/example_complex.py
[2025-04-02T06:27:41.837+0000] {processor.py:914} INFO - Processing file /home/airflow/.local/lib/python3.12/site-packages/airflow/example_dags/example_complex.py for tasks to queue
[2025-04-02T06:27:41.838+0000] {logging_mixin.py:190} INFO - [2025-04-02T06:27:41.838+0000] {dagbag.py:588} INFO - Filling up the DagBag from /home/airflow/.local/lib/python3.12/site-packages/airflow/example_dags/example_complex.py
[2025-04-02T06:27:41.847+0000] {processor.py:925} INFO - DAG(s) 'example_complex' retrieved from /home/airflow/.local/lib/python3.12/site-packages/airflow/example_dags/example_complex.py
[2025-04-02T06:27:41.872+0000] {logging_mixin.py:190} INFO - [2025-04-02T06:27:41.872+0000] {dag.py:3239} INFO - Sync 1 DAGs
[2025-04-02T06:27:41.882+0000] {logging_mixin.py:190} INFO - [2025-04-02T06:27:41.881+0000] {dag.py:4180} INFO - Setting next_dagrun for example_complex to None, run_after=None
[2025-04-02T06:27:41.893+0000] {processor.py:208} INFO - Processing /home/airflow/.local/lib/python3.12/site-packages/airflow/example_dags/example_complex.py took 0.061 seconds
[2025-04-02T06:28:12.422+0000] {processor.py:186} INFO - Started process (PID=1372) to work on /home/airflow/.local/lib/python3.12/site-packages/airflow/example_dags/example_complex.py
[2025-04-02T06:28:12.423+0000] {processor.py:914} INFO - Processing file /home/airflow/.local/lib/python3.12/site-packages/airflow/example_dags/example_complex.py for tasks to queue
[2025-04-02T06:28:12.424+0000] {logging_mixin.py:190} INFO - [2025-04-02T06:28:12.424+0000] {dagbag.py:588} INFO - Filling up the DagBag from /home/airflow/.local/lib/python3.12/site-packages/airflow/example_dags/example_complex.py
[2025-04-02T06:28:12.433+0000] {processor.py:925} INFO - DAG(s) 'example_complex' retrieved from /home/airflow/.local/lib/python3.12/site-packages/airflow/example_dags/example_complex.py
[2025-04-02T06:28:12.452+0000] {logging_mixin.py:190} INFO - [2025-04-02T06:28:12.452+0000] {dag.py:3239} INFO - Sync 1 DAGs
[2025-04-02T06:28:12.462+0000] {logging_mixin.py:190} INFO - [2025-04-02T06:28:12.461+0000] {dag.py:4180} INFO - Setting next_dagrun for example_complex to None, run_after=None
[2025-04-02T06:28:12.473+0000] {processor.py:208} INFO - Processing /home/airflow/.local/lib/python3.12/site-packages/airflow/example_dags/example_complex.py took 0.054 seconds
