[2025-04-02T06:12:20.997+0000] {processor.py:186} INFO - Started process (PID=111) to work on /home/airflow/.local/lib/python3.12/site-packages/airflow/example_dags/example_branch_day_of_week_operator.py
[2025-04-02T06:12:20.998+0000] {processor.py:914} INFO - Processing file /home/airflow/.local/lib/python3.12/site-packages/airflow/example_dags/example_branch_day_of_week_operator.py for tasks to queue
[2025-04-02T06:12:20.999+0000] {logging_mixin.py:190} INFO - [2025-04-02T06:12:20.999+0000] {dagbag.py:588} INFO - Filling up the DagBag from /home/airflow/.local/lib/python3.12/site-packages/airflow/example_dags/example_branch_day_of_week_operator.py
[2025-04-02T06:12:21.006+0000] {processor.py:925} INFO - DAG(s) 'example_weekday_branch_operator' retrieved from /home/airflow/.local/lib/python3.12/site-packages/airflow/example_dags/example_branch_day_of_week_operator.py
[2025-04-02T06:12:21.062+0000] {logging_mixin.py:190} INFO - [2025-04-02T06:12:21.061+0000] {override.py:1912} INFO - Created Permission View: can delete on DAG:example_weekday_branch_operator
[2025-04-02T06:12:21.066+0000] {logging_mixin.py:190} INFO - [2025-04-02T06:12:21.066+0000] {override.py:1912} INFO - Created Permission View: can read on DAG:example_weekday_branch_operator
[2025-04-02T06:12:21.069+0000] {logging_mixin.py:190} INFO - [2025-04-02T06:12:21.069+0000] {override.py:1912} INFO - Created Permission View: can edit on DAG:example_weekday_branch_operator
[2025-04-02T06:12:21.072+0000] {logging_mixin.py:190} INFO - [2025-04-02T06:12:21.072+0000] {override.py:1912} INFO - Created Permission View: can delete on DAG Run:example_weekday_branch_operator
[2025-04-02T06:12:21.074+0000] {logging_mixin.py:190} INFO - [2025-04-02T06:12:21.074+0000] {override.py:1912} INFO - Created Permission View: can create on DAG Run:example_weekday_branch_operator
[2025-04-02T06:12:21.077+0000] {logging_mixin.py:190} INFO - [2025-04-02T06:12:21.077+0000] {override.py:1912} INFO - Created Permission View: can read on DAG Run:example_weekday_branch_operator
[2025-04-02T06:12:21.080+0000] {logging_mixin.py:190} INFO - [2025-04-02T06:12:21.080+0000] {override.py:1912} INFO - Created Permission View: menu access on DAG Run:example_weekday_branch_operator
[2025-04-02T06:12:21.081+0000] {logging_mixin.py:190} INFO - [2025-04-02T06:12:21.081+0000] {dag.py:3239} INFO - Sync 1 DAGs
[2025-04-02T06:12:21.087+0000] {logging_mixin.py:190} INFO - [2025-04-02T06:12:21.087+0000] {dag.py:3262} INFO - Creating ORM DAG for example_weekday_branch_operator
[2025-04-02T06:12:21.093+0000] {logging_mixin.py:190} INFO - [2025-04-02T06:12:21.093+0000] {dag.py:4180} INFO - Setting next_dagrun for example_weekday_branch_operator to 2025-04-01 00:00:00+00:00, run_after=2025-04-02 00:00:00+00:00
[2025-04-02T06:12:21.101+0000] {processor.py:208} INFO - Processing /home/airflow/.local/lib/python3.12/site-packages/airflow/example_dags/example_branch_day_of_week_operator.py took 0.107 seconds
[2025-04-02T06:12:51.533+0000] {processor.py:186} INFO - Started process (PID=174) to work on /home/airflow/.local/lib/python3.12/site-packages/airflow/example_dags/example_branch_day_of_week_operator.py
[2025-04-02T06:12:51.534+0000] {processor.py:914} INFO - Processing file /home/airflow/.local/lib/python3.12/site-packages/airflow/example_dags/example_branch_day_of_week_operator.py for tasks to queue
[2025-04-02T06:12:51.538+0000] {logging_mixin.py:190} INFO - [2025-04-02T06:12:51.538+0000] {dagbag.py:588} INFO - Filling up the DagBag from /home/airflow/.local/lib/python3.12/site-packages/airflow/example_dags/example_branch_day_of_week_operator.py
[2025-04-02T06:12:51.543+0000] {processor.py:925} INFO - DAG(s) 'example_weekday_branch_operator' retrieved from /home/airflow/.local/lib/python3.12/site-packages/airflow/example_dags/example_branch_day_of_week_operator.py
[2025-04-02T06:12:51.554+0000] {logging_mixin.py:190} INFO - [2025-04-02T06:12:51.554+0000] {dag.py:3239} INFO - Sync 1 DAGs
[2025-04-02T06:12:51.565+0000] {logging_mixin.py:190} INFO - [2025-04-02T06:12:51.565+0000] {dag.py:4180} INFO - Setting next_dagrun for example_weekday_branch_operator to 2025-04-01 00:00:00+00:00, run_after=2025-04-02 00:00:00+00:00
[2025-04-02T06:12:51.574+0000] {processor.py:208} INFO - Processing /home/airflow/.local/lib/python3.12/site-packages/airflow/example_dags/example_branch_day_of_week_operator.py took 0.044 seconds
[2025-04-02T06:13:21.904+0000] {processor.py:186} INFO - Started process (PID=237) to work on /home/airflow/.local/lib/python3.12/site-packages/airflow/example_dags/example_branch_day_of_week_operator.py
[2025-04-02T06:13:21.905+0000] {processor.py:914} INFO - Processing file /home/airflow/.local/lib/python3.12/site-packages/airflow/example_dags/example_branch_day_of_week_operator.py for tasks to queue
[2025-04-02T06:13:21.906+0000] {logging_mixin.py:190} INFO - [2025-04-02T06:13:21.906+0000] {dagbag.py:588} INFO - Filling up the DagBag from /home/airflow/.local/lib/python3.12/site-packages/airflow/example_dags/example_branch_day_of_week_operator.py
[2025-04-02T06:13:21.914+0000] {processor.py:925} INFO - DAG(s) 'example_weekday_branch_operator' retrieved from /home/airflow/.local/lib/python3.12/site-packages/airflow/example_dags/example_branch_day_of_week_operator.py
[2025-04-02T06:13:21.931+0000] {logging_mixin.py:190} INFO - [2025-04-02T06:13:21.931+0000] {dag.py:3239} INFO - Sync 1 DAGs
[2025-04-02T06:13:21.983+0000] {logging_mixin.py:190} INFO - [2025-04-02T06:13:21.983+0000] {dag.py:4180} INFO - Setting next_dagrun for example_weekday_branch_operator to 2025-04-01 00:00:00+00:00, run_after=2025-04-02 00:00:00+00:00
[2025-04-02T06:13:22.003+0000] {processor.py:208} INFO - Processing /home/airflow/.local/lib/python3.12/site-packages/airflow/example_dags/example_branch_day_of_week_operator.py took 0.103 seconds
[2025-04-02T06:13:52.077+0000] {processor.py:186} INFO - Started process (PID=299) to work on /home/airflow/.local/lib/python3.12/site-packages/airflow/example_dags/example_branch_day_of_week_operator.py
[2025-04-02T06:13:52.078+0000] {processor.py:914} INFO - Processing file /home/airflow/.local/lib/python3.12/site-packages/airflow/example_dags/example_branch_day_of_week_operator.py for tasks to queue
[2025-04-02T06:13:52.080+0000] {logging_mixin.py:190} INFO - [2025-04-02T06:13:52.080+0000] {dagbag.py:588} INFO - Filling up the DagBag from /home/airflow/.local/lib/python3.12/site-packages/airflow/example_dags/example_branch_day_of_week_operator.py
[2025-04-02T06:13:52.086+0000] {processor.py:925} INFO - DAG(s) 'example_weekday_branch_operator' retrieved from /home/airflow/.local/lib/python3.12/site-packages/airflow/example_dags/example_branch_day_of_week_operator.py
[2025-04-02T06:13:52.097+0000] {logging_mixin.py:190} INFO - [2025-04-02T06:13:52.097+0000] {dag.py:3239} INFO - Sync 1 DAGs
[2025-04-02T06:13:52.109+0000] {logging_mixin.py:190} INFO - [2025-04-02T06:13:52.109+0000] {dag.py:4180} INFO - Setting next_dagrun for example_weekday_branch_operator to 2025-04-01 00:00:00+00:00, run_after=2025-04-02 00:00:00+00:00
[2025-04-02T06:13:52.118+0000] {processor.py:208} INFO - Processing /home/airflow/.local/lib/python3.12/site-packages/airflow/example_dags/example_branch_day_of_week_operator.py took 0.044 seconds
[2025-04-02T06:14:22.680+0000] {processor.py:186} INFO - Started process (PID=362) to work on /home/airflow/.local/lib/python3.12/site-packages/airflow/example_dags/example_branch_day_of_week_operator.py
[2025-04-02T06:14:22.681+0000] {processor.py:914} INFO - Processing file /home/airflow/.local/lib/python3.12/site-packages/airflow/example_dags/example_branch_day_of_week_operator.py for tasks to queue
[2025-04-02T06:14:22.682+0000] {logging_mixin.py:190} INFO - [2025-04-02T06:14:22.682+0000] {dagbag.py:588} INFO - Filling up the DagBag from /home/airflow/.local/lib/python3.12/site-packages/airflow/example_dags/example_branch_day_of_week_operator.py
[2025-04-02T06:14:22.688+0000] {processor.py:925} INFO - DAG(s) 'example_weekday_branch_operator' retrieved from /home/airflow/.local/lib/python3.12/site-packages/airflow/example_dags/example_branch_day_of_week_operator.py
[2025-04-02T06:14:22.699+0000] {logging_mixin.py:190} INFO - [2025-04-02T06:14:22.699+0000] {dag.py:3239} INFO - Sync 1 DAGs
[2025-04-02T06:14:22.712+0000] {logging_mixin.py:190} INFO - [2025-04-02T06:14:22.712+0000] {dag.py:4180} INFO - Setting next_dagrun for example_weekday_branch_operator to 2025-04-01 00:00:00+00:00, run_after=2025-04-02 00:00:00+00:00
[2025-04-02T06:14:22.722+0000] {processor.py:208} INFO - Processing /home/airflow/.local/lib/python3.12/site-packages/airflow/example_dags/example_branch_day_of_week_operator.py took 0.046 seconds
[2025-04-02T06:14:54.024+0000] {processor.py:186} INFO - Started process (PID=425) to work on /home/airflow/.local/lib/python3.12/site-packages/airflow/example_dags/example_branch_day_of_week_operator.py
[2025-04-02T06:14:54.024+0000] {processor.py:914} INFO - Processing file /home/airflow/.local/lib/python3.12/site-packages/airflow/example_dags/example_branch_day_of_week_operator.py for tasks to queue
[2025-04-02T06:14:54.026+0000] {logging_mixin.py:190} INFO - [2025-04-02T06:14:54.026+0000] {dagbag.py:588} INFO - Filling up the DagBag from /home/airflow/.local/lib/python3.12/site-packages/airflow/example_dags/example_branch_day_of_week_operator.py
[2025-04-02T06:14:54.032+0000] {processor.py:925} INFO - DAG(s) 'example_weekday_branch_operator' retrieved from /home/airflow/.local/lib/python3.12/site-packages/airflow/example_dags/example_branch_day_of_week_operator.py
[2025-04-02T06:14:54.047+0000] {logging_mixin.py:190} INFO - [2025-04-02T06:14:54.047+0000] {dag.py:3239} INFO - Sync 1 DAGs
[2025-04-02T06:14:54.062+0000] {logging_mixin.py:190} INFO - [2025-04-02T06:14:54.062+0000] {dag.py:4180} INFO - Setting next_dagrun for example_weekday_branch_operator to 2025-04-01 00:00:00+00:00, run_after=2025-04-02 00:00:00+00:00
[2025-04-02T06:14:54.083+0000] {processor.py:208} INFO - Processing /home/airflow/.local/lib/python3.12/site-packages/airflow/example_dags/example_branch_day_of_week_operator.py took 0.062 seconds
[2025-04-02T06:15:24.607+0000] {processor.py:186} INFO - Started process (PID=488) to work on /home/airflow/.local/lib/python3.12/site-packages/airflow/example_dags/example_branch_day_of_week_operator.py
[2025-04-02T06:15:24.607+0000] {processor.py:914} INFO - Processing file /home/airflow/.local/lib/python3.12/site-packages/airflow/example_dags/example_branch_day_of_week_operator.py for tasks to queue
[2025-04-02T06:15:24.609+0000] {logging_mixin.py:190} INFO - [2025-04-02T06:15:24.609+0000] {dagbag.py:588} INFO - Filling up the DagBag from /home/airflow/.local/lib/python3.12/site-packages/airflow/example_dags/example_branch_day_of_week_operator.py
[2025-04-02T06:15:24.615+0000] {processor.py:925} INFO - DAG(s) 'example_weekday_branch_operator' retrieved from /home/airflow/.local/lib/python3.12/site-packages/airflow/example_dags/example_branch_day_of_week_operator.py
[2025-04-02T06:15:24.627+0000] {logging_mixin.py:190} INFO - [2025-04-02T06:15:24.627+0000] {dag.py:3239} INFO - Sync 1 DAGs
[2025-04-02T06:15:24.646+0000] {logging_mixin.py:190} INFO - [2025-04-02T06:15:24.646+0000] {dag.py:4180} INFO - Setting next_dagrun for example_weekday_branch_operator to 2025-04-01 00:00:00+00:00, run_after=2025-04-02 00:00:00+00:00
[2025-04-02T06:15:24.662+0000] {processor.py:208} INFO - Processing /home/airflow/.local/lib/python3.12/site-packages/airflow/example_dags/example_branch_day_of_week_operator.py took 0.058 seconds
[2025-04-02T06:15:55.537+0000] {processor.py:186} INFO - Started process (PID=551) to work on /home/airflow/.local/lib/python3.12/site-packages/airflow/example_dags/example_branch_day_of_week_operator.py
[2025-04-02T06:15:55.538+0000] {processor.py:914} INFO - Processing file /home/airflow/.local/lib/python3.12/site-packages/airflow/example_dags/example_branch_day_of_week_operator.py for tasks to queue
[2025-04-02T06:15:55.539+0000] {logging_mixin.py:190} INFO - [2025-04-02T06:15:55.539+0000] {dagbag.py:588} INFO - Filling up the DagBag from /home/airflow/.local/lib/python3.12/site-packages/airflow/example_dags/example_branch_day_of_week_operator.py
[2025-04-02T06:15:55.544+0000] {processor.py:925} INFO - DAG(s) 'example_weekday_branch_operator' retrieved from /home/airflow/.local/lib/python3.12/site-packages/airflow/example_dags/example_branch_day_of_week_operator.py
[2025-04-02T06:15:55.555+0000] {logging_mixin.py:190} INFO - [2025-04-02T06:15:55.555+0000] {dag.py:3239} INFO - Sync 1 DAGs
[2025-04-02T06:15:55.568+0000] {logging_mixin.py:190} INFO - [2025-04-02T06:15:55.568+0000] {dag.py:4180} INFO - Setting next_dagrun for example_weekday_branch_operator to 2025-04-01 00:00:00+00:00, run_after=2025-04-02 00:00:00+00:00
[2025-04-02T06:15:55.577+0000] {processor.py:208} INFO - Processing /home/airflow/.local/lib/python3.12/site-packages/airflow/example_dags/example_branch_day_of_week_operator.py took 0.043 seconds
[2025-04-02T06:18:06.816+0000] {processor.py:186} INFO - Started process (PID=110) to work on /home/airflow/.local/lib/python3.12/site-packages/airflow/example_dags/example_branch_day_of_week_operator.py
[2025-04-02T06:18:06.821+0000] {processor.py:914} INFO - Processing file /home/airflow/.local/lib/python3.12/site-packages/airflow/example_dags/example_branch_day_of_week_operator.py for tasks to queue
[2025-04-02T06:18:06.825+0000] {logging_mixin.py:190} INFO - [2025-04-02T06:18:06.824+0000] {dagbag.py:588} INFO - Filling up the DagBag from /home/airflow/.local/lib/python3.12/site-packages/airflow/example_dags/example_branch_day_of_week_operator.py
[2025-04-02T06:18:06.841+0000] {processor.py:925} INFO - DAG(s) 'example_weekday_branch_operator' retrieved from /home/airflow/.local/lib/python3.12/site-packages/airflow/example_dags/example_branch_day_of_week_operator.py
[2025-04-02T06:18:06.862+0000] {logging_mixin.py:190} INFO - [2025-04-02T06:18:06.862+0000] {dag.py:3239} INFO - Sync 1 DAGs
[2025-04-02T06:18:06.880+0000] {logging_mixin.py:190} INFO - [2025-04-02T06:18:06.880+0000] {dag.py:4180} INFO - Setting next_dagrun for example_weekday_branch_operator to 2025-04-01 00:00:00+00:00, run_after=2025-04-02 00:00:00+00:00
[2025-04-02T06:18:06.893+0000] {processor.py:208} INFO - Processing /home/airflow/.local/lib/python3.12/site-packages/airflow/example_dags/example_branch_day_of_week_operator.py took 0.093 seconds
[2025-04-02T06:18:37.262+0000] {processor.py:186} INFO - Started process (PID=173) to work on /home/airflow/.local/lib/python3.12/site-packages/airflow/example_dags/example_branch_day_of_week_operator.py
[2025-04-02T06:18:37.263+0000] {processor.py:914} INFO - Processing file /home/airflow/.local/lib/python3.12/site-packages/airflow/example_dags/example_branch_day_of_week_operator.py for tasks to queue
[2025-04-02T06:18:37.264+0000] {logging_mixin.py:190} INFO - [2025-04-02T06:18:37.264+0000] {dagbag.py:588} INFO - Filling up the DagBag from /home/airflow/.local/lib/python3.12/site-packages/airflow/example_dags/example_branch_day_of_week_operator.py
[2025-04-02T06:18:37.275+0000] {processor.py:925} INFO - DAG(s) 'example_weekday_branch_operator' retrieved from /home/airflow/.local/lib/python3.12/site-packages/airflow/example_dags/example_branch_day_of_week_operator.py
[2025-04-02T06:18:37.286+0000] {logging_mixin.py:190} INFO - [2025-04-02T06:18:37.286+0000] {dag.py:3239} INFO - Sync 1 DAGs
[2025-04-02T06:18:37.299+0000] {logging_mixin.py:190} INFO - [2025-04-02T06:18:37.299+0000] {dag.py:4180} INFO - Setting next_dagrun for example_weekday_branch_operator to 2025-04-01 00:00:00+00:00, run_after=2025-04-02 00:00:00+00:00
[2025-04-02T06:18:37.309+0000] {processor.py:208} INFO - Processing /home/airflow/.local/lib/python3.12/site-packages/airflow/example_dags/example_branch_day_of_week_operator.py took 0.051 seconds
[2025-04-02T06:19:07.619+0000] {processor.py:186} INFO - Started process (PID=236) to work on /home/airflow/.local/lib/python3.12/site-packages/airflow/example_dags/example_branch_day_of_week_operator.py
[2025-04-02T06:19:07.620+0000] {processor.py:914} INFO - Processing file /home/airflow/.local/lib/python3.12/site-packages/airflow/example_dags/example_branch_day_of_week_operator.py for tasks to queue
[2025-04-02T06:19:07.621+0000] {logging_mixin.py:190} INFO - [2025-04-02T06:19:07.621+0000] {dagbag.py:588} INFO - Filling up the DagBag from /home/airflow/.local/lib/python3.12/site-packages/airflow/example_dags/example_branch_day_of_week_operator.py
[2025-04-02T06:19:07.627+0000] {processor.py:925} INFO - DAG(s) 'example_weekday_branch_operator' retrieved from /home/airflow/.local/lib/python3.12/site-packages/airflow/example_dags/example_branch_day_of_week_operator.py
[2025-04-02T06:19:07.639+0000] {logging_mixin.py:190} INFO - [2025-04-02T06:19:07.638+0000] {dag.py:3239} INFO - Sync 1 DAGs
[2025-04-02T06:19:07.652+0000] {logging_mixin.py:190} INFO - [2025-04-02T06:19:07.652+0000] {dag.py:4180} INFO - Setting next_dagrun for example_weekday_branch_operator to 2025-04-01 00:00:00+00:00, run_after=2025-04-02 00:00:00+00:00
[2025-04-02T06:19:07.665+0000] {processor.py:208} INFO - Processing /home/airflow/.local/lib/python3.12/site-packages/airflow/example_dags/example_branch_day_of_week_operator.py took 0.049 seconds
[2025-04-02T06:19:38.899+0000] {processor.py:186} INFO - Started process (PID=299) to work on /home/airflow/.local/lib/python3.12/site-packages/airflow/example_dags/example_branch_day_of_week_operator.py
[2025-04-02T06:19:38.900+0000] {processor.py:914} INFO - Processing file /home/airflow/.local/lib/python3.12/site-packages/airflow/example_dags/example_branch_day_of_week_operator.py for tasks to queue
[2025-04-02T06:19:38.902+0000] {logging_mixin.py:190} INFO - [2025-04-02T06:19:38.901+0000] {dagbag.py:588} INFO - Filling up the DagBag from /home/airflow/.local/lib/python3.12/site-packages/airflow/example_dags/example_branch_day_of_week_operator.py
[2025-04-02T06:19:38.908+0000] {processor.py:925} INFO - DAG(s) 'example_weekday_branch_operator' retrieved from /home/airflow/.local/lib/python3.12/site-packages/airflow/example_dags/example_branch_day_of_week_operator.py
[2025-04-02T06:19:38.921+0000] {logging_mixin.py:190} INFO - [2025-04-02T06:19:38.921+0000] {dag.py:3239} INFO - Sync 1 DAGs
[2025-04-02T06:19:38.938+0000] {logging_mixin.py:190} INFO - [2025-04-02T06:19:38.938+0000] {dag.py:4180} INFO - Setting next_dagrun for example_weekday_branch_operator to 2025-04-01 00:00:00+00:00, run_after=2025-04-02 00:00:00+00:00
[2025-04-02T06:19:38.947+0000] {processor.py:208} INFO - Processing /home/airflow/.local/lib/python3.12/site-packages/airflow/example_dags/example_branch_day_of_week_operator.py took 0.051 seconds
[2025-04-02T06:20:10.042+0000] {processor.py:186} INFO - Started process (PID=362) to work on /home/airflow/.local/lib/python3.12/site-packages/airflow/example_dags/example_branch_day_of_week_operator.py
[2025-04-02T06:20:10.042+0000] {processor.py:914} INFO - Processing file /home/airflow/.local/lib/python3.12/site-packages/airflow/example_dags/example_branch_day_of_week_operator.py for tasks to queue
[2025-04-02T06:20:10.044+0000] {logging_mixin.py:190} INFO - [2025-04-02T06:20:10.044+0000] {dagbag.py:588} INFO - Filling up the DagBag from /home/airflow/.local/lib/python3.12/site-packages/airflow/example_dags/example_branch_day_of_week_operator.py
[2025-04-02T06:20:10.049+0000] {processor.py:925} INFO - DAG(s) 'example_weekday_branch_operator' retrieved from /home/airflow/.local/lib/python3.12/site-packages/airflow/example_dags/example_branch_day_of_week_operator.py
[2025-04-02T06:20:10.060+0000] {logging_mixin.py:190} INFO - [2025-04-02T06:20:10.060+0000] {dag.py:3239} INFO - Sync 1 DAGs
[2025-04-02T06:20:10.076+0000] {logging_mixin.py:190} INFO - [2025-04-02T06:20:10.076+0000] {dag.py:4180} INFO - Setting next_dagrun for example_weekday_branch_operator to 2025-04-01 00:00:00+00:00, run_after=2025-04-02 00:00:00+00:00
[2025-04-02T06:20:10.086+0000] {processor.py:208} INFO - Processing /home/airflow/.local/lib/python3.12/site-packages/airflow/example_dags/example_branch_day_of_week_operator.py took 0.048 seconds
[2025-04-02T06:20:41.211+0000] {processor.py:186} INFO - Started process (PID=425) to work on /home/airflow/.local/lib/python3.12/site-packages/airflow/example_dags/example_branch_day_of_week_operator.py
[2025-04-02T06:20:41.212+0000] {processor.py:914} INFO - Processing file /home/airflow/.local/lib/python3.12/site-packages/airflow/example_dags/example_branch_day_of_week_operator.py for tasks to queue
[2025-04-02T06:20:41.213+0000] {logging_mixin.py:190} INFO - [2025-04-02T06:20:41.213+0000] {dagbag.py:588} INFO - Filling up the DagBag from /home/airflow/.local/lib/python3.12/site-packages/airflow/example_dags/example_branch_day_of_week_operator.py
[2025-04-02T06:20:41.219+0000] {processor.py:925} INFO - DAG(s) 'example_weekday_branch_operator' retrieved from /home/airflow/.local/lib/python3.12/site-packages/airflow/example_dags/example_branch_day_of_week_operator.py
[2025-04-02T06:20:41.230+0000] {logging_mixin.py:190} INFO - [2025-04-02T06:20:41.230+0000] {dag.py:3239} INFO - Sync 1 DAGs
[2025-04-02T06:20:41.243+0000] {logging_mixin.py:190} INFO - [2025-04-02T06:20:41.243+0000] {dag.py:4180} INFO - Setting next_dagrun for example_weekday_branch_operator to 2025-04-01 00:00:00+00:00, run_after=2025-04-02 00:00:00+00:00
[2025-04-02T06:20:41.252+0000] {processor.py:208} INFO - Processing /home/airflow/.local/lib/python3.12/site-packages/airflow/example_dags/example_branch_day_of_week_operator.py took 0.045 seconds
[2025-04-02T06:21:12.616+0000] {processor.py:186} INFO - Started process (PID=488) to work on /home/airflow/.local/lib/python3.12/site-packages/airflow/example_dags/example_branch_day_of_week_operator.py
[2025-04-02T06:21:12.616+0000] {processor.py:914} INFO - Processing file /home/airflow/.local/lib/python3.12/site-packages/airflow/example_dags/example_branch_day_of_week_operator.py for tasks to queue
[2025-04-02T06:21:12.618+0000] {logging_mixin.py:190} INFO - [2025-04-02T06:21:12.618+0000] {dagbag.py:588} INFO - Filling up the DagBag from /home/airflow/.local/lib/python3.12/site-packages/airflow/example_dags/example_branch_day_of_week_operator.py
[2025-04-02T06:21:12.628+0000] {processor.py:925} INFO - DAG(s) 'example_weekday_branch_operator' retrieved from /home/airflow/.local/lib/python3.12/site-packages/airflow/example_dags/example_branch_day_of_week_operator.py
[2025-04-02T06:21:12.643+0000] {logging_mixin.py:190} INFO - [2025-04-02T06:21:12.642+0000] {dag.py:3239} INFO - Sync 1 DAGs
[2025-04-02T06:21:12.656+0000] {logging_mixin.py:190} INFO - [2025-04-02T06:21:12.655+0000] {dag.py:4180} INFO - Setting next_dagrun for example_weekday_branch_operator to 2025-04-01 00:00:00+00:00, run_after=2025-04-02 00:00:00+00:00
[2025-04-02T06:21:12.665+0000] {processor.py:208} INFO - Processing /home/airflow/.local/lib/python3.12/site-packages/airflow/example_dags/example_branch_day_of_week_operator.py took 0.055 seconds
[2025-04-02T06:21:43.789+0000] {processor.py:186} INFO - Started process (PID=550) to work on /home/airflow/.local/lib/python3.12/site-packages/airflow/example_dags/example_branch_day_of_week_operator.py
[2025-04-02T06:21:43.790+0000] {processor.py:914} INFO - Processing file /home/airflow/.local/lib/python3.12/site-packages/airflow/example_dags/example_branch_day_of_week_operator.py for tasks to queue
[2025-04-02T06:21:43.791+0000] {logging_mixin.py:190} INFO - [2025-04-02T06:21:43.791+0000] {dagbag.py:588} INFO - Filling up the DagBag from /home/airflow/.local/lib/python3.12/site-packages/airflow/example_dags/example_branch_day_of_week_operator.py
[2025-04-02T06:21:43.796+0000] {processor.py:925} INFO - DAG(s) 'example_weekday_branch_operator' retrieved from /home/airflow/.local/lib/python3.12/site-packages/airflow/example_dags/example_branch_day_of_week_operator.py
[2025-04-02T06:21:43.807+0000] {logging_mixin.py:190} INFO - [2025-04-02T06:21:43.806+0000] {dag.py:3239} INFO - Sync 1 DAGs
[2025-04-02T06:21:43.817+0000] {logging_mixin.py:190} INFO - [2025-04-02T06:21:43.817+0000] {dag.py:4180} INFO - Setting next_dagrun for example_weekday_branch_operator to 2025-04-01 00:00:00+00:00, run_after=2025-04-02 00:00:00+00:00
[2025-04-02T06:21:43.827+0000] {processor.py:208} INFO - Processing /home/airflow/.local/lib/python3.12/site-packages/airflow/example_dags/example_branch_day_of_week_operator.py took 0.041 seconds
[2025-04-02T06:22:15.556+0000] {processor.py:186} INFO - Started process (PID=613) to work on /home/airflow/.local/lib/python3.12/site-packages/airflow/example_dags/example_branch_day_of_week_operator.py
[2025-04-02T06:22:15.557+0000] {processor.py:914} INFO - Processing file /home/airflow/.local/lib/python3.12/site-packages/airflow/example_dags/example_branch_day_of_week_operator.py for tasks to queue
[2025-04-02T06:22:15.558+0000] {logging_mixin.py:190} INFO - [2025-04-02T06:22:15.558+0000] {dagbag.py:588} INFO - Filling up the DagBag from /home/airflow/.local/lib/python3.12/site-packages/airflow/example_dags/example_branch_day_of_week_operator.py
[2025-04-02T06:22:15.565+0000] {processor.py:925} INFO - DAG(s) 'example_weekday_branch_operator' retrieved from /home/airflow/.local/lib/python3.12/site-packages/airflow/example_dags/example_branch_day_of_week_operator.py
[2025-04-02T06:22:15.579+0000] {logging_mixin.py:190} INFO - [2025-04-02T06:22:15.579+0000] {dag.py:3239} INFO - Sync 1 DAGs
[2025-04-02T06:22:15.593+0000] {logging_mixin.py:190} INFO - [2025-04-02T06:22:15.593+0000] {dag.py:4180} INFO - Setting next_dagrun for example_weekday_branch_operator to 2025-04-01 00:00:00+00:00, run_after=2025-04-02 00:00:00+00:00
[2025-04-02T06:22:15.604+0000] {processor.py:208} INFO - Processing /home/airflow/.local/lib/python3.12/site-packages/airflow/example_dags/example_branch_day_of_week_operator.py took 0.052 seconds
[2025-04-02T06:22:47.236+0000] {processor.py:186} INFO - Started process (PID=676) to work on /home/airflow/.local/lib/python3.12/site-packages/airflow/example_dags/example_branch_day_of_week_operator.py
[2025-04-02T06:22:47.237+0000] {processor.py:914} INFO - Processing file /home/airflow/.local/lib/python3.12/site-packages/airflow/example_dags/example_branch_day_of_week_operator.py for tasks to queue
[2025-04-02T06:22:47.239+0000] {logging_mixin.py:190} INFO - [2025-04-02T06:22:47.239+0000] {dagbag.py:588} INFO - Filling up the DagBag from /home/airflow/.local/lib/python3.12/site-packages/airflow/example_dags/example_branch_day_of_week_operator.py
[2025-04-02T06:22:47.249+0000] {processor.py:925} INFO - DAG(s) 'example_weekday_branch_operator' retrieved from /home/airflow/.local/lib/python3.12/site-packages/airflow/example_dags/example_branch_day_of_week_operator.py
[2025-04-02T06:22:47.271+0000] {logging_mixin.py:190} INFO - [2025-04-02T06:22:47.271+0000] {dag.py:3239} INFO - Sync 1 DAGs
[2025-04-02T06:22:47.299+0000] {logging_mixin.py:190} INFO - [2025-04-02T06:22:47.299+0000] {dag.py:4180} INFO - Setting next_dagrun for example_weekday_branch_operator to 2025-04-01 00:00:00+00:00, run_after=2025-04-02 00:00:00+00:00
[2025-04-02T06:22:47.309+0000] {processor.py:208} INFO - Processing /home/airflow/.local/lib/python3.12/site-packages/airflow/example_dags/example_branch_day_of_week_operator.py took 0.077 seconds
[2025-04-02T06:23:19.112+0000] {processor.py:186} INFO - Started process (PID=741) to work on /home/airflow/.local/lib/python3.12/site-packages/airflow/example_dags/example_branch_day_of_week_operator.py
[2025-04-02T06:23:19.113+0000] {processor.py:914} INFO - Processing file /home/airflow/.local/lib/python3.12/site-packages/airflow/example_dags/example_branch_day_of_week_operator.py for tasks to queue
[2025-04-02T06:23:19.114+0000] {logging_mixin.py:190} INFO - [2025-04-02T06:23:19.114+0000] {dagbag.py:588} INFO - Filling up the DagBag from /home/airflow/.local/lib/python3.12/site-packages/airflow/example_dags/example_branch_day_of_week_operator.py
[2025-04-02T06:23:19.123+0000] {processor.py:925} INFO - DAG(s) 'example_weekday_branch_operator' retrieved from /home/airflow/.local/lib/python3.12/site-packages/airflow/example_dags/example_branch_day_of_week_operator.py
[2025-04-02T06:23:19.139+0000] {logging_mixin.py:190} INFO - [2025-04-02T06:23:19.139+0000] {dag.py:3239} INFO - Sync 1 DAGs
[2025-04-02T06:23:19.156+0000] {logging_mixin.py:190} INFO - [2025-04-02T06:23:19.155+0000] {dag.py:4180} INFO - Setting next_dagrun for example_weekday_branch_operator to 2025-04-01 00:00:00+00:00, run_after=2025-04-02 00:00:00+00:00
[2025-04-02T06:23:19.173+0000] {processor.py:208} INFO - Processing /home/airflow/.local/lib/python3.12/site-packages/airflow/example_dags/example_branch_day_of_week_operator.py took 0.065 seconds
[2025-04-02T06:23:50.098+0000] {processor.py:186} INFO - Started process (PID=805) to work on /home/airflow/.local/lib/python3.12/site-packages/airflow/example_dags/example_branch_day_of_week_operator.py
[2025-04-02T06:23:50.099+0000] {processor.py:914} INFO - Processing file /home/airflow/.local/lib/python3.12/site-packages/airflow/example_dags/example_branch_day_of_week_operator.py for tasks to queue
[2025-04-02T06:23:50.102+0000] {logging_mixin.py:190} INFO - [2025-04-02T06:23:50.101+0000] {dagbag.py:588} INFO - Filling up the DagBag from /home/airflow/.local/lib/python3.12/site-packages/airflow/example_dags/example_branch_day_of_week_operator.py
[2025-04-02T06:23:50.109+0000] {processor.py:925} INFO - DAG(s) 'example_weekday_branch_operator' retrieved from /home/airflow/.local/lib/python3.12/site-packages/airflow/example_dags/example_branch_day_of_week_operator.py
[2025-04-02T06:23:50.120+0000] {logging_mixin.py:190} INFO - [2025-04-02T06:23:50.120+0000] {dag.py:3239} INFO - Sync 1 DAGs
[2025-04-02T06:23:50.134+0000] {logging_mixin.py:190} INFO - [2025-04-02T06:23:50.134+0000] {dag.py:4180} INFO - Setting next_dagrun for example_weekday_branch_operator to 2025-04-01 00:00:00+00:00, run_after=2025-04-02 00:00:00+00:00
[2025-04-02T06:23:50.147+0000] {processor.py:208} INFO - Processing /home/airflow/.local/lib/python3.12/site-packages/airflow/example_dags/example_branch_day_of_week_operator.py took 0.053 seconds
[2025-04-02T06:24:21.498+0000] {processor.py:186} INFO - Started process (PID=871) to work on /home/airflow/.local/lib/python3.12/site-packages/airflow/example_dags/example_branch_day_of_week_operator.py
[2025-04-02T06:24:21.500+0000] {processor.py:914} INFO - Processing file /home/airflow/.local/lib/python3.12/site-packages/airflow/example_dags/example_branch_day_of_week_operator.py for tasks to queue
[2025-04-02T06:24:21.501+0000] {logging_mixin.py:190} INFO - [2025-04-02T06:24:21.501+0000] {dagbag.py:588} INFO - Filling up the DagBag from /home/airflow/.local/lib/python3.12/site-packages/airflow/example_dags/example_branch_day_of_week_operator.py
[2025-04-02T06:24:21.514+0000] {processor.py:925} INFO - DAG(s) 'example_weekday_branch_operator' retrieved from /home/airflow/.local/lib/python3.12/site-packages/airflow/example_dags/example_branch_day_of_week_operator.py
[2025-04-02T06:24:21.533+0000] {logging_mixin.py:190} INFO - [2025-04-02T06:24:21.533+0000] {dag.py:3239} INFO - Sync 1 DAGs
[2025-04-02T06:24:21.584+0000] {logging_mixin.py:190} INFO - [2025-04-02T06:24:21.584+0000] {dag.py:4180} INFO - Setting next_dagrun for example_weekday_branch_operator to 2025-04-01 00:00:00+00:00, run_after=2025-04-02 00:00:00+00:00
[2025-04-02T06:24:21.605+0000] {processor.py:208} INFO - Processing /home/airflow/.local/lib/python3.12/site-packages/airflow/example_dags/example_branch_day_of_week_operator.py took 0.118 seconds
[2025-04-02T06:24:52.102+0000] {processor.py:186} INFO - Started process (PID=936) to work on /home/airflow/.local/lib/python3.12/site-packages/airflow/example_dags/example_branch_day_of_week_operator.py
[2025-04-02T06:24:52.103+0000] {processor.py:914} INFO - Processing file /home/airflow/.local/lib/python3.12/site-packages/airflow/example_dags/example_branch_day_of_week_operator.py for tasks to queue
[2025-04-02T06:24:52.105+0000] {logging_mixin.py:190} INFO - [2025-04-02T06:24:52.104+0000] {dagbag.py:588} INFO - Filling up the DagBag from /home/airflow/.local/lib/python3.12/site-packages/airflow/example_dags/example_branch_day_of_week_operator.py
[2025-04-02T06:24:52.110+0000] {processor.py:925} INFO - DAG(s) 'example_weekday_branch_operator' retrieved from /home/airflow/.local/lib/python3.12/site-packages/airflow/example_dags/example_branch_day_of_week_operator.py
[2025-04-02T06:24:52.121+0000] {logging_mixin.py:190} INFO - [2025-04-02T06:24:52.121+0000] {dag.py:3239} INFO - Sync 1 DAGs
[2025-04-02T06:24:52.136+0000] {logging_mixin.py:190} INFO - [2025-04-02T06:24:52.135+0000] {dag.py:4180} INFO - Setting next_dagrun for example_weekday_branch_operator to 2025-04-01 00:00:00+00:00, run_after=2025-04-02 00:00:00+00:00
[2025-04-02T06:24:52.150+0000] {processor.py:208} INFO - Processing /home/airflow/.local/lib/python3.12/site-packages/airflow/example_dags/example_branch_day_of_week_operator.py took 0.051 seconds
[2025-04-02T06:25:23.340+0000] {processor.py:186} INFO - Started process (PID=1004) to work on /home/airflow/.local/lib/python3.12/site-packages/airflow/example_dags/example_branch_day_of_week_operator.py
[2025-04-02T06:25:23.342+0000] {processor.py:914} INFO - Processing file /home/airflow/.local/lib/python3.12/site-packages/airflow/example_dags/example_branch_day_of_week_operator.py for tasks to queue
[2025-04-02T06:25:23.344+0000] {logging_mixin.py:190} INFO - [2025-04-02T06:25:23.344+0000] {dagbag.py:588} INFO - Filling up the DagBag from /home/airflow/.local/lib/python3.12/site-packages/airflow/example_dags/example_branch_day_of_week_operator.py
[2025-04-02T06:25:23.350+0000] {processor.py:925} INFO - DAG(s) 'example_weekday_branch_operator' retrieved from /home/airflow/.local/lib/python3.12/site-packages/airflow/example_dags/example_branch_day_of_week_operator.py
[2025-04-02T06:25:23.364+0000] {logging_mixin.py:190} INFO - [2025-04-02T06:25:23.363+0000] {dag.py:3239} INFO - Sync 1 DAGs
[2025-04-02T06:25:23.375+0000] {logging_mixin.py:190} INFO - [2025-04-02T06:25:23.375+0000] {dag.py:4180} INFO - Setting next_dagrun for example_weekday_branch_operator to 2025-04-01 00:00:00+00:00, run_after=2025-04-02 00:00:00+00:00
[2025-04-02T06:25:23.389+0000] {processor.py:208} INFO - Processing /home/airflow/.local/lib/python3.12/site-packages/airflow/example_dags/example_branch_day_of_week_operator.py took 0.053 seconds
[2025-04-02T06:25:53.868+0000] {processor.py:186} INFO - Started process (PID=1068) to work on /home/airflow/.local/lib/python3.12/site-packages/airflow/example_dags/example_branch_day_of_week_operator.py
[2025-04-02T06:25:53.868+0000] {processor.py:914} INFO - Processing file /home/airflow/.local/lib/python3.12/site-packages/airflow/example_dags/example_branch_day_of_week_operator.py for tasks to queue
[2025-04-02T06:25:53.870+0000] {logging_mixin.py:190} INFO - [2025-04-02T06:25:53.870+0000] {dagbag.py:588} INFO - Filling up the DagBag from /home/airflow/.local/lib/python3.12/site-packages/airflow/example_dags/example_branch_day_of_week_operator.py
[2025-04-02T06:25:53.876+0000] {processor.py:925} INFO - DAG(s) 'example_weekday_branch_operator' retrieved from /home/airflow/.local/lib/python3.12/site-packages/airflow/example_dags/example_branch_day_of_week_operator.py
[2025-04-02T06:25:53.889+0000] {logging_mixin.py:190} INFO - [2025-04-02T06:25:53.889+0000] {dag.py:3239} INFO - Sync 1 DAGs
[2025-04-02T06:25:53.900+0000] {logging_mixin.py:190} INFO - [2025-04-02T06:25:53.900+0000] {dag.py:4180} INFO - Setting next_dagrun for example_weekday_branch_operator to 2025-04-01 00:00:00+00:00, run_after=2025-04-02 00:00:00+00:00
[2025-04-02T06:25:53.910+0000] {processor.py:208} INFO - Processing /home/airflow/.local/lib/python3.12/site-packages/airflow/example_dags/example_branch_day_of_week_operator.py took 0.046 seconds
[2025-04-02T06:26:25.303+0000] {processor.py:186} INFO - Started process (PID=1137) to work on /home/airflow/.local/lib/python3.12/site-packages/airflow/example_dags/example_branch_day_of_week_operator.py
[2025-04-02T06:26:25.304+0000] {processor.py:914} INFO - Processing file /home/airflow/.local/lib/python3.12/site-packages/airflow/example_dags/example_branch_day_of_week_operator.py for tasks to queue
[2025-04-02T06:26:25.306+0000] {logging_mixin.py:190} INFO - [2025-04-02T06:26:25.306+0000] {dagbag.py:588} INFO - Filling up the DagBag from /home/airflow/.local/lib/python3.12/site-packages/airflow/example_dags/example_branch_day_of_week_operator.py
[2025-04-02T06:26:25.312+0000] {processor.py:925} INFO - DAG(s) 'example_weekday_branch_operator' retrieved from /home/airflow/.local/lib/python3.12/site-packages/airflow/example_dags/example_branch_day_of_week_operator.py
[2025-04-02T06:26:25.323+0000] {logging_mixin.py:190} INFO - [2025-04-02T06:26:25.323+0000] {dag.py:3239} INFO - Sync 1 DAGs
[2025-04-02T06:26:25.335+0000] {logging_mixin.py:190} INFO - [2025-04-02T06:26:25.335+0000] {dag.py:4180} INFO - Setting next_dagrun for example_weekday_branch_operator to 2025-04-01 00:00:00+00:00, run_after=2025-04-02 00:00:00+00:00
[2025-04-02T06:26:25.345+0000] {processor.py:208} INFO - Processing /home/airflow/.local/lib/python3.12/site-packages/airflow/example_dags/example_branch_day_of_week_operator.py took 0.045 seconds
[2025-04-02T06:26:56.930+0000] {processor.py:186} INFO - Started process (PID=1206) to work on /home/airflow/.local/lib/python3.12/site-packages/airflow/example_dags/example_branch_day_of_week_operator.py
[2025-04-02T06:26:56.931+0000] {processor.py:914} INFO - Processing file /home/airflow/.local/lib/python3.12/site-packages/airflow/example_dags/example_branch_day_of_week_operator.py for tasks to queue
[2025-04-02T06:26:56.933+0000] {logging_mixin.py:190} INFO - [2025-04-02T06:26:56.933+0000] {dagbag.py:588} INFO - Filling up the DagBag from /home/airflow/.local/lib/python3.12/site-packages/airflow/example_dags/example_branch_day_of_week_operator.py
[2025-04-02T06:26:56.940+0000] {processor.py:925} INFO - DAG(s) 'example_weekday_branch_operator' retrieved from /home/airflow/.local/lib/python3.12/site-packages/airflow/example_dags/example_branch_day_of_week_operator.py
[2025-04-02T06:26:56.951+0000] {logging_mixin.py:190} INFO - [2025-04-02T06:26:56.951+0000] {dag.py:3239} INFO - Sync 1 DAGs
[2025-04-02T06:26:56.964+0000] {logging_mixin.py:190} INFO - [2025-04-02T06:26:56.963+0000] {dag.py:4180} INFO - Setting next_dagrun for example_weekday_branch_operator to 2025-04-01 00:00:00+00:00, run_after=2025-04-02 00:00:00+00:00
[2025-04-02T06:26:56.974+0000] {processor.py:208} INFO - Processing /home/airflow/.local/lib/python3.12/site-packages/airflow/example_dags/example_branch_day_of_week_operator.py took 0.047 seconds
[2025-04-02T06:27:27.687+0000] {processor.py:186} INFO - Started process (PID=1272) to work on /home/airflow/.local/lib/python3.12/site-packages/airflow/example_dags/example_branch_day_of_week_operator.py
[2025-04-02T06:27:27.688+0000] {processor.py:914} INFO - Processing file /home/airflow/.local/lib/python3.12/site-packages/airflow/example_dags/example_branch_day_of_week_operator.py for tasks to queue
[2025-04-02T06:27:27.691+0000] {logging_mixin.py:190} INFO - [2025-04-02T06:27:27.690+0000] {dagbag.py:588} INFO - Filling up the DagBag from /home/airflow/.local/lib/python3.12/site-packages/airflow/example_dags/example_branch_day_of_week_operator.py
[2025-04-02T06:27:27.697+0000] {processor.py:925} INFO - DAG(s) 'example_weekday_branch_operator' retrieved from /home/airflow/.local/lib/python3.12/site-packages/airflow/example_dags/example_branch_day_of_week_operator.py
[2025-04-02T06:27:27.708+0000] {logging_mixin.py:190} INFO - [2025-04-02T06:27:27.708+0000] {dag.py:3239} INFO - Sync 1 DAGs
[2025-04-02T06:27:27.721+0000] {logging_mixin.py:190} INFO - [2025-04-02T06:27:27.721+0000] {dag.py:4180} INFO - Setting next_dagrun for example_weekday_branch_operator to 2025-04-01 00:00:00+00:00, run_after=2025-04-02 00:00:00+00:00
[2025-04-02T06:27:27.732+0000] {processor.py:208} INFO - Processing /home/airflow/.local/lib/python3.12/site-packages/airflow/example_dags/example_branch_day_of_week_operator.py took 0.048 seconds
[2025-04-02T06:27:58.368+0000] {processor.py:186} INFO - Started process (PID=1340) to work on /home/airflow/.local/lib/python3.12/site-packages/airflow/example_dags/example_branch_day_of_week_operator.py
[2025-04-02T06:27:58.369+0000] {processor.py:914} INFO - Processing file /home/airflow/.local/lib/python3.12/site-packages/airflow/example_dags/example_branch_day_of_week_operator.py for tasks to queue
[2025-04-02T06:27:58.369+0000] {logging_mixin.py:190} INFO - [2025-04-02T06:27:58.369+0000] {dagbag.py:588} INFO - Filling up the DagBag from /home/airflow/.local/lib/python3.12/site-packages/airflow/example_dags/example_branch_day_of_week_operator.py
[2025-04-02T06:27:58.375+0000] {processor.py:925} INFO - DAG(s) 'example_weekday_branch_operator' retrieved from /home/airflow/.local/lib/python3.12/site-packages/airflow/example_dags/example_branch_day_of_week_operator.py
[2025-04-02T06:27:58.386+0000] {logging_mixin.py:190} INFO - [2025-04-02T06:27:58.386+0000] {dag.py:3239} INFO - Sync 1 DAGs
[2025-04-02T06:27:58.404+0000] {logging_mixin.py:190} INFO - [2025-04-02T06:27:58.404+0000] {dag.py:4180} INFO - Setting next_dagrun for example_weekday_branch_operator to 2025-04-01 00:00:00+00:00, run_after=2025-04-02 00:00:00+00:00
[2025-04-02T06:27:58.413+0000] {processor.py:208} INFO - Processing /home/airflow/.local/lib/python3.12/site-packages/airflow/example_dags/example_branch_day_of_week_operator.py took 0.049 seconds
