[2025-04-02T06:12:17.435+0000] {processor.py:186} INFO - Started process (PID=91) to work on /home/airflow/.local/lib/python3.12/site-packages/airflow/example_dags/example_inlet_event_extra.py
[2025-04-02T06:12:17.436+0000] {processor.py:914} INFO - Processing file /home/airflow/.local/lib/python3.12/site-packages/airflow/example_dags/example_inlet_event_extra.py for tasks to queue
[2025-04-02T06:12:17.438+0000] {logging_mixin.py:190} INFO - [2025-04-02T06:12:17.438+0000] {dagbag.py:588} INFO - Filling up the DagBag from /home/airflow/.local/lib/python3.12/site-packages/airflow/example_dags/example_inlet_event_extra.py
[2025-04-02T06:12:18.548+0000] {processor.py:925} INFO - DAG(s) 'read_dataset_event', 'read_dataset_event_from_classic' retrieved from /home/airflow/.local/lib/python3.12/site-packages/airflow/example_dags/example_inlet_event_extra.py
[2025-04-02T06:12:18.726+0000] {logging_mixin.py:190} INFO - [2025-04-02T06:12:18.725+0000] {override.py:1912} INFO - Created Permission View: can delete on DAG:read_dataset_event
[2025-04-02T06:12:18.733+0000] {logging_mixin.py:190} INFO - [2025-04-02T06:12:18.733+0000] {override.py:1912} INFO - Created Permission View: can read on DAG:read_dataset_event
[2025-04-02T06:12:18.738+0000] {logging_mixin.py:190} INFO - [2025-04-02T06:12:18.738+0000] {override.py:1912} INFO - Created Permission View: can edit on DAG:read_dataset_event
[2025-04-02T06:12:18.742+0000] {logging_mixin.py:190} INFO - [2025-04-02T06:12:18.742+0000] {override.py:1912} INFO - Created Permission View: can delete on DAG Run:read_dataset_event
[2025-04-02T06:12:18.746+0000] {logging_mixin.py:190} INFO - [2025-04-02T06:12:18.746+0000] {override.py:1912} INFO - Created Permission View: can create on DAG Run:read_dataset_event
[2025-04-02T06:12:18.751+0000] {logging_mixin.py:190} INFO - [2025-04-02T06:12:18.750+0000] {override.py:1912} INFO - Created Permission View: can read on DAG Run:read_dataset_event
[2025-04-02T06:12:18.763+0000] {logging_mixin.py:190} INFO - [2025-04-02T06:12:18.763+0000] {override.py:1912} INFO - Created Permission View: menu access on DAG Run:read_dataset_event
[2025-04-02T06:12:18.779+0000] {logging_mixin.py:190} INFO - [2025-04-02T06:12:18.779+0000] {override.py:1912} INFO - Created Permission View: can delete on DAG:read_dataset_event_from_classic
[2025-04-02T06:12:18.784+0000] {logging_mixin.py:190} INFO - [2025-04-02T06:12:18.784+0000] {override.py:1912} INFO - Created Permission View: can read on DAG:read_dataset_event_from_classic
[2025-04-02T06:12:18.788+0000] {logging_mixin.py:190} INFO - [2025-04-02T06:12:18.788+0000] {override.py:1912} INFO - Created Permission View: can edit on DAG:read_dataset_event_from_classic
[2025-04-02T06:12:18.793+0000] {logging_mixin.py:190} INFO - [2025-04-02T06:12:18.793+0000] {override.py:1912} INFO - Created Permission View: can delete on DAG Run:read_dataset_event_from_classic
[2025-04-02T06:12:18.798+0000] {logging_mixin.py:190} INFO - [2025-04-02T06:12:18.797+0000] {override.py:1912} INFO - Created Permission View: can create on DAG Run:read_dataset_event_from_classic
[2025-04-02T06:12:18.806+0000] {logging_mixin.py:190} INFO - [2025-04-02T06:12:18.805+0000] {override.py:1912} INFO - Created Permission View: can read on DAG Run:read_dataset_event_from_classic
[2025-04-02T06:12:18.812+0000] {logging_mixin.py:190} INFO - [2025-04-02T06:12:18.812+0000] {override.py:1912} INFO - Created Permission View: menu access on DAG Run:read_dataset_event_from_classic
[2025-04-02T06:12:18.813+0000] {logging_mixin.py:190} INFO - [2025-04-02T06:12:18.813+0000] {dag.py:3239} INFO - Sync 2 DAGs
[2025-04-02T06:12:18.834+0000] {logging_mixin.py:190} INFO - [2025-04-02T06:12:18.834+0000] {dag.py:3262} INFO - Creating ORM DAG for read_dataset_event_from_classic
[2025-04-02T06:12:18.835+0000] {logging_mixin.py:190} INFO - [2025-04-02T06:12:18.835+0000] {dag.py:3262} INFO - Creating ORM DAG for read_dataset_event
[2025-04-02T06:12:18.845+0000] {logging_mixin.py:190} INFO - [2025-04-02T06:12:18.845+0000] {dag.py:4180} INFO - Setting next_dagrun for read_dataset_event to 2025-04-01 00:00:00+00:00, run_after=2025-04-02 00:00:00+00:00
[2025-04-02T06:12:18.847+0000] {logging_mixin.py:190} INFO - [2025-04-02T06:12:18.847+0000] {dag.py:4180} INFO - Setting next_dagrun for read_dataset_event_from_classic to 2025-04-01 00:00:00+00:00, run_after=2025-04-02 00:00:00+00:00
[2025-04-02T06:12:18.863+0000] {processor.py:208} INFO - Processing /home/airflow/.local/lib/python3.12/site-packages/airflow/example_dags/example_inlet_event_extra.py took 1.432 seconds
[2025-04-02T06:12:48.953+0000] {processor.py:186} INFO - Started process (PID=154) to work on /home/airflow/.local/lib/python3.12/site-packages/airflow/example_dags/example_inlet_event_extra.py
[2025-04-02T06:12:48.955+0000] {processor.py:914} INFO - Processing file /home/airflow/.local/lib/python3.12/site-packages/airflow/example_dags/example_inlet_event_extra.py for tasks to queue
[2025-04-02T06:12:48.958+0000] {logging_mixin.py:190} INFO - [2025-04-02T06:12:48.958+0000] {dagbag.py:588} INFO - Filling up the DagBag from /home/airflow/.local/lib/python3.12/site-packages/airflow/example_dags/example_inlet_event_extra.py
[2025-04-02T06:12:49.606+0000] {processor.py:925} INFO - DAG(s) 'read_dataset_event_from_classic', 'read_dataset_event' retrieved from /home/airflow/.local/lib/python3.12/site-packages/airflow/example_dags/example_inlet_event_extra.py
[2025-04-02T06:12:49.634+0000] {logging_mixin.py:190} INFO - [2025-04-02T06:12:49.633+0000] {dag.py:3239} INFO - Sync 2 DAGs
[2025-04-02T06:12:49.664+0000] {logging_mixin.py:190} INFO - [2025-04-02T06:12:49.664+0000] {dag.py:4180} INFO - Setting next_dagrun for read_dataset_event to 2025-04-01 00:00:00+00:00, run_after=2025-04-02 00:00:00+00:00
[2025-04-02T06:12:49.669+0000] {logging_mixin.py:190} INFO - [2025-04-02T06:12:49.669+0000] {dag.py:4180} INFO - Setting next_dagrun for read_dataset_event_from_classic to 2025-04-01 00:00:00+00:00, run_after=2025-04-02 00:00:00+00:00
[2025-04-02T06:12:49.680+0000] {processor.py:208} INFO - Processing /home/airflow/.local/lib/python3.12/site-packages/airflow/example_dags/example_inlet_event_extra.py took 0.737 seconds
[2025-04-02T06:13:19.803+0000] {processor.py:186} INFO - Started process (PID=217) to work on /home/airflow/.local/lib/python3.12/site-packages/airflow/example_dags/example_inlet_event_extra.py
[2025-04-02T06:13:19.805+0000] {processor.py:914} INFO - Processing file /home/airflow/.local/lib/python3.12/site-packages/airflow/example_dags/example_inlet_event_extra.py for tasks to queue
[2025-04-02T06:13:19.812+0000] {logging_mixin.py:190} INFO - [2025-04-02T06:13:19.810+0000] {dagbag.py:588} INFO - Filling up the DagBag from /home/airflow/.local/lib/python3.12/site-packages/airflow/example_dags/example_inlet_event_extra.py
[2025-04-02T06:13:20.489+0000] {processor.py:925} INFO - DAG(s) 'read_dataset_event', 'read_dataset_event_from_classic' retrieved from /home/airflow/.local/lib/python3.12/site-packages/airflow/example_dags/example_inlet_event_extra.py
[2025-04-02T06:13:20.533+0000] {logging_mixin.py:190} INFO - [2025-04-02T06:13:20.533+0000] {dag.py:3239} INFO - Sync 2 DAGs
[2025-04-02T06:13:20.595+0000] {logging_mixin.py:190} INFO - [2025-04-02T06:13:20.595+0000] {dag.py:4180} INFO - Setting next_dagrun for read_dataset_event to 2025-04-01 00:00:00+00:00, run_after=2025-04-02 00:00:00+00:00
[2025-04-02T06:13:20.601+0000] {logging_mixin.py:190} INFO - [2025-04-02T06:13:20.601+0000] {dag.py:4180} INFO - Setting next_dagrun for read_dataset_event_from_classic to 2025-04-01 00:00:00+00:00, run_after=2025-04-02 00:00:00+00:00
[2025-04-02T06:13:20.634+0000] {processor.py:208} INFO - Processing /home/airflow/.local/lib/python3.12/site-packages/airflow/example_dags/example_inlet_event_extra.py took 0.840 seconds
[2025-04-02T06:13:50.962+0000] {processor.py:186} INFO - Started process (PID=280) to work on /home/airflow/.local/lib/python3.12/site-packages/airflow/example_dags/example_inlet_event_extra.py
[2025-04-02T06:13:50.964+0000] {processor.py:914} INFO - Processing file /home/airflow/.local/lib/python3.12/site-packages/airflow/example_dags/example_inlet_event_extra.py for tasks to queue
[2025-04-02T06:13:50.968+0000] {logging_mixin.py:190} INFO - [2025-04-02T06:13:50.968+0000] {dagbag.py:588} INFO - Filling up the DagBag from /home/airflow/.local/lib/python3.12/site-packages/airflow/example_dags/example_inlet_event_extra.py
[2025-04-02T06:13:51.414+0000] {processor.py:925} INFO - DAG(s) 'read_dataset_event', 'read_dataset_event_from_classic' retrieved from /home/airflow/.local/lib/python3.12/site-packages/airflow/example_dags/example_inlet_event_extra.py
[2025-04-02T06:13:51.432+0000] {logging_mixin.py:190} INFO - [2025-04-02T06:13:51.432+0000] {dag.py:3239} INFO - Sync 2 DAGs
[2025-04-02T06:13:51.444+0000] {logging_mixin.py:190} INFO - [2025-04-02T06:13:51.444+0000] {dag.py:4180} INFO - Setting next_dagrun for read_dataset_event to 2025-04-01 00:00:00+00:00, run_after=2025-04-02 00:00:00+00:00
[2025-04-02T06:13:51.447+0000] {logging_mixin.py:190} INFO - [2025-04-02T06:13:51.447+0000] {dag.py:4180} INFO - Setting next_dagrun for read_dataset_event_from_classic to 2025-04-01 00:00:00+00:00, run_after=2025-04-02 00:00:00+00:00
[2025-04-02T06:13:51.456+0000] {processor.py:208} INFO - Processing /home/airflow/.local/lib/python3.12/site-packages/airflow/example_dags/example_inlet_event_extra.py took 0.500 seconds
[2025-04-02T06:14:21.665+0000] {processor.py:186} INFO - Started process (PID=343) to work on /home/airflow/.local/lib/python3.12/site-packages/airflow/example_dags/example_inlet_event_extra.py
[2025-04-02T06:14:21.666+0000] {processor.py:914} INFO - Processing file /home/airflow/.local/lib/python3.12/site-packages/airflow/example_dags/example_inlet_event_extra.py for tasks to queue
[2025-04-02T06:14:21.668+0000] {logging_mixin.py:190} INFO - [2025-04-02T06:14:21.668+0000] {dagbag.py:588} INFO - Filling up the DagBag from /home/airflow/.local/lib/python3.12/site-packages/airflow/example_dags/example_inlet_event_extra.py
[2025-04-02T06:14:21.973+0000] {processor.py:925} INFO - DAG(s) 'read_dataset_event', 'read_dataset_event_from_classic' retrieved from /home/airflow/.local/lib/python3.12/site-packages/airflow/example_dags/example_inlet_event_extra.py
[2025-04-02T06:14:21.985+0000] {logging_mixin.py:190} INFO - [2025-04-02T06:14:21.985+0000] {dag.py:3239} INFO - Sync 2 DAGs
[2025-04-02T06:14:21.996+0000] {logging_mixin.py:190} INFO - [2025-04-02T06:14:21.995+0000] {dag.py:4180} INFO - Setting next_dagrun for read_dataset_event to 2025-04-01 00:00:00+00:00, run_after=2025-04-02 00:00:00+00:00
[2025-04-02T06:14:21.998+0000] {logging_mixin.py:190} INFO - [2025-04-02T06:14:21.998+0000] {dag.py:4180} INFO - Setting next_dagrun for read_dataset_event_from_classic to 2025-04-01 00:00:00+00:00, run_after=2025-04-02 00:00:00+00:00
[2025-04-02T06:14:22.005+0000] {processor.py:208} INFO - Processing /home/airflow/.local/lib/python3.12/site-packages/airflow/example_dags/example_inlet_event_extra.py took 0.345 seconds
[2025-04-02T06:14:52.812+0000] {processor.py:186} INFO - Started process (PID=406) to work on /home/airflow/.local/lib/python3.12/site-packages/airflow/example_dags/example_inlet_event_extra.py
[2025-04-02T06:14:52.813+0000] {processor.py:914} INFO - Processing file /home/airflow/.local/lib/python3.12/site-packages/airflow/example_dags/example_inlet_event_extra.py for tasks to queue
[2025-04-02T06:14:52.815+0000] {logging_mixin.py:190} INFO - [2025-04-02T06:14:52.814+0000] {dagbag.py:588} INFO - Filling up the DagBag from /home/airflow/.local/lib/python3.12/site-packages/airflow/example_dags/example_inlet_event_extra.py
[2025-04-02T06:14:53.190+0000] {processor.py:925} INFO - DAG(s) 'read_dataset_event', 'read_dataset_event_from_classic' retrieved from /home/airflow/.local/lib/python3.12/site-packages/airflow/example_dags/example_inlet_event_extra.py
[2025-04-02T06:14:53.204+0000] {logging_mixin.py:190} INFO - [2025-04-02T06:14:53.204+0000] {dag.py:3239} INFO - Sync 2 DAGs
[2025-04-02T06:14:53.217+0000] {logging_mixin.py:190} INFO - [2025-04-02T06:14:53.217+0000] {dag.py:4180} INFO - Setting next_dagrun for read_dataset_event to 2025-04-01 00:00:00+00:00, run_after=2025-04-02 00:00:00+00:00
[2025-04-02T06:14:53.220+0000] {logging_mixin.py:190} INFO - [2025-04-02T06:14:53.220+0000] {dag.py:4180} INFO - Setting next_dagrun for read_dataset_event_from_classic to 2025-04-01 00:00:00+00:00, run_after=2025-04-02 00:00:00+00:00
[2025-04-02T06:14:53.228+0000] {processor.py:208} INFO - Processing /home/airflow/.local/lib/python3.12/site-packages/airflow/example_dags/example_inlet_event_extra.py took 0.420 seconds
[2025-04-02T06:15:23.387+0000] {processor.py:186} INFO - Started process (PID=469) to work on /home/airflow/.local/lib/python3.12/site-packages/airflow/example_dags/example_inlet_event_extra.py
[2025-04-02T06:15:23.388+0000] {processor.py:914} INFO - Processing file /home/airflow/.local/lib/python3.12/site-packages/airflow/example_dags/example_inlet_event_extra.py for tasks to queue
[2025-04-02T06:15:23.390+0000] {logging_mixin.py:190} INFO - [2025-04-02T06:15:23.390+0000] {dagbag.py:588} INFO - Filling up the DagBag from /home/airflow/.local/lib/python3.12/site-packages/airflow/example_dags/example_inlet_event_extra.py
[2025-04-02T06:15:23.928+0000] {processor.py:925} INFO - DAG(s) 'read_dataset_event', 'read_dataset_event_from_classic' retrieved from /home/airflow/.local/lib/python3.12/site-packages/airflow/example_dags/example_inlet_event_extra.py
[2025-04-02T06:15:23.963+0000] {logging_mixin.py:190} INFO - [2025-04-02T06:15:23.963+0000] {dag.py:3239} INFO - Sync 2 DAGs
[2025-04-02T06:15:23.983+0000] {logging_mixin.py:190} INFO - [2025-04-02T06:15:23.983+0000] {dag.py:4180} INFO - Setting next_dagrun for read_dataset_event to 2025-04-01 00:00:00+00:00, run_after=2025-04-02 00:00:00+00:00
[2025-04-02T06:15:23.985+0000] {logging_mixin.py:190} INFO - [2025-04-02T06:15:23.985+0000] {dag.py:4180} INFO - Setting next_dagrun for read_dataset_event_from_classic to 2025-04-01 00:00:00+00:00, run_after=2025-04-02 00:00:00+00:00
[2025-04-02T06:15:23.994+0000] {processor.py:208} INFO - Processing /home/airflow/.local/lib/python3.12/site-packages/airflow/example_dags/example_inlet_event_extra.py took 0.610 seconds
[2025-04-02T06:15:54.519+0000] {processor.py:186} INFO - Started process (PID=532) to work on /home/airflow/.local/lib/python3.12/site-packages/airflow/example_dags/example_inlet_event_extra.py
[2025-04-02T06:15:54.520+0000] {processor.py:914} INFO - Processing file /home/airflow/.local/lib/python3.12/site-packages/airflow/example_dags/example_inlet_event_extra.py for tasks to queue
[2025-04-02T06:15:54.521+0000] {logging_mixin.py:190} INFO - [2025-04-02T06:15:54.521+0000] {dagbag.py:588} INFO - Filling up the DagBag from /home/airflow/.local/lib/python3.12/site-packages/airflow/example_dags/example_inlet_event_extra.py
[2025-04-02T06:15:54.882+0000] {processor.py:925} INFO - DAG(s) 'read_dataset_event', 'read_dataset_event_from_classic' retrieved from /home/airflow/.local/lib/python3.12/site-packages/airflow/example_dags/example_inlet_event_extra.py
[2025-04-02T06:15:54.900+0000] {logging_mixin.py:190} INFO - [2025-04-02T06:15:54.900+0000] {dag.py:3239} INFO - Sync 2 DAGs
[2025-04-02T06:15:54.918+0000] {logging_mixin.py:190} INFO - [2025-04-02T06:15:54.917+0000] {dag.py:4180} INFO - Setting next_dagrun for read_dataset_event to 2025-04-01 00:00:00+00:00, run_after=2025-04-02 00:00:00+00:00
[2025-04-02T06:15:54.921+0000] {logging_mixin.py:190} INFO - [2025-04-02T06:15:54.921+0000] {dag.py:4180} INFO - Setting next_dagrun for read_dataset_event_from_classic to 2025-04-01 00:00:00+00:00, run_after=2025-04-02 00:00:00+00:00
[2025-04-02T06:15:54.931+0000] {processor.py:208} INFO - Processing /home/airflow/.local/lib/python3.12/site-packages/airflow/example_dags/example_inlet_event_extra.py took 0.416 seconds
[2025-04-02T06:18:04.258+0000] {processor.py:186} INFO - Started process (PID=90) to work on /home/airflow/.local/lib/python3.12/site-packages/airflow/example_dags/example_inlet_event_extra.py
[2025-04-02T06:18:04.259+0000] {processor.py:914} INFO - Processing file /home/airflow/.local/lib/python3.12/site-packages/airflow/example_dags/example_inlet_event_extra.py for tasks to queue
[2025-04-02T06:18:04.263+0000] {logging_mixin.py:190} INFO - [2025-04-02T06:18:04.262+0000] {dagbag.py:588} INFO - Filling up the DagBag from /home/airflow/.local/lib/python3.12/site-packages/airflow/example_dags/example_inlet_event_extra.py
[2025-04-02T06:18:04.923+0000] {processor.py:925} INFO - DAG(s) 'read_dataset_event_from_classic', 'read_dataset_event' retrieved from /home/airflow/.local/lib/python3.12/site-packages/airflow/example_dags/example_inlet_event_extra.py
[2025-04-02T06:18:04.955+0000] {logging_mixin.py:190} INFO - [2025-04-02T06:18:04.955+0000] {dag.py:3239} INFO - Sync 2 DAGs
[2025-04-02T06:18:04.972+0000] {logging_mixin.py:190} INFO - [2025-04-02T06:18:04.972+0000] {dag.py:4180} INFO - Setting next_dagrun for read_dataset_event to 2025-04-01 00:00:00+00:00, run_after=2025-04-02 00:00:00+00:00
[2025-04-02T06:18:04.975+0000] {logging_mixin.py:190} INFO - [2025-04-02T06:18:04.975+0000] {dag.py:4180} INFO - Setting next_dagrun for read_dataset_event_from_classic to 2025-04-01 00:00:00+00:00, run_after=2025-04-02 00:00:00+00:00
[2025-04-02T06:18:04.988+0000] {processor.py:208} INFO - Processing /home/airflow/.local/lib/python3.12/site-packages/airflow/example_dags/example_inlet_event_extra.py took 0.736 seconds
[2025-04-02T06:18:35.206+0000] {processor.py:186} INFO - Started process (PID=153) to work on /home/airflow/.local/lib/python3.12/site-packages/airflow/example_dags/example_inlet_event_extra.py
[2025-04-02T06:18:35.207+0000] {processor.py:914} INFO - Processing file /home/airflow/.local/lib/python3.12/site-packages/airflow/example_dags/example_inlet_event_extra.py for tasks to queue
[2025-04-02T06:18:35.210+0000] {logging_mixin.py:190} INFO - [2025-04-02T06:18:35.210+0000] {dagbag.py:588} INFO - Filling up the DagBag from /home/airflow/.local/lib/python3.12/site-packages/airflow/example_dags/example_inlet_event_extra.py
[2025-04-02T06:18:35.560+0000] {processor.py:925} INFO - DAG(s) 'read_dataset_event_from_classic', 'read_dataset_event' retrieved from /home/airflow/.local/lib/python3.12/site-packages/airflow/example_dags/example_inlet_event_extra.py
[2025-04-02T06:18:35.570+0000] {logging_mixin.py:190} INFO - [2025-04-02T06:18:35.570+0000] {dag.py:3239} INFO - Sync 2 DAGs
[2025-04-02T06:18:35.581+0000] {logging_mixin.py:190} INFO - [2025-04-02T06:18:35.581+0000] {dag.py:4180} INFO - Setting next_dagrun for read_dataset_event to 2025-04-01 00:00:00+00:00, run_after=2025-04-02 00:00:00+00:00
[2025-04-02T06:18:35.583+0000] {logging_mixin.py:190} INFO - [2025-04-02T06:18:35.583+0000] {dag.py:4180} INFO - Setting next_dagrun for read_dataset_event_from_classic to 2025-04-01 00:00:00+00:00, run_after=2025-04-02 00:00:00+00:00
[2025-04-02T06:18:35.592+0000] {processor.py:208} INFO - Processing /home/airflow/.local/lib/python3.12/site-packages/airflow/example_dags/example_inlet_event_extra.py took 0.390 seconds
[2025-04-02T06:19:06.546+0000] {processor.py:186} INFO - Started process (PID=218) to work on /home/airflow/.local/lib/python3.12/site-packages/airflow/example_dags/example_inlet_event_extra.py
[2025-04-02T06:19:06.547+0000] {processor.py:914} INFO - Processing file /home/airflow/.local/lib/python3.12/site-packages/airflow/example_dags/example_inlet_event_extra.py for tasks to queue
[2025-04-02T06:19:06.548+0000] {logging_mixin.py:190} INFO - [2025-04-02T06:19:06.548+0000] {dagbag.py:588} INFO - Filling up the DagBag from /home/airflow/.local/lib/python3.12/site-packages/airflow/example_dags/example_inlet_event_extra.py
[2025-04-02T06:19:06.916+0000] {processor.py:925} INFO - DAG(s) 'read_dataset_event', 'read_dataset_event_from_classic' retrieved from /home/airflow/.local/lib/python3.12/site-packages/airflow/example_dags/example_inlet_event_extra.py
[2025-04-02T06:19:06.926+0000] {logging_mixin.py:190} INFO - [2025-04-02T06:19:06.926+0000] {dag.py:3239} INFO - Sync 2 DAGs
[2025-04-02T06:19:06.938+0000] {logging_mixin.py:190} INFO - [2025-04-02T06:19:06.938+0000] {dag.py:4180} INFO - Setting next_dagrun for read_dataset_event to 2025-04-01 00:00:00+00:00, run_after=2025-04-02 00:00:00+00:00
[2025-04-02T06:19:06.940+0000] {logging_mixin.py:190} INFO - [2025-04-02T06:19:06.940+0000] {dag.py:4180} INFO - Setting next_dagrun for read_dataset_event_from_classic to 2025-04-01 00:00:00+00:00, run_after=2025-04-02 00:00:00+00:00
[2025-04-02T06:19:06.947+0000] {processor.py:208} INFO - Processing /home/airflow/.local/lib/python3.12/site-packages/airflow/example_dags/example_inlet_event_extra.py took 0.405 seconds
[2025-04-02T06:19:37.884+0000] {processor.py:186} INFO - Started process (PID=282) to work on /home/airflow/.local/lib/python3.12/site-packages/airflow/example_dags/example_inlet_event_extra.py
[2025-04-02T06:19:37.885+0000] {processor.py:914} INFO - Processing file /home/airflow/.local/lib/python3.12/site-packages/airflow/example_dags/example_inlet_event_extra.py for tasks to queue
[2025-04-02T06:19:37.886+0000] {logging_mixin.py:190} INFO - [2025-04-02T06:19:37.886+0000] {dagbag.py:588} INFO - Filling up the DagBag from /home/airflow/.local/lib/python3.12/site-packages/airflow/example_dags/example_inlet_event_extra.py
[2025-04-02T06:19:38.239+0000] {processor.py:925} INFO - DAG(s) 'read_dataset_event_from_classic', 'read_dataset_event' retrieved from /home/airflow/.local/lib/python3.12/site-packages/airflow/example_dags/example_inlet_event_extra.py
[2025-04-02T06:19:38.250+0000] {logging_mixin.py:190} INFO - [2025-04-02T06:19:38.250+0000] {dag.py:3239} INFO - Sync 2 DAGs
[2025-04-02T06:19:38.261+0000] {logging_mixin.py:190} INFO - [2025-04-02T06:19:38.261+0000] {dag.py:4180} INFO - Setting next_dagrun for read_dataset_event to 2025-04-01 00:00:00+00:00, run_after=2025-04-02 00:00:00+00:00
[2025-04-02T06:19:38.263+0000] {logging_mixin.py:190} INFO - [2025-04-02T06:19:38.263+0000] {dag.py:4180} INFO - Setting next_dagrun for read_dataset_event_from_classic to 2025-04-01 00:00:00+00:00, run_after=2025-04-02 00:00:00+00:00
[2025-04-02T06:19:38.270+0000] {processor.py:208} INFO - Processing /home/airflow/.local/lib/python3.12/site-packages/airflow/example_dags/example_inlet_event_extra.py took 0.390 seconds
[2025-04-02T06:20:09.200+0000] {processor.py:186} INFO - Started process (PID=346) to work on /home/airflow/.local/lib/python3.12/site-packages/airflow/example_dags/example_inlet_event_extra.py
[2025-04-02T06:20:09.201+0000] {processor.py:914} INFO - Processing file /home/airflow/.local/lib/python3.12/site-packages/airflow/example_dags/example_inlet_event_extra.py for tasks to queue
[2025-04-02T06:20:09.202+0000] {logging_mixin.py:190} INFO - [2025-04-02T06:20:09.202+0000] {dagbag.py:588} INFO - Filling up the DagBag from /home/airflow/.local/lib/python3.12/site-packages/airflow/example_dags/example_inlet_event_extra.py
[2025-04-02T06:20:09.489+0000] {processor.py:925} INFO - DAG(s) 'read_dataset_event_from_classic', 'read_dataset_event' retrieved from /home/airflow/.local/lib/python3.12/site-packages/airflow/example_dags/example_inlet_event_extra.py
[2025-04-02T06:20:09.498+0000] {logging_mixin.py:190} INFO - [2025-04-02T06:20:09.498+0000] {dag.py:3239} INFO - Sync 2 DAGs
[2025-04-02T06:20:09.510+0000] {logging_mixin.py:190} INFO - [2025-04-02T06:20:09.510+0000] {dag.py:4180} INFO - Setting next_dagrun for read_dataset_event to 2025-04-01 00:00:00+00:00, run_after=2025-04-02 00:00:00+00:00
[2025-04-02T06:20:09.513+0000] {logging_mixin.py:190} INFO - [2025-04-02T06:20:09.512+0000] {dag.py:4180} INFO - Setting next_dagrun for read_dataset_event_from_classic to 2025-04-01 00:00:00+00:00, run_after=2025-04-02 00:00:00+00:00
[2025-04-02T06:20:09.522+0000] {processor.py:208} INFO - Processing /home/airflow/.local/lib/python3.12/site-packages/airflow/example_dags/example_inlet_event_extra.py took 0.327 seconds
[2025-04-02T06:20:40.435+0000] {processor.py:186} INFO - Started process (PID=410) to work on /home/airflow/.local/lib/python3.12/site-packages/airflow/example_dags/example_inlet_event_extra.py
[2025-04-02T06:20:40.435+0000] {processor.py:914} INFO - Processing file /home/airflow/.local/lib/python3.12/site-packages/airflow/example_dags/example_inlet_event_extra.py for tasks to queue
[2025-04-02T06:20:40.437+0000] {logging_mixin.py:190} INFO - [2025-04-02T06:20:40.437+0000] {dagbag.py:588} INFO - Filling up the DagBag from /home/airflow/.local/lib/python3.12/site-packages/airflow/example_dags/example_inlet_event_extra.py
[2025-04-02T06:20:40.749+0000] {processor.py:925} INFO - DAG(s) 'read_dataset_event', 'read_dataset_event_from_classic' retrieved from /home/airflow/.local/lib/python3.12/site-packages/airflow/example_dags/example_inlet_event_extra.py
[2025-04-02T06:20:40.759+0000] {logging_mixin.py:190} INFO - [2025-04-02T06:20:40.759+0000] {dag.py:3239} INFO - Sync 2 DAGs
[2025-04-02T06:20:40.770+0000] {logging_mixin.py:190} INFO - [2025-04-02T06:20:40.770+0000] {dag.py:4180} INFO - Setting next_dagrun for read_dataset_event to 2025-04-01 00:00:00+00:00, run_after=2025-04-02 00:00:00+00:00
[2025-04-02T06:20:40.773+0000] {logging_mixin.py:190} INFO - [2025-04-02T06:20:40.772+0000] {dag.py:4180} INFO - Setting next_dagrun for read_dataset_event_from_classic to 2025-04-01 00:00:00+00:00, run_after=2025-04-02 00:00:00+00:00
[2025-04-02T06:20:40.780+0000] {processor.py:208} INFO - Processing /home/airflow/.local/lib/python3.12/site-packages/airflow/example_dags/example_inlet_event_extra.py took 0.349 seconds
[2025-04-02T06:21:11.596+0000] {processor.py:186} INFO - Started process (PID=473) to work on /home/airflow/.local/lib/python3.12/site-packages/airflow/example_dags/example_inlet_event_extra.py
[2025-04-02T06:21:11.597+0000] {processor.py:914} INFO - Processing file /home/airflow/.local/lib/python3.12/site-packages/airflow/example_dags/example_inlet_event_extra.py for tasks to queue
[2025-04-02T06:21:11.598+0000] {logging_mixin.py:190} INFO - [2025-04-02T06:21:11.598+0000] {dagbag.py:588} INFO - Filling up the DagBag from /home/airflow/.local/lib/python3.12/site-packages/airflow/example_dags/example_inlet_event_extra.py
[2025-04-02T06:21:12.020+0000] {processor.py:925} INFO - DAG(s) 'read_dataset_event_from_classic', 'read_dataset_event' retrieved from /home/airflow/.local/lib/python3.12/site-packages/airflow/example_dags/example_inlet_event_extra.py
[2025-04-02T06:21:12.035+0000] {logging_mixin.py:190} INFO - [2025-04-02T06:21:12.035+0000] {dag.py:3239} INFO - Sync 2 DAGs
[2025-04-02T06:21:12.047+0000] {logging_mixin.py:190} INFO - [2025-04-02T06:21:12.047+0000] {dag.py:4180} INFO - Setting next_dagrun for read_dataset_event to 2025-04-01 00:00:00+00:00, run_after=2025-04-02 00:00:00+00:00
[2025-04-02T06:21:12.052+0000] {logging_mixin.py:190} INFO - [2025-04-02T06:21:12.051+0000] {dag.py:4180} INFO - Setting next_dagrun for read_dataset_event_from_classic to 2025-04-01 00:00:00+00:00, run_after=2025-04-02 00:00:00+00:00
[2025-04-02T06:21:12.061+0000] {processor.py:208} INFO - Processing /home/airflow/.local/lib/python3.12/site-packages/airflow/example_dags/example_inlet_event_extra.py took 0.469 seconds
[2025-04-02T06:21:43.097+0000] {processor.py:186} INFO - Started process (PID=537) to work on /home/airflow/.local/lib/python3.12/site-packages/airflow/example_dags/example_inlet_event_extra.py
[2025-04-02T06:21:43.098+0000] {processor.py:914} INFO - Processing file /home/airflow/.local/lib/python3.12/site-packages/airflow/example_dags/example_inlet_event_extra.py for tasks to queue
[2025-04-02T06:21:43.101+0000] {logging_mixin.py:190} INFO - [2025-04-02T06:21:43.100+0000] {dagbag.py:588} INFO - Filling up the DagBag from /home/airflow/.local/lib/python3.12/site-packages/airflow/example_dags/example_inlet_event_extra.py
[2025-04-02T06:21:43.415+0000] {processor.py:925} INFO - DAG(s) 'read_dataset_event_from_classic', 'read_dataset_event' retrieved from /home/airflow/.local/lib/python3.12/site-packages/airflow/example_dags/example_inlet_event_extra.py
[2025-04-02T06:21:43.427+0000] {logging_mixin.py:190} INFO - [2025-04-02T06:21:43.426+0000] {dag.py:3239} INFO - Sync 2 DAGs
[2025-04-02T06:21:43.439+0000] {logging_mixin.py:190} INFO - [2025-04-02T06:21:43.439+0000] {dag.py:4180} INFO - Setting next_dagrun for read_dataset_event to 2025-04-01 00:00:00+00:00, run_after=2025-04-02 00:00:00+00:00
[2025-04-02T06:21:43.443+0000] {logging_mixin.py:190} INFO - [2025-04-02T06:21:43.443+0000] {dag.py:4180} INFO - Setting next_dagrun for read_dataset_event_from_classic to 2025-04-01 00:00:00+00:00, run_after=2025-04-02 00:00:00+00:00
[2025-04-02T06:21:43.454+0000] {processor.py:208} INFO - Processing /home/airflow/.local/lib/python3.12/site-packages/airflow/example_dags/example_inlet_event_extra.py took 0.360 seconds
[2025-04-02T06:22:14.701+0000] {processor.py:186} INFO - Started process (PID=600) to work on /home/airflow/.local/lib/python3.12/site-packages/airflow/example_dags/example_inlet_event_extra.py
[2025-04-02T06:22:14.702+0000] {processor.py:914} INFO - Processing file /home/airflow/.local/lib/python3.12/site-packages/airflow/example_dags/example_inlet_event_extra.py for tasks to queue
[2025-04-02T06:22:14.705+0000] {logging_mixin.py:190} INFO - [2025-04-02T06:22:14.704+0000] {dagbag.py:588} INFO - Filling up the DagBag from /home/airflow/.local/lib/python3.12/site-packages/airflow/example_dags/example_inlet_event_extra.py
[2025-04-02T06:22:15.053+0000] {processor.py:925} INFO - DAG(s) 'read_dataset_event', 'read_dataset_event_from_classic' retrieved from /home/airflow/.local/lib/python3.12/site-packages/airflow/example_dags/example_inlet_event_extra.py
[2025-04-02T06:22:15.065+0000] {logging_mixin.py:190} INFO - [2025-04-02T06:22:15.065+0000] {dag.py:3239} INFO - Sync 2 DAGs
[2025-04-02T06:22:15.078+0000] {logging_mixin.py:190} INFO - [2025-04-02T06:22:15.078+0000] {dag.py:4180} INFO - Setting next_dagrun for read_dataset_event to 2025-04-01 00:00:00+00:00, run_after=2025-04-02 00:00:00+00:00
[2025-04-02T06:22:15.080+0000] {logging_mixin.py:190} INFO - [2025-04-02T06:22:15.080+0000] {dag.py:4180} INFO - Setting next_dagrun for read_dataset_event_from_classic to 2025-04-01 00:00:00+00:00, run_after=2025-04-02 00:00:00+00:00
[2025-04-02T06:22:15.090+0000] {processor.py:208} INFO - Processing /home/airflow/.local/lib/python3.12/site-packages/airflow/example_dags/example_inlet_event_extra.py took 0.393 seconds
[2025-04-02T06:22:46.606+0000] {processor.py:186} INFO - Started process (PID=666) to work on /home/airflow/.local/lib/python3.12/site-packages/airflow/example_dags/example_inlet_event_extra.py
[2025-04-02T06:22:46.607+0000] {processor.py:914} INFO - Processing file /home/airflow/.local/lib/python3.12/site-packages/airflow/example_dags/example_inlet_event_extra.py for tasks to queue
[2025-04-02T06:22:46.609+0000] {logging_mixin.py:190} INFO - [2025-04-02T06:22:46.608+0000] {dagbag.py:588} INFO - Filling up the DagBag from /home/airflow/.local/lib/python3.12/site-packages/airflow/example_dags/example_inlet_event_extra.py
[2025-04-02T06:22:46.903+0000] {processor.py:925} INFO - DAG(s) 'read_dataset_event_from_classic', 'read_dataset_event' retrieved from /home/airflow/.local/lib/python3.12/site-packages/airflow/example_dags/example_inlet_event_extra.py
[2025-04-02T06:22:46.916+0000] {logging_mixin.py:190} INFO - [2025-04-02T06:22:46.916+0000] {dag.py:3239} INFO - Sync 2 DAGs
[2025-04-02T06:22:46.927+0000] {logging_mixin.py:190} INFO - [2025-04-02T06:22:46.927+0000] {dag.py:4180} INFO - Setting next_dagrun for read_dataset_event to 2025-04-01 00:00:00+00:00, run_after=2025-04-02 00:00:00+00:00
[2025-04-02T06:22:46.930+0000] {logging_mixin.py:190} INFO - [2025-04-02T06:22:46.930+0000] {dag.py:4180} INFO - Setting next_dagrun for read_dataset_event_from_classic to 2025-04-01 00:00:00+00:00, run_after=2025-04-02 00:00:00+00:00
[2025-04-02T06:22:46.937+0000] {processor.py:208} INFO - Processing /home/airflow/.local/lib/python3.12/site-packages/airflow/example_dags/example_inlet_event_extra.py took 0.334 seconds
[2025-04-02T06:23:18.242+0000] {processor.py:186} INFO - Started process (PID=727) to work on /home/airflow/.local/lib/python3.12/site-packages/airflow/example_dags/example_inlet_event_extra.py
[2025-04-02T06:23:18.243+0000] {processor.py:914} INFO - Processing file /home/airflow/.local/lib/python3.12/site-packages/airflow/example_dags/example_inlet_event_extra.py for tasks to queue
[2025-04-02T06:23:18.246+0000] {logging_mixin.py:190} INFO - [2025-04-02T06:23:18.246+0000] {dagbag.py:588} INFO - Filling up the DagBag from /home/airflow/.local/lib/python3.12/site-packages/airflow/example_dags/example_inlet_event_extra.py
[2025-04-02T06:23:18.576+0000] {processor.py:925} INFO - DAG(s) 'read_dataset_event', 'read_dataset_event_from_classic' retrieved from /home/airflow/.local/lib/python3.12/site-packages/airflow/example_dags/example_inlet_event_extra.py
[2025-04-02T06:23:18.588+0000] {logging_mixin.py:190} INFO - [2025-04-02T06:23:18.588+0000] {dag.py:3239} INFO - Sync 2 DAGs
[2025-04-02T06:23:18.602+0000] {logging_mixin.py:190} INFO - [2025-04-02T06:23:18.602+0000] {dag.py:4180} INFO - Setting next_dagrun for read_dataset_event to 2025-04-01 00:00:00+00:00, run_after=2025-04-02 00:00:00+00:00
[2025-04-02T06:23:18.605+0000] {logging_mixin.py:190} INFO - [2025-04-02T06:23:18.605+0000] {dag.py:4180} INFO - Setting next_dagrun for read_dataset_event_from_classic to 2025-04-01 00:00:00+00:00, run_after=2025-04-02 00:00:00+00:00
[2025-04-02T06:23:18.615+0000] {processor.py:208} INFO - Processing /home/airflow/.local/lib/python3.12/site-packages/airflow/example_dags/example_inlet_event_extra.py took 0.376 seconds
[2025-04-02T06:23:49.314+0000] {processor.py:186} INFO - Started process (PID=793) to work on /home/airflow/.local/lib/python3.12/site-packages/airflow/example_dags/example_inlet_event_extra.py
[2025-04-02T06:23:49.316+0000] {processor.py:914} INFO - Processing file /home/airflow/.local/lib/python3.12/site-packages/airflow/example_dags/example_inlet_event_extra.py for tasks to queue
[2025-04-02T06:23:49.318+0000] {logging_mixin.py:190} INFO - [2025-04-02T06:23:49.318+0000] {dagbag.py:588} INFO - Filling up the DagBag from /home/airflow/.local/lib/python3.12/site-packages/airflow/example_dags/example_inlet_event_extra.py
[2025-04-02T06:23:49.650+0000] {processor.py:925} INFO - DAG(s) 'read_dataset_event', 'read_dataset_event_from_classic' retrieved from /home/airflow/.local/lib/python3.12/site-packages/airflow/example_dags/example_inlet_event_extra.py
[2025-04-02T06:23:49.666+0000] {logging_mixin.py:190} INFO - [2025-04-02T06:23:49.666+0000] {dag.py:3239} INFO - Sync 2 DAGs
[2025-04-02T06:23:49.680+0000] {logging_mixin.py:190} INFO - [2025-04-02T06:23:49.679+0000] {dag.py:4180} INFO - Setting next_dagrun for read_dataset_event to 2025-04-01 00:00:00+00:00, run_after=2025-04-02 00:00:00+00:00
[2025-04-02T06:23:49.683+0000] {logging_mixin.py:190} INFO - [2025-04-02T06:23:49.683+0000] {dag.py:4180} INFO - Setting next_dagrun for read_dataset_event_from_classic to 2025-04-01 00:00:00+00:00, run_after=2025-04-02 00:00:00+00:00
[2025-04-02T06:23:49.696+0000] {processor.py:208} INFO - Processing /home/airflow/.local/lib/python3.12/site-packages/airflow/example_dags/example_inlet_event_extra.py took 0.386 seconds
[2025-04-02T06:24:20.252+0000] {processor.py:186} INFO - Started process (PID=851) to work on /home/airflow/.local/lib/python3.12/site-packages/airflow/example_dags/example_inlet_event_extra.py
[2025-04-02T06:24:20.253+0000] {processor.py:914} INFO - Processing file /home/airflow/.local/lib/python3.12/site-packages/airflow/example_dags/example_inlet_event_extra.py for tasks to queue
[2025-04-02T06:24:20.255+0000] {logging_mixin.py:190} INFO - [2025-04-02T06:24:20.255+0000] {dagbag.py:588} INFO - Filling up the DagBag from /home/airflow/.local/lib/python3.12/site-packages/airflow/example_dags/example_inlet_event_extra.py
[2025-04-02T06:24:20.589+0000] {processor.py:925} INFO - DAG(s) 'read_dataset_event_from_classic', 'read_dataset_event' retrieved from /home/airflow/.local/lib/python3.12/site-packages/airflow/example_dags/example_inlet_event_extra.py
[2025-04-02T06:24:20.607+0000] {logging_mixin.py:190} INFO - [2025-04-02T06:24:20.607+0000] {dag.py:3239} INFO - Sync 2 DAGs
[2025-04-02T06:24:20.620+0000] {logging_mixin.py:190} INFO - [2025-04-02T06:24:20.620+0000] {dag.py:4180} INFO - Setting next_dagrun for read_dataset_event to 2025-04-01 00:00:00+00:00, run_after=2025-04-02 00:00:00+00:00
[2025-04-02T06:24:20.623+0000] {logging_mixin.py:190} INFO - [2025-04-02T06:24:20.623+0000] {dag.py:4180} INFO - Setting next_dagrun for read_dataset_event_from_classic to 2025-04-01 00:00:00+00:00, run_after=2025-04-02 00:00:00+00:00
[2025-04-02T06:24:20.632+0000] {processor.py:208} INFO - Processing /home/airflow/.local/lib/python3.12/site-packages/airflow/example_dags/example_inlet_event_extra.py took 0.383 seconds
[2025-04-02T06:24:51.034+0000] {processor.py:186} INFO - Started process (PID=916) to work on /home/airflow/.local/lib/python3.12/site-packages/airflow/example_dags/example_inlet_event_extra.py
[2025-04-02T06:24:51.035+0000] {processor.py:914} INFO - Processing file /home/airflow/.local/lib/python3.12/site-packages/airflow/example_dags/example_inlet_event_extra.py for tasks to queue
[2025-04-02T06:24:51.037+0000] {logging_mixin.py:190} INFO - [2025-04-02T06:24:51.036+0000] {dagbag.py:588} INFO - Filling up the DagBag from /home/airflow/.local/lib/python3.12/site-packages/airflow/example_dags/example_inlet_event_extra.py
[2025-04-02T06:24:51.322+0000] {processor.py:925} INFO - DAG(s) 'read_dataset_event', 'read_dataset_event_from_classic' retrieved from /home/airflow/.local/lib/python3.12/site-packages/airflow/example_dags/example_inlet_event_extra.py
[2025-04-02T06:24:51.339+0000] {logging_mixin.py:190} INFO - [2025-04-02T06:24:51.338+0000] {dag.py:3239} INFO - Sync 2 DAGs
[2025-04-02T06:24:51.351+0000] {logging_mixin.py:190} INFO - [2025-04-02T06:24:51.351+0000] {dag.py:4180} INFO - Setting next_dagrun for read_dataset_event to 2025-04-01 00:00:00+00:00, run_after=2025-04-02 00:00:00+00:00
[2025-04-02T06:24:51.353+0000] {logging_mixin.py:190} INFO - [2025-04-02T06:24:51.353+0000] {dag.py:4180} INFO - Setting next_dagrun for read_dataset_event_from_classic to 2025-04-01 00:00:00+00:00, run_after=2025-04-02 00:00:00+00:00
[2025-04-02T06:24:51.362+0000] {processor.py:208} INFO - Processing /home/airflow/.local/lib/python3.12/site-packages/airflow/example_dags/example_inlet_event_extra.py took 0.331 seconds
[2025-04-02T06:25:22.407+0000] {processor.py:186} INFO - Started process (PID=984) to work on /home/airflow/.local/lib/python3.12/site-packages/airflow/example_dags/example_inlet_event_extra.py
[2025-04-02T06:25:22.408+0000] {processor.py:914} INFO - Processing file /home/airflow/.local/lib/python3.12/site-packages/airflow/example_dags/example_inlet_event_extra.py for tasks to queue
[2025-04-02T06:25:22.409+0000] {logging_mixin.py:190} INFO - [2025-04-02T06:25:22.409+0000] {dagbag.py:588} INFO - Filling up the DagBag from /home/airflow/.local/lib/python3.12/site-packages/airflow/example_dags/example_inlet_event_extra.py
[2025-04-02T06:25:22.732+0000] {processor.py:925} INFO - DAG(s) 'read_dataset_event', 'read_dataset_event_from_classic' retrieved from /home/airflow/.local/lib/python3.12/site-packages/airflow/example_dags/example_inlet_event_extra.py
[2025-04-02T06:25:22.745+0000] {logging_mixin.py:190} INFO - [2025-04-02T06:25:22.745+0000] {dag.py:3239} INFO - Sync 2 DAGs
[2025-04-02T06:25:22.759+0000] {logging_mixin.py:190} INFO - [2025-04-02T06:25:22.759+0000] {dag.py:4180} INFO - Setting next_dagrun for read_dataset_event to 2025-04-01 00:00:00+00:00, run_after=2025-04-02 00:00:00+00:00
[2025-04-02T06:25:22.762+0000] {logging_mixin.py:190} INFO - [2025-04-02T06:25:22.762+0000] {dag.py:4180} INFO - Setting next_dagrun for read_dataset_event_from_classic to 2025-04-01 00:00:00+00:00, run_after=2025-04-02 00:00:00+00:00
[2025-04-02T06:25:22.778+0000] {processor.py:208} INFO - Processing /home/airflow/.local/lib/python3.12/site-packages/airflow/example_dags/example_inlet_event_extra.py took 0.375 seconds
[2025-04-02T06:25:53.077+0000] {processor.py:186} INFO - Started process (PID=1052) to work on /home/airflow/.local/lib/python3.12/site-packages/airflow/example_dags/example_inlet_event_extra.py
[2025-04-02T06:25:53.077+0000] {processor.py:914} INFO - Processing file /home/airflow/.local/lib/python3.12/site-packages/airflow/example_dags/example_inlet_event_extra.py for tasks to queue
[2025-04-02T06:25:53.079+0000] {logging_mixin.py:190} INFO - [2025-04-02T06:25:53.079+0000] {dagbag.py:588} INFO - Filling up the DagBag from /home/airflow/.local/lib/python3.12/site-packages/airflow/example_dags/example_inlet_event_extra.py
[2025-04-02T06:25:53.390+0000] {processor.py:925} INFO - DAG(s) 'read_dataset_event', 'read_dataset_event_from_classic' retrieved from /home/airflow/.local/lib/python3.12/site-packages/airflow/example_dags/example_inlet_event_extra.py
[2025-04-02T06:25:53.403+0000] {logging_mixin.py:190} INFO - [2025-04-02T06:25:53.403+0000] {dag.py:3239} INFO - Sync 2 DAGs
[2025-04-02T06:25:53.414+0000] {logging_mixin.py:190} INFO - [2025-04-02T06:25:53.414+0000] {dag.py:4180} INFO - Setting next_dagrun for read_dataset_event to 2025-04-01 00:00:00+00:00, run_after=2025-04-02 00:00:00+00:00
[2025-04-02T06:25:53.417+0000] {logging_mixin.py:190} INFO - [2025-04-02T06:25:53.416+0000] {dag.py:4180} INFO - Setting next_dagrun for read_dataset_event_from_classic to 2025-04-01 00:00:00+00:00, run_after=2025-04-02 00:00:00+00:00
[2025-04-02T06:25:53.423+0000] {processor.py:208} INFO - Processing /home/airflow/.local/lib/python3.12/site-packages/airflow/example_dags/example_inlet_event_extra.py took 0.350 seconds
[2025-04-02T06:26:24.145+0000] {processor.py:186} INFO - Started process (PID=1117) to work on /home/airflow/.local/lib/python3.12/site-packages/airflow/example_dags/example_inlet_event_extra.py
[2025-04-02T06:26:24.146+0000] {processor.py:914} INFO - Processing file /home/airflow/.local/lib/python3.12/site-packages/airflow/example_dags/example_inlet_event_extra.py for tasks to queue
[2025-04-02T06:26:24.147+0000] {logging_mixin.py:190} INFO - [2025-04-02T06:26:24.147+0000] {dagbag.py:588} INFO - Filling up the DagBag from /home/airflow/.local/lib/python3.12/site-packages/airflow/example_dags/example_inlet_event_extra.py
[2025-04-02T06:26:24.436+0000] {processor.py:925} INFO - DAG(s) 'read_dataset_event', 'read_dataset_event_from_classic' retrieved from /home/airflow/.local/lib/python3.12/site-packages/airflow/example_dags/example_inlet_event_extra.py
[2025-04-02T06:26:24.448+0000] {logging_mixin.py:190} INFO - [2025-04-02T06:26:24.448+0000] {dag.py:3239} INFO - Sync 2 DAGs
[2025-04-02T06:26:24.460+0000] {logging_mixin.py:190} INFO - [2025-04-02T06:26:24.460+0000] {dag.py:4180} INFO - Setting next_dagrun for read_dataset_event to 2025-04-01 00:00:00+00:00, run_after=2025-04-02 00:00:00+00:00
[2025-04-02T06:26:24.463+0000] {logging_mixin.py:190} INFO - [2025-04-02T06:26:24.463+0000] {dag.py:4180} INFO - Setting next_dagrun for read_dataset_event_from_classic to 2025-04-01 00:00:00+00:00, run_after=2025-04-02 00:00:00+00:00
[2025-04-02T06:26:24.473+0000] {processor.py:208} INFO - Processing /home/airflow/.local/lib/python3.12/site-packages/airflow/example_dags/example_inlet_event_extra.py took 0.332 seconds
[2025-04-02T06:26:55.751+0000] {processor.py:186} INFO - Started process (PID=1185) to work on /home/airflow/.local/lib/python3.12/site-packages/airflow/example_dags/example_inlet_event_extra.py
[2025-04-02T06:26:55.753+0000] {processor.py:914} INFO - Processing file /home/airflow/.local/lib/python3.12/site-packages/airflow/example_dags/example_inlet_event_extra.py for tasks to queue
[2025-04-02T06:26:55.754+0000] {logging_mixin.py:190} INFO - [2025-04-02T06:26:55.754+0000] {dagbag.py:588} INFO - Filling up the DagBag from /home/airflow/.local/lib/python3.12/site-packages/airflow/example_dags/example_inlet_event_extra.py
[2025-04-02T06:26:56.042+0000] {processor.py:925} INFO - DAG(s) 'read_dataset_event_from_classic', 'read_dataset_event' retrieved from /home/airflow/.local/lib/python3.12/site-packages/airflow/example_dags/example_inlet_event_extra.py
[2025-04-02T06:26:56.053+0000] {logging_mixin.py:190} INFO - [2025-04-02T06:26:56.052+0000] {dag.py:3239} INFO - Sync 2 DAGs
[2025-04-02T06:26:56.064+0000] {logging_mixin.py:190} INFO - [2025-04-02T06:26:56.064+0000] {dag.py:4180} INFO - Setting next_dagrun for read_dataset_event to 2025-04-01 00:00:00+00:00, run_after=2025-04-02 00:00:00+00:00
[2025-04-02T06:26:56.067+0000] {logging_mixin.py:190} INFO - [2025-04-02T06:26:56.067+0000] {dag.py:4180} INFO - Setting next_dagrun for read_dataset_event_from_classic to 2025-04-01 00:00:00+00:00, run_after=2025-04-02 00:00:00+00:00
[2025-04-02T06:26:56.078+0000] {processor.py:208} INFO - Processing /home/airflow/.local/lib/python3.12/site-packages/airflow/example_dags/example_inlet_event_extra.py took 0.330 seconds
[2025-04-02T06:27:26.443+0000] {processor.py:186} INFO - Started process (PID=1252) to work on /home/airflow/.local/lib/python3.12/site-packages/airflow/example_dags/example_inlet_event_extra.py
[2025-04-02T06:27:26.444+0000] {processor.py:914} INFO - Processing file /home/airflow/.local/lib/python3.12/site-packages/airflow/example_dags/example_inlet_event_extra.py for tasks to queue
[2025-04-02T06:27:26.445+0000] {logging_mixin.py:190} INFO - [2025-04-02T06:27:26.445+0000] {dagbag.py:588} INFO - Filling up the DagBag from /home/airflow/.local/lib/python3.12/site-packages/airflow/example_dags/example_inlet_event_extra.py
[2025-04-02T06:27:26.722+0000] {processor.py:925} INFO - DAG(s) 'read_dataset_event', 'read_dataset_event_from_classic' retrieved from /home/airflow/.local/lib/python3.12/site-packages/airflow/example_dags/example_inlet_event_extra.py
[2025-04-02T06:27:26.733+0000] {logging_mixin.py:190} INFO - [2025-04-02T06:27:26.733+0000] {dag.py:3239} INFO - Sync 2 DAGs
[2025-04-02T06:27:26.745+0000] {logging_mixin.py:190} INFO - [2025-04-02T06:27:26.745+0000] {dag.py:4180} INFO - Setting next_dagrun for read_dataset_event to 2025-04-01 00:00:00+00:00, run_after=2025-04-02 00:00:00+00:00
[2025-04-02T06:27:26.748+0000] {logging_mixin.py:190} INFO - [2025-04-02T06:27:26.748+0000] {dag.py:4180} INFO - Setting next_dagrun for read_dataset_event_from_classic to 2025-04-01 00:00:00+00:00, run_after=2025-04-02 00:00:00+00:00
[2025-04-02T06:27:26.760+0000] {processor.py:208} INFO - Processing /home/airflow/.local/lib/python3.12/site-packages/airflow/example_dags/example_inlet_event_extra.py took 0.320 seconds
[2025-04-02T06:27:57.435+0000] {processor.py:186} INFO - Started process (PID=1320) to work on /home/airflow/.local/lib/python3.12/site-packages/airflow/example_dags/example_inlet_event_extra.py
[2025-04-02T06:27:57.436+0000] {processor.py:914} INFO - Processing file /home/airflow/.local/lib/python3.12/site-packages/airflow/example_dags/example_inlet_event_extra.py for tasks to queue
[2025-04-02T06:27:57.437+0000] {logging_mixin.py:190} INFO - [2025-04-02T06:27:57.437+0000] {dagbag.py:588} INFO - Filling up the DagBag from /home/airflow/.local/lib/python3.12/site-packages/airflow/example_dags/example_inlet_event_extra.py
[2025-04-02T06:27:57.734+0000] {processor.py:925} INFO - DAG(s) 'read_dataset_event_from_classic', 'read_dataset_event' retrieved from /home/airflow/.local/lib/python3.12/site-packages/airflow/example_dags/example_inlet_event_extra.py
[2025-04-02T06:27:57.747+0000] {logging_mixin.py:190} INFO - [2025-04-02T06:27:57.747+0000] {dag.py:3239} INFO - Sync 2 DAGs
[2025-04-02T06:27:57.758+0000] {logging_mixin.py:190} INFO - [2025-04-02T06:27:57.758+0000] {dag.py:4180} INFO - Setting next_dagrun for read_dataset_event to 2025-04-01 00:00:00+00:00, run_after=2025-04-02 00:00:00+00:00
[2025-04-02T06:27:57.762+0000] {logging_mixin.py:190} INFO - [2025-04-02T06:27:57.761+0000] {dag.py:4180} INFO - Setting next_dagrun for read_dataset_event_from_classic to 2025-04-01 00:00:00+00:00, run_after=2025-04-02 00:00:00+00:00
[2025-04-02T06:27:57.772+0000] {processor.py:208} INFO - Processing /home/airflow/.local/lib/python3.12/site-packages/airflow/example_dags/example_inlet_event_extra.py took 0.341 seconds
