[2025-04-02T06:12:14.446+0000] {processor.py:186} INFO - Started process (PID=71) to work on /home/airflow/.local/lib/python3.12/site-packages/airflow/example_dags/example_branch_python_dop_operator_3.py
[2025-04-02T06:12:14.456+0000] {processor.py:914} INFO - Processing file /home/airflow/.local/lib/python3.12/site-packages/airflow/example_dags/example_branch_python_dop_operator_3.py for tasks to queue
[2025-04-02T06:12:14.459+0000] {logging_mixin.py:190} INFO - [2025-04-02T06:12:14.459+0000] {dagbag.py:588} INFO - Filling up the DagBag from /home/airflow/.local/lib/python3.12/site-packages/airflow/example_dags/example_branch_python_dop_operator_3.py
[2025-04-02T06:12:14.467+0000] {processor.py:925} INFO - DAG(s) 'example_branch_dop_operator_v3' retrieved from /home/airflow/.local/lib/python3.12/site-packages/airflow/example_dags/example_branch_python_dop_operator_3.py
[2025-04-02T06:12:14.538+0000] {logging_mixin.py:190} INFO - [2025-04-02T06:12:14.538+0000] {override.py:1912} INFO - Created Permission View: can delete on DAG:example_branch_dop_operator_v3
[2025-04-02T06:12:14.544+0000] {logging_mixin.py:190} INFO - [2025-04-02T06:12:14.544+0000] {override.py:1912} INFO - Created Permission View: can read on DAG:example_branch_dop_operator_v3
[2025-04-02T06:12:14.548+0000] {logging_mixin.py:190} INFO - [2025-04-02T06:12:14.548+0000] {override.py:1912} INFO - Created Permission View: can edit on DAG:example_branch_dop_operator_v3
[2025-04-02T06:12:14.553+0000] {logging_mixin.py:190} INFO - [2025-04-02T06:12:14.553+0000] {override.py:1912} INFO - Created Permission View: can delete on DAG Run:example_branch_dop_operator_v3
[2025-04-02T06:12:14.557+0000] {logging_mixin.py:190} INFO - [2025-04-02T06:12:14.557+0000] {override.py:1912} INFO - Created Permission View: can create on DAG Run:example_branch_dop_operator_v3
[2025-04-02T06:12:14.562+0000] {logging_mixin.py:190} INFO - [2025-04-02T06:12:14.562+0000] {override.py:1912} INFO - Created Permission View: can read on DAG Run:example_branch_dop_operator_v3
[2025-04-02T06:12:14.566+0000] {logging_mixin.py:190} INFO - [2025-04-02T06:12:14.566+0000] {override.py:1912} INFO - Created Permission View: menu access on DAG Run:example_branch_dop_operator_v3
[2025-04-02T06:12:14.567+0000] {logging_mixin.py:190} INFO - [2025-04-02T06:12:14.567+0000] {dag.py:3239} INFO - Sync 1 DAGs
[2025-04-02T06:12:14.575+0000] {logging_mixin.py:190} INFO - [2025-04-02T06:12:14.575+0000] {dag.py:3262} INFO - Creating ORM DAG for example_branch_dop_operator_v3
[2025-04-02T06:12:14.584+0000] {logging_mixin.py:190} INFO - [2025-04-02T06:12:14.584+0000] {dag.py:4180} INFO - Setting next_dagrun for example_branch_dop_operator_v3 to 2025-04-02 06:11:00+00:00, run_after=2025-04-02 06:12:00+00:00
[2025-04-02T06:12:14.595+0000] {processor.py:208} INFO - Processing /home/airflow/.local/lib/python3.12/site-packages/airflow/example_dags/example_branch_python_dop_operator_3.py took 0.156 seconds
[2025-04-02T06:12:44.926+0000] {processor.py:186} INFO - Started process (PID=133) to work on /home/airflow/.local/lib/python3.12/site-packages/airflow/example_dags/example_branch_python_dop_operator_3.py
[2025-04-02T06:12:44.929+0000] {processor.py:914} INFO - Processing file /home/airflow/.local/lib/python3.12/site-packages/airflow/example_dags/example_branch_python_dop_operator_3.py for tasks to queue
[2025-04-02T06:12:44.931+0000] {logging_mixin.py:190} INFO - [2025-04-02T06:12:44.930+0000] {dagbag.py:588} INFO - Filling up the DagBag from /home/airflow/.local/lib/python3.12/site-packages/airflow/example_dags/example_branch_python_dop_operator_3.py
[2025-04-02T06:12:44.937+0000] {processor.py:925} INFO - DAG(s) 'example_branch_dop_operator_v3' retrieved from /home/airflow/.local/lib/python3.12/site-packages/airflow/example_dags/example_branch_python_dop_operator_3.py
[2025-04-02T06:12:44.949+0000] {logging_mixin.py:190} INFO - [2025-04-02T06:12:44.949+0000] {dag.py:3239} INFO - Sync 1 DAGs
[2025-04-02T06:12:44.964+0000] {logging_mixin.py:190} INFO - [2025-04-02T06:12:44.964+0000] {dag.py:4180} INFO - Setting next_dagrun for example_branch_dop_operator_v3 to 2025-04-02 06:11:00+00:00, run_after=2025-04-02 06:12:00+00:00
[2025-04-02T06:12:44.976+0000] {processor.py:208} INFO - Processing /home/airflow/.local/lib/python3.12/site-packages/airflow/example_dags/example_branch_python_dop_operator_3.py took 0.053 seconds
[2025-04-02T06:13:15.361+0000] {processor.py:186} INFO - Started process (PID=196) to work on /home/airflow/.local/lib/python3.12/site-packages/airflow/example_dags/example_branch_python_dop_operator_3.py
[2025-04-02T06:13:15.362+0000] {processor.py:914} INFO - Processing file /home/airflow/.local/lib/python3.12/site-packages/airflow/example_dags/example_branch_python_dop_operator_3.py for tasks to queue
[2025-04-02T06:13:15.364+0000] {logging_mixin.py:190} INFO - [2025-04-02T06:13:15.364+0000] {dagbag.py:588} INFO - Filling up the DagBag from /home/airflow/.local/lib/python3.12/site-packages/airflow/example_dags/example_branch_python_dop_operator_3.py
[2025-04-02T06:13:15.372+0000] {processor.py:925} INFO - DAG(s) 'example_branch_dop_operator_v3' retrieved from /home/airflow/.local/lib/python3.12/site-packages/airflow/example_dags/example_branch_python_dop_operator_3.py
[2025-04-02T06:13:15.387+0000] {logging_mixin.py:190} INFO - [2025-04-02T06:13:15.387+0000] {dag.py:3239} INFO - Sync 1 DAGs
[2025-04-02T06:13:15.406+0000] {logging_mixin.py:190} INFO - [2025-04-02T06:13:15.406+0000] {dag.py:4180} INFO - Setting next_dagrun for example_branch_dop_operator_v3 to 2025-04-02 06:12:00+00:00, run_after=2025-04-02 06:13:00+00:00
[2025-04-02T06:13:15.417+0000] {processor.py:208} INFO - Processing /home/airflow/.local/lib/python3.12/site-packages/airflow/example_dags/example_branch_python_dop_operator_3.py took 0.061 seconds
[2025-04-02T06:13:45.957+0000] {processor.py:186} INFO - Started process (PID=259) to work on /home/airflow/.local/lib/python3.12/site-packages/airflow/example_dags/example_branch_python_dop_operator_3.py
[2025-04-02T06:13:45.958+0000] {processor.py:914} INFO - Processing file /home/airflow/.local/lib/python3.12/site-packages/airflow/example_dags/example_branch_python_dop_operator_3.py for tasks to queue
[2025-04-02T06:13:45.959+0000] {logging_mixin.py:190} INFO - [2025-04-02T06:13:45.959+0000] {dagbag.py:588} INFO - Filling up the DagBag from /home/airflow/.local/lib/python3.12/site-packages/airflow/example_dags/example_branch_python_dop_operator_3.py
[2025-04-02T06:13:45.965+0000] {processor.py:925} INFO - DAG(s) 'example_branch_dop_operator_v3' retrieved from /home/airflow/.local/lib/python3.12/site-packages/airflow/example_dags/example_branch_python_dop_operator_3.py
[2025-04-02T06:13:45.981+0000] {logging_mixin.py:190} INFO - [2025-04-02T06:13:45.981+0000] {dag.py:3239} INFO - Sync 1 DAGs
[2025-04-02T06:13:46.010+0000] {logging_mixin.py:190} INFO - [2025-04-02T06:13:46.010+0000] {dag.py:4180} INFO - Setting next_dagrun for example_branch_dop_operator_v3 to 2025-04-02 06:12:00+00:00, run_after=2025-04-02 06:13:00+00:00
[2025-04-02T06:13:46.021+0000] {processor.py:208} INFO - Processing /home/airflow/.local/lib/python3.12/site-packages/airflow/example_dags/example_branch_python_dop_operator_3.py took 0.068 seconds
[2025-04-02T06:14:16.239+0000] {processor.py:186} INFO - Started process (PID=322) to work on /home/airflow/.local/lib/python3.12/site-packages/airflow/example_dags/example_branch_python_dop_operator_3.py
[2025-04-02T06:14:16.240+0000] {processor.py:914} INFO - Processing file /home/airflow/.local/lib/python3.12/site-packages/airflow/example_dags/example_branch_python_dop_operator_3.py for tasks to queue
[2025-04-02T06:14:16.242+0000] {logging_mixin.py:190} INFO - [2025-04-02T06:14:16.242+0000] {dagbag.py:588} INFO - Filling up the DagBag from /home/airflow/.local/lib/python3.12/site-packages/airflow/example_dags/example_branch_python_dop_operator_3.py
[2025-04-02T06:14:16.248+0000] {processor.py:925} INFO - DAG(s) 'example_branch_dop_operator_v3' retrieved from /home/airflow/.local/lib/python3.12/site-packages/airflow/example_dags/example_branch_python_dop_operator_3.py
[2025-04-02T06:14:16.259+0000] {logging_mixin.py:190} INFO - [2025-04-02T06:14:16.259+0000] {dag.py:3239} INFO - Sync 1 DAGs
[2025-04-02T06:14:16.272+0000] {logging_mixin.py:190} INFO - [2025-04-02T06:14:16.272+0000] {dag.py:4180} INFO - Setting next_dagrun for example_branch_dop_operator_v3 to 2025-04-02 06:13:00+00:00, run_after=2025-04-02 06:14:00+00:00
[2025-04-02T06:14:16.283+0000] {processor.py:208} INFO - Processing /home/airflow/.local/lib/python3.12/site-packages/airflow/example_dags/example_branch_python_dop_operator_3.py took 0.047 seconds
[2025-04-02T06:14:46.711+0000] {processor.py:186} INFO - Started process (PID=385) to work on /home/airflow/.local/lib/python3.12/site-packages/airflow/example_dags/example_branch_python_dop_operator_3.py
[2025-04-02T06:14:46.716+0000] {processor.py:914} INFO - Processing file /home/airflow/.local/lib/python3.12/site-packages/airflow/example_dags/example_branch_python_dop_operator_3.py for tasks to queue
[2025-04-02T06:14:46.718+0000] {logging_mixin.py:190} INFO - [2025-04-02T06:14:46.717+0000] {dagbag.py:588} INFO - Filling up the DagBag from /home/airflow/.local/lib/python3.12/site-packages/airflow/example_dags/example_branch_python_dop_operator_3.py
[2025-04-02T06:14:46.725+0000] {processor.py:925} INFO - DAG(s) 'example_branch_dop_operator_v3' retrieved from /home/airflow/.local/lib/python3.12/site-packages/airflow/example_dags/example_branch_python_dop_operator_3.py
[2025-04-02T06:14:46.738+0000] {logging_mixin.py:190} INFO - [2025-04-02T06:14:46.738+0000] {dag.py:3239} INFO - Sync 1 DAGs
[2025-04-02T06:14:46.753+0000] {logging_mixin.py:190} INFO - [2025-04-02T06:14:46.753+0000] {dag.py:4180} INFO - Setting next_dagrun for example_branch_dop_operator_v3 to 2025-04-02 06:13:00+00:00, run_after=2025-04-02 06:14:00+00:00
[2025-04-02T06:14:46.762+0000] {processor.py:208} INFO - Processing /home/airflow/.local/lib/python3.12/site-packages/airflow/example_dags/example_branch_python_dop_operator_3.py took 0.055 seconds
[2025-04-02T06:15:17.038+0000] {processor.py:186} INFO - Started process (PID=448) to work on /home/airflow/.local/lib/python3.12/site-packages/airflow/example_dags/example_branch_python_dop_operator_3.py
[2025-04-02T06:15:17.039+0000] {processor.py:914} INFO - Processing file /home/airflow/.local/lib/python3.12/site-packages/airflow/example_dags/example_branch_python_dop_operator_3.py for tasks to queue
[2025-04-02T06:15:17.040+0000] {logging_mixin.py:190} INFO - [2025-04-02T06:15:17.040+0000] {dagbag.py:588} INFO - Filling up the DagBag from /home/airflow/.local/lib/python3.12/site-packages/airflow/example_dags/example_branch_python_dop_operator_3.py
[2025-04-02T06:15:17.046+0000] {processor.py:925} INFO - DAG(s) 'example_branch_dop_operator_v3' retrieved from /home/airflow/.local/lib/python3.12/site-packages/airflow/example_dags/example_branch_python_dop_operator_3.py
[2025-04-02T06:15:17.058+0000] {logging_mixin.py:190} INFO - [2025-04-02T06:15:17.057+0000] {dag.py:3239} INFO - Sync 1 DAGs
[2025-04-02T06:15:17.071+0000] {logging_mixin.py:190} INFO - [2025-04-02T06:15:17.071+0000] {dag.py:4180} INFO - Setting next_dagrun for example_branch_dop_operator_v3 to 2025-04-02 06:14:00+00:00, run_after=2025-04-02 06:15:00+00:00
[2025-04-02T06:15:17.081+0000] {processor.py:208} INFO - Processing /home/airflow/.local/lib/python3.12/site-packages/airflow/example_dags/example_branch_python_dop_operator_3.py took 0.046 seconds
[2025-04-02T06:15:47.442+0000] {processor.py:186} INFO - Started process (PID=511) to work on /home/airflow/.local/lib/python3.12/site-packages/airflow/example_dags/example_branch_python_dop_operator_3.py
[2025-04-02T06:15:47.443+0000] {processor.py:914} INFO - Processing file /home/airflow/.local/lib/python3.12/site-packages/airflow/example_dags/example_branch_python_dop_operator_3.py for tasks to queue
[2025-04-02T06:15:47.444+0000] {logging_mixin.py:190} INFO - [2025-04-02T06:15:47.444+0000] {dagbag.py:588} INFO - Filling up the DagBag from /home/airflow/.local/lib/python3.12/site-packages/airflow/example_dags/example_branch_python_dop_operator_3.py
[2025-04-02T06:15:47.451+0000] {processor.py:925} INFO - DAG(s) 'example_branch_dop_operator_v3' retrieved from /home/airflow/.local/lib/python3.12/site-packages/airflow/example_dags/example_branch_python_dop_operator_3.py
[2025-04-02T06:15:47.463+0000] {logging_mixin.py:190} INFO - [2025-04-02T06:15:47.463+0000] {dag.py:3239} INFO - Sync 1 DAGs
[2025-04-02T06:15:47.476+0000] {logging_mixin.py:190} INFO - [2025-04-02T06:15:47.476+0000] {dag.py:4180} INFO - Setting next_dagrun for example_branch_dop_operator_v3 to 2025-04-02 06:14:00+00:00, run_after=2025-04-02 06:15:00+00:00
[2025-04-02T06:15:47.485+0000] {processor.py:208} INFO - Processing /home/airflow/.local/lib/python3.12/site-packages/airflow/example_dags/example_branch_python_dop_operator_3.py took 0.048 seconds
[2025-04-02T06:18:01.968+0000] {processor.py:186} INFO - Started process (PID=70) to work on /home/airflow/.local/lib/python3.12/site-packages/airflow/example_dags/example_branch_python_dop_operator_3.py
[2025-04-02T06:18:01.970+0000] {processor.py:914} INFO - Processing file /home/airflow/.local/lib/python3.12/site-packages/airflow/example_dags/example_branch_python_dop_operator_3.py for tasks to queue
[2025-04-02T06:18:01.973+0000] {logging_mixin.py:190} INFO - [2025-04-02T06:18:01.973+0000] {dagbag.py:588} INFO - Filling up the DagBag from /home/airflow/.local/lib/python3.12/site-packages/airflow/example_dags/example_branch_python_dop_operator_3.py
[2025-04-02T06:18:01.996+0000] {processor.py:925} INFO - DAG(s) 'example_branch_dop_operator_v3' retrieved from /home/airflow/.local/lib/python3.12/site-packages/airflow/example_dags/example_branch_python_dop_operator_3.py
[2025-04-02T06:18:02.062+0000] {logging_mixin.py:190} INFO - [2025-04-02T06:18:02.062+0000] {dag.py:3239} INFO - Sync 1 DAGs
[2025-04-02T06:18:02.111+0000] {logging_mixin.py:190} INFO - [2025-04-02T06:18:02.111+0000] {dag.py:4180} INFO - Setting next_dagrun for example_branch_dop_operator_v3 to 2025-04-02 06:17:00+00:00, run_after=2025-04-02 06:18:00+00:00
[2025-04-02T06:18:02.152+0000] {processor.py:208} INFO - Processing /home/airflow/.local/lib/python3.12/site-packages/airflow/example_dags/example_branch_python_dop_operator_3.py took 0.207 seconds
[2025-04-02T06:18:32.822+0000] {processor.py:186} INFO - Started process (PID=132) to work on /home/airflow/.local/lib/python3.12/site-packages/airflow/example_dags/example_branch_python_dop_operator_3.py
[2025-04-02T06:18:32.823+0000] {processor.py:914} INFO - Processing file /home/airflow/.local/lib/python3.12/site-packages/airflow/example_dags/example_branch_python_dop_operator_3.py for tasks to queue
[2025-04-02T06:18:32.824+0000] {logging_mixin.py:190} INFO - [2025-04-02T06:18:32.824+0000] {dagbag.py:588} INFO - Filling up the DagBag from /home/airflow/.local/lib/python3.12/site-packages/airflow/example_dags/example_branch_python_dop_operator_3.py
[2025-04-02T06:18:32.831+0000] {processor.py:925} INFO - DAG(s) 'example_branch_dop_operator_v3' retrieved from /home/airflow/.local/lib/python3.12/site-packages/airflow/example_dags/example_branch_python_dop_operator_3.py
[2025-04-02T06:18:32.843+0000] {logging_mixin.py:190} INFO - [2025-04-02T06:18:32.843+0000] {dag.py:3239} INFO - Sync 1 DAGs
[2025-04-02T06:18:32.856+0000] {logging_mixin.py:190} INFO - [2025-04-02T06:18:32.856+0000] {dag.py:4180} INFO - Setting next_dagrun for example_branch_dop_operator_v3 to 2025-04-02 06:17:00+00:00, run_after=2025-04-02 06:18:00+00:00
[2025-04-02T06:18:32.865+0000] {processor.py:208} INFO - Processing /home/airflow/.local/lib/python3.12/site-packages/airflow/example_dags/example_branch_python_dop_operator_3.py took 0.047 seconds
[2025-04-02T06:19:03.083+0000] {processor.py:186} INFO - Started process (PID=195) to work on /home/airflow/.local/lib/python3.12/site-packages/airflow/example_dags/example_branch_python_dop_operator_3.py
[2025-04-02T06:19:03.083+0000] {processor.py:914} INFO - Processing file /home/airflow/.local/lib/python3.12/site-packages/airflow/example_dags/example_branch_python_dop_operator_3.py for tasks to queue
[2025-04-02T06:19:03.085+0000] {logging_mixin.py:190} INFO - [2025-04-02T06:19:03.085+0000] {dagbag.py:588} INFO - Filling up the DagBag from /home/airflow/.local/lib/python3.12/site-packages/airflow/example_dags/example_branch_python_dop_operator_3.py
[2025-04-02T06:19:03.093+0000] {processor.py:925} INFO - DAG(s) 'example_branch_dop_operator_v3' retrieved from /home/airflow/.local/lib/python3.12/site-packages/airflow/example_dags/example_branch_python_dop_operator_3.py
[2025-04-02T06:19:03.107+0000] {logging_mixin.py:190} INFO - [2025-04-02T06:19:03.107+0000] {dag.py:3239} INFO - Sync 1 DAGs
[2025-04-02T06:19:03.121+0000] {logging_mixin.py:190} INFO - [2025-04-02T06:19:03.120+0000] {dag.py:4180} INFO - Setting next_dagrun for example_branch_dop_operator_v3 to 2025-04-02 06:18:00+00:00, run_after=2025-04-02 06:19:00+00:00
[2025-04-02T06:19:03.131+0000] {processor.py:208} INFO - Processing /home/airflow/.local/lib/python3.12/site-packages/airflow/example_dags/example_branch_python_dop_operator_3.py took 0.054 seconds
[2025-04-02T06:19:33.454+0000] {processor.py:186} INFO - Started process (PID=258) to work on /home/airflow/.local/lib/python3.12/site-packages/airflow/example_dags/example_branch_python_dop_operator_3.py
[2025-04-02T06:19:33.455+0000] {processor.py:914} INFO - Processing file /home/airflow/.local/lib/python3.12/site-packages/airflow/example_dags/example_branch_python_dop_operator_3.py for tasks to queue
[2025-04-02T06:19:33.457+0000] {logging_mixin.py:190} INFO - [2025-04-02T06:19:33.457+0000] {dagbag.py:588} INFO - Filling up the DagBag from /home/airflow/.local/lib/python3.12/site-packages/airflow/example_dags/example_branch_python_dop_operator_3.py
[2025-04-02T06:19:33.464+0000] {processor.py:925} INFO - DAG(s) 'example_branch_dop_operator_v3' retrieved from /home/airflow/.local/lib/python3.12/site-packages/airflow/example_dags/example_branch_python_dop_operator_3.py
[2025-04-02T06:19:33.482+0000] {logging_mixin.py:190} INFO - [2025-04-02T06:19:33.482+0000] {dag.py:3239} INFO - Sync 1 DAGs
[2025-04-02T06:19:33.501+0000] {logging_mixin.py:190} INFO - [2025-04-02T06:19:33.501+0000] {dag.py:4180} INFO - Setting next_dagrun for example_branch_dop_operator_v3 to 2025-04-02 06:18:00+00:00, run_after=2025-04-02 06:19:00+00:00
[2025-04-02T06:19:33.516+0000] {processor.py:208} INFO - Processing /home/airflow/.local/lib/python3.12/site-packages/airflow/example_dags/example_branch_python_dop_operator_3.py took 0.066 seconds
[2025-04-02T06:20:03.778+0000] {processor.py:186} INFO - Started process (PID=321) to work on /home/airflow/.local/lib/python3.12/site-packages/airflow/example_dags/example_branch_python_dop_operator_3.py
[2025-04-02T06:20:03.779+0000] {processor.py:914} INFO - Processing file /home/airflow/.local/lib/python3.12/site-packages/airflow/example_dags/example_branch_python_dop_operator_3.py for tasks to queue
[2025-04-02T06:20:03.780+0000] {logging_mixin.py:190} INFO - [2025-04-02T06:20:03.780+0000] {dagbag.py:588} INFO - Filling up the DagBag from /home/airflow/.local/lib/python3.12/site-packages/airflow/example_dags/example_branch_python_dop_operator_3.py
[2025-04-02T06:20:03.787+0000] {processor.py:925} INFO - DAG(s) 'example_branch_dop_operator_v3' retrieved from /home/airflow/.local/lib/python3.12/site-packages/airflow/example_dags/example_branch_python_dop_operator_3.py
[2025-04-02T06:20:03.798+0000] {logging_mixin.py:190} INFO - [2025-04-02T06:20:03.798+0000] {dag.py:3239} INFO - Sync 1 DAGs
[2025-04-02T06:20:03.813+0000] {logging_mixin.py:190} INFO - [2025-04-02T06:20:03.812+0000] {dag.py:4180} INFO - Setting next_dagrun for example_branch_dop_operator_v3 to 2025-04-02 06:19:00+00:00, run_after=2025-04-02 06:20:00+00:00
[2025-04-02T06:20:03.824+0000] {processor.py:208} INFO - Processing /home/airflow/.local/lib/python3.12/site-packages/airflow/example_dags/example_branch_python_dop_operator_3.py took 0.051 seconds
[2025-04-02T06:20:33.905+0000] {processor.py:186} INFO - Started process (PID=384) to work on /home/airflow/.local/lib/python3.12/site-packages/airflow/example_dags/example_branch_python_dop_operator_3.py
[2025-04-02T06:20:33.906+0000] {processor.py:914} INFO - Processing file /home/airflow/.local/lib/python3.12/site-packages/airflow/example_dags/example_branch_python_dop_operator_3.py for tasks to queue
[2025-04-02T06:20:33.907+0000] {logging_mixin.py:190} INFO - [2025-04-02T06:20:33.907+0000] {dagbag.py:588} INFO - Filling up the DagBag from /home/airflow/.local/lib/python3.12/site-packages/airflow/example_dags/example_branch_python_dop_operator_3.py
[2025-04-02T06:20:33.913+0000] {processor.py:925} INFO - DAG(s) 'example_branch_dop_operator_v3' retrieved from /home/airflow/.local/lib/python3.12/site-packages/airflow/example_dags/example_branch_python_dop_operator_3.py
[2025-04-02T06:20:33.924+0000] {logging_mixin.py:190} INFO - [2025-04-02T06:20:33.923+0000] {dag.py:3239} INFO - Sync 1 DAGs
[2025-04-02T06:20:33.936+0000] {logging_mixin.py:190} INFO - [2025-04-02T06:20:33.936+0000] {dag.py:4180} INFO - Setting next_dagrun for example_branch_dop_operator_v3 to 2025-04-02 06:19:00+00:00, run_after=2025-04-02 06:20:00+00:00
[2025-04-02T06:20:33.946+0000] {processor.py:208} INFO - Processing /home/airflow/.local/lib/python3.12/site-packages/airflow/example_dags/example_branch_python_dop_operator_3.py took 0.045 seconds
[2025-04-02T06:21:04.092+0000] {processor.py:186} INFO - Started process (PID=447) to work on /home/airflow/.local/lib/python3.12/site-packages/airflow/example_dags/example_branch_python_dop_operator_3.py
[2025-04-02T06:21:04.093+0000] {processor.py:914} INFO - Processing file /home/airflow/.local/lib/python3.12/site-packages/airflow/example_dags/example_branch_python_dop_operator_3.py for tasks to queue
[2025-04-02T06:21:04.095+0000] {logging_mixin.py:190} INFO - [2025-04-02T06:21:04.095+0000] {dagbag.py:588} INFO - Filling up the DagBag from /home/airflow/.local/lib/python3.12/site-packages/airflow/example_dags/example_branch_python_dop_operator_3.py
[2025-04-02T06:21:04.101+0000] {processor.py:925} INFO - DAG(s) 'example_branch_dop_operator_v3' retrieved from /home/airflow/.local/lib/python3.12/site-packages/airflow/example_dags/example_branch_python_dop_operator_3.py
[2025-04-02T06:21:04.112+0000] {logging_mixin.py:190} INFO - [2025-04-02T06:21:04.112+0000] {dag.py:3239} INFO - Sync 1 DAGs
[2025-04-02T06:21:04.126+0000] {logging_mixin.py:190} INFO - [2025-04-02T06:21:04.126+0000] {dag.py:4180} INFO - Setting next_dagrun for example_branch_dop_operator_v3 to 2025-04-02 06:20:00+00:00, run_after=2025-04-02 06:21:00+00:00
[2025-04-02T06:21:04.136+0000] {processor.py:208} INFO - Processing /home/airflow/.local/lib/python3.12/site-packages/airflow/example_dags/example_branch_python_dop_operator_3.py took 0.048 seconds
[2025-04-02T06:21:34.518+0000] {processor.py:186} INFO - Started process (PID=509) to work on /home/airflow/.local/lib/python3.12/site-packages/airflow/example_dags/example_branch_python_dop_operator_3.py
[2025-04-02T06:21:34.518+0000] {processor.py:914} INFO - Processing file /home/airflow/.local/lib/python3.12/site-packages/airflow/example_dags/example_branch_python_dop_operator_3.py for tasks to queue
[2025-04-02T06:21:34.520+0000] {logging_mixin.py:190} INFO - [2025-04-02T06:21:34.519+0000] {dagbag.py:588} INFO - Filling up the DagBag from /home/airflow/.local/lib/python3.12/site-packages/airflow/example_dags/example_branch_python_dop_operator_3.py
[2025-04-02T06:21:34.526+0000] {processor.py:925} INFO - DAG(s) 'example_branch_dop_operator_v3' retrieved from /home/airflow/.local/lib/python3.12/site-packages/airflow/example_dags/example_branch_python_dop_operator_3.py
[2025-04-02T06:21:34.537+0000] {logging_mixin.py:190} INFO - [2025-04-02T06:21:34.537+0000] {dag.py:3239} INFO - Sync 1 DAGs
[2025-04-02T06:21:34.550+0000] {logging_mixin.py:190} INFO - [2025-04-02T06:21:34.550+0000] {dag.py:4180} INFO - Setting next_dagrun for example_branch_dop_operator_v3 to 2025-04-02 06:20:00+00:00, run_after=2025-04-02 06:21:00+00:00
[2025-04-02T06:21:34.558+0000] {processor.py:208} INFO - Processing /home/airflow/.local/lib/python3.12/site-packages/airflow/example_dags/example_branch_python_dop_operator_3.py took 0.044 seconds
[2025-04-02T06:22:04.650+0000] {processor.py:186} INFO - Started process (PID=572) to work on /home/airflow/.local/lib/python3.12/site-packages/airflow/example_dags/example_branch_python_dop_operator_3.py
[2025-04-02T06:22:04.651+0000] {processor.py:914} INFO - Processing file /home/airflow/.local/lib/python3.12/site-packages/airflow/example_dags/example_branch_python_dop_operator_3.py for tasks to queue
[2025-04-02T06:22:04.652+0000] {logging_mixin.py:190} INFO - [2025-04-02T06:22:04.652+0000] {dagbag.py:588} INFO - Filling up the DagBag from /home/airflow/.local/lib/python3.12/site-packages/airflow/example_dags/example_branch_python_dop_operator_3.py
[2025-04-02T06:22:04.658+0000] {processor.py:925} INFO - DAG(s) 'example_branch_dop_operator_v3' retrieved from /home/airflow/.local/lib/python3.12/site-packages/airflow/example_dags/example_branch_python_dop_operator_3.py
[2025-04-02T06:22:04.670+0000] {logging_mixin.py:190} INFO - [2025-04-02T06:22:04.670+0000] {dag.py:3239} INFO - Sync 1 DAGs
[2025-04-02T06:22:04.683+0000] {logging_mixin.py:190} INFO - [2025-04-02T06:22:04.683+0000] {dag.py:4180} INFO - Setting next_dagrun for example_branch_dop_operator_v3 to 2025-04-02 06:21:00+00:00, run_after=2025-04-02 06:22:00+00:00
[2025-04-02T06:22:04.692+0000] {processor.py:208} INFO - Processing /home/airflow/.local/lib/python3.12/site-packages/airflow/example_dags/example_branch_python_dop_operator_3.py took 0.046 seconds
[2025-04-02T06:22:35.461+0000] {processor.py:186} INFO - Started process (PID=635) to work on /home/airflow/.local/lib/python3.12/site-packages/airflow/example_dags/example_branch_python_dop_operator_3.py
[2025-04-02T06:22:35.464+0000] {processor.py:914} INFO - Processing file /home/airflow/.local/lib/python3.12/site-packages/airflow/example_dags/example_branch_python_dop_operator_3.py for tasks to queue
[2025-04-02T06:22:35.467+0000] {logging_mixin.py:190} INFO - [2025-04-02T06:22:35.467+0000] {dagbag.py:588} INFO - Filling up the DagBag from /home/airflow/.local/lib/python3.12/site-packages/airflow/example_dags/example_branch_python_dop_operator_3.py
[2025-04-02T06:22:35.476+0000] {processor.py:925} INFO - DAG(s) 'example_branch_dop_operator_v3' retrieved from /home/airflow/.local/lib/python3.12/site-packages/airflow/example_dags/example_branch_python_dop_operator_3.py
[2025-04-02T06:22:35.488+0000] {logging_mixin.py:190} INFO - [2025-04-02T06:22:35.488+0000] {dag.py:3239} INFO - Sync 1 DAGs
[2025-04-02T06:22:35.503+0000] {logging_mixin.py:190} INFO - [2025-04-02T06:22:35.503+0000] {dag.py:4180} INFO - Setting next_dagrun for example_branch_dop_operator_v3 to 2025-04-02 06:21:00+00:00, run_after=2025-04-02 06:22:00+00:00
[2025-04-02T06:22:35.512+0000] {processor.py:208} INFO - Processing /home/airflow/.local/lib/python3.12/site-packages/airflow/example_dags/example_branch_python_dop_operator_3.py took 0.055 seconds
[2025-04-02T06:23:06.510+0000] {processor.py:186} INFO - Started process (PID=700) to work on /home/airflow/.local/lib/python3.12/site-packages/airflow/example_dags/example_branch_python_dop_operator_3.py
[2025-04-02T06:23:06.512+0000] {processor.py:914} INFO - Processing file /home/airflow/.local/lib/python3.12/site-packages/airflow/example_dags/example_branch_python_dop_operator_3.py for tasks to queue
[2025-04-02T06:23:06.514+0000] {logging_mixin.py:190} INFO - [2025-04-02T06:23:06.514+0000] {dagbag.py:588} INFO - Filling up the DagBag from /home/airflow/.local/lib/python3.12/site-packages/airflow/example_dags/example_branch_python_dop_operator_3.py
[2025-04-02T06:23:06.521+0000] {processor.py:925} INFO - DAG(s) 'example_branch_dop_operator_v3' retrieved from /home/airflow/.local/lib/python3.12/site-packages/airflow/example_dags/example_branch_python_dop_operator_3.py
[2025-04-02T06:23:06.536+0000] {logging_mixin.py:190} INFO - [2025-04-02T06:23:06.536+0000] {dag.py:3239} INFO - Sync 1 DAGs
[2025-04-02T06:23:06.553+0000] {logging_mixin.py:190} INFO - [2025-04-02T06:23:06.553+0000] {dag.py:4180} INFO - Setting next_dagrun for example_branch_dop_operator_v3 to 2025-04-02 06:22:00+00:00, run_after=2025-04-02 06:23:00+00:00
[2025-04-02T06:23:06.571+0000] {processor.py:208} INFO - Processing /home/airflow/.local/lib/python3.12/site-packages/airflow/example_dags/example_branch_python_dop_operator_3.py took 0.066 seconds
[2025-04-02T06:23:37.039+0000] {processor.py:186} INFO - Started process (PID=764) to work on /home/airflow/.local/lib/python3.12/site-packages/airflow/example_dags/example_branch_python_dop_operator_3.py
[2025-04-02T06:23:37.040+0000] {processor.py:914} INFO - Processing file /home/airflow/.local/lib/python3.12/site-packages/airflow/example_dags/example_branch_python_dop_operator_3.py for tasks to queue
[2025-04-02T06:23:37.041+0000] {logging_mixin.py:190} INFO - [2025-04-02T06:23:37.041+0000] {dagbag.py:588} INFO - Filling up the DagBag from /home/airflow/.local/lib/python3.12/site-packages/airflow/example_dags/example_branch_python_dop_operator_3.py
[2025-04-02T06:23:37.048+0000] {processor.py:925} INFO - DAG(s) 'example_branch_dop_operator_v3' retrieved from /home/airflow/.local/lib/python3.12/site-packages/airflow/example_dags/example_branch_python_dop_operator_3.py
[2025-04-02T06:23:37.066+0000] {logging_mixin.py:190} INFO - [2025-04-02T06:23:37.066+0000] {dag.py:3239} INFO - Sync 1 DAGs
[2025-04-02T06:23:37.079+0000] {logging_mixin.py:190} INFO - [2025-04-02T06:23:37.079+0000] {dag.py:4180} INFO - Setting next_dagrun for example_branch_dop_operator_v3 to 2025-04-02 06:22:00+00:00, run_after=2025-04-02 06:23:00+00:00
[2025-04-02T06:23:37.088+0000] {processor.py:208} INFO - Processing /home/airflow/.local/lib/python3.12/site-packages/airflow/example_dags/example_branch_python_dop_operator_3.py took 0.053 seconds
[2025-04-02T06:24:08.068+0000] {processor.py:186} INFO - Started process (PID=830) to work on /home/airflow/.local/lib/python3.12/site-packages/airflow/example_dags/example_branch_python_dop_operator_3.py
[2025-04-02T06:24:08.069+0000] {processor.py:914} INFO - Processing file /home/airflow/.local/lib/python3.12/site-packages/airflow/example_dags/example_branch_python_dop_operator_3.py for tasks to queue
[2025-04-02T06:24:08.070+0000] {logging_mixin.py:190} INFO - [2025-04-02T06:24:08.070+0000] {dagbag.py:588} INFO - Filling up the DagBag from /home/airflow/.local/lib/python3.12/site-packages/airflow/example_dags/example_branch_python_dop_operator_3.py
[2025-04-02T06:24:08.077+0000] {processor.py:925} INFO - DAG(s) 'example_branch_dop_operator_v3' retrieved from /home/airflow/.local/lib/python3.12/site-packages/airflow/example_dags/example_branch_python_dop_operator_3.py
[2025-04-02T06:24:08.092+0000] {logging_mixin.py:190} INFO - [2025-04-02T06:24:08.091+0000] {dag.py:3239} INFO - Sync 1 DAGs
[2025-04-02T06:24:08.105+0000] {logging_mixin.py:190} INFO - [2025-04-02T06:24:08.105+0000] {dag.py:4180} INFO - Setting next_dagrun for example_branch_dop_operator_v3 to 2025-04-02 06:23:00+00:00, run_after=2025-04-02 06:24:00+00:00
[2025-04-02T06:24:08.115+0000] {processor.py:208} INFO - Processing /home/airflow/.local/lib/python3.12/site-packages/airflow/example_dags/example_branch_python_dop_operator_3.py took 0.051 seconds
[2025-04-02T06:24:38.454+0000] {processor.py:186} INFO - Started process (PID=894) to work on /home/airflow/.local/lib/python3.12/site-packages/airflow/example_dags/example_branch_python_dop_operator_3.py
[2025-04-02T06:24:38.455+0000] {processor.py:914} INFO - Processing file /home/airflow/.local/lib/python3.12/site-packages/airflow/example_dags/example_branch_python_dop_operator_3.py for tasks to queue
[2025-04-02T06:24:38.456+0000] {logging_mixin.py:190} INFO - [2025-04-02T06:24:38.456+0000] {dagbag.py:588} INFO - Filling up the DagBag from /home/airflow/.local/lib/python3.12/site-packages/airflow/example_dags/example_branch_python_dop_operator_3.py
[2025-04-02T06:24:38.462+0000] {processor.py:925} INFO - DAG(s) 'example_branch_dop_operator_v3' retrieved from /home/airflow/.local/lib/python3.12/site-packages/airflow/example_dags/example_branch_python_dop_operator_3.py
[2025-04-02T06:24:38.474+0000] {logging_mixin.py:190} INFO - [2025-04-02T06:24:38.474+0000] {dag.py:3239} INFO - Sync 1 DAGs
[2025-04-02T06:24:38.489+0000] {logging_mixin.py:190} INFO - [2025-04-02T06:24:38.489+0000] {dag.py:4180} INFO - Setting next_dagrun for example_branch_dop_operator_v3 to 2025-04-02 06:23:00+00:00, run_after=2025-04-02 06:24:00+00:00
[2025-04-02T06:24:38.499+0000] {processor.py:208} INFO - Processing /home/airflow/.local/lib/python3.12/site-packages/airflow/example_dags/example_branch_python_dop_operator_3.py took 0.048 seconds
[2025-04-02T06:25:08.849+0000] {processor.py:186} INFO - Started process (PID=958) to work on /home/airflow/.local/lib/python3.12/site-packages/airflow/example_dags/example_branch_python_dop_operator_3.py
[2025-04-02T06:25:08.850+0000] {processor.py:914} INFO - Processing file /home/airflow/.local/lib/python3.12/site-packages/airflow/example_dags/example_branch_python_dop_operator_3.py for tasks to queue
[2025-04-02T06:25:08.851+0000] {logging_mixin.py:190} INFO - [2025-04-02T06:25:08.851+0000] {dagbag.py:588} INFO - Filling up the DagBag from /home/airflow/.local/lib/python3.12/site-packages/airflow/example_dags/example_branch_python_dop_operator_3.py
[2025-04-02T06:25:08.858+0000] {processor.py:925} INFO - DAG(s) 'example_branch_dop_operator_v3' retrieved from /home/airflow/.local/lib/python3.12/site-packages/airflow/example_dags/example_branch_python_dop_operator_3.py
[2025-04-02T06:25:08.874+0000] {logging_mixin.py:190} INFO - [2025-04-02T06:25:08.874+0000] {dag.py:3239} INFO - Sync 1 DAGs
[2025-04-02T06:25:08.889+0000] {logging_mixin.py:190} INFO - [2025-04-02T06:25:08.889+0000] {dag.py:4180} INFO - Setting next_dagrun for example_branch_dop_operator_v3 to 2025-04-02 06:24:00+00:00, run_after=2025-04-02 06:25:00+00:00
[2025-04-02T06:25:08.899+0000] {processor.py:208} INFO - Processing /home/airflow/.local/lib/python3.12/site-packages/airflow/example_dags/example_branch_python_dop_operator_3.py took 0.053 seconds
[2025-04-02T06:25:39.313+0000] {processor.py:186} INFO - Started process (PID=1026) to work on /home/airflow/.local/lib/python3.12/site-packages/airflow/example_dags/example_branch_python_dop_operator_3.py
[2025-04-02T06:25:39.314+0000] {processor.py:914} INFO - Processing file /home/airflow/.local/lib/python3.12/site-packages/airflow/example_dags/example_branch_python_dop_operator_3.py for tasks to queue
[2025-04-02T06:25:39.316+0000] {logging_mixin.py:190} INFO - [2025-04-02T06:25:39.316+0000] {dagbag.py:588} INFO - Filling up the DagBag from /home/airflow/.local/lib/python3.12/site-packages/airflow/example_dags/example_branch_python_dop_operator_3.py
[2025-04-02T06:25:39.322+0000] {processor.py:925} INFO - DAG(s) 'example_branch_dop_operator_v3' retrieved from /home/airflow/.local/lib/python3.12/site-packages/airflow/example_dags/example_branch_python_dop_operator_3.py
[2025-04-02T06:25:39.337+0000] {logging_mixin.py:190} INFO - [2025-04-02T06:25:39.336+0000] {dag.py:3239} INFO - Sync 1 DAGs
[2025-04-02T06:25:39.352+0000] {logging_mixin.py:190} INFO - [2025-04-02T06:25:39.352+0000] {dag.py:4180} INFO - Setting next_dagrun for example_branch_dop_operator_v3 to 2025-04-02 06:24:00+00:00, run_after=2025-04-02 06:25:00+00:00
[2025-04-02T06:25:39.364+0000] {processor.py:208} INFO - Processing /home/airflow/.local/lib/python3.12/site-packages/airflow/example_dags/example_branch_python_dop_operator_3.py took 0.055 seconds
[2025-04-02T06:26:09.656+0000] {processor.py:186} INFO - Started process (PID=1093) to work on /home/airflow/.local/lib/python3.12/site-packages/airflow/example_dags/example_branch_python_dop_operator_3.py
[2025-04-02T06:26:09.657+0000] {processor.py:914} INFO - Processing file /home/airflow/.local/lib/python3.12/site-packages/airflow/example_dags/example_branch_python_dop_operator_3.py for tasks to queue
[2025-04-02T06:26:09.658+0000] {logging_mixin.py:190} INFO - [2025-04-02T06:26:09.658+0000] {dagbag.py:588} INFO - Filling up the DagBag from /home/airflow/.local/lib/python3.12/site-packages/airflow/example_dags/example_branch_python_dop_operator_3.py
[2025-04-02T06:26:09.664+0000] {processor.py:925} INFO - DAG(s) 'example_branch_dop_operator_v3' retrieved from /home/airflow/.local/lib/python3.12/site-packages/airflow/example_dags/example_branch_python_dop_operator_3.py
[2025-04-02T06:26:09.674+0000] {logging_mixin.py:190} INFO - [2025-04-02T06:26:09.674+0000] {dag.py:3239} INFO - Sync 1 DAGs
[2025-04-02T06:26:09.688+0000] {logging_mixin.py:190} INFO - [2025-04-02T06:26:09.688+0000] {dag.py:4180} INFO - Setting next_dagrun for example_branch_dop_operator_v3 to 2025-04-02 06:25:00+00:00, run_after=2025-04-02 06:26:00+00:00
[2025-04-02T06:26:09.704+0000] {processor.py:208} INFO - Processing /home/airflow/.local/lib/python3.12/site-packages/airflow/example_dags/example_branch_python_dop_operator_3.py took 0.052 seconds
[2025-04-02T06:26:40.056+0000] {processor.py:186} INFO - Started process (PID=1161) to work on /home/airflow/.local/lib/python3.12/site-packages/airflow/example_dags/example_branch_python_dop_operator_3.py
[2025-04-02T06:26:40.056+0000] {processor.py:914} INFO - Processing file /home/airflow/.local/lib/python3.12/site-packages/airflow/example_dags/example_branch_python_dop_operator_3.py for tasks to queue
[2025-04-02T06:26:40.058+0000] {logging_mixin.py:190} INFO - [2025-04-02T06:26:40.057+0000] {dagbag.py:588} INFO - Filling up the DagBag from /home/airflow/.local/lib/python3.12/site-packages/airflow/example_dags/example_branch_python_dop_operator_3.py
[2025-04-02T06:26:40.063+0000] {processor.py:925} INFO - DAG(s) 'example_branch_dop_operator_v3' retrieved from /home/airflow/.local/lib/python3.12/site-packages/airflow/example_dags/example_branch_python_dop_operator_3.py
[2025-04-02T06:26:40.075+0000] {logging_mixin.py:190} INFO - [2025-04-02T06:26:40.075+0000] {dag.py:3239} INFO - Sync 1 DAGs
[2025-04-02T06:26:40.099+0000] {logging_mixin.py:190} INFO - [2025-04-02T06:26:40.099+0000] {dag.py:4180} INFO - Setting next_dagrun for example_branch_dop_operator_v3 to 2025-04-02 06:25:00+00:00, run_after=2025-04-02 06:26:00+00:00
[2025-04-02T06:26:40.119+0000] {processor.py:208} INFO - Processing /home/airflow/.local/lib/python3.12/site-packages/airflow/example_dags/example_branch_python_dop_operator_3.py took 0.067 seconds
[2025-04-02T06:27:10.921+0000] {processor.py:186} INFO - Started process (PID=1231) to work on /home/airflow/.local/lib/python3.12/site-packages/airflow/example_dags/example_branch_python_dop_operator_3.py
[2025-04-02T06:27:10.921+0000] {processor.py:914} INFO - Processing file /home/airflow/.local/lib/python3.12/site-packages/airflow/example_dags/example_branch_python_dop_operator_3.py for tasks to queue
[2025-04-02T06:27:10.922+0000] {logging_mixin.py:190} INFO - [2025-04-02T06:27:10.922+0000] {dagbag.py:588} INFO - Filling up the DagBag from /home/airflow/.local/lib/python3.12/site-packages/airflow/example_dags/example_branch_python_dop_operator_3.py
[2025-04-02T06:27:10.929+0000] {processor.py:925} INFO - DAG(s) 'example_branch_dop_operator_v3' retrieved from /home/airflow/.local/lib/python3.12/site-packages/airflow/example_dags/example_branch_python_dop_operator_3.py
[2025-04-02T06:27:10.942+0000] {logging_mixin.py:190} INFO - [2025-04-02T06:27:10.942+0000] {dag.py:3239} INFO - Sync 1 DAGs
[2025-04-02T06:27:10.956+0000] {logging_mixin.py:190} INFO - [2025-04-02T06:27:10.956+0000] {dag.py:4180} INFO - Setting next_dagrun for example_branch_dop_operator_v3 to 2025-04-02 06:26:00+00:00, run_after=2025-04-02 06:27:00+00:00
[2025-04-02T06:27:10.966+0000] {processor.py:208} INFO - Processing /home/airflow/.local/lib/python3.12/site-packages/airflow/example_dags/example_branch_python_dop_operator_3.py took 0.048 seconds
[2025-04-02T06:27:41.558+0000] {processor.py:186} INFO - Started process (PID=1295) to work on /home/airflow/.local/lib/python3.12/site-packages/airflow/example_dags/example_branch_python_dop_operator_3.py
[2025-04-02T06:27:41.559+0000] {processor.py:914} INFO - Processing file /home/airflow/.local/lib/python3.12/site-packages/airflow/example_dags/example_branch_python_dop_operator_3.py for tasks to queue
[2025-04-02T06:27:41.560+0000] {logging_mixin.py:190} INFO - [2025-04-02T06:27:41.560+0000] {dagbag.py:588} INFO - Filling up the DagBag from /home/airflow/.local/lib/python3.12/site-packages/airflow/example_dags/example_branch_python_dop_operator_3.py
[2025-04-02T06:27:41.567+0000] {processor.py:925} INFO - DAG(s) 'example_branch_dop_operator_v3' retrieved from /home/airflow/.local/lib/python3.12/site-packages/airflow/example_dags/example_branch_python_dop_operator_3.py
[2025-04-02T06:27:41.578+0000] {logging_mixin.py:190} INFO - [2025-04-02T06:27:41.578+0000] {dag.py:3239} INFO - Sync 1 DAGs
[2025-04-02T06:27:41.605+0000] {logging_mixin.py:190} INFO - [2025-04-02T06:27:41.605+0000] {dag.py:4180} INFO - Setting next_dagrun for example_branch_dop_operator_v3 to 2025-04-02 06:26:00+00:00, run_after=2025-04-02 06:27:00+00:00
[2025-04-02T06:27:41.622+0000] {processor.py:208} INFO - Processing /home/airflow/.local/lib/python3.12/site-packages/airflow/example_dags/example_branch_python_dop_operator_3.py took 0.066 seconds
[2025-04-02T06:28:12.137+0000] {processor.py:186} INFO - Started process (PID=1363) to work on /home/airflow/.local/lib/python3.12/site-packages/airflow/example_dags/example_branch_python_dop_operator_3.py
[2025-04-02T06:28:12.138+0000] {processor.py:914} INFO - Processing file /home/airflow/.local/lib/python3.12/site-packages/airflow/example_dags/example_branch_python_dop_operator_3.py for tasks to queue
[2025-04-02T06:28:12.138+0000] {logging_mixin.py:190} INFO - [2025-04-02T06:28:12.138+0000] {dagbag.py:588} INFO - Filling up the DagBag from /home/airflow/.local/lib/python3.12/site-packages/airflow/example_dags/example_branch_python_dop_operator_3.py
[2025-04-02T06:28:12.145+0000] {processor.py:925} INFO - DAG(s) 'example_branch_dop_operator_v3' retrieved from /home/airflow/.local/lib/python3.12/site-packages/airflow/example_dags/example_branch_python_dop_operator_3.py
[2025-04-02T06:28:12.156+0000] {logging_mixin.py:190} INFO - [2025-04-02T06:28:12.156+0000] {dag.py:3239} INFO - Sync 1 DAGs
[2025-04-02T06:28:12.169+0000] {logging_mixin.py:190} INFO - [2025-04-02T06:28:12.169+0000] {dag.py:4180} INFO - Setting next_dagrun for example_branch_dop_operator_v3 to 2025-04-02 06:27:00+00:00, run_after=2025-04-02 06:28:00+00:00
[2025-04-02T06:28:12.178+0000] {processor.py:208} INFO - Processing /home/airflow/.local/lib/python3.12/site-packages/airflow/example_dags/example_branch_python_dop_operator_3.py took 0.046 seconds
