[2025-04-02T06:12:17.229+0000] {processor.py:186} INFO - Started process (PID=88) to work on /home/airflow/.local/lib/python3.12/site-packages/airflow/example_dags/example_bash_operator.py
[2025-04-02T06:12:17.229+0000] {processor.py:914} INFO - Processing file /home/airflow/.local/lib/python3.12/site-packages/airflow/example_dags/example_bash_operator.py for tasks to queue
[2025-04-02T06:12:17.232+0000] {logging_mixin.py:190} INFO - [2025-04-02T06:12:17.232+0000] {dagbag.py:588} INFO - Filling up the DagBag from /home/airflow/.local/lib/python3.12/site-packages/airflow/example_dags/example_bash_operator.py
[2025-04-02T06:12:17.251+0000] {processor.py:925} INFO - DAG(s) 'example_bash_operator' retrieved from /home/airflow/.local/lib/python3.12/site-packages/airflow/example_dags/example_bash_operator.py
[2025-04-02T06:12:17.336+0000] {logging_mixin.py:190} INFO - [2025-04-02T06:12:17.335+0000] {override.py:1912} INFO - Created Permission View: can delete on DAG:example_bash_operator
[2025-04-02T06:12:17.344+0000] {logging_mixin.py:190} INFO - [2025-04-02T06:12:17.343+0000] {override.py:1912} INFO - Created Permission View: can read on DAG:example_bash_operator
[2025-04-02T06:12:17.347+0000] {logging_mixin.py:190} INFO - [2025-04-02T06:12:17.347+0000] {override.py:1912} INFO - Created Permission View: can edit on DAG:example_bash_operator
[2025-04-02T06:12:17.351+0000] {logging_mixin.py:190} INFO - [2025-04-02T06:12:17.351+0000] {override.py:1912} INFO - Created Permission View: can delete on DAG Run:example_bash_operator
[2025-04-02T06:12:17.355+0000] {logging_mixin.py:190} INFO - [2025-04-02T06:12:17.355+0000] {override.py:1912} INFO - Created Permission View: can create on DAG Run:example_bash_operator
[2025-04-02T06:12:17.358+0000] {logging_mixin.py:190} INFO - [2025-04-02T06:12:17.358+0000] {override.py:1912} INFO - Created Permission View: can read on DAG Run:example_bash_operator
[2025-04-02T06:12:17.362+0000] {logging_mixin.py:190} INFO - [2025-04-02T06:12:17.362+0000] {override.py:1912} INFO - Created Permission View: menu access on DAG Run:example_bash_operator
[2025-04-02T06:12:17.363+0000] {logging_mixin.py:190} INFO - [2025-04-02T06:12:17.363+0000] {dag.py:3239} INFO - Sync 1 DAGs
[2025-04-02T06:12:17.370+0000] {logging_mixin.py:190} INFO - [2025-04-02T06:12:17.369+0000] {dag.py:3262} INFO - Creating ORM DAG for example_bash_operator
[2025-04-02T06:12:17.376+0000] {logging_mixin.py:190} INFO - [2025-04-02T06:12:17.376+0000] {dag.py:4180} INFO - Setting next_dagrun for example_bash_operator to 2025-04-01 00:00:00+00:00, run_after=2025-04-02 00:00:00+00:00
[2025-04-02T06:12:17.386+0000] {processor.py:208} INFO - Processing /home/airflow/.local/lib/python3.12/site-packages/airflow/example_dags/example_bash_operator.py took 0.163 seconds
[2025-04-02T06:12:47.739+0000] {processor.py:186} INFO - Started process (PID=151) to work on /home/airflow/.local/lib/python3.12/site-packages/airflow/example_dags/example_bash_operator.py
[2025-04-02T06:12:47.741+0000] {processor.py:914} INFO - Processing file /home/airflow/.local/lib/python3.12/site-packages/airflow/example_dags/example_bash_operator.py for tasks to queue
[2025-04-02T06:12:47.742+0000] {logging_mixin.py:190} INFO - [2025-04-02T06:12:47.742+0000] {dagbag.py:588} INFO - Filling up the DagBag from /home/airflow/.local/lib/python3.12/site-packages/airflow/example_dags/example_bash_operator.py
[2025-04-02T06:12:47.757+0000] {processor.py:925} INFO - DAG(s) 'example_bash_operator' retrieved from /home/airflow/.local/lib/python3.12/site-packages/airflow/example_dags/example_bash_operator.py
[2025-04-02T06:12:47.810+0000] {logging_mixin.py:190} INFO - [2025-04-02T06:12:47.810+0000] {dag.py:3239} INFO - Sync 1 DAGs
[2025-04-02T06:12:47.824+0000] {logging_mixin.py:190} INFO - [2025-04-02T06:12:47.823+0000] {dag.py:4180} INFO - Setting next_dagrun for example_bash_operator to 2025-04-01 00:00:00+00:00, run_after=2025-04-02 00:00:00+00:00
[2025-04-02T06:12:47.852+0000] {processor.py:208} INFO - Processing /home/airflow/.local/lib/python3.12/site-packages/airflow/example_dags/example_bash_operator.py took 0.120 seconds
[2025-04-02T06:13:18.398+0000] {processor.py:186} INFO - Started process (PID=214) to work on /home/airflow/.local/lib/python3.12/site-packages/airflow/example_dags/example_bash_operator.py
[2025-04-02T06:13:18.399+0000] {processor.py:914} INFO - Processing file /home/airflow/.local/lib/python3.12/site-packages/airflow/example_dags/example_bash_operator.py for tasks to queue
[2025-04-02T06:13:18.400+0000] {logging_mixin.py:190} INFO - [2025-04-02T06:13:18.400+0000] {dagbag.py:588} INFO - Filling up the DagBag from /home/airflow/.local/lib/python3.12/site-packages/airflow/example_dags/example_bash_operator.py
[2025-04-02T06:13:18.408+0000] {processor.py:925} INFO - DAG(s) 'example_bash_operator' retrieved from /home/airflow/.local/lib/python3.12/site-packages/airflow/example_dags/example_bash_operator.py
[2025-04-02T06:13:18.422+0000] {logging_mixin.py:190} INFO - [2025-04-02T06:13:18.422+0000] {dag.py:3239} INFO - Sync 1 DAGs
[2025-04-02T06:13:18.435+0000] {logging_mixin.py:190} INFO - [2025-04-02T06:13:18.434+0000] {dag.py:4180} INFO - Setting next_dagrun for example_bash_operator to 2025-04-01 00:00:00+00:00, run_after=2025-04-02 00:00:00+00:00
[2025-04-02T06:13:18.444+0000] {processor.py:208} INFO - Processing /home/airflow/.local/lib/python3.12/site-packages/airflow/example_dags/example_bash_operator.py took 0.051 seconds
[2025-04-02T06:13:48.650+0000] {processor.py:186} INFO - Started process (PID=276) to work on /home/airflow/.local/lib/python3.12/site-packages/airflow/example_dags/example_bash_operator.py
[2025-04-02T06:13:48.651+0000] {processor.py:914} INFO - Processing file /home/airflow/.local/lib/python3.12/site-packages/airflow/example_dags/example_bash_operator.py for tasks to queue
[2025-04-02T06:13:48.652+0000] {logging_mixin.py:190} INFO - [2025-04-02T06:13:48.652+0000] {dagbag.py:588} INFO - Filling up the DagBag from /home/airflow/.local/lib/python3.12/site-packages/airflow/example_dags/example_bash_operator.py
[2025-04-02T06:13:48.660+0000] {processor.py:925} INFO - DAG(s) 'example_bash_operator' retrieved from /home/airflow/.local/lib/python3.12/site-packages/airflow/example_dags/example_bash_operator.py
[2025-04-02T06:13:48.675+0000] {logging_mixin.py:190} INFO - [2025-04-02T06:13:48.675+0000] {dag.py:3239} INFO - Sync 1 DAGs
[2025-04-02T06:13:48.687+0000] {logging_mixin.py:190} INFO - [2025-04-02T06:13:48.687+0000] {dag.py:4180} INFO - Setting next_dagrun for example_bash_operator to 2025-04-01 00:00:00+00:00, run_after=2025-04-02 00:00:00+00:00
[2025-04-02T06:13:48.696+0000] {processor.py:208} INFO - Processing /home/airflow/.local/lib/python3.12/site-packages/airflow/example_dags/example_bash_operator.py took 0.050 seconds
[2025-04-02T06:14:19.137+0000] {processor.py:186} INFO - Started process (PID=339) to work on /home/airflow/.local/lib/python3.12/site-packages/airflow/example_dags/example_bash_operator.py
[2025-04-02T06:14:19.138+0000] {processor.py:914} INFO - Processing file /home/airflow/.local/lib/python3.12/site-packages/airflow/example_dags/example_bash_operator.py for tasks to queue
[2025-04-02T06:14:19.140+0000] {logging_mixin.py:190} INFO - [2025-04-02T06:14:19.139+0000] {dagbag.py:588} INFO - Filling up the DagBag from /home/airflow/.local/lib/python3.12/site-packages/airflow/example_dags/example_bash_operator.py
[2025-04-02T06:14:19.148+0000] {processor.py:925} INFO - DAG(s) 'example_bash_operator' retrieved from /home/airflow/.local/lib/python3.12/site-packages/airflow/example_dags/example_bash_operator.py
[2025-04-02T06:14:19.165+0000] {logging_mixin.py:190} INFO - [2025-04-02T06:14:19.165+0000] {dag.py:3239} INFO - Sync 1 DAGs
[2025-04-02T06:14:19.180+0000] {logging_mixin.py:190} INFO - [2025-04-02T06:14:19.179+0000] {dag.py:4180} INFO - Setting next_dagrun for example_bash_operator to 2025-04-01 00:00:00+00:00, run_after=2025-04-02 00:00:00+00:00
[2025-04-02T06:14:19.190+0000] {processor.py:208} INFO - Processing /home/airflow/.local/lib/python3.12/site-packages/airflow/example_dags/example_bash_operator.py took 0.056 seconds
[2025-04-02T06:14:49.620+0000] {processor.py:186} INFO - Started process (PID=401) to work on /home/airflow/.local/lib/python3.12/site-packages/airflow/example_dags/example_bash_operator.py
[2025-04-02T06:14:49.620+0000] {processor.py:914} INFO - Processing file /home/airflow/.local/lib/python3.12/site-packages/airflow/example_dags/example_bash_operator.py for tasks to queue
[2025-04-02T06:14:49.622+0000] {logging_mixin.py:190} INFO - [2025-04-02T06:14:49.622+0000] {dagbag.py:588} INFO - Filling up the DagBag from /home/airflow/.local/lib/python3.12/site-packages/airflow/example_dags/example_bash_operator.py
[2025-04-02T06:14:49.634+0000] {processor.py:925} INFO - DAG(s) 'example_bash_operator' retrieved from /home/airflow/.local/lib/python3.12/site-packages/airflow/example_dags/example_bash_operator.py
[2025-04-02T06:14:49.671+0000] {logging_mixin.py:190} INFO - [2025-04-02T06:14:49.671+0000] {dag.py:3239} INFO - Sync 1 DAGs
[2025-04-02T06:14:49.699+0000] {logging_mixin.py:190} INFO - [2025-04-02T06:14:49.699+0000] {dag.py:4180} INFO - Setting next_dagrun for example_bash_operator to 2025-04-01 00:00:00+00:00, run_after=2025-04-02 00:00:00+00:00
[2025-04-02T06:14:49.715+0000] {processor.py:208} INFO - Processing /home/airflow/.local/lib/python3.12/site-packages/airflow/example_dags/example_bash_operator.py took 0.099 seconds
[2025-04-02T06:15:20.937+0000] {processor.py:186} INFO - Started process (PID=465) to work on /home/airflow/.local/lib/python3.12/site-packages/airflow/example_dags/example_bash_operator.py
[2025-04-02T06:15:20.938+0000] {processor.py:914} INFO - Processing file /home/airflow/.local/lib/python3.12/site-packages/airflow/example_dags/example_bash_operator.py for tasks to queue
[2025-04-02T06:15:20.939+0000] {logging_mixin.py:190} INFO - [2025-04-02T06:15:20.939+0000] {dagbag.py:588} INFO - Filling up the DagBag from /home/airflow/.local/lib/python3.12/site-packages/airflow/example_dags/example_bash_operator.py
[2025-04-02T06:15:20.946+0000] {processor.py:925} INFO - DAG(s) 'example_bash_operator' retrieved from /home/airflow/.local/lib/python3.12/site-packages/airflow/example_dags/example_bash_operator.py
[2025-04-02T06:15:20.959+0000] {logging_mixin.py:190} INFO - [2025-04-02T06:15:20.959+0000] {dag.py:3239} INFO - Sync 1 DAGs
[2025-04-02T06:15:20.971+0000] {logging_mixin.py:190} INFO - [2025-04-02T06:15:20.970+0000] {dag.py:4180} INFO - Setting next_dagrun for example_bash_operator to 2025-04-01 00:00:00+00:00, run_after=2025-04-02 00:00:00+00:00
[2025-04-02T06:15:20.979+0000] {processor.py:208} INFO - Processing /home/airflow/.local/lib/python3.12/site-packages/airflow/example_dags/example_bash_operator.py took 0.047 seconds
[2025-04-02T06:15:51.023+0000] {processor.py:186} INFO - Started process (PID=528) to work on /home/airflow/.local/lib/python3.12/site-packages/airflow/example_dags/example_bash_operator.py
[2025-04-02T06:15:51.024+0000] {processor.py:914} INFO - Processing file /home/airflow/.local/lib/python3.12/site-packages/airflow/example_dags/example_bash_operator.py for tasks to queue
[2025-04-02T06:15:51.025+0000] {logging_mixin.py:190} INFO - [2025-04-02T06:15:51.025+0000] {dagbag.py:588} INFO - Filling up the DagBag from /home/airflow/.local/lib/python3.12/site-packages/airflow/example_dags/example_bash_operator.py
[2025-04-02T06:15:51.032+0000] {processor.py:925} INFO - DAG(s) 'example_bash_operator' retrieved from /home/airflow/.local/lib/python3.12/site-packages/airflow/example_dags/example_bash_operator.py
[2025-04-02T06:15:51.047+0000] {logging_mixin.py:190} INFO - [2025-04-02T06:15:51.046+0000] {dag.py:3239} INFO - Sync 1 DAGs
[2025-04-02T06:15:51.058+0000] {logging_mixin.py:190} INFO - [2025-04-02T06:15:51.058+0000] {dag.py:4180} INFO - Setting next_dagrun for example_bash_operator to 2025-04-01 00:00:00+00:00, run_after=2025-04-02 00:00:00+00:00
[2025-04-02T06:15:51.066+0000] {processor.py:208} INFO - Processing /home/airflow/.local/lib/python3.12/site-packages/airflow/example_dags/example_bash_operator.py took 0.046 seconds
[2025-04-02T06:18:03.956+0000] {processor.py:186} INFO - Started process (PID=87) to work on /home/airflow/.local/lib/python3.12/site-packages/airflow/example_dags/example_bash_operator.py
[2025-04-02T06:18:03.957+0000] {processor.py:914} INFO - Processing file /home/airflow/.local/lib/python3.12/site-packages/airflow/example_dags/example_bash_operator.py for tasks to queue
[2025-04-02T06:18:03.960+0000] {logging_mixin.py:190} INFO - [2025-04-02T06:18:03.959+0000] {dagbag.py:588} INFO - Filling up the DagBag from /home/airflow/.local/lib/python3.12/site-packages/airflow/example_dags/example_bash_operator.py
[2025-04-02T06:18:03.971+0000] {processor.py:925} INFO - DAG(s) 'example_bash_operator' retrieved from /home/airflow/.local/lib/python3.12/site-packages/airflow/example_dags/example_bash_operator.py
[2025-04-02T06:18:04.000+0000] {logging_mixin.py:190} INFO - [2025-04-02T06:18:04.000+0000] {dag.py:3239} INFO - Sync 1 DAGs
[2025-04-02T06:18:04.026+0000] {logging_mixin.py:190} INFO - [2025-04-02T06:18:04.026+0000] {dag.py:4180} INFO - Setting next_dagrun for example_bash_operator to 2025-04-01 00:00:00+00:00, run_after=2025-04-02 00:00:00+00:00
[2025-04-02T06:18:04.043+0000] {processor.py:208} INFO - Processing /home/airflow/.local/lib/python3.12/site-packages/airflow/example_dags/example_bash_operator.py took 0.095 seconds
[2025-04-02T06:18:34.814+0000] {processor.py:186} INFO - Started process (PID=150) to work on /home/airflow/.local/lib/python3.12/site-packages/airflow/example_dags/example_bash_operator.py
[2025-04-02T06:18:34.815+0000] {processor.py:914} INFO - Processing file /home/airflow/.local/lib/python3.12/site-packages/airflow/example_dags/example_bash_operator.py for tasks to queue
[2025-04-02T06:18:34.816+0000] {logging_mixin.py:190} INFO - [2025-04-02T06:18:34.816+0000] {dagbag.py:588} INFO - Filling up the DagBag from /home/airflow/.local/lib/python3.12/site-packages/airflow/example_dags/example_bash_operator.py
[2025-04-02T06:18:34.823+0000] {processor.py:925} INFO - DAG(s) 'example_bash_operator' retrieved from /home/airflow/.local/lib/python3.12/site-packages/airflow/example_dags/example_bash_operator.py
[2025-04-02T06:18:34.837+0000] {logging_mixin.py:190} INFO - [2025-04-02T06:18:34.837+0000] {dag.py:3239} INFO - Sync 1 DAGs
[2025-04-02T06:18:34.849+0000] {logging_mixin.py:190} INFO - [2025-04-02T06:18:34.848+0000] {dag.py:4180} INFO - Setting next_dagrun for example_bash_operator to 2025-04-01 00:00:00+00:00, run_after=2025-04-02 00:00:00+00:00
[2025-04-02T06:18:34.857+0000] {processor.py:208} INFO - Processing /home/airflow/.local/lib/python3.12/site-packages/airflow/example_dags/example_bash_operator.py took 0.046 seconds
[2025-04-02T06:19:06.222+0000] {processor.py:186} INFO - Started process (PID=213) to work on /home/airflow/.local/lib/python3.12/site-packages/airflow/example_dags/example_bash_operator.py
[2025-04-02T06:19:06.243+0000] {processor.py:914} INFO - Processing file /home/airflow/.local/lib/python3.12/site-packages/airflow/example_dags/example_bash_operator.py for tasks to queue
[2025-04-02T06:19:06.268+0000] {logging_mixin.py:190} INFO - [2025-04-02T06:19:06.268+0000] {dagbag.py:588} INFO - Filling up the DagBag from /home/airflow/.local/lib/python3.12/site-packages/airflow/example_dags/example_bash_operator.py
[2025-04-02T06:19:06.288+0000] {processor.py:925} INFO - DAG(s) 'example_bash_operator' retrieved from /home/airflow/.local/lib/python3.12/site-packages/airflow/example_dags/example_bash_operator.py
[2025-04-02T06:19:06.311+0000] {logging_mixin.py:190} INFO - [2025-04-02T06:19:06.311+0000] {dag.py:3239} INFO - Sync 1 DAGs
[2025-04-02T06:19:06.326+0000] {logging_mixin.py:190} INFO - [2025-04-02T06:19:06.326+0000] {dag.py:4180} INFO - Setting next_dagrun for example_bash_operator to 2025-04-01 00:00:00+00:00, run_after=2025-04-02 00:00:00+00:00
[2025-04-02T06:19:06.343+0000] {processor.py:208} INFO - Processing /home/airflow/.local/lib/python3.12/site-packages/airflow/example_dags/example_bash_operator.py took 0.135 seconds
[2025-04-02T06:19:37.625+0000] {processor.py:186} INFO - Started process (PID=276) to work on /home/airflow/.local/lib/python3.12/site-packages/airflow/example_dags/example_bash_operator.py
[2025-04-02T06:19:37.626+0000] {processor.py:914} INFO - Processing file /home/airflow/.local/lib/python3.12/site-packages/airflow/example_dags/example_bash_operator.py for tasks to queue
[2025-04-02T06:19:37.629+0000] {logging_mixin.py:190} INFO - [2025-04-02T06:19:37.629+0000] {dagbag.py:588} INFO - Filling up the DagBag from /home/airflow/.local/lib/python3.12/site-packages/airflow/example_dags/example_bash_operator.py
[2025-04-02T06:19:37.637+0000] {processor.py:925} INFO - DAG(s) 'example_bash_operator' retrieved from /home/airflow/.local/lib/python3.12/site-packages/airflow/example_dags/example_bash_operator.py
[2025-04-02T06:19:37.651+0000] {logging_mixin.py:190} INFO - [2025-04-02T06:19:37.651+0000] {dag.py:3239} INFO - Sync 1 DAGs
[2025-04-02T06:19:37.665+0000] {logging_mixin.py:190} INFO - [2025-04-02T06:19:37.665+0000] {dag.py:4180} INFO - Setting next_dagrun for example_bash_operator to 2025-04-01 00:00:00+00:00, run_after=2025-04-02 00:00:00+00:00
[2025-04-02T06:19:37.674+0000] {processor.py:208} INFO - Processing /home/airflow/.local/lib/python3.12/site-packages/airflow/example_dags/example_bash_operator.py took 0.053 seconds
[2025-04-02T06:20:08.854+0000] {processor.py:186} INFO - Started process (PID=339) to work on /home/airflow/.local/lib/python3.12/site-packages/airflow/example_dags/example_bash_operator.py
[2025-04-02T06:20:08.855+0000] {processor.py:914} INFO - Processing file /home/airflow/.local/lib/python3.12/site-packages/airflow/example_dags/example_bash_operator.py for tasks to queue
[2025-04-02T06:20:08.856+0000] {logging_mixin.py:190} INFO - [2025-04-02T06:20:08.856+0000] {dagbag.py:588} INFO - Filling up the DagBag from /home/airflow/.local/lib/python3.12/site-packages/airflow/example_dags/example_bash_operator.py
[2025-04-02T06:20:08.864+0000] {processor.py:925} INFO - DAG(s) 'example_bash_operator' retrieved from /home/airflow/.local/lib/python3.12/site-packages/airflow/example_dags/example_bash_operator.py
[2025-04-02T06:20:08.876+0000] {logging_mixin.py:190} INFO - [2025-04-02T06:20:08.876+0000] {dag.py:3239} INFO - Sync 1 DAGs
[2025-04-02T06:20:08.889+0000] {logging_mixin.py:190} INFO - [2025-04-02T06:20:08.888+0000] {dag.py:4180} INFO - Setting next_dagrun for example_bash_operator to 2025-04-01 00:00:00+00:00, run_after=2025-04-02 00:00:00+00:00
[2025-04-02T06:20:08.898+0000] {processor.py:208} INFO - Processing /home/airflow/.local/lib/python3.12/site-packages/airflow/example_dags/example_bash_operator.py took 0.048 seconds
[2025-04-02T06:20:40.053+0000] {processor.py:186} INFO - Started process (PID=402) to work on /home/airflow/.local/lib/python3.12/site-packages/airflow/example_dags/example_bash_operator.py
[2025-04-02T06:20:40.054+0000] {processor.py:914} INFO - Processing file /home/airflow/.local/lib/python3.12/site-packages/airflow/example_dags/example_bash_operator.py for tasks to queue
[2025-04-02T06:20:40.056+0000] {logging_mixin.py:190} INFO - [2025-04-02T06:20:40.056+0000] {dagbag.py:588} INFO - Filling up the DagBag from /home/airflow/.local/lib/python3.12/site-packages/airflow/example_dags/example_bash_operator.py
[2025-04-02T06:20:40.064+0000] {processor.py:925} INFO - DAG(s) 'example_bash_operator' retrieved from /home/airflow/.local/lib/python3.12/site-packages/airflow/example_dags/example_bash_operator.py
[2025-04-02T06:20:40.078+0000] {logging_mixin.py:190} INFO - [2025-04-02T06:20:40.078+0000] {dag.py:3239} INFO - Sync 1 DAGs
[2025-04-02T06:20:40.091+0000] {logging_mixin.py:190} INFO - [2025-04-02T06:20:40.091+0000] {dag.py:4180} INFO - Setting next_dagrun for example_bash_operator to 2025-04-01 00:00:00+00:00, run_after=2025-04-02 00:00:00+00:00
[2025-04-02T06:20:40.100+0000] {processor.py:208} INFO - Processing /home/airflow/.local/lib/python3.12/site-packages/airflow/example_dags/example_bash_operator.py took 0.050 seconds
[2025-04-02T06:21:11.189+0000] {processor.py:186} INFO - Started process (PID=465) to work on /home/airflow/.local/lib/python3.12/site-packages/airflow/example_dags/example_bash_operator.py
[2025-04-02T06:21:11.189+0000] {processor.py:914} INFO - Processing file /home/airflow/.local/lib/python3.12/site-packages/airflow/example_dags/example_bash_operator.py for tasks to queue
[2025-04-02T06:21:11.191+0000] {logging_mixin.py:190} INFO - [2025-04-02T06:21:11.190+0000] {dagbag.py:588} INFO - Filling up the DagBag from /home/airflow/.local/lib/python3.12/site-packages/airflow/example_dags/example_bash_operator.py
[2025-04-02T06:21:11.198+0000] {processor.py:925} INFO - DAG(s) 'example_bash_operator' retrieved from /home/airflow/.local/lib/python3.12/site-packages/airflow/example_dags/example_bash_operator.py
[2025-04-02T06:21:11.211+0000] {logging_mixin.py:190} INFO - [2025-04-02T06:21:11.211+0000] {dag.py:3239} INFO - Sync 1 DAGs
[2025-04-02T06:21:11.224+0000] {logging_mixin.py:190} INFO - [2025-04-02T06:21:11.224+0000] {dag.py:4180} INFO - Setting next_dagrun for example_bash_operator to 2025-04-01 00:00:00+00:00, run_after=2025-04-02 00:00:00+00:00
[2025-04-02T06:21:11.233+0000] {processor.py:208} INFO - Processing /home/airflow/.local/lib/python3.12/site-packages/airflow/example_dags/example_bash_operator.py took 0.048 seconds
[2025-04-02T06:21:42.627+0000] {processor.py:186} INFO - Started process (PID=527) to work on /home/airflow/.local/lib/python3.12/site-packages/airflow/example_dags/example_bash_operator.py
[2025-04-02T06:21:42.628+0000] {processor.py:914} INFO - Processing file /home/airflow/.local/lib/python3.12/site-packages/airflow/example_dags/example_bash_operator.py for tasks to queue
[2025-04-02T06:21:42.629+0000] {logging_mixin.py:190} INFO - [2025-04-02T06:21:42.629+0000] {dagbag.py:588} INFO - Filling up the DagBag from /home/airflow/.local/lib/python3.12/site-packages/airflow/example_dags/example_bash_operator.py
[2025-04-02T06:21:42.638+0000] {processor.py:925} INFO - DAG(s) 'example_bash_operator' retrieved from /home/airflow/.local/lib/python3.12/site-packages/airflow/example_dags/example_bash_operator.py
[2025-04-02T06:21:42.653+0000] {logging_mixin.py:190} INFO - [2025-04-02T06:21:42.652+0000] {dag.py:3239} INFO - Sync 1 DAGs
[2025-04-02T06:21:42.668+0000] {logging_mixin.py:190} INFO - [2025-04-02T06:21:42.668+0000] {dag.py:4180} INFO - Setting next_dagrun for example_bash_operator to 2025-04-01 00:00:00+00:00, run_after=2025-04-02 00:00:00+00:00
[2025-04-02T06:21:42.680+0000] {processor.py:208} INFO - Processing /home/airflow/.local/lib/python3.12/site-packages/airflow/example_dags/example_bash_operator.py took 0.057 seconds
[2025-04-02T06:22:14.186+0000] {processor.py:186} INFO - Started process (PID=590) to work on /home/airflow/.local/lib/python3.12/site-packages/airflow/example_dags/example_bash_operator.py
[2025-04-02T06:22:14.187+0000] {processor.py:914} INFO - Processing file /home/airflow/.local/lib/python3.12/site-packages/airflow/example_dags/example_bash_operator.py for tasks to queue
[2025-04-02T06:22:14.188+0000] {logging_mixin.py:190} INFO - [2025-04-02T06:22:14.188+0000] {dagbag.py:588} INFO - Filling up the DagBag from /home/airflow/.local/lib/python3.12/site-packages/airflow/example_dags/example_bash_operator.py
[2025-04-02T06:22:14.196+0000] {processor.py:925} INFO - DAG(s) 'example_bash_operator' retrieved from /home/airflow/.local/lib/python3.12/site-packages/airflow/example_dags/example_bash_operator.py
[2025-04-02T06:22:14.214+0000] {logging_mixin.py:190} INFO - [2025-04-02T06:22:14.213+0000] {dag.py:3239} INFO - Sync 1 DAGs
[2025-04-02T06:22:14.227+0000] {logging_mixin.py:190} INFO - [2025-04-02T06:22:14.227+0000] {dag.py:4180} INFO - Setting next_dagrun for example_bash_operator to 2025-04-01 00:00:00+00:00, run_after=2025-04-02 00:00:00+00:00
[2025-04-02T06:22:14.240+0000] {processor.py:208} INFO - Processing /home/airflow/.local/lib/python3.12/site-packages/airflow/example_dags/example_bash_operator.py took 0.059 seconds
[2025-04-02T06:22:45.873+0000] {processor.py:186} INFO - Started process (PID=653) to work on /home/airflow/.local/lib/python3.12/site-packages/airflow/example_dags/example_bash_operator.py
[2025-04-02T06:22:45.873+0000] {processor.py:914} INFO - Processing file /home/airflow/.local/lib/python3.12/site-packages/airflow/example_dags/example_bash_operator.py for tasks to queue
[2025-04-02T06:22:45.875+0000] {logging_mixin.py:190} INFO - [2025-04-02T06:22:45.874+0000] {dagbag.py:588} INFO - Filling up the DagBag from /home/airflow/.local/lib/python3.12/site-packages/airflow/example_dags/example_bash_operator.py
[2025-04-02T06:22:45.882+0000] {processor.py:925} INFO - DAG(s) 'example_bash_operator' retrieved from /home/airflow/.local/lib/python3.12/site-packages/airflow/example_dags/example_bash_operator.py
[2025-04-02T06:22:45.896+0000] {logging_mixin.py:190} INFO - [2025-04-02T06:22:45.896+0000] {dag.py:3239} INFO - Sync 1 DAGs
[2025-04-02T06:22:45.910+0000] {logging_mixin.py:190} INFO - [2025-04-02T06:22:45.910+0000] {dag.py:4180} INFO - Setting next_dagrun for example_bash_operator to 2025-04-01 00:00:00+00:00, run_after=2025-04-02 00:00:00+00:00
[2025-04-02T06:22:45.923+0000] {processor.py:208} INFO - Processing /home/airflow/.local/lib/python3.12/site-packages/airflow/example_dags/example_bash_operator.py took 0.053 seconds
[2025-04-02T06:23:17.641+0000] {processor.py:186} INFO - Started process (PID=718) to work on /home/airflow/.local/lib/python3.12/site-packages/airflow/example_dags/example_bash_operator.py
[2025-04-02T06:23:17.687+0000] {processor.py:914} INFO - Processing file /home/airflow/.local/lib/python3.12/site-packages/airflow/example_dags/example_bash_operator.py for tasks to queue
[2025-04-02T06:23:17.695+0000] {logging_mixin.py:190} INFO - [2025-04-02T06:23:17.694+0000] {dagbag.py:588} INFO - Filling up the DagBag from /home/airflow/.local/lib/python3.12/site-packages/airflow/example_dags/example_bash_operator.py
[2025-04-02T06:23:17.728+0000] {processor.py:925} INFO - DAG(s) 'example_bash_operator' retrieved from /home/airflow/.local/lib/python3.12/site-packages/airflow/example_dags/example_bash_operator.py
[2025-04-02T06:23:17.749+0000] {logging_mixin.py:190} INFO - [2025-04-02T06:23:17.749+0000] {dag.py:3239} INFO - Sync 1 DAGs
[2025-04-02T06:23:17.764+0000] {logging_mixin.py:190} INFO - [2025-04-02T06:23:17.764+0000] {dag.py:4180} INFO - Setting next_dagrun for example_bash_operator to 2025-04-01 00:00:00+00:00, run_after=2025-04-02 00:00:00+00:00
[2025-04-02T06:23:17.776+0000] {processor.py:208} INFO - Processing /home/airflow/.local/lib/python3.12/site-packages/airflow/example_dags/example_bash_operator.py took 0.165 seconds
[2025-04-02T06:23:48.518+0000] {processor.py:186} INFO - Started process (PID=782) to work on /home/airflow/.local/lib/python3.12/site-packages/airflow/example_dags/example_bash_operator.py
[2025-04-02T06:23:48.519+0000] {processor.py:914} INFO - Processing file /home/airflow/.local/lib/python3.12/site-packages/airflow/example_dags/example_bash_operator.py for tasks to queue
[2025-04-02T06:23:48.521+0000] {logging_mixin.py:190} INFO - [2025-04-02T06:23:48.521+0000] {dagbag.py:588} INFO - Filling up the DagBag from /home/airflow/.local/lib/python3.12/site-packages/airflow/example_dags/example_bash_operator.py
[2025-04-02T06:23:48.529+0000] {processor.py:925} INFO - DAG(s) 'example_bash_operator' retrieved from /home/airflow/.local/lib/python3.12/site-packages/airflow/example_dags/example_bash_operator.py
[2025-04-02T06:23:48.544+0000] {logging_mixin.py:190} INFO - [2025-04-02T06:23:48.544+0000] {dag.py:3239} INFO - Sync 1 DAGs
[2025-04-02T06:23:48.556+0000] {logging_mixin.py:190} INFO - [2025-04-02T06:23:48.556+0000] {dag.py:4180} INFO - Setting next_dagrun for example_bash_operator to 2025-04-01 00:00:00+00:00, run_after=2025-04-02 00:00:00+00:00
[2025-04-02T06:23:48.567+0000] {processor.py:208} INFO - Processing /home/airflow/.local/lib/python3.12/site-packages/airflow/example_dags/example_bash_operator.py took 0.052 seconds
[2025-04-02T06:24:19.801+0000] {processor.py:186} INFO - Started process (PID=848) to work on /home/airflow/.local/lib/python3.12/site-packages/airflow/example_dags/example_bash_operator.py
[2025-04-02T06:24:19.802+0000] {processor.py:914} INFO - Processing file /home/airflow/.local/lib/python3.12/site-packages/airflow/example_dags/example_bash_operator.py for tasks to queue
[2025-04-02T06:24:19.803+0000] {logging_mixin.py:190} INFO - [2025-04-02T06:24:19.803+0000] {dagbag.py:588} INFO - Filling up the DagBag from /home/airflow/.local/lib/python3.12/site-packages/airflow/example_dags/example_bash_operator.py
[2025-04-02T06:24:19.810+0000] {processor.py:925} INFO - DAG(s) 'example_bash_operator' retrieved from /home/airflow/.local/lib/python3.12/site-packages/airflow/example_dags/example_bash_operator.py
[2025-04-02T06:24:19.828+0000] {logging_mixin.py:190} INFO - [2025-04-02T06:24:19.827+0000] {dag.py:3239} INFO - Sync 1 DAGs
[2025-04-02T06:24:19.848+0000] {logging_mixin.py:190} INFO - [2025-04-02T06:24:19.847+0000] {dag.py:4180} INFO - Setting next_dagrun for example_bash_operator to 2025-04-01 00:00:00+00:00, run_after=2025-04-02 00:00:00+00:00
[2025-04-02T06:24:19.864+0000] {processor.py:208} INFO - Processing /home/airflow/.local/lib/python3.12/site-packages/airflow/example_dags/example_bash_operator.py took 0.067 seconds
[2025-04-02T06:24:50.931+0000] {processor.py:186} INFO - Started process (PID=913) to work on /home/airflow/.local/lib/python3.12/site-packages/airflow/example_dags/example_bash_operator.py
[2025-04-02T06:24:50.932+0000] {processor.py:914} INFO - Processing file /home/airflow/.local/lib/python3.12/site-packages/airflow/example_dags/example_bash_operator.py for tasks to queue
[2025-04-02T06:24:50.933+0000] {logging_mixin.py:190} INFO - [2025-04-02T06:24:50.933+0000] {dagbag.py:588} INFO - Filling up the DagBag from /home/airflow/.local/lib/python3.12/site-packages/airflow/example_dags/example_bash_operator.py
[2025-04-02T06:24:50.940+0000] {processor.py:925} INFO - DAG(s) 'example_bash_operator' retrieved from /home/airflow/.local/lib/python3.12/site-packages/airflow/example_dags/example_bash_operator.py
[2025-04-02T06:24:50.955+0000] {logging_mixin.py:190} INFO - [2025-04-02T06:24:50.955+0000] {dag.py:3239} INFO - Sync 1 DAGs
[2025-04-02T06:24:50.971+0000] {logging_mixin.py:190} INFO - [2025-04-02T06:24:50.971+0000] {dag.py:4180} INFO - Setting next_dagrun for example_bash_operator to 2025-04-01 00:00:00+00:00, run_after=2025-04-02 00:00:00+00:00
[2025-04-02T06:24:50.985+0000] {processor.py:208} INFO - Processing /home/airflow/.local/lib/python3.12/site-packages/airflow/example_dags/example_bash_operator.py took 0.057 seconds
[2025-04-02T06:25:21.927+0000] {processor.py:186} INFO - Started process (PID=981) to work on /home/airflow/.local/lib/python3.12/site-packages/airflow/example_dags/example_bash_operator.py
[2025-04-02T06:25:21.928+0000] {processor.py:914} INFO - Processing file /home/airflow/.local/lib/python3.12/site-packages/airflow/example_dags/example_bash_operator.py for tasks to queue
[2025-04-02T06:25:21.929+0000] {logging_mixin.py:190} INFO - [2025-04-02T06:25:21.929+0000] {dagbag.py:588} INFO - Filling up the DagBag from /home/airflow/.local/lib/python3.12/site-packages/airflow/example_dags/example_bash_operator.py
[2025-04-02T06:25:21.937+0000] {processor.py:925} INFO - DAG(s) 'example_bash_operator' retrieved from /home/airflow/.local/lib/python3.12/site-packages/airflow/example_dags/example_bash_operator.py
[2025-04-02T06:25:21.953+0000] {logging_mixin.py:190} INFO - [2025-04-02T06:25:21.953+0000] {dag.py:3239} INFO - Sync 1 DAGs
[2025-04-02T06:25:21.966+0000] {logging_mixin.py:190} INFO - [2025-04-02T06:25:21.966+0000] {dag.py:4180} INFO - Setting next_dagrun for example_bash_operator to 2025-04-01 00:00:00+00:00, run_after=2025-04-02 00:00:00+00:00
[2025-04-02T06:25:21.980+0000] {processor.py:208} INFO - Processing /home/airflow/.local/lib/python3.12/site-packages/airflow/example_dags/example_bash_operator.py took 0.058 seconds
[2025-04-02T06:25:52.573+0000] {processor.py:186} INFO - Started process (PID=1045) to work on /home/airflow/.local/lib/python3.12/site-packages/airflow/example_dags/example_bash_operator.py
[2025-04-02T06:25:52.574+0000] {processor.py:914} INFO - Processing file /home/airflow/.local/lib/python3.12/site-packages/airflow/example_dags/example_bash_operator.py for tasks to queue
[2025-04-02T06:25:52.575+0000] {logging_mixin.py:190} INFO - [2025-04-02T06:25:52.575+0000] {dagbag.py:588} INFO - Filling up the DagBag from /home/airflow/.local/lib/python3.12/site-packages/airflow/example_dags/example_bash_operator.py
[2025-04-02T06:25:52.583+0000] {processor.py:925} INFO - DAG(s) 'example_bash_operator' retrieved from /home/airflow/.local/lib/python3.12/site-packages/airflow/example_dags/example_bash_operator.py
[2025-04-02T06:25:52.598+0000] {logging_mixin.py:190} INFO - [2025-04-02T06:25:52.598+0000] {dag.py:3239} INFO - Sync 1 DAGs
[2025-04-02T06:25:52.609+0000] {logging_mixin.py:190} INFO - [2025-04-02T06:25:52.609+0000] {dag.py:4180} INFO - Setting next_dagrun for example_bash_operator to 2025-04-01 00:00:00+00:00, run_after=2025-04-02 00:00:00+00:00
[2025-04-02T06:25:52.619+0000] {processor.py:208} INFO - Processing /home/airflow/.local/lib/python3.12/site-packages/airflow/example_dags/example_bash_operator.py took 0.050 seconds
[2025-04-02T06:26:24.060+0000] {processor.py:186} INFO - Started process (PID=1114) to work on /home/airflow/.local/lib/python3.12/site-packages/airflow/example_dags/example_bash_operator.py
[2025-04-02T06:26:24.062+0000] {processor.py:914} INFO - Processing file /home/airflow/.local/lib/python3.12/site-packages/airflow/example_dags/example_bash_operator.py for tasks to queue
[2025-04-02T06:26:24.064+0000] {logging_mixin.py:190} INFO - [2025-04-02T06:26:24.064+0000] {dagbag.py:588} INFO - Filling up the DagBag from /home/airflow/.local/lib/python3.12/site-packages/airflow/example_dags/example_bash_operator.py
[2025-04-02T06:26:24.072+0000] {processor.py:925} INFO - DAG(s) 'example_bash_operator' retrieved from /home/airflow/.local/lib/python3.12/site-packages/airflow/example_dags/example_bash_operator.py
[2025-04-02T06:26:24.088+0000] {logging_mixin.py:190} INFO - [2025-04-02T06:26:24.088+0000] {dag.py:3239} INFO - Sync 1 DAGs
[2025-04-02T06:26:24.101+0000] {logging_mixin.py:190} INFO - [2025-04-02T06:26:24.101+0000] {dag.py:4180} INFO - Setting next_dagrun for example_bash_operator to 2025-04-01 00:00:00+00:00, run_after=2025-04-02 00:00:00+00:00
[2025-04-02T06:26:24.114+0000] {processor.py:208} INFO - Processing /home/airflow/.local/lib/python3.12/site-packages/airflow/example_dags/example_bash_operator.py took 0.057 seconds
[2025-04-02T06:26:55.677+0000] {processor.py:186} INFO - Started process (PID=1182) to work on /home/airflow/.local/lib/python3.12/site-packages/airflow/example_dags/example_bash_operator.py
[2025-04-02T06:26:55.677+0000] {processor.py:914} INFO - Processing file /home/airflow/.local/lib/python3.12/site-packages/airflow/example_dags/example_bash_operator.py for tasks to queue
[2025-04-02T06:26:55.678+0000] {logging_mixin.py:190} INFO - [2025-04-02T06:26:55.678+0000] {dagbag.py:588} INFO - Filling up the DagBag from /home/airflow/.local/lib/python3.12/site-packages/airflow/example_dags/example_bash_operator.py
[2025-04-02T06:26:55.686+0000] {processor.py:925} INFO - DAG(s) 'example_bash_operator' retrieved from /home/airflow/.local/lib/python3.12/site-packages/airflow/example_dags/example_bash_operator.py
[2025-04-02T06:26:55.702+0000] {logging_mixin.py:190} INFO - [2025-04-02T06:26:55.702+0000] {dag.py:3239} INFO - Sync 1 DAGs
[2025-04-02T06:26:55.715+0000] {logging_mixin.py:190} INFO - [2025-04-02T06:26:55.715+0000] {dag.py:4180} INFO - Setting next_dagrun for example_bash_operator to 2025-04-01 00:00:00+00:00, run_after=2025-04-02 00:00:00+00:00
[2025-04-02T06:26:55.728+0000] {processor.py:208} INFO - Processing /home/airflow/.local/lib/python3.12/site-packages/airflow/example_dags/example_bash_operator.py took 0.056 seconds
[2025-04-02T06:27:26.361+0000] {processor.py:186} INFO - Started process (PID=1249) to work on /home/airflow/.local/lib/python3.12/site-packages/airflow/example_dags/example_bash_operator.py
[2025-04-02T06:27:26.362+0000] {processor.py:914} INFO - Processing file /home/airflow/.local/lib/python3.12/site-packages/airflow/example_dags/example_bash_operator.py for tasks to queue
[2025-04-02T06:27:26.365+0000] {logging_mixin.py:190} INFO - [2025-04-02T06:27:26.365+0000] {dagbag.py:588} INFO - Filling up the DagBag from /home/airflow/.local/lib/python3.12/site-packages/airflow/example_dags/example_bash_operator.py
[2025-04-02T06:27:26.373+0000] {processor.py:925} INFO - DAG(s) 'example_bash_operator' retrieved from /home/airflow/.local/lib/python3.12/site-packages/airflow/example_dags/example_bash_operator.py
[2025-04-02T06:27:26.387+0000] {logging_mixin.py:190} INFO - [2025-04-02T06:27:26.387+0000] {dag.py:3239} INFO - Sync 1 DAGs
[2025-04-02T06:27:26.403+0000] {logging_mixin.py:190} INFO - [2025-04-02T06:27:26.403+0000] {dag.py:4180} INFO - Setting next_dagrun for example_bash_operator to 2025-04-01 00:00:00+00:00, run_after=2025-04-02 00:00:00+00:00
[2025-04-02T06:27:26.414+0000] {processor.py:208} INFO - Processing /home/airflow/.local/lib/python3.12/site-packages/airflow/example_dags/example_bash_operator.py took 0.055 seconds
[2025-04-02T06:27:57.012+0000] {processor.py:186} INFO - Started process (PID=1317) to work on /home/airflow/.local/lib/python3.12/site-packages/airflow/example_dags/example_bash_operator.py
[2025-04-02T06:27:57.012+0000] {processor.py:914} INFO - Processing file /home/airflow/.local/lib/python3.12/site-packages/airflow/example_dags/example_bash_operator.py for tasks to queue
[2025-04-02T06:27:57.013+0000] {logging_mixin.py:190} INFO - [2025-04-02T06:27:57.013+0000] {dagbag.py:588} INFO - Filling up the DagBag from /home/airflow/.local/lib/python3.12/site-packages/airflow/example_dags/example_bash_operator.py
[2025-04-02T06:27:57.021+0000] {processor.py:925} INFO - DAG(s) 'example_bash_operator' retrieved from /home/airflow/.local/lib/python3.12/site-packages/airflow/example_dags/example_bash_operator.py
[2025-04-02T06:27:57.038+0000] {logging_mixin.py:190} INFO - [2025-04-02T06:27:57.038+0000] {dag.py:3239} INFO - Sync 1 DAGs
[2025-04-02T06:27:57.052+0000] {logging_mixin.py:190} INFO - [2025-04-02T06:27:57.052+0000] {dag.py:4180} INFO - Setting next_dagrun for example_bash_operator to 2025-04-01 00:00:00+00:00, run_after=2025-04-02 00:00:00+00:00
[2025-04-02T06:27:57.065+0000] {processor.py:208} INFO - Processing /home/airflow/.local/lib/python3.12/site-packages/airflow/example_dags/example_bash_operator.py took 0.057 seconds
