[2025-04-02T06:12:21.056+0000] {processor.py:186} INFO - Started process (PID=112) to work on /home/airflow/.local/lib/python3.12/site-packages/airflow/example_dags/example_skip_dag.py
[2025-04-02T06:12:21.057+0000] {processor.py:914} INFO - Processing file /home/airflow/.local/lib/python3.12/site-packages/airflow/example_dags/example_skip_dag.py for tasks to queue
[2025-04-02T06:12:21.059+0000] {logging_mixin.py:190} INFO - [2025-04-02T06:12:21.059+0000] {dagbag.py:588} INFO - Filling up the DagBag from /home/airflow/.local/lib/python3.12/site-packages/airflow/example_dags/example_skip_dag.py
[2025-04-02T06:12:21.065+0000] {processor.py:925} INFO - DAG(s) 'example_skip_dag' retrieved from /home/airflow/.local/lib/python3.12/site-packages/airflow/example_dags/example_skip_dag.py
[2025-04-02T06:12:21.123+0000] {logging_mixin.py:190} INFO - [2025-04-02T06:12:21.122+0000] {override.py:1912} INFO - Created Permission View: can delete on DAG:example_skip_dag
[2025-04-02T06:12:21.127+0000] {logging_mixin.py:190} INFO - [2025-04-02T06:12:21.127+0000] {override.py:1912} INFO - Created Permission View: can read on DAG:example_skip_dag
[2025-04-02T06:12:21.130+0000] {logging_mixin.py:190} INFO - [2025-04-02T06:12:21.130+0000] {override.py:1912} INFO - Created Permission View: can edit on DAG:example_skip_dag
[2025-04-02T06:12:21.133+0000] {logging_mixin.py:190} INFO - [2025-04-02T06:12:21.132+0000] {override.py:1912} INFO - Created Permission View: can delete on DAG Run:example_skip_dag
[2025-04-02T06:12:21.135+0000] {logging_mixin.py:190} INFO - [2025-04-02T06:12:21.135+0000] {override.py:1912} INFO - Created Permission View: can create on DAG Run:example_skip_dag
[2025-04-02T06:12:21.139+0000] {logging_mixin.py:190} INFO - [2025-04-02T06:12:21.139+0000] {override.py:1912} INFO - Created Permission View: can read on DAG Run:example_skip_dag
[2025-04-02T06:12:21.146+0000] {logging_mixin.py:190} INFO - [2025-04-02T06:12:21.146+0000] {override.py:1912} INFO - Created Permission View: menu access on DAG Run:example_skip_dag
[2025-04-02T06:12:21.146+0000] {logging_mixin.py:190} INFO - [2025-04-02T06:12:21.146+0000] {dag.py:3239} INFO - Sync 1 DAGs
[2025-04-02T06:12:21.153+0000] {logging_mixin.py:190} INFO - [2025-04-02T06:12:21.153+0000] {dag.py:3262} INFO - Creating ORM DAG for example_skip_dag
[2025-04-02T06:12:21.159+0000] {logging_mixin.py:190} INFO - [2025-04-02T06:12:21.159+0000] {dag.py:4180} INFO - Setting next_dagrun for example_skip_dag to 2025-04-01 00:00:00+00:00, run_after=2025-04-02 00:00:00+00:00
[2025-04-02T06:12:21.168+0000] {processor.py:208} INFO - Processing /home/airflow/.local/lib/python3.12/site-packages/airflow/example_dags/example_skip_dag.py took 0.116 seconds
[2025-04-02T06:12:51.579+0000] {processor.py:186} INFO - Started process (PID=175) to work on /home/airflow/.local/lib/python3.12/site-packages/airflow/example_dags/example_skip_dag.py
[2025-04-02T06:12:51.579+0000] {processor.py:914} INFO - Processing file /home/airflow/.local/lib/python3.12/site-packages/airflow/example_dags/example_skip_dag.py for tasks to queue
[2025-04-02T06:12:51.581+0000] {logging_mixin.py:190} INFO - [2025-04-02T06:12:51.581+0000] {dagbag.py:588} INFO - Filling up the DagBag from /home/airflow/.local/lib/python3.12/site-packages/airflow/example_dags/example_skip_dag.py
[2025-04-02T06:12:51.586+0000] {processor.py:925} INFO - DAG(s) 'example_skip_dag' retrieved from /home/airflow/.local/lib/python3.12/site-packages/airflow/example_dags/example_skip_dag.py
[2025-04-02T06:12:51.598+0000] {logging_mixin.py:190} INFO - [2025-04-02T06:12:51.598+0000] {dag.py:3239} INFO - Sync 1 DAGs
[2025-04-02T06:12:51.610+0000] {logging_mixin.py:190} INFO - [2025-04-02T06:12:51.610+0000] {dag.py:4180} INFO - Setting next_dagrun for example_skip_dag to 2025-04-01 00:00:00+00:00, run_after=2025-04-02 00:00:00+00:00
[2025-04-02T06:12:51.622+0000] {processor.py:208} INFO - Processing /home/airflow/.local/lib/python3.12/site-packages/airflow/example_dags/example_skip_dag.py took 0.047 seconds
[2025-04-02T06:13:22.028+0000] {processor.py:186} INFO - Started process (PID=238) to work on /home/airflow/.local/lib/python3.12/site-packages/airflow/example_dags/example_skip_dag.py
[2025-04-02T06:13:22.029+0000] {processor.py:914} INFO - Processing file /home/airflow/.local/lib/python3.12/site-packages/airflow/example_dags/example_skip_dag.py for tasks to queue
[2025-04-02T06:13:22.031+0000] {logging_mixin.py:190} INFO - [2025-04-02T06:13:22.031+0000] {dagbag.py:588} INFO - Filling up the DagBag from /home/airflow/.local/lib/python3.12/site-packages/airflow/example_dags/example_skip_dag.py
[2025-04-02T06:13:22.040+0000] {processor.py:925} INFO - DAG(s) 'example_skip_dag' retrieved from /home/airflow/.local/lib/python3.12/site-packages/airflow/example_dags/example_skip_dag.py
[2025-04-02T06:13:22.073+0000] {logging_mixin.py:190} INFO - [2025-04-02T06:13:22.073+0000] {dag.py:3239} INFO - Sync 1 DAGs
[2025-04-02T06:13:22.093+0000] {logging_mixin.py:190} INFO - [2025-04-02T06:13:22.093+0000] {dag.py:4180} INFO - Setting next_dagrun for example_skip_dag to 2025-04-01 00:00:00+00:00, run_after=2025-04-02 00:00:00+00:00
[2025-04-02T06:13:22.104+0000] {processor.py:208} INFO - Processing /home/airflow/.local/lib/python3.12/site-packages/airflow/example_dags/example_skip_dag.py took 0.082 seconds
[2025-04-02T06:13:52.132+0000] {processor.py:186} INFO - Started process (PID=300) to work on /home/airflow/.local/lib/python3.12/site-packages/airflow/example_dags/example_skip_dag.py
[2025-04-02T06:13:52.133+0000] {processor.py:914} INFO - Processing file /home/airflow/.local/lib/python3.12/site-packages/airflow/example_dags/example_skip_dag.py for tasks to queue
[2025-04-02T06:13:52.134+0000] {logging_mixin.py:190} INFO - [2025-04-02T06:13:52.134+0000] {dagbag.py:588} INFO - Filling up the DagBag from /home/airflow/.local/lib/python3.12/site-packages/airflow/example_dags/example_skip_dag.py
[2025-04-02T06:13:52.139+0000] {processor.py:925} INFO - DAG(s) 'example_skip_dag' retrieved from /home/airflow/.local/lib/python3.12/site-packages/airflow/example_dags/example_skip_dag.py
[2025-04-02T06:13:52.149+0000] {logging_mixin.py:190} INFO - [2025-04-02T06:13:52.149+0000] {dag.py:3239} INFO - Sync 1 DAGs
[2025-04-02T06:13:52.160+0000] {logging_mixin.py:190} INFO - [2025-04-02T06:13:52.160+0000] {dag.py:4180} INFO - Setting next_dagrun for example_skip_dag to 2025-04-01 00:00:00+00:00, run_after=2025-04-02 00:00:00+00:00
[2025-04-02T06:13:52.169+0000] {processor.py:208} INFO - Processing /home/airflow/.local/lib/python3.12/site-packages/airflow/example_dags/example_skip_dag.py took 0.040 seconds
[2025-04-02T06:14:22.737+0000] {processor.py:186} INFO - Started process (PID=364) to work on /home/airflow/.local/lib/python3.12/site-packages/airflow/example_dags/example_skip_dag.py
[2025-04-02T06:14:22.738+0000] {processor.py:914} INFO - Processing file /home/airflow/.local/lib/python3.12/site-packages/airflow/example_dags/example_skip_dag.py for tasks to queue
[2025-04-02T06:14:22.739+0000] {logging_mixin.py:190} INFO - [2025-04-02T06:14:22.739+0000] {dagbag.py:588} INFO - Filling up the DagBag from /home/airflow/.local/lib/python3.12/site-packages/airflow/example_dags/example_skip_dag.py
[2025-04-02T06:14:22.744+0000] {processor.py:925} INFO - DAG(s) 'example_skip_dag' retrieved from /home/airflow/.local/lib/python3.12/site-packages/airflow/example_dags/example_skip_dag.py
[2025-04-02T06:14:22.755+0000] {logging_mixin.py:190} INFO - [2025-04-02T06:14:22.755+0000] {dag.py:3239} INFO - Sync 1 DAGs
[2025-04-02T06:14:22.766+0000] {logging_mixin.py:190} INFO - [2025-04-02T06:14:22.766+0000] {dag.py:4180} INFO - Setting next_dagrun for example_skip_dag to 2025-04-01 00:00:00+00:00, run_after=2025-04-02 00:00:00+00:00
[2025-04-02T06:14:22.776+0000] {processor.py:208} INFO - Processing /home/airflow/.local/lib/python3.12/site-packages/airflow/example_dags/example_skip_dag.py took 0.042 seconds
[2025-04-02T06:14:54.120+0000] {processor.py:186} INFO - Started process (PID=427) to work on /home/airflow/.local/lib/python3.12/site-packages/airflow/example_dags/example_skip_dag.py
[2025-04-02T06:14:54.121+0000] {processor.py:914} INFO - Processing file /home/airflow/.local/lib/python3.12/site-packages/airflow/example_dags/example_skip_dag.py for tasks to queue
[2025-04-02T06:14:54.123+0000] {logging_mixin.py:190} INFO - [2025-04-02T06:14:54.122+0000] {dagbag.py:588} INFO - Filling up the DagBag from /home/airflow/.local/lib/python3.12/site-packages/airflow/example_dags/example_skip_dag.py
[2025-04-02T06:14:54.128+0000] {processor.py:925} INFO - DAG(s) 'example_skip_dag' retrieved from /home/airflow/.local/lib/python3.12/site-packages/airflow/example_dags/example_skip_dag.py
[2025-04-02T06:14:54.147+0000] {logging_mixin.py:190} INFO - [2025-04-02T06:14:54.147+0000] {dag.py:3239} INFO - Sync 1 DAGs
[2025-04-02T06:14:54.164+0000] {logging_mixin.py:190} INFO - [2025-04-02T06:14:54.164+0000] {dag.py:4180} INFO - Setting next_dagrun for example_skip_dag to 2025-04-01 00:00:00+00:00, run_after=2025-04-02 00:00:00+00:00
[2025-04-02T06:14:54.176+0000] {processor.py:208} INFO - Processing /home/airflow/.local/lib/python3.12/site-packages/airflow/example_dags/example_skip_dag.py took 0.061 seconds
[2025-04-02T06:15:24.636+0000] {processor.py:186} INFO - Started process (PID=489) to work on /home/airflow/.local/lib/python3.12/site-packages/airflow/example_dags/example_skip_dag.py
[2025-04-02T06:15:24.637+0000] {processor.py:914} INFO - Processing file /home/airflow/.local/lib/python3.12/site-packages/airflow/example_dags/example_skip_dag.py for tasks to queue
[2025-04-02T06:15:24.639+0000] {logging_mixin.py:190} INFO - [2025-04-02T06:15:24.639+0000] {dagbag.py:588} INFO - Filling up the DagBag from /home/airflow/.local/lib/python3.12/site-packages/airflow/example_dags/example_skip_dag.py
[2025-04-02T06:15:24.647+0000] {processor.py:925} INFO - DAG(s) 'example_skip_dag' retrieved from /home/airflow/.local/lib/python3.12/site-packages/airflow/example_dags/example_skip_dag.py
[2025-04-02T06:15:24.668+0000] {logging_mixin.py:190} INFO - [2025-04-02T06:15:24.668+0000] {dag.py:3239} INFO - Sync 1 DAGs
[2025-04-02T06:15:24.684+0000] {logging_mixin.py:190} INFO - [2025-04-02T06:15:24.684+0000] {dag.py:4180} INFO - Setting next_dagrun for example_skip_dag to 2025-04-01 00:00:00+00:00, run_after=2025-04-02 00:00:00+00:00
[2025-04-02T06:15:24.695+0000] {processor.py:208} INFO - Processing /home/airflow/.local/lib/python3.12/site-packages/airflow/example_dags/example_skip_dag.py took 0.062 seconds
[2025-04-02T06:15:55.579+0000] {processor.py:186} INFO - Started process (PID=552) to work on /home/airflow/.local/lib/python3.12/site-packages/airflow/example_dags/example_skip_dag.py
[2025-04-02T06:15:55.580+0000] {processor.py:914} INFO - Processing file /home/airflow/.local/lib/python3.12/site-packages/airflow/example_dags/example_skip_dag.py for tasks to queue
[2025-04-02T06:15:55.581+0000] {logging_mixin.py:190} INFO - [2025-04-02T06:15:55.581+0000] {dagbag.py:588} INFO - Filling up the DagBag from /home/airflow/.local/lib/python3.12/site-packages/airflow/example_dags/example_skip_dag.py
[2025-04-02T06:15:55.586+0000] {processor.py:925} INFO - DAG(s) 'example_skip_dag' retrieved from /home/airflow/.local/lib/python3.12/site-packages/airflow/example_dags/example_skip_dag.py
[2025-04-02T06:15:55.598+0000] {logging_mixin.py:190} INFO - [2025-04-02T06:15:55.598+0000] {dag.py:3239} INFO - Sync 1 DAGs
[2025-04-02T06:15:55.610+0000] {logging_mixin.py:190} INFO - [2025-04-02T06:15:55.610+0000] {dag.py:4180} INFO - Setting next_dagrun for example_skip_dag to 2025-04-01 00:00:00+00:00, run_after=2025-04-02 00:00:00+00:00
[2025-04-02T06:15:55.624+0000] {processor.py:208} INFO - Processing /home/airflow/.local/lib/python3.12/site-packages/airflow/example_dags/example_skip_dag.py took 0.048 seconds
[2025-04-02T06:18:06.910+0000] {processor.py:186} INFO - Started process (PID=111) to work on /home/airflow/.local/lib/python3.12/site-packages/airflow/example_dags/example_skip_dag.py
[2025-04-02T06:18:06.911+0000] {processor.py:914} INFO - Processing file /home/airflow/.local/lib/python3.12/site-packages/airflow/example_dags/example_skip_dag.py for tasks to queue
[2025-04-02T06:18:06.916+0000] {logging_mixin.py:190} INFO - [2025-04-02T06:18:06.915+0000] {dagbag.py:588} INFO - Filling up the DagBag from /home/airflow/.local/lib/python3.12/site-packages/airflow/example_dags/example_skip_dag.py
[2025-04-02T06:18:06.934+0000] {processor.py:925} INFO - DAG(s) 'example_skip_dag' retrieved from /home/airflow/.local/lib/python3.12/site-packages/airflow/example_dags/example_skip_dag.py
[2025-04-02T06:18:06.968+0000] {logging_mixin.py:190} INFO - [2025-04-02T06:18:06.968+0000] {dag.py:3239} INFO - Sync 1 DAGs
[2025-04-02T06:18:07.002+0000] {logging_mixin.py:190} INFO - [2025-04-02T06:18:07.002+0000] {dag.py:4180} INFO - Setting next_dagrun for example_skip_dag to 2025-04-01 00:00:00+00:00, run_after=2025-04-02 00:00:00+00:00
[2025-04-02T06:18:07.041+0000] {processor.py:208} INFO - Processing /home/airflow/.local/lib/python3.12/site-packages/airflow/example_dags/example_skip_dag.py took 0.137 seconds
[2025-04-02T06:18:37.304+0000] {processor.py:186} INFO - Started process (PID=174) to work on /home/airflow/.local/lib/python3.12/site-packages/airflow/example_dags/example_skip_dag.py
[2025-04-02T06:18:37.305+0000] {processor.py:914} INFO - Processing file /home/airflow/.local/lib/python3.12/site-packages/airflow/example_dags/example_skip_dag.py for tasks to queue
[2025-04-02T06:18:37.306+0000] {logging_mixin.py:190} INFO - [2025-04-02T06:18:37.306+0000] {dagbag.py:588} INFO - Filling up the DagBag from /home/airflow/.local/lib/python3.12/site-packages/airflow/example_dags/example_skip_dag.py
[2025-04-02T06:18:37.310+0000] {processor.py:925} INFO - DAG(s) 'example_skip_dag' retrieved from /home/airflow/.local/lib/python3.12/site-packages/airflow/example_dags/example_skip_dag.py
[2025-04-02T06:18:37.323+0000] {logging_mixin.py:190} INFO - [2025-04-02T06:18:37.323+0000] {dag.py:3239} INFO - Sync 1 DAGs
[2025-04-02T06:18:37.336+0000] {logging_mixin.py:190} INFO - [2025-04-02T06:18:37.336+0000] {dag.py:4180} INFO - Setting next_dagrun for example_skip_dag to 2025-04-01 00:00:00+00:00, run_after=2025-04-02 00:00:00+00:00
[2025-04-02T06:18:37.345+0000] {processor.py:208} INFO - Processing /home/airflow/.local/lib/python3.12/site-packages/airflow/example_dags/example_skip_dag.py took 0.045 seconds
[2025-04-02T06:19:07.666+0000] {processor.py:186} INFO - Started process (PID=237) to work on /home/airflow/.local/lib/python3.12/site-packages/airflow/example_dags/example_skip_dag.py
[2025-04-02T06:19:07.667+0000] {processor.py:914} INFO - Processing file /home/airflow/.local/lib/python3.12/site-packages/airflow/example_dags/example_skip_dag.py for tasks to queue
[2025-04-02T06:19:07.668+0000] {logging_mixin.py:190} INFO - [2025-04-02T06:19:07.668+0000] {dagbag.py:588} INFO - Filling up the DagBag from /home/airflow/.local/lib/python3.12/site-packages/airflow/example_dags/example_skip_dag.py
[2025-04-02T06:19:07.673+0000] {processor.py:925} INFO - DAG(s) 'example_skip_dag' retrieved from /home/airflow/.local/lib/python3.12/site-packages/airflow/example_dags/example_skip_dag.py
[2025-04-02T06:19:07.688+0000] {logging_mixin.py:190} INFO - [2025-04-02T06:19:07.687+0000] {dag.py:3239} INFO - Sync 1 DAGs
[2025-04-02T06:19:07.702+0000] {logging_mixin.py:190} INFO - [2025-04-02T06:19:07.702+0000] {dag.py:4180} INFO - Setting next_dagrun for example_skip_dag to 2025-04-01 00:00:00+00:00, run_after=2025-04-02 00:00:00+00:00
[2025-04-02T06:19:07.714+0000] {processor.py:208} INFO - Processing /home/airflow/.local/lib/python3.12/site-packages/airflow/example_dags/example_skip_dag.py took 0.051 seconds
[2025-04-02T06:19:38.967+0000] {processor.py:186} INFO - Started process (PID=300) to work on /home/airflow/.local/lib/python3.12/site-packages/airflow/example_dags/example_skip_dag.py
[2025-04-02T06:19:38.968+0000] {processor.py:914} INFO - Processing file /home/airflow/.local/lib/python3.12/site-packages/airflow/example_dags/example_skip_dag.py for tasks to queue
[2025-04-02T06:19:38.969+0000] {logging_mixin.py:190} INFO - [2025-04-02T06:19:38.969+0000] {dagbag.py:588} INFO - Filling up the DagBag from /home/airflow/.local/lib/python3.12/site-packages/airflow/example_dags/example_skip_dag.py
[2025-04-02T06:19:38.975+0000] {processor.py:925} INFO - DAG(s) 'example_skip_dag' retrieved from /home/airflow/.local/lib/python3.12/site-packages/airflow/example_dags/example_skip_dag.py
[2025-04-02T06:19:38.989+0000] {logging_mixin.py:190} INFO - [2025-04-02T06:19:38.988+0000] {dag.py:3239} INFO - Sync 1 DAGs
[2025-04-02T06:19:39.002+0000] {logging_mixin.py:190} INFO - [2025-04-02T06:19:39.002+0000] {dag.py:4180} INFO - Setting next_dagrun for example_skip_dag to 2025-04-01 00:00:00+00:00, run_after=2025-04-02 00:00:00+00:00
[2025-04-02T06:19:39.013+0000] {processor.py:208} INFO - Processing /home/airflow/.local/lib/python3.12/site-packages/airflow/example_dags/example_skip_dag.py took 0.050 seconds
[2025-04-02T06:20:10.077+0000] {processor.py:186} INFO - Started process (PID=363) to work on /home/airflow/.local/lib/python3.12/site-packages/airflow/example_dags/example_skip_dag.py
[2025-04-02T06:20:10.078+0000] {processor.py:914} INFO - Processing file /home/airflow/.local/lib/python3.12/site-packages/airflow/example_dags/example_skip_dag.py for tasks to queue
[2025-04-02T06:20:10.079+0000] {logging_mixin.py:190} INFO - [2025-04-02T06:20:10.079+0000] {dagbag.py:588} INFO - Filling up the DagBag from /home/airflow/.local/lib/python3.12/site-packages/airflow/example_dags/example_skip_dag.py
[2025-04-02T06:20:10.085+0000] {processor.py:925} INFO - DAG(s) 'example_skip_dag' retrieved from /home/airflow/.local/lib/python3.12/site-packages/airflow/example_dags/example_skip_dag.py
[2025-04-02T06:20:10.097+0000] {logging_mixin.py:190} INFO - [2025-04-02T06:20:10.097+0000] {dag.py:3239} INFO - Sync 1 DAGs
[2025-04-02T06:20:10.110+0000] {logging_mixin.py:190} INFO - [2025-04-02T06:20:10.110+0000] {dag.py:4180} INFO - Setting next_dagrun for example_skip_dag to 2025-04-01 00:00:00+00:00, run_after=2025-04-02 00:00:00+00:00
[2025-04-02T06:20:10.119+0000] {processor.py:208} INFO - Processing /home/airflow/.local/lib/python3.12/site-packages/airflow/example_dags/example_skip_dag.py took 0.045 seconds
[2025-04-02T06:20:41.267+0000] {processor.py:186} INFO - Started process (PID=426) to work on /home/airflow/.local/lib/python3.12/site-packages/airflow/example_dags/example_skip_dag.py
[2025-04-02T06:20:41.267+0000] {processor.py:914} INFO - Processing file /home/airflow/.local/lib/python3.12/site-packages/airflow/example_dags/example_skip_dag.py for tasks to queue
[2025-04-02T06:20:41.269+0000] {logging_mixin.py:190} INFO - [2025-04-02T06:20:41.269+0000] {dagbag.py:588} INFO - Filling up the DagBag from /home/airflow/.local/lib/python3.12/site-packages/airflow/example_dags/example_skip_dag.py
[2025-04-02T06:20:41.273+0000] {processor.py:925} INFO - DAG(s) 'example_skip_dag' retrieved from /home/airflow/.local/lib/python3.12/site-packages/airflow/example_dags/example_skip_dag.py
[2025-04-02T06:20:41.284+0000] {logging_mixin.py:190} INFO - [2025-04-02T06:20:41.284+0000] {dag.py:3239} INFO - Sync 1 DAGs
[2025-04-02T06:20:41.295+0000] {logging_mixin.py:190} INFO - [2025-04-02T06:20:41.295+0000] {dag.py:4180} INFO - Setting next_dagrun for example_skip_dag to 2025-04-01 00:00:00+00:00, run_after=2025-04-02 00:00:00+00:00
[2025-04-02T06:20:41.303+0000] {processor.py:208} INFO - Processing /home/airflow/.local/lib/python3.12/site-packages/airflow/example_dags/example_skip_dag.py took 0.039 seconds
[2025-04-02T06:21:12.683+0000] {processor.py:186} INFO - Started process (PID=489) to work on /home/airflow/.local/lib/python3.12/site-packages/airflow/example_dags/example_skip_dag.py
[2025-04-02T06:21:12.687+0000] {processor.py:914} INFO - Processing file /home/airflow/.local/lib/python3.12/site-packages/airflow/example_dags/example_skip_dag.py for tasks to queue
[2025-04-02T06:21:12.689+0000] {logging_mixin.py:190} INFO - [2025-04-02T06:21:12.689+0000] {dagbag.py:588} INFO - Filling up the DagBag from /home/airflow/.local/lib/python3.12/site-packages/airflow/example_dags/example_skip_dag.py
[2025-04-02T06:21:12.698+0000] {processor.py:925} INFO - DAG(s) 'example_skip_dag' retrieved from /home/airflow/.local/lib/python3.12/site-packages/airflow/example_dags/example_skip_dag.py
[2025-04-02T06:21:12.710+0000] {logging_mixin.py:190} INFO - [2025-04-02T06:21:12.710+0000] {dag.py:3239} INFO - Sync 1 DAGs
[2025-04-02T06:21:12.723+0000] {logging_mixin.py:190} INFO - [2025-04-02T06:21:12.723+0000] {dag.py:4180} INFO - Setting next_dagrun for example_skip_dag to 2025-04-01 00:00:00+00:00, run_after=2025-04-02 00:00:00+00:00
[2025-04-02T06:21:12.732+0000] {processor.py:208} INFO - Processing /home/airflow/.local/lib/python3.12/site-packages/airflow/example_dags/example_skip_dag.py took 0.053 seconds
[2025-04-02T06:21:43.831+0000] {processor.py:186} INFO - Started process (PID=551) to work on /home/airflow/.local/lib/python3.12/site-packages/airflow/example_dags/example_skip_dag.py
[2025-04-02T06:21:43.832+0000] {processor.py:914} INFO - Processing file /home/airflow/.local/lib/python3.12/site-packages/airflow/example_dags/example_skip_dag.py for tasks to queue
[2025-04-02T06:21:43.833+0000] {logging_mixin.py:190} INFO - [2025-04-02T06:21:43.833+0000] {dagbag.py:588} INFO - Filling up the DagBag from /home/airflow/.local/lib/python3.12/site-packages/airflow/example_dags/example_skip_dag.py
[2025-04-02T06:21:43.839+0000] {processor.py:925} INFO - DAG(s) 'example_skip_dag' retrieved from /home/airflow/.local/lib/python3.12/site-packages/airflow/example_dags/example_skip_dag.py
[2025-04-02T06:21:43.851+0000] {logging_mixin.py:190} INFO - [2025-04-02T06:21:43.851+0000] {dag.py:3239} INFO - Sync 1 DAGs
[2025-04-02T06:21:43.864+0000] {logging_mixin.py:190} INFO - [2025-04-02T06:21:43.864+0000] {dag.py:4180} INFO - Setting next_dagrun for example_skip_dag to 2025-04-01 00:00:00+00:00, run_after=2025-04-02 00:00:00+00:00
[2025-04-02T06:21:43.877+0000] {processor.py:208} INFO - Processing /home/airflow/.local/lib/python3.12/site-packages/airflow/example_dags/example_skip_dag.py took 0.049 seconds
[2025-04-02T06:22:15.560+0000] {processor.py:186} INFO - Started process (PID=614) to work on /home/airflow/.local/lib/python3.12/site-packages/airflow/example_dags/example_skip_dag.py
[2025-04-02T06:22:15.561+0000] {processor.py:914} INFO - Processing file /home/airflow/.local/lib/python3.12/site-packages/airflow/example_dags/example_skip_dag.py for tasks to queue
[2025-04-02T06:22:15.563+0000] {logging_mixin.py:190} INFO - [2025-04-02T06:22:15.563+0000] {dagbag.py:588} INFO - Filling up the DagBag from /home/airflow/.local/lib/python3.12/site-packages/airflow/example_dags/example_skip_dag.py
[2025-04-02T06:22:15.568+0000] {processor.py:925} INFO - DAG(s) 'example_skip_dag' retrieved from /home/airflow/.local/lib/python3.12/site-packages/airflow/example_dags/example_skip_dag.py
[2025-04-02T06:22:15.582+0000] {logging_mixin.py:190} INFO - [2025-04-02T06:22:15.582+0000] {dag.py:3239} INFO - Sync 1 DAGs
[2025-04-02T06:22:15.596+0000] {logging_mixin.py:190} INFO - [2025-04-02T06:22:15.596+0000] {dag.py:4180} INFO - Setting next_dagrun for example_skip_dag to 2025-04-01 00:00:00+00:00, run_after=2025-04-02 00:00:00+00:00
[2025-04-02T06:22:15.609+0000] {processor.py:208} INFO - Processing /home/airflow/.local/lib/python3.12/site-packages/airflow/example_dags/example_skip_dag.py took 0.052 seconds
[2025-04-02T06:22:47.272+0000] {processor.py:186} INFO - Started process (PID=677) to work on /home/airflow/.local/lib/python3.12/site-packages/airflow/example_dags/example_skip_dag.py
[2025-04-02T06:22:47.273+0000] {processor.py:914} INFO - Processing file /home/airflow/.local/lib/python3.12/site-packages/airflow/example_dags/example_skip_dag.py for tasks to queue
[2025-04-02T06:22:47.284+0000] {logging_mixin.py:190} INFO - [2025-04-02T06:22:47.284+0000] {dagbag.py:588} INFO - Filling up the DagBag from /home/airflow/.local/lib/python3.12/site-packages/airflow/example_dags/example_skip_dag.py
[2025-04-02T06:22:47.292+0000] {processor.py:925} INFO - DAG(s) 'example_skip_dag' retrieved from /home/airflow/.local/lib/python3.12/site-packages/airflow/example_dags/example_skip_dag.py
[2025-04-02T06:22:47.306+0000] {logging_mixin.py:190} INFO - [2025-04-02T06:22:47.306+0000] {dag.py:3239} INFO - Sync 1 DAGs
[2025-04-02T06:22:47.322+0000] {logging_mixin.py:190} INFO - [2025-04-02T06:22:47.322+0000] {dag.py:4180} INFO - Setting next_dagrun for example_skip_dag to 2025-04-01 00:00:00+00:00, run_after=2025-04-02 00:00:00+00:00
[2025-04-02T06:22:47.333+0000] {processor.py:208} INFO - Processing /home/airflow/.local/lib/python3.12/site-packages/airflow/example_dags/example_skip_dag.py took 0.068 seconds
[2025-04-02T06:23:19.141+0000] {processor.py:186} INFO - Started process (PID=742) to work on /home/airflow/.local/lib/python3.12/site-packages/airflow/example_dags/example_skip_dag.py
[2025-04-02T06:23:19.143+0000] {processor.py:914} INFO - Processing file /home/airflow/.local/lib/python3.12/site-packages/airflow/example_dags/example_skip_dag.py for tasks to queue
[2025-04-02T06:23:19.146+0000] {logging_mixin.py:190} INFO - [2025-04-02T06:23:19.146+0000] {dagbag.py:588} INFO - Filling up the DagBag from /home/airflow/.local/lib/python3.12/site-packages/airflow/example_dags/example_skip_dag.py
[2025-04-02T06:23:19.153+0000] {processor.py:925} INFO - DAG(s) 'example_skip_dag' retrieved from /home/airflow/.local/lib/python3.12/site-packages/airflow/example_dags/example_skip_dag.py
[2025-04-02T06:23:19.175+0000] {logging_mixin.py:190} INFO - [2025-04-02T06:23:19.174+0000] {dag.py:3239} INFO - Sync 1 DAGs
[2025-04-02T06:23:19.191+0000] {logging_mixin.py:190} INFO - [2025-04-02T06:23:19.191+0000] {dag.py:4180} INFO - Setting next_dagrun for example_skip_dag to 2025-04-01 00:00:00+00:00, run_after=2025-04-02 00:00:00+00:00
[2025-04-02T06:23:19.207+0000] {processor.py:208} INFO - Processing /home/airflow/.local/lib/python3.12/site-packages/airflow/example_dags/example_skip_dag.py took 0.070 seconds
[2025-04-02T06:23:50.124+0000] {processor.py:186} INFO - Started process (PID=806) to work on /home/airflow/.local/lib/python3.12/site-packages/airflow/example_dags/example_skip_dag.py
[2025-04-02T06:23:50.125+0000] {processor.py:914} INFO - Processing file /home/airflow/.local/lib/python3.12/site-packages/airflow/example_dags/example_skip_dag.py for tasks to queue
[2025-04-02T06:23:50.127+0000] {logging_mixin.py:190} INFO - [2025-04-02T06:23:50.127+0000] {dagbag.py:588} INFO - Filling up the DagBag from /home/airflow/.local/lib/python3.12/site-packages/airflow/example_dags/example_skip_dag.py
[2025-04-02T06:23:50.133+0000] {processor.py:925} INFO - DAG(s) 'example_skip_dag' retrieved from /home/airflow/.local/lib/python3.12/site-packages/airflow/example_dags/example_skip_dag.py
[2025-04-02T06:23:50.149+0000] {logging_mixin.py:190} INFO - [2025-04-02T06:23:50.149+0000] {dag.py:3239} INFO - Sync 1 DAGs
[2025-04-02T06:23:50.161+0000] {logging_mixin.py:190} INFO - [2025-04-02T06:23:50.161+0000] {dag.py:4180} INFO - Setting next_dagrun for example_skip_dag to 2025-04-01 00:00:00+00:00, run_after=2025-04-02 00:00:00+00:00
[2025-04-02T06:23:50.172+0000] {processor.py:208} INFO - Processing /home/airflow/.local/lib/python3.12/site-packages/airflow/example_dags/example_skip_dag.py took 0.051 seconds
[2025-04-02T06:24:21.501+0000] {processor.py:186} INFO - Started process (PID=872) to work on /home/airflow/.local/lib/python3.12/site-packages/airflow/example_dags/example_skip_dag.py
[2025-04-02T06:24:21.502+0000] {processor.py:914} INFO - Processing file /home/airflow/.local/lib/python3.12/site-packages/airflow/example_dags/example_skip_dag.py for tasks to queue
[2025-04-02T06:24:21.507+0000] {logging_mixin.py:190} INFO - [2025-04-02T06:24:21.506+0000] {dagbag.py:588} INFO - Filling up the DagBag from /home/airflow/.local/lib/python3.12/site-packages/airflow/example_dags/example_skip_dag.py
[2025-04-02T06:24:21.514+0000] {processor.py:925} INFO - DAG(s) 'example_skip_dag' retrieved from /home/airflow/.local/lib/python3.12/site-packages/airflow/example_dags/example_skip_dag.py
[2025-04-02T06:24:21.535+0000] {logging_mixin.py:190} INFO - [2025-04-02T06:24:21.535+0000] {dag.py:3239} INFO - Sync 1 DAGs
[2025-04-02T06:24:21.584+0000] {logging_mixin.py:190} INFO - [2025-04-02T06:24:21.584+0000] {dag.py:4180} INFO - Setting next_dagrun for example_skip_dag to 2025-04-01 00:00:00+00:00, run_after=2025-04-02 00:00:00+00:00
[2025-04-02T06:24:21.607+0000] {processor.py:208} INFO - Processing /home/airflow/.local/lib/python3.12/site-packages/airflow/example_dags/example_skip_dag.py took 0.114 seconds
[2025-04-02T06:24:52.123+0000] {processor.py:186} INFO - Started process (PID=937) to work on /home/airflow/.local/lib/python3.12/site-packages/airflow/example_dags/example_skip_dag.py
[2025-04-02T06:24:52.124+0000] {processor.py:914} INFO - Processing file /home/airflow/.local/lib/python3.12/site-packages/airflow/example_dags/example_skip_dag.py for tasks to queue
[2025-04-02T06:24:52.126+0000] {logging_mixin.py:190} INFO - [2025-04-02T06:24:52.125+0000] {dagbag.py:588} INFO - Filling up the DagBag from /home/airflow/.local/lib/python3.12/site-packages/airflow/example_dags/example_skip_dag.py
[2025-04-02T06:24:52.130+0000] {processor.py:925} INFO - DAG(s) 'example_skip_dag' retrieved from /home/airflow/.local/lib/python3.12/site-packages/airflow/example_dags/example_skip_dag.py
[2025-04-02T06:24:52.144+0000] {logging_mixin.py:190} INFO - [2025-04-02T06:24:52.144+0000] {dag.py:3239} INFO - Sync 1 DAGs
[2025-04-02T06:24:52.159+0000] {logging_mixin.py:190} INFO - [2025-04-02T06:24:52.159+0000] {dag.py:4180} INFO - Setting next_dagrun for example_skip_dag to 2025-04-01 00:00:00+00:00, run_after=2025-04-02 00:00:00+00:00
[2025-04-02T06:24:52.169+0000] {processor.py:208} INFO - Processing /home/airflow/.local/lib/python3.12/site-packages/airflow/example_dags/example_skip_dag.py took 0.049 seconds
[2025-04-02T06:25:23.404+0000] {processor.py:186} INFO - Started process (PID=1005) to work on /home/airflow/.local/lib/python3.12/site-packages/airflow/example_dags/example_skip_dag.py
[2025-04-02T06:25:23.405+0000] {processor.py:914} INFO - Processing file /home/airflow/.local/lib/python3.12/site-packages/airflow/example_dags/example_skip_dag.py for tasks to queue
[2025-04-02T06:25:23.407+0000] {logging_mixin.py:190} INFO - [2025-04-02T06:25:23.407+0000] {dagbag.py:588} INFO - Filling up the DagBag from /home/airflow/.local/lib/python3.12/site-packages/airflow/example_dags/example_skip_dag.py
[2025-04-02T06:25:23.412+0000] {processor.py:925} INFO - DAG(s) 'example_skip_dag' retrieved from /home/airflow/.local/lib/python3.12/site-packages/airflow/example_dags/example_skip_dag.py
[2025-04-02T06:25:23.425+0000] {logging_mixin.py:190} INFO - [2025-04-02T06:25:23.424+0000] {dag.py:3239} INFO - Sync 1 DAGs
[2025-04-02T06:25:23.437+0000] {logging_mixin.py:190} INFO - [2025-04-02T06:25:23.437+0000] {dag.py:4180} INFO - Setting next_dagrun for example_skip_dag to 2025-04-01 00:00:00+00:00, run_after=2025-04-02 00:00:00+00:00
[2025-04-02T06:25:23.445+0000] {processor.py:208} INFO - Processing /home/airflow/.local/lib/python3.12/site-packages/airflow/example_dags/example_skip_dag.py took 0.044 seconds
[2025-04-02T06:25:53.879+0000] {processor.py:186} INFO - Started process (PID=1069) to work on /home/airflow/.local/lib/python3.12/site-packages/airflow/example_dags/example_skip_dag.py
[2025-04-02T06:25:53.879+0000] {processor.py:914} INFO - Processing file /home/airflow/.local/lib/python3.12/site-packages/airflow/example_dags/example_skip_dag.py for tasks to queue
[2025-04-02T06:25:53.882+0000] {logging_mixin.py:190} INFO - [2025-04-02T06:25:53.882+0000] {dagbag.py:588} INFO - Filling up the DagBag from /home/airflow/.local/lib/python3.12/site-packages/airflow/example_dags/example_skip_dag.py
[2025-04-02T06:25:53.887+0000] {processor.py:925} INFO - DAG(s) 'example_skip_dag' retrieved from /home/airflow/.local/lib/python3.12/site-packages/airflow/example_dags/example_skip_dag.py
[2025-04-02T06:25:53.899+0000] {logging_mixin.py:190} INFO - [2025-04-02T06:25:53.898+0000] {dag.py:3239} INFO - Sync 1 DAGs
[2025-04-02T06:25:53.908+0000] {logging_mixin.py:190} INFO - [2025-04-02T06:25:53.908+0000] {dag.py:4180} INFO - Setting next_dagrun for example_skip_dag to 2025-04-01 00:00:00+00:00, run_after=2025-04-02 00:00:00+00:00
[2025-04-02T06:25:53.918+0000] {processor.py:208} INFO - Processing /home/airflow/.local/lib/python3.12/site-packages/airflow/example_dags/example_skip_dag.py took 0.044 seconds
[2025-04-02T06:26:25.337+0000] {processor.py:186} INFO - Started process (PID=1138) to work on /home/airflow/.local/lib/python3.12/site-packages/airflow/example_dags/example_skip_dag.py
[2025-04-02T06:26:25.337+0000] {processor.py:914} INFO - Processing file /home/airflow/.local/lib/python3.12/site-packages/airflow/example_dags/example_skip_dag.py for tasks to queue
[2025-04-02T06:26:25.339+0000] {logging_mixin.py:190} INFO - [2025-04-02T06:26:25.338+0000] {dagbag.py:588} INFO - Filling up the DagBag from /home/airflow/.local/lib/python3.12/site-packages/airflow/example_dags/example_skip_dag.py
[2025-04-02T06:26:25.343+0000] {processor.py:925} INFO - DAG(s) 'example_skip_dag' retrieved from /home/airflow/.local/lib/python3.12/site-packages/airflow/example_dags/example_skip_dag.py
[2025-04-02T06:26:25.354+0000] {logging_mixin.py:190} INFO - [2025-04-02T06:26:25.354+0000] {dag.py:3239} INFO - Sync 1 DAGs
[2025-04-02T06:26:25.366+0000] {logging_mixin.py:190} INFO - [2025-04-02T06:26:25.366+0000] {dag.py:4180} INFO - Setting next_dagrun for example_skip_dag to 2025-04-01 00:00:00+00:00, run_after=2025-04-02 00:00:00+00:00
[2025-04-02T06:26:25.377+0000] {processor.py:208} INFO - Processing /home/airflow/.local/lib/python3.12/site-packages/airflow/example_dags/example_skip_dag.py took 0.044 seconds
[2025-04-02T06:26:56.978+0000] {processor.py:186} INFO - Started process (PID=1207) to work on /home/airflow/.local/lib/python3.12/site-packages/airflow/example_dags/example_skip_dag.py
[2025-04-02T06:26:56.979+0000] {processor.py:914} INFO - Processing file /home/airflow/.local/lib/python3.12/site-packages/airflow/example_dags/example_skip_dag.py for tasks to queue
[2025-04-02T06:26:56.980+0000] {logging_mixin.py:190} INFO - [2025-04-02T06:26:56.980+0000] {dagbag.py:588} INFO - Filling up the DagBag from /home/airflow/.local/lib/python3.12/site-packages/airflow/example_dags/example_skip_dag.py
[2025-04-02T06:26:56.985+0000] {processor.py:925} INFO - DAG(s) 'example_skip_dag' retrieved from /home/airflow/.local/lib/python3.12/site-packages/airflow/example_dags/example_skip_dag.py
[2025-04-02T06:26:57.000+0000] {logging_mixin.py:190} INFO - [2025-04-02T06:26:57.000+0000] {dag.py:3239} INFO - Sync 1 DAGs
[2025-04-02T06:26:57.013+0000] {logging_mixin.py:190} INFO - [2025-04-02T06:26:57.012+0000] {dag.py:4180} INFO - Setting next_dagrun for example_skip_dag to 2025-04-01 00:00:00+00:00, run_after=2025-04-02 00:00:00+00:00
[2025-04-02T06:26:57.022+0000] {processor.py:208} INFO - Processing /home/airflow/.local/lib/python3.12/site-packages/airflow/example_dags/example_skip_dag.py took 0.047 seconds
[2025-04-02T06:27:27.749+0000] {processor.py:186} INFO - Started process (PID=1274) to work on /home/airflow/.local/lib/python3.12/site-packages/airflow/example_dags/example_skip_dag.py
[2025-04-02T06:27:27.751+0000] {processor.py:914} INFO - Processing file /home/airflow/.local/lib/python3.12/site-packages/airflow/example_dags/example_skip_dag.py for tasks to queue
[2025-04-02T06:27:27.752+0000] {logging_mixin.py:190} INFO - [2025-04-02T06:27:27.752+0000] {dagbag.py:588} INFO - Filling up the DagBag from /home/airflow/.local/lib/python3.12/site-packages/airflow/example_dags/example_skip_dag.py
[2025-04-02T06:27:27.757+0000] {processor.py:925} INFO - DAG(s) 'example_skip_dag' retrieved from /home/airflow/.local/lib/python3.12/site-packages/airflow/example_dags/example_skip_dag.py
[2025-04-02T06:27:27.769+0000] {logging_mixin.py:190} INFO - [2025-04-02T06:27:27.769+0000] {dag.py:3239} INFO - Sync 1 DAGs
[2025-04-02T06:27:27.783+0000] {logging_mixin.py:190} INFO - [2025-04-02T06:27:27.783+0000] {dag.py:4180} INFO - Setting next_dagrun for example_skip_dag to 2025-04-01 00:00:00+00:00, run_after=2025-04-02 00:00:00+00:00
[2025-04-02T06:27:27.792+0000] {processor.py:208} INFO - Processing /home/airflow/.local/lib/python3.12/site-packages/airflow/example_dags/example_skip_dag.py took 0.047 seconds
[2025-04-02T06:27:58.381+0000] {processor.py:186} INFO - Started process (PID=1341) to work on /home/airflow/.local/lib/python3.12/site-packages/airflow/example_dags/example_skip_dag.py
[2025-04-02T06:27:58.381+0000] {processor.py:914} INFO - Processing file /home/airflow/.local/lib/python3.12/site-packages/airflow/example_dags/example_skip_dag.py for tasks to queue
[2025-04-02T06:27:58.382+0000] {logging_mixin.py:190} INFO - [2025-04-02T06:27:58.382+0000] {dagbag.py:588} INFO - Filling up the DagBag from /home/airflow/.local/lib/python3.12/site-packages/airflow/example_dags/example_skip_dag.py
[2025-04-02T06:27:58.387+0000] {processor.py:925} INFO - DAG(s) 'example_skip_dag' retrieved from /home/airflow/.local/lib/python3.12/site-packages/airflow/example_dags/example_skip_dag.py
[2025-04-02T06:27:58.404+0000] {logging_mixin.py:190} INFO - [2025-04-02T06:27:58.404+0000] {dag.py:3239} INFO - Sync 1 DAGs
[2025-04-02T06:27:58.416+0000] {logging_mixin.py:190} INFO - [2025-04-02T06:27:58.416+0000] {dag.py:4180} INFO - Setting next_dagrun for example_skip_dag to 2025-04-01 00:00:00+00:00, run_after=2025-04-02 00:00:00+00:00
[2025-04-02T06:27:58.425+0000] {processor.py:208} INFO - Processing /home/airflow/.local/lib/python3.12/site-packages/airflow/example_dags/example_skip_dag.py took 0.048 seconds
