[2025-04-02T06:12:19.869+0000] {processor.py:186} INFO - Started process (PID=102) to work on /home/airflow/.local/lib/python3.12/site-packages/airflow/example_dags/example_dataset_alias.py
[2025-04-02T06:12:19.870+0000] {processor.py:914} INFO - Processing file /home/airflow/.local/lib/python3.12/site-packages/airflow/example_dags/example_dataset_alias.py for tasks to queue
[2025-04-02T06:12:19.871+0000] {logging_mixin.py:190} INFO - [2025-04-02T06:12:19.871+0000] {dagbag.py:588} INFO - Filling up the DagBag from /home/airflow/.local/lib/python3.12/site-packages/airflow/example_dags/example_dataset_alias.py
[2025-04-02T06:12:20.282+0000] {processor.py:925} INFO - DAG(s) 'dataset_alias_example_alias_producer', 'dataset_alias_example_alias_consumer', 'dataset_s3_bucket_producer', 'dataset_s3_bucket_consumer' retrieved from /home/airflow/.local/lib/python3.12/site-packages/airflow/example_dags/example_dataset_alias.py
[2025-04-02T06:12:20.336+0000] {logging_mixin.py:190} INFO - [2025-04-02T06:12:20.335+0000] {override.py:1912} INFO - Created Permission View: can delete on DAG:dataset_alias_example_alias_producer
[2025-04-02T06:12:20.343+0000] {logging_mixin.py:190} INFO - [2025-04-02T06:12:20.343+0000] {override.py:1912} INFO - Created Permission View: can read on DAG:dataset_alias_example_alias_producer
[2025-04-02T06:12:20.346+0000] {logging_mixin.py:190} INFO - [2025-04-02T06:12:20.346+0000] {override.py:1912} INFO - Created Permission View: can edit on DAG:dataset_alias_example_alias_producer
[2025-04-02T06:12:20.350+0000] {logging_mixin.py:190} INFO - [2025-04-02T06:12:20.350+0000] {override.py:1912} INFO - Created Permission View: can delete on DAG Run:dataset_alias_example_alias_producer
[2025-04-02T06:12:20.354+0000] {logging_mixin.py:190} INFO - [2025-04-02T06:12:20.354+0000] {override.py:1912} INFO - Created Permission View: can create on DAG Run:dataset_alias_example_alias_producer
[2025-04-02T06:12:20.358+0000] {logging_mixin.py:190} INFO - [2025-04-02T06:12:20.358+0000] {override.py:1912} INFO - Created Permission View: can read on DAG Run:dataset_alias_example_alias_producer
[2025-04-02T06:12:20.362+0000] {logging_mixin.py:190} INFO - [2025-04-02T06:12:20.362+0000] {override.py:1912} INFO - Created Permission View: menu access on DAG Run:dataset_alias_example_alias_producer
[2025-04-02T06:12:20.368+0000] {logging_mixin.py:190} INFO - [2025-04-02T06:12:20.367+0000] {override.py:1912} INFO - Created Permission View: can delete on DAG:dataset_alias_example_alias_consumer
[2025-04-02T06:12:20.370+0000] {logging_mixin.py:190} INFO - [2025-04-02T06:12:20.370+0000] {override.py:1912} INFO - Created Permission View: can read on DAG:dataset_alias_example_alias_consumer
[2025-04-02T06:12:20.373+0000] {logging_mixin.py:190} INFO - [2025-04-02T06:12:20.373+0000] {override.py:1912} INFO - Created Permission View: can edit on DAG:dataset_alias_example_alias_consumer
[2025-04-02T06:12:20.375+0000] {logging_mixin.py:190} INFO - [2025-04-02T06:12:20.375+0000] {override.py:1912} INFO - Created Permission View: can delete on DAG Run:dataset_alias_example_alias_consumer
[2025-04-02T06:12:20.378+0000] {logging_mixin.py:190} INFO - [2025-04-02T06:12:20.378+0000] {override.py:1912} INFO - Created Permission View: can create on DAG Run:dataset_alias_example_alias_consumer
[2025-04-02T06:12:20.380+0000] {logging_mixin.py:190} INFO - [2025-04-02T06:12:20.380+0000] {override.py:1912} INFO - Created Permission View: can read on DAG Run:dataset_alias_example_alias_consumer
[2025-04-02T06:12:20.383+0000] {logging_mixin.py:190} INFO - [2025-04-02T06:12:20.383+0000] {override.py:1912} INFO - Created Permission View: menu access on DAG Run:dataset_alias_example_alias_consumer
[2025-04-02T06:12:20.388+0000] {logging_mixin.py:190} INFO - [2025-04-02T06:12:20.388+0000] {override.py:1912} INFO - Created Permission View: can delete on DAG:dataset_s3_bucket_producer
[2025-04-02T06:12:20.390+0000] {logging_mixin.py:190} INFO - [2025-04-02T06:12:20.390+0000] {override.py:1912} INFO - Created Permission View: can read on DAG:dataset_s3_bucket_producer
[2025-04-02T06:12:20.392+0000] {logging_mixin.py:190} INFO - [2025-04-02T06:12:20.392+0000] {override.py:1912} INFO - Created Permission View: can edit on DAG:dataset_s3_bucket_producer
[2025-04-02T06:12:20.395+0000] {logging_mixin.py:190} INFO - [2025-04-02T06:12:20.395+0000] {override.py:1912} INFO - Created Permission View: can delete on DAG Run:dataset_s3_bucket_producer
[2025-04-02T06:12:20.397+0000] {logging_mixin.py:190} INFO - [2025-04-02T06:12:20.397+0000] {override.py:1912} INFO - Created Permission View: can create on DAG Run:dataset_s3_bucket_producer
[2025-04-02T06:12:20.400+0000] {logging_mixin.py:190} INFO - [2025-04-02T06:12:20.400+0000] {override.py:1912} INFO - Created Permission View: can read on DAG Run:dataset_s3_bucket_producer
[2025-04-02T06:12:20.403+0000] {logging_mixin.py:190} INFO - [2025-04-02T06:12:20.402+0000] {override.py:1912} INFO - Created Permission View: menu access on DAG Run:dataset_s3_bucket_producer
[2025-04-02T06:12:20.408+0000] {logging_mixin.py:190} INFO - [2025-04-02T06:12:20.408+0000] {override.py:1912} INFO - Created Permission View: can delete on DAG:dataset_s3_bucket_consumer
[2025-04-02T06:12:20.411+0000] {logging_mixin.py:190} INFO - [2025-04-02T06:12:20.410+0000] {override.py:1912} INFO - Created Permission View: can read on DAG:dataset_s3_bucket_consumer
[2025-04-02T06:12:20.413+0000] {logging_mixin.py:190} INFO - [2025-04-02T06:12:20.413+0000] {override.py:1912} INFO - Created Permission View: can edit on DAG:dataset_s3_bucket_consumer
[2025-04-02T06:12:20.415+0000] {logging_mixin.py:190} INFO - [2025-04-02T06:12:20.415+0000] {override.py:1912} INFO - Created Permission View: can delete on DAG Run:dataset_s3_bucket_consumer
[2025-04-02T06:12:20.417+0000] {logging_mixin.py:190} INFO - [2025-04-02T06:12:20.417+0000] {override.py:1912} INFO - Created Permission View: can create on DAG Run:dataset_s3_bucket_consumer
[2025-04-02T06:12:20.420+0000] {logging_mixin.py:190} INFO - [2025-04-02T06:12:20.420+0000] {override.py:1912} INFO - Created Permission View: can read on DAG Run:dataset_s3_bucket_consumer
[2025-04-02T06:12:20.422+0000] {logging_mixin.py:190} INFO - [2025-04-02T06:12:20.422+0000] {override.py:1912} INFO - Created Permission View: menu access on DAG Run:dataset_s3_bucket_consumer
[2025-04-02T06:12:20.423+0000] {logging_mixin.py:190} INFO - [2025-04-02T06:12:20.422+0000] {dag.py:3239} INFO - Sync 4 DAGs
[2025-04-02T06:12:20.429+0000] {logging_mixin.py:190} INFO - [2025-04-02T06:12:20.429+0000] {dag.py:3262} INFO - Creating ORM DAG for dataset_s3_bucket_producer
[2025-04-02T06:12:20.429+0000] {logging_mixin.py:190} INFO - [2025-04-02T06:12:20.429+0000] {dag.py:3262} INFO - Creating ORM DAG for dataset_s3_bucket_consumer
[2025-04-02T06:12:20.430+0000] {logging_mixin.py:190} INFO - [2025-04-02T06:12:20.430+0000] {dag.py:3262} INFO - Creating ORM DAG for dataset_alias_example_alias_consumer
[2025-04-02T06:12:20.430+0000] {logging_mixin.py:190} INFO - [2025-04-02T06:12:20.430+0000] {dag.py:3262} INFO - Creating ORM DAG for dataset_alias_example_alias_producer
[2025-04-02T06:12:20.434+0000] {logging_mixin.py:190} INFO - [2025-04-02T06:12:20.434+0000] {dag.py:4180} INFO - Setting next_dagrun for dataset_alias_example_alias_consumer to None, run_after=None
[2025-04-02T06:12:20.435+0000] {logging_mixin.py:190} INFO - [2025-04-02T06:12:20.435+0000] {dag.py:4180} INFO - Setting next_dagrun for dataset_alias_example_alias_producer to None, run_after=None
[2025-04-02T06:12:20.435+0000] {logging_mixin.py:190} INFO - [2025-04-02T06:12:20.435+0000] {dag.py:4180} INFO - Setting next_dagrun for dataset_s3_bucket_consumer to None, run_after=None
[2025-04-02T06:12:20.435+0000] {logging_mixin.py:190} INFO - [2025-04-02T06:12:20.435+0000] {dag.py:4180} INFO - Setting next_dagrun for dataset_s3_bucket_producer to None, run_after=None
[2025-04-02T06:12:20.449+0000] {processor.py:208} INFO - Processing /home/airflow/.local/lib/python3.12/site-packages/airflow/example_dags/example_dataset_alias.py took 0.583 seconds
[2025-04-02T06:12:51.116+0000] {processor.py:186} INFO - Started process (PID=165) to work on /home/airflow/.local/lib/python3.12/site-packages/airflow/example_dags/example_dataset_alias.py
[2025-04-02T06:12:51.117+0000] {processor.py:914} INFO - Processing file /home/airflow/.local/lib/python3.12/site-packages/airflow/example_dags/example_dataset_alias.py for tasks to queue
[2025-04-02T06:12:51.118+0000] {logging_mixin.py:190} INFO - [2025-04-02T06:12:51.118+0000] {dagbag.py:588} INFO - Filling up the DagBag from /home/airflow/.local/lib/python3.12/site-packages/airflow/example_dags/example_dataset_alias.py
[2025-04-02T06:12:51.459+0000] {processor.py:925} INFO - DAG(s) 'dataset_alias_example_alias_producer', 'dataset_alias_example_alias_consumer', 'dataset_s3_bucket_consumer', 'dataset_s3_bucket_producer' retrieved from /home/airflow/.local/lib/python3.12/site-packages/airflow/example_dags/example_dataset_alias.py
[2025-04-02T06:12:51.470+0000] {logging_mixin.py:190} INFO - [2025-04-02T06:12:51.469+0000] {dag.py:3239} INFO - Sync 4 DAGs
[2025-04-02T06:12:51.482+0000] {logging_mixin.py:190} INFO - [2025-04-02T06:12:51.482+0000] {dag.py:4180} INFO - Setting next_dagrun for dataset_alias_example_alias_consumer to None, run_after=None
[2025-04-02T06:12:51.483+0000] {logging_mixin.py:190} INFO - [2025-04-02T06:12:51.483+0000] {dag.py:4180} INFO - Setting next_dagrun for dataset_alias_example_alias_producer to None, run_after=None
[2025-04-02T06:12:51.485+0000] {logging_mixin.py:190} INFO - [2025-04-02T06:12:51.485+0000] {dag.py:4180} INFO - Setting next_dagrun for dataset_s3_bucket_consumer to None, run_after=None
[2025-04-02T06:12:51.486+0000] {logging_mixin.py:190} INFO - [2025-04-02T06:12:51.486+0000] {dag.py:4180} INFO - Setting next_dagrun for dataset_s3_bucket_producer to None, run_after=None
[2025-04-02T06:12:51.496+0000] {processor.py:208} INFO - Processing /home/airflow/.local/lib/python3.12/site-packages/airflow/example_dags/example_dataset_alias.py took 0.387 seconds
[2025-04-02T06:13:21.613+0000] {processor.py:186} INFO - Started process (PID=233) to work on /home/airflow/.local/lib/python3.12/site-packages/airflow/example_dags/example_dataset_alias.py
[2025-04-02T06:13:21.614+0000] {processor.py:914} INFO - Processing file /home/airflow/.local/lib/python3.12/site-packages/airflow/example_dags/example_dataset_alias.py for tasks to queue
[2025-04-02T06:13:21.618+0000] {logging_mixin.py:190} INFO - [2025-04-02T06:13:21.617+0000] {dagbag.py:588} INFO - Filling up the DagBag from /home/airflow/.local/lib/python3.12/site-packages/airflow/example_dags/example_dataset_alias.py
[2025-04-02T06:13:22.183+0000] {processor.py:925} INFO - DAG(s) 'dataset_alias_example_alias_producer', 'dataset_s3_bucket_producer', 'dataset_alias_example_alias_consumer', 'dataset_s3_bucket_consumer' retrieved from /home/airflow/.local/lib/python3.12/site-packages/airflow/example_dags/example_dataset_alias.py
[2025-04-02T06:13:22.195+0000] {logging_mixin.py:190} INFO - [2025-04-02T06:13:22.195+0000] {dag.py:3239} INFO - Sync 4 DAGs
[2025-04-02T06:13:22.208+0000] {logging_mixin.py:190} INFO - [2025-04-02T06:13:22.208+0000] {dag.py:4180} INFO - Setting next_dagrun for dataset_alias_example_alias_consumer to None, run_after=None
[2025-04-02T06:13:22.210+0000] {logging_mixin.py:190} INFO - [2025-04-02T06:13:22.210+0000] {dag.py:4180} INFO - Setting next_dagrun for dataset_alias_example_alias_producer to None, run_after=None
[2025-04-02T06:13:22.211+0000] {logging_mixin.py:190} INFO - [2025-04-02T06:13:22.210+0000] {dag.py:4180} INFO - Setting next_dagrun for dataset_s3_bucket_consumer to None, run_after=None
[2025-04-02T06:13:22.211+0000] {logging_mixin.py:190} INFO - [2025-04-02T06:13:22.211+0000] {dag.py:4180} INFO - Setting next_dagrun for dataset_s3_bucket_producer to None, run_after=None
[2025-04-02T06:13:22.223+0000] {processor.py:208} INFO - Processing /home/airflow/.local/lib/python3.12/site-packages/airflow/example_dags/example_dataset_alias.py took 0.623 seconds
[2025-04-02T06:13:52.265+0000] {processor.py:186} INFO - Started process (PID=304) to work on /home/airflow/.local/lib/python3.12/site-packages/airflow/example_dags/example_dataset_alias.py
[2025-04-02T06:13:52.266+0000] {processor.py:914} INFO - Processing file /home/airflow/.local/lib/python3.12/site-packages/airflow/example_dags/example_dataset_alias.py for tasks to queue
[2025-04-02T06:13:52.268+0000] {logging_mixin.py:190} INFO - [2025-04-02T06:13:52.267+0000] {dagbag.py:588} INFO - Filling up the DagBag from /home/airflow/.local/lib/python3.12/site-packages/airflow/example_dags/example_dataset_alias.py
[2025-04-02T06:13:52.599+0000] {processor.py:925} INFO - DAG(s) 'dataset_alias_example_alias_producer', 'dataset_s3_bucket_consumer', 'dataset_alias_example_alias_consumer', 'dataset_s3_bucket_producer' retrieved from /home/airflow/.local/lib/python3.12/site-packages/airflow/example_dags/example_dataset_alias.py
[2025-04-02T06:13:52.606+0000] {logging_mixin.py:190} INFO - [2025-04-02T06:13:52.606+0000] {dag.py:3239} INFO - Sync 4 DAGs
[2025-04-02T06:13:52.616+0000] {logging_mixin.py:190} INFO - [2025-04-02T06:13:52.616+0000] {dag.py:4180} INFO - Setting next_dagrun for dataset_alias_example_alias_consumer to None, run_after=None
[2025-04-02T06:13:52.617+0000] {logging_mixin.py:190} INFO - [2025-04-02T06:13:52.617+0000] {dag.py:4180} INFO - Setting next_dagrun for dataset_alias_example_alias_producer to None, run_after=None
[2025-04-02T06:13:52.617+0000] {logging_mixin.py:190} INFO - [2025-04-02T06:13:52.617+0000] {dag.py:4180} INFO - Setting next_dagrun for dataset_s3_bucket_consumer to None, run_after=None
[2025-04-02T06:13:52.618+0000] {logging_mixin.py:190} INFO - [2025-04-02T06:13:52.618+0000] {dag.py:4180} INFO - Setting next_dagrun for dataset_s3_bucket_producer to None, run_after=None
[2025-04-02T06:13:52.626+0000] {processor.py:208} INFO - Processing /home/airflow/.local/lib/python3.12/site-packages/airflow/example_dags/example_dataset_alias.py took 0.364 seconds
[2025-04-02T06:14:22.696+0000] {processor.py:186} INFO - Started process (PID=363) to work on /home/airflow/.local/lib/python3.12/site-packages/airflow/example_dags/example_dataset_alias.py
[2025-04-02T06:14:22.697+0000] {processor.py:914} INFO - Processing file /home/airflow/.local/lib/python3.12/site-packages/airflow/example_dags/example_dataset_alias.py for tasks to queue
[2025-04-02T06:14:22.698+0000] {logging_mixin.py:190} INFO - [2025-04-02T06:14:22.698+0000] {dagbag.py:588} INFO - Filling up the DagBag from /home/airflow/.local/lib/python3.12/site-packages/airflow/example_dags/example_dataset_alias.py
[2025-04-02T06:14:23.061+0000] {processor.py:925} INFO - DAG(s) 'dataset_alias_example_alias_consumer', 'dataset_s3_bucket_producer', 'dataset_s3_bucket_consumer', 'dataset_alias_example_alias_producer' retrieved from /home/airflow/.local/lib/python3.12/site-packages/airflow/example_dags/example_dataset_alias.py
[2025-04-02T06:14:23.071+0000] {logging_mixin.py:190} INFO - [2025-04-02T06:14:23.070+0000] {dag.py:3239} INFO - Sync 4 DAGs
[2025-04-02T06:14:23.080+0000] {logging_mixin.py:190} INFO - [2025-04-02T06:14:23.080+0000] {dag.py:4180} INFO - Setting next_dagrun for dataset_alias_example_alias_consumer to None, run_after=None
[2025-04-02T06:14:23.081+0000] {logging_mixin.py:190} INFO - [2025-04-02T06:14:23.081+0000] {dag.py:4180} INFO - Setting next_dagrun for dataset_alias_example_alias_producer to None, run_after=None
[2025-04-02T06:14:23.082+0000] {logging_mixin.py:190} INFO - [2025-04-02T06:14:23.082+0000] {dag.py:4180} INFO - Setting next_dagrun for dataset_s3_bucket_consumer to None, run_after=None
[2025-04-02T06:14:23.083+0000] {logging_mixin.py:190} INFO - [2025-04-02T06:14:23.083+0000] {dag.py:4180} INFO - Setting next_dagrun for dataset_s3_bucket_producer to None, run_after=None
[2025-04-02T06:14:23.093+0000] {processor.py:208} INFO - Processing /home/airflow/.local/lib/python3.12/site-packages/airflow/example_dags/example_dataset_alias.py took 0.400 seconds
[2025-04-02T06:14:54.113+0000] {processor.py:186} INFO - Started process (PID=426) to work on /home/airflow/.local/lib/python3.12/site-packages/airflow/example_dags/example_dataset_alias.py
[2025-04-02T06:14:54.114+0000] {processor.py:914} INFO - Processing file /home/airflow/.local/lib/python3.12/site-packages/airflow/example_dags/example_dataset_alias.py for tasks to queue
[2025-04-02T06:14:54.115+0000] {logging_mixin.py:190} INFO - [2025-04-02T06:14:54.115+0000] {dagbag.py:588} INFO - Filling up the DagBag from /home/airflow/.local/lib/python3.12/site-packages/airflow/example_dags/example_dataset_alias.py
[2025-04-02T06:14:54.740+0000] {processor.py:925} INFO - DAG(s) 'dataset_alias_example_alias_producer', 'dataset_alias_example_alias_consumer', 'dataset_s3_bucket_consumer', 'dataset_s3_bucket_producer' retrieved from /home/airflow/.local/lib/python3.12/site-packages/airflow/example_dags/example_dataset_alias.py
[2025-04-02T06:14:54.757+0000] {logging_mixin.py:190} INFO - [2025-04-02T06:14:54.756+0000] {dag.py:3239} INFO - Sync 4 DAGs
[2025-04-02T06:14:54.770+0000] {logging_mixin.py:190} INFO - [2025-04-02T06:14:54.770+0000] {dag.py:4180} INFO - Setting next_dagrun for dataset_alias_example_alias_consumer to None, run_after=None
[2025-04-02T06:14:54.774+0000] {logging_mixin.py:190} INFO - [2025-04-02T06:14:54.774+0000] {dag.py:4180} INFO - Setting next_dagrun for dataset_alias_example_alias_producer to None, run_after=None
[2025-04-02T06:14:54.775+0000] {logging_mixin.py:190} INFO - [2025-04-02T06:14:54.775+0000] {dag.py:4180} INFO - Setting next_dagrun for dataset_s3_bucket_consumer to None, run_after=None
[2025-04-02T06:14:54.776+0000] {logging_mixin.py:190} INFO - [2025-04-02T06:14:54.776+0000] {dag.py:4180} INFO - Setting next_dagrun for dataset_s3_bucket_producer to None, run_after=None
[2025-04-02T06:14:54.798+0000] {processor.py:208} INFO - Processing /home/airflow/.local/lib/python3.12/site-packages/airflow/example_dags/example_dataset_alias.py took 0.692 seconds
[2025-04-02T06:15:25.781+0000] {processor.py:186} INFO - Started process (PID=495) to work on /home/airflow/.local/lib/python3.12/site-packages/airflow/example_dags/example_dataset_alias.py
[2025-04-02T06:15:25.782+0000] {processor.py:914} INFO - Processing file /home/airflow/.local/lib/python3.12/site-packages/airflow/example_dags/example_dataset_alias.py for tasks to queue
[2025-04-02T06:15:25.784+0000] {logging_mixin.py:190} INFO - [2025-04-02T06:15:25.784+0000] {dagbag.py:588} INFO - Filling up the DagBag from /home/airflow/.local/lib/python3.12/site-packages/airflow/example_dags/example_dataset_alias.py
[2025-04-02T06:15:26.345+0000] {processor.py:925} INFO - DAG(s) 'dataset_s3_bucket_producer', 'dataset_alias_example_alias_producer', 'dataset_alias_example_alias_consumer', 'dataset_s3_bucket_consumer' retrieved from /home/airflow/.local/lib/python3.12/site-packages/airflow/example_dags/example_dataset_alias.py
[2025-04-02T06:15:26.354+0000] {logging_mixin.py:190} INFO - [2025-04-02T06:15:26.354+0000] {dag.py:3239} INFO - Sync 4 DAGs
[2025-04-02T06:15:26.365+0000] {logging_mixin.py:190} INFO - [2025-04-02T06:15:26.365+0000] {dag.py:4180} INFO - Setting next_dagrun for dataset_alias_example_alias_consumer to None, run_after=None
[2025-04-02T06:15:26.367+0000] {logging_mixin.py:190} INFO - [2025-04-02T06:15:26.367+0000] {dag.py:4180} INFO - Setting next_dagrun for dataset_alias_example_alias_producer to None, run_after=None
[2025-04-02T06:15:26.368+0000] {logging_mixin.py:190} INFO - [2025-04-02T06:15:26.368+0000] {dag.py:4180} INFO - Setting next_dagrun for dataset_s3_bucket_consumer to None, run_after=None
[2025-04-02T06:15:26.368+0000] {logging_mixin.py:190} INFO - [2025-04-02T06:15:26.368+0000] {dag.py:4180} INFO - Setting next_dagrun for dataset_s3_bucket_producer to None, run_after=None
[2025-04-02T06:15:26.380+0000] {processor.py:208} INFO - Processing /home/airflow/.local/lib/python3.12/site-packages/airflow/example_dags/example_dataset_alias.py took 0.604 seconds
[2025-04-02T06:15:56.690+0000] {processor.py:186} INFO - Started process (PID=558) to work on /home/airflow/.local/lib/python3.12/site-packages/airflow/example_dags/example_dataset_alias.py
[2025-04-02T06:15:56.692+0000] {processor.py:914} INFO - Processing file /home/airflow/.local/lib/python3.12/site-packages/airflow/example_dags/example_dataset_alias.py for tasks to queue
[2025-04-02T06:15:56.694+0000] {logging_mixin.py:190} INFO - [2025-04-02T06:15:56.694+0000] {dagbag.py:588} INFO - Filling up the DagBag from /home/airflow/.local/lib/python3.12/site-packages/airflow/example_dags/example_dataset_alias.py
[2025-04-02T06:15:57.026+0000] {processor.py:925} INFO - DAG(s) 'dataset_alias_example_alias_producer', 'dataset_s3_bucket_producer', 'dataset_s3_bucket_consumer', 'dataset_alias_example_alias_consumer' retrieved from /home/airflow/.local/lib/python3.12/site-packages/airflow/example_dags/example_dataset_alias.py
[2025-04-02T06:15:57.035+0000] {logging_mixin.py:190} INFO - [2025-04-02T06:15:57.034+0000] {dag.py:3239} INFO - Sync 4 DAGs
[2025-04-02T06:15:57.044+0000] {logging_mixin.py:190} INFO - [2025-04-02T06:15:57.044+0000] {dag.py:4180} INFO - Setting next_dagrun for dataset_alias_example_alias_consumer to None, run_after=None
[2025-04-02T06:15:57.045+0000] {logging_mixin.py:190} INFO - [2025-04-02T06:15:57.045+0000] {dag.py:4180} INFO - Setting next_dagrun for dataset_alias_example_alias_producer to None, run_after=None
[2025-04-02T06:15:57.046+0000] {logging_mixin.py:190} INFO - [2025-04-02T06:15:57.046+0000] {dag.py:4180} INFO - Setting next_dagrun for dataset_s3_bucket_consumer to None, run_after=None
[2025-04-02T06:15:57.047+0000] {logging_mixin.py:190} INFO - [2025-04-02T06:15:57.046+0000] {dag.py:4180} INFO - Setting next_dagrun for dataset_s3_bucket_producer to None, run_after=None
[2025-04-02T06:15:57.056+0000] {processor.py:208} INFO - Processing /home/airflow/.local/lib/python3.12/site-packages/airflow/example_dags/example_dataset_alias.py took 0.372 seconds
[2025-04-02T06:18:05.911+0000] {processor.py:186} INFO - Started process (PID=101) to work on /home/airflow/.local/lib/python3.12/site-packages/airflow/example_dags/example_dataset_alias.py
[2025-04-02T06:18:05.912+0000] {processor.py:914} INFO - Processing file /home/airflow/.local/lib/python3.12/site-packages/airflow/example_dags/example_dataset_alias.py for tasks to queue
[2025-04-02T06:18:05.914+0000] {logging_mixin.py:190} INFO - [2025-04-02T06:18:05.914+0000] {dagbag.py:588} INFO - Filling up the DagBag from /home/airflow/.local/lib/python3.12/site-packages/airflow/example_dags/example_dataset_alias.py
[2025-04-02T06:18:06.570+0000] {processor.py:925} INFO - DAG(s) 'dataset_s3_bucket_consumer', 'dataset_alias_example_alias_consumer', 'dataset_alias_example_alias_producer', 'dataset_s3_bucket_producer' retrieved from /home/airflow/.local/lib/python3.12/site-packages/airflow/example_dags/example_dataset_alias.py
[2025-04-02T06:18:06.598+0000] {logging_mixin.py:190} INFO - [2025-04-02T06:18:06.596+0000] {dag.py:3239} INFO - Sync 4 DAGs
[2025-04-02T06:18:06.626+0000] {logging_mixin.py:190} INFO - [2025-04-02T06:18:06.626+0000] {dag.py:4180} INFO - Setting next_dagrun for dataset_alias_example_alias_consumer to None, run_after=None
[2025-04-02T06:18:06.631+0000] {logging_mixin.py:190} INFO - [2025-04-02T06:18:06.631+0000] {dag.py:4180} INFO - Setting next_dagrun for dataset_alias_example_alias_producer to None, run_after=None
[2025-04-02T06:18:06.634+0000] {logging_mixin.py:190} INFO - [2025-04-02T06:18:06.633+0000] {dag.py:4180} INFO - Setting next_dagrun for dataset_s3_bucket_consumer to None, run_after=None
[2025-04-02T06:18:06.636+0000] {logging_mixin.py:190} INFO - [2025-04-02T06:18:06.635+0000] {dag.py:4180} INFO - Setting next_dagrun for dataset_s3_bucket_producer to None, run_after=None
[2025-04-02T06:18:06.670+0000] {processor.py:208} INFO - Processing /home/airflow/.local/lib/python3.12/site-packages/airflow/example_dags/example_dataset_alias.py took 0.765 seconds
[2025-04-02T06:18:36.878+0000] {processor.py:186} INFO - Started process (PID=164) to work on /home/airflow/.local/lib/python3.12/site-packages/airflow/example_dags/example_dataset_alias.py
[2025-04-02T06:18:36.878+0000] {processor.py:914} INFO - Processing file /home/airflow/.local/lib/python3.12/site-packages/airflow/example_dags/example_dataset_alias.py for tasks to queue
[2025-04-02T06:18:36.880+0000] {logging_mixin.py:190} INFO - [2025-04-02T06:18:36.880+0000] {dagbag.py:588} INFO - Filling up the DagBag from /home/airflow/.local/lib/python3.12/site-packages/airflow/example_dags/example_dataset_alias.py
[2025-04-02T06:18:37.184+0000] {processor.py:925} INFO - DAG(s) 'dataset_s3_bucket_producer', 'dataset_alias_example_alias_producer', 'dataset_s3_bucket_consumer', 'dataset_alias_example_alias_consumer' retrieved from /home/airflow/.local/lib/python3.12/site-packages/airflow/example_dags/example_dataset_alias.py
[2025-04-02T06:18:37.194+0000] {logging_mixin.py:190} INFO - [2025-04-02T06:18:37.194+0000] {dag.py:3239} INFO - Sync 4 DAGs
[2025-04-02T06:18:37.204+0000] {logging_mixin.py:190} INFO - [2025-04-02T06:18:37.204+0000] {dag.py:4180} INFO - Setting next_dagrun for dataset_alias_example_alias_consumer to None, run_after=None
[2025-04-02T06:18:37.205+0000] {logging_mixin.py:190} INFO - [2025-04-02T06:18:37.205+0000] {dag.py:4180} INFO - Setting next_dagrun for dataset_alias_example_alias_producer to None, run_after=None
[2025-04-02T06:18:37.206+0000] {logging_mixin.py:190} INFO - [2025-04-02T06:18:37.206+0000] {dag.py:4180} INFO - Setting next_dagrun for dataset_s3_bucket_consumer to None, run_after=None
[2025-04-02T06:18:37.207+0000] {logging_mixin.py:190} INFO - [2025-04-02T06:18:37.207+0000] {dag.py:4180} INFO - Setting next_dagrun for dataset_s3_bucket_producer to None, run_after=None
[2025-04-02T06:18:37.216+0000] {processor.py:208} INFO - Processing /home/airflow/.local/lib/python3.12/site-packages/airflow/example_dags/example_dataset_alias.py took 0.342 seconds
[2025-04-02T06:19:07.262+0000] {processor.py:186} INFO - Started process (PID=230) to work on /home/airflow/.local/lib/python3.12/site-packages/airflow/example_dags/example_dataset_alias.py
[2025-04-02T06:19:07.263+0000] {processor.py:914} INFO - Processing file /home/airflow/.local/lib/python3.12/site-packages/airflow/example_dags/example_dataset_alias.py for tasks to queue
[2025-04-02T06:19:07.264+0000] {logging_mixin.py:190} INFO - [2025-04-02T06:19:07.264+0000] {dagbag.py:588} INFO - Filling up the DagBag from /home/airflow/.local/lib/python3.12/site-packages/airflow/example_dags/example_dataset_alias.py
[2025-04-02T06:19:07.608+0000] {processor.py:925} INFO - DAG(s) 'dataset_s3_bucket_consumer', 'dataset_alias_example_alias_consumer', 'dataset_alias_example_alias_producer', 'dataset_s3_bucket_producer' retrieved from /home/airflow/.local/lib/python3.12/site-packages/airflow/example_dags/example_dataset_alias.py
[2025-04-02T06:19:07.620+0000] {logging_mixin.py:190} INFO - [2025-04-02T06:19:07.620+0000] {dag.py:3239} INFO - Sync 4 DAGs
[2025-04-02T06:19:07.631+0000] {logging_mixin.py:190} INFO - [2025-04-02T06:19:07.631+0000] {dag.py:4180} INFO - Setting next_dagrun for dataset_alias_example_alias_consumer to None, run_after=None
[2025-04-02T06:19:07.633+0000] {logging_mixin.py:190} INFO - [2025-04-02T06:19:07.633+0000] {dag.py:4180} INFO - Setting next_dagrun for dataset_alias_example_alias_producer to None, run_after=None
[2025-04-02T06:19:07.634+0000] {logging_mixin.py:190} INFO - [2025-04-02T06:19:07.634+0000] {dag.py:4180} INFO - Setting next_dagrun for dataset_s3_bucket_consumer to None, run_after=None
[2025-04-02T06:19:07.635+0000] {logging_mixin.py:190} INFO - [2025-04-02T06:19:07.635+0000] {dag.py:4180} INFO - Setting next_dagrun for dataset_s3_bucket_producer to None, run_after=None
[2025-04-02T06:19:07.645+0000] {processor.py:208} INFO - Processing /home/airflow/.local/lib/python3.12/site-packages/airflow/example_dags/example_dataset_alias.py took 0.387 seconds
[2025-04-02T06:19:38.418+0000] {processor.py:186} INFO - Started process (PID=290) to work on /home/airflow/.local/lib/python3.12/site-packages/airflow/example_dags/example_dataset_alias.py
[2025-04-02T06:19:38.419+0000] {processor.py:914} INFO - Processing file /home/airflow/.local/lib/python3.12/site-packages/airflow/example_dags/example_dataset_alias.py for tasks to queue
[2025-04-02T06:19:38.421+0000] {logging_mixin.py:190} INFO - [2025-04-02T06:19:38.421+0000] {dagbag.py:588} INFO - Filling up the DagBag from /home/airflow/.local/lib/python3.12/site-packages/airflow/example_dags/example_dataset_alias.py
[2025-04-02T06:19:38.797+0000] {processor.py:925} INFO - DAG(s) 'dataset_alias_example_alias_consumer', 'dataset_s3_bucket_consumer', 'dataset_alias_example_alias_producer', 'dataset_s3_bucket_producer' retrieved from /home/airflow/.local/lib/python3.12/site-packages/airflow/example_dags/example_dataset_alias.py
[2025-04-02T06:19:38.806+0000] {logging_mixin.py:190} INFO - [2025-04-02T06:19:38.806+0000] {dag.py:3239} INFO - Sync 4 DAGs
[2025-04-02T06:19:38.816+0000] {logging_mixin.py:190} INFO - [2025-04-02T06:19:38.816+0000] {dag.py:4180} INFO - Setting next_dagrun for dataset_alias_example_alias_consumer to None, run_after=None
[2025-04-02T06:19:38.817+0000] {logging_mixin.py:190} INFO - [2025-04-02T06:19:38.817+0000] {dag.py:4180} INFO - Setting next_dagrun for dataset_alias_example_alias_producer to None, run_after=None
[2025-04-02T06:19:38.818+0000] {logging_mixin.py:190} INFO - [2025-04-02T06:19:38.818+0000] {dag.py:4180} INFO - Setting next_dagrun for dataset_s3_bucket_consumer to None, run_after=None
[2025-04-02T06:19:38.819+0000] {logging_mixin.py:190} INFO - [2025-04-02T06:19:38.819+0000] {dag.py:4180} INFO - Setting next_dagrun for dataset_s3_bucket_producer to None, run_after=None
[2025-04-02T06:19:38.829+0000] {processor.py:208} INFO - Processing /home/airflow/.local/lib/python3.12/site-packages/airflow/example_dags/example_dataset_alias.py took 0.414 seconds
[2025-04-02T06:20:09.586+0000] {processor.py:186} INFO - Started process (PID=353) to work on /home/airflow/.local/lib/python3.12/site-packages/airflow/example_dags/example_dataset_alias.py
[2025-04-02T06:20:09.587+0000] {processor.py:914} INFO - Processing file /home/airflow/.local/lib/python3.12/site-packages/airflow/example_dags/example_dataset_alias.py for tasks to queue
[2025-04-02T06:20:09.588+0000] {logging_mixin.py:190} INFO - [2025-04-02T06:20:09.588+0000] {dagbag.py:588} INFO - Filling up the DagBag from /home/airflow/.local/lib/python3.12/site-packages/airflow/example_dags/example_dataset_alias.py
[2025-04-02T06:20:09.942+0000] {processor.py:925} INFO - DAG(s) 'dataset_alias_example_alias_consumer', 'dataset_alias_example_alias_producer', 'dataset_s3_bucket_consumer', 'dataset_s3_bucket_producer' retrieved from /home/airflow/.local/lib/python3.12/site-packages/airflow/example_dags/example_dataset_alias.py
[2025-04-02T06:20:09.952+0000] {logging_mixin.py:190} INFO - [2025-04-02T06:20:09.951+0000] {dag.py:3239} INFO - Sync 4 DAGs
[2025-04-02T06:20:09.962+0000] {logging_mixin.py:190} INFO - [2025-04-02T06:20:09.962+0000] {dag.py:4180} INFO - Setting next_dagrun for dataset_alias_example_alias_consumer to None, run_after=None
[2025-04-02T06:20:09.964+0000] {logging_mixin.py:190} INFO - [2025-04-02T06:20:09.964+0000] {dag.py:4180} INFO - Setting next_dagrun for dataset_alias_example_alias_producer to None, run_after=None
[2025-04-02T06:20:09.965+0000] {logging_mixin.py:190} INFO - [2025-04-02T06:20:09.965+0000] {dag.py:4180} INFO - Setting next_dagrun for dataset_s3_bucket_consumer to None, run_after=None
[2025-04-02T06:20:09.966+0000] {logging_mixin.py:190} INFO - [2025-04-02T06:20:09.966+0000] {dag.py:4180} INFO - Setting next_dagrun for dataset_s3_bucket_producer to None, run_after=None
[2025-04-02T06:20:09.977+0000] {processor.py:208} INFO - Processing /home/airflow/.local/lib/python3.12/site-packages/airflow/example_dags/example_dataset_alias.py took 0.394 seconds
[2025-04-02T06:20:40.772+0000] {processor.py:186} INFO - Started process (PID=416) to work on /home/airflow/.local/lib/python3.12/site-packages/airflow/example_dags/example_dataset_alias.py
[2025-04-02T06:20:40.773+0000] {processor.py:914} INFO - Processing file /home/airflow/.local/lib/python3.12/site-packages/airflow/example_dags/example_dataset_alias.py for tasks to queue
[2025-04-02T06:20:40.774+0000] {logging_mixin.py:190} INFO - [2025-04-02T06:20:40.774+0000] {dagbag.py:588} INFO - Filling up the DagBag from /home/airflow/.local/lib/python3.12/site-packages/airflow/example_dags/example_dataset_alias.py
[2025-04-02T06:20:41.093+0000] {processor.py:925} INFO - DAG(s) 'dataset_alias_example_alias_producer', 'dataset_s3_bucket_producer', 'dataset_alias_example_alias_consumer', 'dataset_s3_bucket_consumer' retrieved from /home/airflow/.local/lib/python3.12/site-packages/airflow/example_dags/example_dataset_alias.py
[2025-04-02T06:20:41.108+0000] {logging_mixin.py:190} INFO - [2025-04-02T06:20:41.108+0000] {dag.py:3239} INFO - Sync 4 DAGs
[2025-04-02T06:20:41.119+0000] {logging_mixin.py:190} INFO - [2025-04-02T06:20:41.119+0000] {dag.py:4180} INFO - Setting next_dagrun for dataset_alias_example_alias_consumer to None, run_after=None
[2025-04-02T06:20:41.122+0000] {logging_mixin.py:190} INFO - [2025-04-02T06:20:41.121+0000] {dag.py:4180} INFO - Setting next_dagrun for dataset_alias_example_alias_producer to None, run_after=None
[2025-04-02T06:20:41.123+0000] {logging_mixin.py:190} INFO - [2025-04-02T06:20:41.123+0000] {dag.py:4180} INFO - Setting next_dagrun for dataset_s3_bucket_consumer to None, run_after=None
[2025-04-02T06:20:41.124+0000] {logging_mixin.py:190} INFO - [2025-04-02T06:20:41.124+0000] {dag.py:4180} INFO - Setting next_dagrun for dataset_s3_bucket_producer to None, run_after=None
[2025-04-02T06:20:41.134+0000] {processor.py:208} INFO - Processing /home/airflow/.local/lib/python3.12/site-packages/airflow/example_dags/example_dataset_alias.py took 0.365 seconds
[2025-04-02T06:21:12.056+0000] {processor.py:186} INFO - Started process (PID=479) to work on /home/airflow/.local/lib/python3.12/site-packages/airflow/example_dags/example_dataset_alias.py
[2025-04-02T06:21:12.057+0000] {processor.py:914} INFO - Processing file /home/airflow/.local/lib/python3.12/site-packages/airflow/example_dags/example_dataset_alias.py for tasks to queue
[2025-04-02T06:21:12.059+0000] {logging_mixin.py:190} INFO - [2025-04-02T06:21:12.058+0000] {dagbag.py:588} INFO - Filling up the DagBag from /home/airflow/.local/lib/python3.12/site-packages/airflow/example_dags/example_dataset_alias.py
[2025-04-02T06:21:12.496+0000] {processor.py:925} INFO - DAG(s) 'dataset_s3_bucket_producer', 'dataset_alias_example_alias_producer', 'dataset_alias_example_alias_consumer', 'dataset_s3_bucket_consumer' retrieved from /home/airflow/.local/lib/python3.12/site-packages/airflow/example_dags/example_dataset_alias.py
[2025-04-02T06:21:12.507+0000] {logging_mixin.py:190} INFO - [2025-04-02T06:21:12.507+0000] {dag.py:3239} INFO - Sync 4 DAGs
[2025-04-02T06:21:12.518+0000] {logging_mixin.py:190} INFO - [2025-04-02T06:21:12.517+0000] {dag.py:4180} INFO - Setting next_dagrun for dataset_alias_example_alias_consumer to None, run_after=None
[2025-04-02T06:21:12.519+0000] {logging_mixin.py:190} INFO - [2025-04-02T06:21:12.519+0000] {dag.py:4180} INFO - Setting next_dagrun for dataset_alias_example_alias_producer to None, run_after=None
[2025-04-02T06:21:12.522+0000] {logging_mixin.py:190} INFO - [2025-04-02T06:21:12.522+0000] {dag.py:4180} INFO - Setting next_dagrun for dataset_s3_bucket_consumer to None, run_after=None
[2025-04-02T06:21:12.522+0000] {logging_mixin.py:190} INFO - [2025-04-02T06:21:12.522+0000] {dag.py:4180} INFO - Setting next_dagrun for dataset_s3_bucket_producer to None, run_after=None
[2025-04-02T06:21:12.533+0000] {processor.py:208} INFO - Processing /home/airflow/.local/lib/python3.12/site-packages/airflow/example_dags/example_dataset_alias.py took 0.480 seconds
[2025-04-02T06:21:43.276+0000] {processor.py:186} INFO - Started process (PID=541) to work on /home/airflow/.local/lib/python3.12/site-packages/airflow/example_dags/example_dataset_alias.py
[2025-04-02T06:21:43.277+0000] {processor.py:914} INFO - Processing file /home/airflow/.local/lib/python3.12/site-packages/airflow/example_dags/example_dataset_alias.py for tasks to queue
[2025-04-02T06:21:43.279+0000] {logging_mixin.py:190} INFO - [2025-04-02T06:21:43.279+0000] {dagbag.py:588} INFO - Filling up the DagBag from /home/airflow/.local/lib/python3.12/site-packages/airflow/example_dags/example_dataset_alias.py
[2025-04-02T06:21:43.611+0000] {processor.py:925} INFO - DAG(s) 'dataset_s3_bucket_consumer', 'dataset_s3_bucket_producer', 'dataset_alias_example_alias_consumer', 'dataset_alias_example_alias_producer' retrieved from /home/airflow/.local/lib/python3.12/site-packages/airflow/example_dags/example_dataset_alias.py
[2025-04-02T06:21:43.623+0000] {logging_mixin.py:190} INFO - [2025-04-02T06:21:43.623+0000] {dag.py:3239} INFO - Sync 4 DAGs
[2025-04-02T06:21:43.633+0000] {logging_mixin.py:190} INFO - [2025-04-02T06:21:43.633+0000] {dag.py:4180} INFO - Setting next_dagrun for dataset_alias_example_alias_consumer to None, run_after=None
[2025-04-02T06:21:43.636+0000] {logging_mixin.py:190} INFO - [2025-04-02T06:21:43.635+0000] {dag.py:4180} INFO - Setting next_dagrun for dataset_alias_example_alias_producer to None, run_after=None
[2025-04-02T06:21:43.636+0000] {logging_mixin.py:190} INFO - [2025-04-02T06:21:43.636+0000] {dag.py:4180} INFO - Setting next_dagrun for dataset_s3_bucket_consumer to None, run_after=None
[2025-04-02T06:21:43.637+0000] {logging_mixin.py:190} INFO - [2025-04-02T06:21:43.637+0000] {dag.py:4180} INFO - Setting next_dagrun for dataset_s3_bucket_producer to None, run_after=None
[2025-04-02T06:21:43.646+0000] {processor.py:208} INFO - Processing /home/airflow/.local/lib/python3.12/site-packages/airflow/example_dags/example_dataset_alias.py took 0.373 seconds
[2025-04-02T06:22:14.919+0000] {processor.py:186} INFO - Started process (PID=604) to work on /home/airflow/.local/lib/python3.12/site-packages/airflow/example_dags/example_dataset_alias.py
[2025-04-02T06:22:14.921+0000] {processor.py:914} INFO - Processing file /home/airflow/.local/lib/python3.12/site-packages/airflow/example_dags/example_dataset_alias.py for tasks to queue
[2025-04-02T06:22:14.922+0000] {logging_mixin.py:190} INFO - [2025-04-02T06:22:14.922+0000] {dagbag.py:588} INFO - Filling up the DagBag from /home/airflow/.local/lib/python3.12/site-packages/airflow/example_dags/example_dataset_alias.py
[2025-04-02T06:22:15.246+0000] {processor.py:925} INFO - DAG(s) 'dataset_s3_bucket_producer', 'dataset_s3_bucket_consumer', 'dataset_alias_example_alias_consumer', 'dataset_alias_example_alias_producer' retrieved from /home/airflow/.local/lib/python3.12/site-packages/airflow/example_dags/example_dataset_alias.py
[2025-04-02T06:22:15.258+0000] {logging_mixin.py:190} INFO - [2025-04-02T06:22:15.257+0000] {dag.py:3239} INFO - Sync 4 DAGs
[2025-04-02T06:22:15.270+0000] {logging_mixin.py:190} INFO - [2025-04-02T06:22:15.270+0000] {dag.py:4180} INFO - Setting next_dagrun for dataset_alias_example_alias_consumer to None, run_after=None
[2025-04-02T06:22:15.271+0000] {logging_mixin.py:190} INFO - [2025-04-02T06:22:15.271+0000] {dag.py:4180} INFO - Setting next_dagrun for dataset_alias_example_alias_producer to None, run_after=None
[2025-04-02T06:22:15.272+0000] {logging_mixin.py:190} INFO - [2025-04-02T06:22:15.272+0000] {dag.py:4180} INFO - Setting next_dagrun for dataset_s3_bucket_consumer to None, run_after=None
[2025-04-02T06:22:15.273+0000] {logging_mixin.py:190} INFO - [2025-04-02T06:22:15.273+0000] {dag.py:4180} INFO - Setting next_dagrun for dataset_s3_bucket_producer to None, run_after=None
[2025-04-02T06:22:15.284+0000] {processor.py:208} INFO - Processing /home/airflow/.local/lib/python3.12/site-packages/airflow/example_dags/example_dataset_alias.py took 0.369 seconds
[2025-04-02T06:22:46.609+0000] {processor.py:186} INFO - Started process (PID=667) to work on /home/airflow/.local/lib/python3.12/site-packages/airflow/example_dags/example_dataset_alias.py
[2025-04-02T06:22:46.610+0000] {processor.py:914} INFO - Processing file /home/airflow/.local/lib/python3.12/site-packages/airflow/example_dags/example_dataset_alias.py for tasks to queue
[2025-04-02T06:22:46.611+0000] {logging_mixin.py:190} INFO - [2025-04-02T06:22:46.611+0000] {dagbag.py:588} INFO - Filling up the DagBag from /home/airflow/.local/lib/python3.12/site-packages/airflow/example_dags/example_dataset_alias.py
[2025-04-02T06:22:46.915+0000] {processor.py:925} INFO - DAG(s) 'dataset_s3_bucket_consumer', 'dataset_alias_example_alias_consumer', 'dataset_alias_example_alias_producer', 'dataset_s3_bucket_producer' retrieved from /home/airflow/.local/lib/python3.12/site-packages/airflow/example_dags/example_dataset_alias.py
[2025-04-02T06:22:46.925+0000] {logging_mixin.py:190} INFO - [2025-04-02T06:22:46.925+0000] {dag.py:3239} INFO - Sync 4 DAGs
[2025-04-02T06:22:46.937+0000] {logging_mixin.py:190} INFO - [2025-04-02T06:22:46.937+0000] {dag.py:4180} INFO - Setting next_dagrun for dataset_alias_example_alias_consumer to None, run_after=None
[2025-04-02T06:22:46.938+0000] {logging_mixin.py:190} INFO - [2025-04-02T06:22:46.938+0000] {dag.py:4180} INFO - Setting next_dagrun for dataset_alias_example_alias_producer to None, run_after=None
[2025-04-02T06:22:46.939+0000] {logging_mixin.py:190} INFO - [2025-04-02T06:22:46.939+0000] {dag.py:4180} INFO - Setting next_dagrun for dataset_s3_bucket_consumer to None, run_after=None
[2025-04-02T06:22:46.940+0000] {logging_mixin.py:190} INFO - [2025-04-02T06:22:46.940+0000] {dag.py:4180} INFO - Setting next_dagrun for dataset_s3_bucket_producer to None, run_after=None
[2025-04-02T06:22:46.952+0000] {processor.py:208} INFO - Processing /home/airflow/.local/lib/python3.12/site-packages/airflow/example_dags/example_dataset_alias.py took 0.346 seconds
[2025-04-02T06:23:18.552+0000] {processor.py:186} INFO - Started process (PID=732) to work on /home/airflow/.local/lib/python3.12/site-packages/airflow/example_dags/example_dataset_alias.py
[2025-04-02T06:23:18.554+0000] {processor.py:914} INFO - Processing file /home/airflow/.local/lib/python3.12/site-packages/airflow/example_dags/example_dataset_alias.py for tasks to queue
[2025-04-02T06:23:18.555+0000] {logging_mixin.py:190} INFO - [2025-04-02T06:23:18.555+0000] {dagbag.py:588} INFO - Filling up the DagBag from /home/airflow/.local/lib/python3.12/site-packages/airflow/example_dags/example_dataset_alias.py
[2025-04-02T06:23:18.929+0000] {processor.py:925} INFO - DAG(s) 'dataset_alias_example_alias_producer', 'dataset_s3_bucket_consumer', 'dataset_alias_example_alias_consumer', 'dataset_s3_bucket_producer' retrieved from /home/airflow/.local/lib/python3.12/site-packages/airflow/example_dags/example_dataset_alias.py
[2025-04-02T06:23:18.940+0000] {logging_mixin.py:190} INFO - [2025-04-02T06:23:18.939+0000] {dag.py:3239} INFO - Sync 4 DAGs
[2025-04-02T06:23:18.955+0000] {logging_mixin.py:190} INFO - [2025-04-02T06:23:18.954+0000] {dag.py:4180} INFO - Setting next_dagrun for dataset_alias_example_alias_consumer to None, run_after=None
[2025-04-02T06:23:18.957+0000] {logging_mixin.py:190} INFO - [2025-04-02T06:23:18.956+0000] {dag.py:4180} INFO - Setting next_dagrun for dataset_alias_example_alias_producer to None, run_after=None
[2025-04-02T06:23:18.960+0000] {logging_mixin.py:190} INFO - [2025-04-02T06:23:18.960+0000] {dag.py:4180} INFO - Setting next_dagrun for dataset_s3_bucket_consumer to None, run_after=None
[2025-04-02T06:23:18.962+0000] {logging_mixin.py:190} INFO - [2025-04-02T06:23:18.962+0000] {dag.py:4180} INFO - Setting next_dagrun for dataset_s3_bucket_producer to None, run_after=None
[2025-04-02T06:23:18.975+0000] {processor.py:208} INFO - Processing /home/airflow/.local/lib/python3.12/site-packages/airflow/example_dags/example_dataset_alias.py took 0.426 seconds
[2025-04-02T06:23:49.445+0000] {processor.py:186} INFO - Started process (PID=796) to work on /home/airflow/.local/lib/python3.12/site-packages/airflow/example_dags/example_dataset_alias.py
[2025-04-02T06:23:49.446+0000] {processor.py:914} INFO - Processing file /home/airflow/.local/lib/python3.12/site-packages/airflow/example_dags/example_dataset_alias.py for tasks to queue
[2025-04-02T06:23:49.447+0000] {logging_mixin.py:190} INFO - [2025-04-02T06:23:49.447+0000] {dagbag.py:588} INFO - Filling up the DagBag from /home/airflow/.local/lib/python3.12/site-packages/airflow/example_dags/example_dataset_alias.py
[2025-04-02T06:23:49.844+0000] {processor.py:925} INFO - DAG(s) 'dataset_s3_bucket_consumer', 'dataset_alias_example_alias_producer', 'dataset_alias_example_alias_consumer', 'dataset_s3_bucket_producer' retrieved from /home/airflow/.local/lib/python3.12/site-packages/airflow/example_dags/example_dataset_alias.py
[2025-04-02T06:23:49.864+0000] {logging_mixin.py:190} INFO - [2025-04-02T06:23:49.863+0000] {dag.py:3239} INFO - Sync 4 DAGs
[2025-04-02T06:23:49.875+0000] {logging_mixin.py:190} INFO - [2025-04-02T06:23:49.875+0000] {dag.py:4180} INFO - Setting next_dagrun for dataset_alias_example_alias_consumer to None, run_after=None
[2025-04-02T06:23:49.876+0000] {logging_mixin.py:190} INFO - [2025-04-02T06:23:49.876+0000] {dag.py:4180} INFO - Setting next_dagrun for dataset_alias_example_alias_producer to None, run_after=None
[2025-04-02T06:23:49.878+0000] {logging_mixin.py:190} INFO - [2025-04-02T06:23:49.878+0000] {dag.py:4180} INFO - Setting next_dagrun for dataset_s3_bucket_consumer to None, run_after=None
[2025-04-02T06:23:49.879+0000] {logging_mixin.py:190} INFO - [2025-04-02T06:23:49.879+0000] {dag.py:4180} INFO - Setting next_dagrun for dataset_s3_bucket_producer to None, run_after=None
[2025-04-02T06:23:49.891+0000] {processor.py:208} INFO - Processing /home/airflow/.local/lib/python3.12/site-packages/airflow/example_dags/example_dataset_alias.py took 0.450 seconds
[2025-04-02T06:24:20.882+0000] {processor.py:186} INFO - Started process (PID=863) to work on /home/airflow/.local/lib/python3.12/site-packages/airflow/example_dags/example_dataset_alias.py
[2025-04-02T06:24:20.884+0000] {processor.py:914} INFO - Processing file /home/airflow/.local/lib/python3.12/site-packages/airflow/example_dags/example_dataset_alias.py for tasks to queue
[2025-04-02T06:24:20.886+0000] {logging_mixin.py:190} INFO - [2025-04-02T06:24:20.886+0000] {dagbag.py:588} INFO - Filling up the DagBag from /home/airflow/.local/lib/python3.12/site-packages/airflow/example_dags/example_dataset_alias.py
[2025-04-02T06:24:21.333+0000] {processor.py:925} INFO - DAG(s) 'dataset_alias_example_alias_consumer', 'dataset_s3_bucket_producer', 'dataset_alias_example_alias_producer', 'dataset_s3_bucket_consumer' retrieved from /home/airflow/.local/lib/python3.12/site-packages/airflow/example_dags/example_dataset_alias.py
[2025-04-02T06:24:21.346+0000] {logging_mixin.py:190} INFO - [2025-04-02T06:24:21.346+0000] {dag.py:3239} INFO - Sync 4 DAGs
[2025-04-02T06:24:21.360+0000] {logging_mixin.py:190} INFO - [2025-04-02T06:24:21.360+0000] {dag.py:4180} INFO - Setting next_dagrun for dataset_alias_example_alias_consumer to None, run_after=None
[2025-04-02T06:24:21.362+0000] {logging_mixin.py:190} INFO - [2025-04-02T06:24:21.362+0000] {dag.py:4180} INFO - Setting next_dagrun for dataset_alias_example_alias_producer to None, run_after=None
[2025-04-02T06:24:21.364+0000] {logging_mixin.py:190} INFO - [2025-04-02T06:24:21.364+0000] {dag.py:4180} INFO - Setting next_dagrun for dataset_s3_bucket_consumer to None, run_after=None
[2025-04-02T06:24:21.366+0000] {logging_mixin.py:190} INFO - [2025-04-02T06:24:21.366+0000] {dag.py:4180} INFO - Setting next_dagrun for dataset_s3_bucket_producer to None, run_after=None
[2025-04-02T06:24:21.386+0000] {processor.py:208} INFO - Processing /home/airflow/.local/lib/python3.12/site-packages/airflow/example_dags/example_dataset_alias.py took 0.510 seconds
[2025-04-02T06:24:51.765+0000] {processor.py:186} INFO - Started process (PID=929) to work on /home/airflow/.local/lib/python3.12/site-packages/airflow/example_dags/example_dataset_alias.py
[2025-04-02T06:24:51.766+0000] {processor.py:914} INFO - Processing file /home/airflow/.local/lib/python3.12/site-packages/airflow/example_dags/example_dataset_alias.py for tasks to queue
[2025-04-02T06:24:51.767+0000] {logging_mixin.py:190} INFO - [2025-04-02T06:24:51.767+0000] {dagbag.py:588} INFO - Filling up the DagBag from /home/airflow/.local/lib/python3.12/site-packages/airflow/example_dags/example_dataset_alias.py
[2025-04-02T06:24:52.066+0000] {processor.py:925} INFO - DAG(s) 'dataset_s3_bucket_consumer', 'dataset_alias_example_alias_producer', 'dataset_alias_example_alias_consumer', 'dataset_s3_bucket_producer' retrieved from /home/airflow/.local/lib/python3.12/site-packages/airflow/example_dags/example_dataset_alias.py
[2025-04-02T06:24:52.078+0000] {logging_mixin.py:190} INFO - [2025-04-02T06:24:52.078+0000] {dag.py:3239} INFO - Sync 4 DAGs
[2025-04-02T06:24:52.087+0000] {logging_mixin.py:190} INFO - [2025-04-02T06:24:52.087+0000] {dag.py:4180} INFO - Setting next_dagrun for dataset_alias_example_alias_consumer to None, run_after=None
[2025-04-02T06:24:52.091+0000] {logging_mixin.py:190} INFO - [2025-04-02T06:24:52.091+0000] {dag.py:4180} INFO - Setting next_dagrun for dataset_alias_example_alias_producer to None, run_after=None
[2025-04-02T06:24:52.092+0000] {logging_mixin.py:190} INFO - [2025-04-02T06:24:52.092+0000] {dag.py:4180} INFO - Setting next_dagrun for dataset_s3_bucket_consumer to None, run_after=None
[2025-04-02T06:24:52.092+0000] {logging_mixin.py:190} INFO - [2025-04-02T06:24:52.092+0000] {dag.py:4180} INFO - Setting next_dagrun for dataset_s3_bucket_producer to None, run_after=None
[2025-04-02T06:24:52.102+0000] {processor.py:208} INFO - Processing /home/airflow/.local/lib/python3.12/site-packages/airflow/example_dags/example_dataset_alias.py took 0.341 seconds
[2025-04-02T06:25:22.914+0000] {processor.py:186} INFO - Started process (PID=995) to work on /home/airflow/.local/lib/python3.12/site-packages/airflow/example_dags/example_dataset_alias.py
[2025-04-02T06:25:22.915+0000] {processor.py:914} INFO - Processing file /home/airflow/.local/lib/python3.12/site-packages/airflow/example_dags/example_dataset_alias.py for tasks to queue
[2025-04-02T06:25:22.917+0000] {logging_mixin.py:190} INFO - [2025-04-02T06:25:22.916+0000] {dagbag.py:588} INFO - Filling up the DagBag from /home/airflow/.local/lib/python3.12/site-packages/airflow/example_dags/example_dataset_alias.py
[2025-04-02T06:25:23.230+0000] {processor.py:925} INFO - DAG(s) 'dataset_alias_example_alias_consumer', 'dataset_s3_bucket_producer', 'dataset_alias_example_alias_producer', 'dataset_s3_bucket_consumer' retrieved from /home/airflow/.local/lib/python3.12/site-packages/airflow/example_dags/example_dataset_alias.py
[2025-04-02T06:25:23.241+0000] {logging_mixin.py:190} INFO - [2025-04-02T06:25:23.241+0000] {dag.py:3239} INFO - Sync 4 DAGs
[2025-04-02T06:25:23.251+0000] {logging_mixin.py:190} INFO - [2025-04-02T06:25:23.250+0000] {dag.py:4180} INFO - Setting next_dagrun for dataset_alias_example_alias_consumer to None, run_after=None
[2025-04-02T06:25:23.253+0000] {logging_mixin.py:190} INFO - [2025-04-02T06:25:23.253+0000] {dag.py:4180} INFO - Setting next_dagrun for dataset_alias_example_alias_producer to None, run_after=None
[2025-04-02T06:25:23.255+0000] {logging_mixin.py:190} INFO - [2025-04-02T06:25:23.255+0000] {dag.py:4180} INFO - Setting next_dagrun for dataset_s3_bucket_consumer to None, run_after=None
[2025-04-02T06:25:23.257+0000] {logging_mixin.py:190} INFO - [2025-04-02T06:25:23.257+0000] {dag.py:4180} INFO - Setting next_dagrun for dataset_s3_bucket_producer to None, run_after=None
[2025-04-02T06:25:23.269+0000] {processor.py:208} INFO - Processing /home/airflow/.local/lib/python3.12/site-packages/airflow/example_dags/example_dataset_alias.py took 0.357 seconds
[2025-04-02T06:25:53.519+0000] {processor.py:186} INFO - Started process (PID=1061) to work on /home/airflow/.local/lib/python3.12/site-packages/airflow/example_dags/example_dataset_alias.py
[2025-04-02T06:25:53.519+0000] {processor.py:914} INFO - Processing file /home/airflow/.local/lib/python3.12/site-packages/airflow/example_dags/example_dataset_alias.py for tasks to queue
[2025-04-02T06:25:53.521+0000] {logging_mixin.py:190} INFO - [2025-04-02T06:25:53.521+0000] {dagbag.py:588} INFO - Filling up the DagBag from /home/airflow/.local/lib/python3.12/site-packages/airflow/example_dags/example_dataset_alias.py
[2025-04-02T06:25:53.824+0000] {processor.py:925} INFO - DAG(s) 'dataset_alias_example_alias_producer', 'dataset_s3_bucket_consumer', 'dataset_s3_bucket_producer', 'dataset_alias_example_alias_consumer' retrieved from /home/airflow/.local/lib/python3.12/site-packages/airflow/example_dags/example_dataset_alias.py
[2025-04-02T06:25:53.834+0000] {logging_mixin.py:190} INFO - [2025-04-02T06:25:53.834+0000] {dag.py:3239} INFO - Sync 4 DAGs
[2025-04-02T06:25:53.845+0000] {logging_mixin.py:190} INFO - [2025-04-02T06:25:53.845+0000] {dag.py:4180} INFO - Setting next_dagrun for dataset_alias_example_alias_consumer to None, run_after=None
[2025-04-02T06:25:53.846+0000] {logging_mixin.py:190} INFO - [2025-04-02T06:25:53.846+0000] {dag.py:4180} INFO - Setting next_dagrun for dataset_alias_example_alias_producer to None, run_after=None
[2025-04-02T06:25:53.847+0000] {logging_mixin.py:190} INFO - [2025-04-02T06:25:53.847+0000] {dag.py:4180} INFO - Setting next_dagrun for dataset_s3_bucket_consumer to None, run_after=None
[2025-04-02T06:25:53.848+0000] {logging_mixin.py:190} INFO - [2025-04-02T06:25:53.848+0000] {dag.py:4180} INFO - Setting next_dagrun for dataset_s3_bucket_producer to None, run_after=None
[2025-04-02T06:25:53.859+0000] {processor.py:208} INFO - Processing /home/airflow/.local/lib/python3.12/site-packages/airflow/example_dags/example_dataset_alias.py took 0.345 seconds
[2025-04-02T06:26:24.878+0000] {processor.py:186} INFO - Started process (PID=1128) to work on /home/airflow/.local/lib/python3.12/site-packages/airflow/example_dags/example_dataset_alias.py
[2025-04-02T06:26:24.879+0000] {processor.py:914} INFO - Processing file /home/airflow/.local/lib/python3.12/site-packages/airflow/example_dags/example_dataset_alias.py for tasks to queue
[2025-04-02T06:26:24.881+0000] {logging_mixin.py:190} INFO - [2025-04-02T06:26:24.880+0000] {dagbag.py:588} INFO - Filling up the DagBag from /home/airflow/.local/lib/python3.12/site-packages/airflow/example_dags/example_dataset_alias.py
[2025-04-02T06:26:25.193+0000] {processor.py:925} INFO - DAG(s) 'dataset_alias_example_alias_consumer', 'dataset_s3_bucket_consumer', 'dataset_alias_example_alias_producer', 'dataset_s3_bucket_producer' retrieved from /home/airflow/.local/lib/python3.12/site-packages/airflow/example_dags/example_dataset_alias.py
[2025-04-02T06:26:25.205+0000] {logging_mixin.py:190} INFO - [2025-04-02T06:26:25.205+0000] {dag.py:3239} INFO - Sync 4 DAGs
[2025-04-02T06:26:25.215+0000] {logging_mixin.py:190} INFO - [2025-04-02T06:26:25.215+0000] {dag.py:4180} INFO - Setting next_dagrun for dataset_alias_example_alias_consumer to None, run_after=None
[2025-04-02T06:26:25.216+0000] {logging_mixin.py:190} INFO - [2025-04-02T06:26:25.216+0000] {dag.py:4180} INFO - Setting next_dagrun for dataset_alias_example_alias_producer to None, run_after=None
[2025-04-02T06:26:25.218+0000] {logging_mixin.py:190} INFO - [2025-04-02T06:26:25.218+0000] {dag.py:4180} INFO - Setting next_dagrun for dataset_s3_bucket_consumer to None, run_after=None
[2025-04-02T06:26:25.220+0000] {logging_mixin.py:190} INFO - [2025-04-02T06:26:25.220+0000] {dag.py:4180} INFO - Setting next_dagrun for dataset_s3_bucket_producer to None, run_after=None
[2025-04-02T06:26:25.229+0000] {processor.py:208} INFO - Processing /home/airflow/.local/lib/python3.12/site-packages/airflow/example_dags/example_dataset_alias.py took 0.355 seconds
[2025-04-02T06:26:56.509+0000] {processor.py:186} INFO - Started process (PID=1197) to work on /home/airflow/.local/lib/python3.12/site-packages/airflow/example_dags/example_dataset_alias.py
[2025-04-02T06:26:56.510+0000] {processor.py:914} INFO - Processing file /home/airflow/.local/lib/python3.12/site-packages/airflow/example_dags/example_dataset_alias.py for tasks to queue
[2025-04-02T06:26:56.513+0000] {logging_mixin.py:190} INFO - [2025-04-02T06:26:56.513+0000] {dagbag.py:588} INFO - Filling up the DagBag from /home/airflow/.local/lib/python3.12/site-packages/airflow/example_dags/example_dataset_alias.py
[2025-04-02T06:26:56.813+0000] {processor.py:925} INFO - DAG(s) 'dataset_alias_example_alias_consumer', 'dataset_s3_bucket_producer', 'dataset_s3_bucket_consumer', 'dataset_alias_example_alias_producer' retrieved from /home/airflow/.local/lib/python3.12/site-packages/airflow/example_dags/example_dataset_alias.py
[2025-04-02T06:26:56.828+0000] {logging_mixin.py:190} INFO - [2025-04-02T06:26:56.827+0000] {dag.py:3239} INFO - Sync 4 DAGs
[2025-04-02T06:26:56.838+0000] {logging_mixin.py:190} INFO - [2025-04-02T06:26:56.838+0000] {dag.py:4180} INFO - Setting next_dagrun for dataset_alias_example_alias_consumer to None, run_after=None
[2025-04-02T06:26:56.841+0000] {logging_mixin.py:190} INFO - [2025-04-02T06:26:56.841+0000] {dag.py:4180} INFO - Setting next_dagrun for dataset_alias_example_alias_producer to None, run_after=None
[2025-04-02T06:26:56.841+0000] {logging_mixin.py:190} INFO - [2025-04-02T06:26:56.841+0000] {dag.py:4180} INFO - Setting next_dagrun for dataset_s3_bucket_consumer to None, run_after=None
[2025-04-02T06:26:56.842+0000] {logging_mixin.py:190} INFO - [2025-04-02T06:26:56.842+0000] {dag.py:4180} INFO - Setting next_dagrun for dataset_s3_bucket_producer to None, run_after=None
[2025-04-02T06:26:56.853+0000] {processor.py:208} INFO - Processing /home/airflow/.local/lib/python3.12/site-packages/airflow/example_dags/example_dataset_alias.py took 0.347 seconds
[2025-04-02T06:27:27.136+0000] {processor.py:186} INFO - Started process (PID=1263) to work on /home/airflow/.local/lib/python3.12/site-packages/airflow/example_dags/example_dataset_alias.py
[2025-04-02T06:27:27.137+0000] {processor.py:914} INFO - Processing file /home/airflow/.local/lib/python3.12/site-packages/airflow/example_dags/example_dataset_alias.py for tasks to queue
[2025-04-02T06:27:27.137+0000] {logging_mixin.py:190} INFO - [2025-04-02T06:27:27.137+0000] {dagbag.py:588} INFO - Filling up the DagBag from /home/airflow/.local/lib/python3.12/site-packages/airflow/example_dags/example_dataset_alias.py
[2025-04-02T06:27:27.406+0000] {processor.py:925} INFO - DAG(s) 'dataset_s3_bucket_producer', 'dataset_alias_example_alias_consumer', 'dataset_s3_bucket_consumer', 'dataset_alias_example_alias_producer' retrieved from /home/airflow/.local/lib/python3.12/site-packages/airflow/example_dags/example_dataset_alias.py
[2025-04-02T06:27:27.414+0000] {logging_mixin.py:190} INFO - [2025-04-02T06:27:27.414+0000] {dag.py:3239} INFO - Sync 4 DAGs
[2025-04-02T06:27:27.423+0000] {logging_mixin.py:190} INFO - [2025-04-02T06:27:27.423+0000] {dag.py:4180} INFO - Setting next_dagrun for dataset_alias_example_alias_consumer to None, run_after=None
[2025-04-02T06:27:27.424+0000] {logging_mixin.py:190} INFO - [2025-04-02T06:27:27.424+0000] {dag.py:4180} INFO - Setting next_dagrun for dataset_alias_example_alias_producer to None, run_after=None
[2025-04-02T06:27:27.425+0000] {logging_mixin.py:190} INFO - [2025-04-02T06:27:27.425+0000] {dag.py:4180} INFO - Setting next_dagrun for dataset_s3_bucket_consumer to None, run_after=None
[2025-04-02T06:27:27.425+0000] {logging_mixin.py:190} INFO - [2025-04-02T06:27:27.425+0000] {dag.py:4180} INFO - Setting next_dagrun for dataset_s3_bucket_producer to None, run_after=None
[2025-04-02T06:27:27.433+0000] {processor.py:208} INFO - Processing /home/airflow/.local/lib/python3.12/site-packages/airflow/example_dags/example_dataset_alias.py took 0.301 seconds
[2025-04-02T06:27:57.942+0000] {processor.py:186} INFO - Started process (PID=1331) to work on /home/airflow/.local/lib/python3.12/site-packages/airflow/example_dags/example_dataset_alias.py
[2025-04-02T06:27:57.943+0000] {processor.py:914} INFO - Processing file /home/airflow/.local/lib/python3.12/site-packages/airflow/example_dags/example_dataset_alias.py for tasks to queue
[2025-04-02T06:27:57.944+0000] {logging_mixin.py:190} INFO - [2025-04-02T06:27:57.944+0000] {dagbag.py:588} INFO - Filling up the DagBag from /home/airflow/.local/lib/python3.12/site-packages/airflow/example_dags/example_dataset_alias.py
[2025-04-02T06:27:58.252+0000] {processor.py:925} INFO - DAG(s) 'dataset_alias_example_alias_producer', 'dataset_s3_bucket_producer', 'dataset_alias_example_alias_consumer', 'dataset_s3_bucket_consumer' retrieved from /home/airflow/.local/lib/python3.12/site-packages/airflow/example_dags/example_dataset_alias.py
[2025-04-02T06:27:58.265+0000] {logging_mixin.py:190} INFO - [2025-04-02T06:27:58.265+0000] {dag.py:3239} INFO - Sync 4 DAGs
[2025-04-02T06:27:58.278+0000] {logging_mixin.py:190} INFO - [2025-04-02T06:27:58.278+0000] {dag.py:4180} INFO - Setting next_dagrun for dataset_alias_example_alias_consumer to None, run_after=None
[2025-04-02T06:27:58.280+0000] {logging_mixin.py:190} INFO - [2025-04-02T06:27:58.280+0000] {dag.py:4180} INFO - Setting next_dagrun for dataset_alias_example_alias_producer to None, run_after=None
[2025-04-02T06:27:58.281+0000] {logging_mixin.py:190} INFO - [2025-04-02T06:27:58.281+0000] {dag.py:4180} INFO - Setting next_dagrun for dataset_s3_bucket_consumer to None, run_after=None
[2025-04-02T06:27:58.283+0000] {logging_mixin.py:190} INFO - [2025-04-02T06:27:58.283+0000] {dag.py:4180} INFO - Setting next_dagrun for dataset_s3_bucket_producer to None, run_after=None
[2025-04-02T06:27:58.295+0000] {processor.py:208} INFO - Processing /home/airflow/.local/lib/python3.12/site-packages/airflow/example_dags/example_dataset_alias.py took 0.356 seconds
