[2025-04-02T06:12:20.479+0000] {processor.py:186} INFO - Started process (PID=104) to work on /home/airflow/.local/lib/python3.12/site-packages/airflow/example_dags/example_python_operator.py
[2025-04-02T06:12:20.480+0000] {processor.py:914} INFO - Processing file /home/airflow/.local/lib/python3.12/site-packages/airflow/example_dags/example_python_operator.py for tasks to queue
[2025-04-02T06:12:20.481+0000] {logging_mixin.py:190} INFO - [2025-04-02T06:12:20.481+0000] {dagbag.py:588} INFO - Filling up the DagBag from /home/airflow/.local/lib/python3.12/site-packages/airflow/example_dags/example_python_operator.py
[2025-04-02T06:12:20.492+0000] {processor.py:925} INFO - DAG(s) 'example_python_operator' retrieved from /home/airflow/.local/lib/python3.12/site-packages/airflow/example_dags/example_python_operator.py
[2025-04-02T06:12:20.552+0000] {logging_mixin.py:190} INFO - [2025-04-02T06:12:20.552+0000] {override.py:1912} INFO - Created Permission View: can delete on DAG:example_python_operator
[2025-04-02T06:12:20.557+0000] {logging_mixin.py:190} INFO - [2025-04-02T06:12:20.557+0000] {override.py:1912} INFO - Created Permission View: can read on DAG:example_python_operator
[2025-04-02T06:12:20.560+0000] {logging_mixin.py:190} INFO - [2025-04-02T06:12:20.560+0000] {override.py:1912} INFO - Created Permission View: can edit on DAG:example_python_operator
[2025-04-02T06:12:20.563+0000] {logging_mixin.py:190} INFO - [2025-04-02T06:12:20.563+0000] {override.py:1912} INFO - Created Permission View: can delete on DAG Run:example_python_operator
[2025-04-02T06:12:20.566+0000] {logging_mixin.py:190} INFO - [2025-04-02T06:12:20.566+0000] {override.py:1912} INFO - Created Permission View: can create on DAG Run:example_python_operator
[2025-04-02T06:12:20.570+0000] {logging_mixin.py:190} INFO - [2025-04-02T06:12:20.570+0000] {override.py:1912} INFO - Created Permission View: can read on DAG Run:example_python_operator
[2025-04-02T06:12:20.573+0000] {logging_mixin.py:190} INFO - [2025-04-02T06:12:20.572+0000] {override.py:1912} INFO - Created Permission View: menu access on DAG Run:example_python_operator
[2025-04-02T06:12:20.573+0000] {logging_mixin.py:190} INFO - [2025-04-02T06:12:20.573+0000] {dag.py:3239} INFO - Sync 1 DAGs
[2025-04-02T06:12:20.579+0000] {logging_mixin.py:190} INFO - [2025-04-02T06:12:20.579+0000] {dag.py:3262} INFO - Creating ORM DAG for example_python_operator
[2025-04-02T06:12:20.580+0000] {logging_mixin.py:190} INFO - [2025-04-02T06:12:20.580+0000] {dag.py:4180} INFO - Setting next_dagrun for example_python_operator to None, run_after=None
[2025-04-02T06:12:20.588+0000] {processor.py:208} INFO - Processing /home/airflow/.local/lib/python3.12/site-packages/airflow/example_dags/example_python_operator.py took 0.114 seconds
[2025-04-02T06:12:51.197+0000] {processor.py:186} INFO - Started process (PID=167) to work on /home/airflow/.local/lib/python3.12/site-packages/airflow/example_dags/example_python_operator.py
[2025-04-02T06:12:51.197+0000] {processor.py:914} INFO - Processing file /home/airflow/.local/lib/python3.12/site-packages/airflow/example_dags/example_python_operator.py for tasks to queue
[2025-04-02T06:12:51.200+0000] {logging_mixin.py:190} INFO - [2025-04-02T06:12:51.199+0000] {dagbag.py:588} INFO - Filling up the DagBag from /home/airflow/.local/lib/python3.12/site-packages/airflow/example_dags/example_python_operator.py
[2025-04-02T06:12:51.207+0000] {processor.py:925} INFO - DAG(s) 'example_python_operator' retrieved from /home/airflow/.local/lib/python3.12/site-packages/airflow/example_dags/example_python_operator.py
[2025-04-02T06:12:51.218+0000] {logging_mixin.py:190} INFO - [2025-04-02T06:12:51.217+0000] {dag.py:3239} INFO - Sync 1 DAGs
[2025-04-02T06:12:51.224+0000] {logging_mixin.py:190} INFO - [2025-04-02T06:12:51.224+0000] {dag.py:4180} INFO - Setting next_dagrun for example_python_operator to None, run_after=None
[2025-04-02T06:12:51.232+0000] {processor.py:208} INFO - Processing /home/airflow/.local/lib/python3.12/site-packages/airflow/example_dags/example_python_operator.py took 0.045 seconds
[2025-04-02T06:13:21.358+0000] {processor.py:186} INFO - Started process (PID=229) to work on /home/airflow/.local/lib/python3.12/site-packages/airflow/example_dags/example_python_operator.py
[2025-04-02T06:13:21.359+0000] {processor.py:914} INFO - Processing file /home/airflow/.local/lib/python3.12/site-packages/airflow/example_dags/example_python_operator.py for tasks to queue
[2025-04-02T06:13:21.361+0000] {logging_mixin.py:190} INFO - [2025-04-02T06:13:21.360+0000] {dagbag.py:588} INFO - Filling up the DagBag from /home/airflow/.local/lib/python3.12/site-packages/airflow/example_dags/example_python_operator.py
[2025-04-02T06:13:21.368+0000] {processor.py:925} INFO - DAG(s) 'example_python_operator' retrieved from /home/airflow/.local/lib/python3.12/site-packages/airflow/example_dags/example_python_operator.py
[2025-04-02T06:13:21.388+0000] {logging_mixin.py:190} INFO - [2025-04-02T06:13:21.388+0000] {dag.py:3239} INFO - Sync 1 DAGs
[2025-04-02T06:13:21.396+0000] {logging_mixin.py:190} INFO - [2025-04-02T06:13:21.396+0000] {dag.py:4180} INFO - Setting next_dagrun for example_python_operator to None, run_after=None
[2025-04-02T06:13:21.406+0000] {processor.py:208} INFO - Processing /home/airflow/.local/lib/python3.12/site-packages/airflow/example_dags/example_python_operator.py took 0.053 seconds
[2025-04-02T06:13:51.828+0000] {processor.py:186} INFO - Started process (PID=292) to work on /home/airflow/.local/lib/python3.12/site-packages/airflow/example_dags/example_python_operator.py
[2025-04-02T06:13:51.829+0000] {processor.py:914} INFO - Processing file /home/airflow/.local/lib/python3.12/site-packages/airflow/example_dags/example_python_operator.py for tasks to queue
[2025-04-02T06:13:51.830+0000] {logging_mixin.py:190} INFO - [2025-04-02T06:13:51.830+0000] {dagbag.py:588} INFO - Filling up the DagBag from /home/airflow/.local/lib/python3.12/site-packages/airflow/example_dags/example_python_operator.py
[2025-04-02T06:13:51.840+0000] {processor.py:925} INFO - DAG(s) 'example_python_operator' retrieved from /home/airflow/.local/lib/python3.12/site-packages/airflow/example_dags/example_python_operator.py
[2025-04-02T06:13:51.855+0000] {logging_mixin.py:190} INFO - [2025-04-02T06:13:51.855+0000] {dag.py:3239} INFO - Sync 1 DAGs
[2025-04-02T06:13:51.870+0000] {logging_mixin.py:190} INFO - [2025-04-02T06:13:51.870+0000] {dag.py:4180} INFO - Setting next_dagrun for example_python_operator to None, run_after=None
[2025-04-02T06:13:51.883+0000] {processor.py:208} INFO - Processing /home/airflow/.local/lib/python3.12/site-packages/airflow/example_dags/example_python_operator.py took 0.059 seconds
[2025-04-02T06:14:22.396+0000] {processor.py:186} INFO - Started process (PID=355) to work on /home/airflow/.local/lib/python3.12/site-packages/airflow/example_dags/example_python_operator.py
[2025-04-02T06:14:22.396+0000] {processor.py:914} INFO - Processing file /home/airflow/.local/lib/python3.12/site-packages/airflow/example_dags/example_python_operator.py for tasks to queue
[2025-04-02T06:14:22.398+0000] {logging_mixin.py:190} INFO - [2025-04-02T06:14:22.397+0000] {dagbag.py:588} INFO - Filling up the DagBag from /home/airflow/.local/lib/python3.12/site-packages/airflow/example_dags/example_python_operator.py
[2025-04-02T06:14:22.405+0000] {processor.py:925} INFO - DAG(s) 'example_python_operator' retrieved from /home/airflow/.local/lib/python3.12/site-packages/airflow/example_dags/example_python_operator.py
[2025-04-02T06:14:22.417+0000] {logging_mixin.py:190} INFO - [2025-04-02T06:14:22.417+0000] {dag.py:3239} INFO - Sync 1 DAGs
[2025-04-02T06:14:22.424+0000] {logging_mixin.py:190} INFO - [2025-04-02T06:14:22.424+0000] {dag.py:4180} INFO - Setting next_dagrun for example_python_operator to None, run_after=None
[2025-04-02T06:14:22.433+0000] {processor.py:208} INFO - Processing /home/airflow/.local/lib/python3.12/site-packages/airflow/example_dags/example_python_operator.py took 0.041 seconds
[2025-04-02T06:14:53.705+0000] {processor.py:186} INFO - Started process (PID=418) to work on /home/airflow/.local/lib/python3.12/site-packages/airflow/example_dags/example_python_operator.py
[2025-04-02T06:14:53.706+0000] {processor.py:914} INFO - Processing file /home/airflow/.local/lib/python3.12/site-packages/airflow/example_dags/example_python_operator.py for tasks to queue
[2025-04-02T06:14:53.707+0000] {logging_mixin.py:190} INFO - [2025-04-02T06:14:53.707+0000] {dagbag.py:588} INFO - Filling up the DagBag from /home/airflow/.local/lib/python3.12/site-packages/airflow/example_dags/example_python_operator.py
[2025-04-02T06:14:53.716+0000] {processor.py:925} INFO - DAG(s) 'example_python_operator' retrieved from /home/airflow/.local/lib/python3.12/site-packages/airflow/example_dags/example_python_operator.py
[2025-04-02T06:14:53.728+0000] {logging_mixin.py:190} INFO - [2025-04-02T06:14:53.728+0000] {dag.py:3239} INFO - Sync 1 DAGs
[2025-04-02T06:14:53.736+0000] {logging_mixin.py:190} INFO - [2025-04-02T06:14:53.736+0000] {dag.py:4180} INFO - Setting next_dagrun for example_python_operator to None, run_after=None
[2025-04-02T06:14:53.747+0000] {processor.py:208} INFO - Processing /home/airflow/.local/lib/python3.12/site-packages/airflow/example_dags/example_python_operator.py took 0.045 seconds
[2025-04-02T06:15:24.391+0000] {processor.py:186} INFO - Started process (PID=481) to work on /home/airflow/.local/lib/python3.12/site-packages/airflow/example_dags/example_python_operator.py
[2025-04-02T06:15:24.392+0000] {processor.py:914} INFO - Processing file /home/airflow/.local/lib/python3.12/site-packages/airflow/example_dags/example_python_operator.py for tasks to queue
[2025-04-02T06:15:24.393+0000] {logging_mixin.py:190} INFO - [2025-04-02T06:15:24.393+0000] {dagbag.py:588} INFO - Filling up the DagBag from /home/airflow/.local/lib/python3.12/site-packages/airflow/example_dags/example_python_operator.py
[2025-04-02T06:15:24.401+0000] {processor.py:925} INFO - DAG(s) 'example_python_operator' retrieved from /home/airflow/.local/lib/python3.12/site-packages/airflow/example_dags/example_python_operator.py
[2025-04-02T06:15:24.414+0000] {logging_mixin.py:190} INFO - [2025-04-02T06:15:24.414+0000] {dag.py:3239} INFO - Sync 1 DAGs
[2025-04-02T06:15:24.425+0000] {logging_mixin.py:190} INFO - [2025-04-02T06:15:24.425+0000] {dag.py:4180} INFO - Setting next_dagrun for example_python_operator to None, run_after=None
[2025-04-02T06:15:24.434+0000] {processor.py:208} INFO - Processing /home/airflow/.local/lib/python3.12/site-packages/airflow/example_dags/example_python_operator.py took 0.046 seconds
[2025-04-02T06:15:55.335+0000] {processor.py:186} INFO - Started process (PID=544) to work on /home/airflow/.local/lib/python3.12/site-packages/airflow/example_dags/example_python_operator.py
[2025-04-02T06:15:55.336+0000] {processor.py:914} INFO - Processing file /home/airflow/.local/lib/python3.12/site-packages/airflow/example_dags/example_python_operator.py for tasks to queue
[2025-04-02T06:15:55.339+0000] {logging_mixin.py:190} INFO - [2025-04-02T06:15:55.339+0000] {dagbag.py:588} INFO - Filling up the DagBag from /home/airflow/.local/lib/python3.12/site-packages/airflow/example_dags/example_python_operator.py
[2025-04-02T06:15:55.346+0000] {processor.py:925} INFO - DAG(s) 'example_python_operator' retrieved from /home/airflow/.local/lib/python3.12/site-packages/airflow/example_dags/example_python_operator.py
[2025-04-02T06:15:55.359+0000] {logging_mixin.py:190} INFO - [2025-04-02T06:15:55.359+0000] {dag.py:3239} INFO - Sync 1 DAGs
[2025-04-02T06:15:55.371+0000] {logging_mixin.py:190} INFO - [2025-04-02T06:15:55.370+0000] {dag.py:4180} INFO - Setting next_dagrun for example_python_operator to None, run_after=None
[2025-04-02T06:15:55.381+0000] {processor.py:208} INFO - Processing /home/airflow/.local/lib/python3.12/site-packages/airflow/example_dags/example_python_operator.py took 0.049 seconds
[2025-04-02T06:18:06.038+0000] {processor.py:186} INFO - Started process (PID=103) to work on /home/airflow/.local/lib/python3.12/site-packages/airflow/example_dags/example_python_operator.py
[2025-04-02T06:18:06.039+0000] {processor.py:914} INFO - Processing file /home/airflow/.local/lib/python3.12/site-packages/airflow/example_dags/example_python_operator.py for tasks to queue
[2025-04-02T06:18:06.040+0000] {logging_mixin.py:190} INFO - [2025-04-02T06:18:06.040+0000] {dagbag.py:588} INFO - Filling up the DagBag from /home/airflow/.local/lib/python3.12/site-packages/airflow/example_dags/example_python_operator.py
[2025-04-02T06:18:06.051+0000] {processor.py:925} INFO - DAG(s) 'example_python_operator' retrieved from /home/airflow/.local/lib/python3.12/site-packages/airflow/example_dags/example_python_operator.py
[2025-04-02T06:18:06.139+0000] {logging_mixin.py:190} INFO - [2025-04-02T06:18:06.139+0000] {dag.py:3239} INFO - Sync 1 DAGs
[2025-04-02T06:18:06.149+0000] {logging_mixin.py:190} INFO - [2025-04-02T06:18:06.149+0000] {dag.py:4180} INFO - Setting next_dagrun for example_python_operator to None, run_after=None
[2025-04-02T06:18:06.164+0000] {processor.py:208} INFO - Processing /home/airflow/.local/lib/python3.12/site-packages/airflow/example_dags/example_python_operator.py took 0.131 seconds
[2025-04-02T06:18:36.942+0000] {processor.py:186} INFO - Started process (PID=166) to work on /home/airflow/.local/lib/python3.12/site-packages/airflow/example_dags/example_python_operator.py
[2025-04-02T06:18:36.943+0000] {processor.py:914} INFO - Processing file /home/airflow/.local/lib/python3.12/site-packages/airflow/example_dags/example_python_operator.py for tasks to queue
[2025-04-02T06:18:36.944+0000] {logging_mixin.py:190} INFO - [2025-04-02T06:18:36.944+0000] {dagbag.py:588} INFO - Filling up the DagBag from /home/airflow/.local/lib/python3.12/site-packages/airflow/example_dags/example_python_operator.py
[2025-04-02T06:18:36.951+0000] {processor.py:925} INFO - DAG(s) 'example_python_operator' retrieved from /home/airflow/.local/lib/python3.12/site-packages/airflow/example_dags/example_python_operator.py
[2025-04-02T06:18:36.962+0000] {logging_mixin.py:190} INFO - [2025-04-02T06:18:36.962+0000] {dag.py:3239} INFO - Sync 1 DAGs
[2025-04-02T06:18:36.969+0000] {logging_mixin.py:190} INFO - [2025-04-02T06:18:36.969+0000] {dag.py:4180} INFO - Setting next_dagrun for example_python_operator to None, run_after=None
[2025-04-02T06:18:36.977+0000] {processor.py:208} INFO - Processing /home/airflow/.local/lib/python3.12/site-packages/airflow/example_dags/example_python_operator.py took 0.039 seconds
[2025-04-02T06:19:07.190+0000] {processor.py:186} INFO - Started process (PID=228) to work on /home/airflow/.local/lib/python3.12/site-packages/airflow/example_dags/example_python_operator.py
[2025-04-02T06:19:07.191+0000] {processor.py:914} INFO - Processing file /home/airflow/.local/lib/python3.12/site-packages/airflow/example_dags/example_python_operator.py for tasks to queue
[2025-04-02T06:19:07.193+0000] {logging_mixin.py:190} INFO - [2025-04-02T06:19:07.193+0000] {dagbag.py:588} INFO - Filling up the DagBag from /home/airflow/.local/lib/python3.12/site-packages/airflow/example_dags/example_python_operator.py
[2025-04-02T06:19:07.203+0000] {processor.py:925} INFO - DAG(s) 'example_python_operator' retrieved from /home/airflow/.local/lib/python3.12/site-packages/airflow/example_dags/example_python_operator.py
[2025-04-02T06:19:07.221+0000] {logging_mixin.py:190} INFO - [2025-04-02T06:19:07.221+0000] {dag.py:3239} INFO - Sync 1 DAGs
[2025-04-02T06:19:07.230+0000] {logging_mixin.py:190} INFO - [2025-04-02T06:19:07.230+0000] {dag.py:4180} INFO - Setting next_dagrun for example_python_operator to None, run_after=None
[2025-04-02T06:19:07.244+0000] {processor.py:208} INFO - Processing /home/airflow/.local/lib/python3.12/site-packages/airflow/example_dags/example_python_operator.py took 0.059 seconds
[2025-04-02T06:19:38.491+0000] {processor.py:186} INFO - Started process (PID=292) to work on /home/airflow/.local/lib/python3.12/site-packages/airflow/example_dags/example_python_operator.py
[2025-04-02T06:19:38.492+0000] {processor.py:914} INFO - Processing file /home/airflow/.local/lib/python3.12/site-packages/airflow/example_dags/example_python_operator.py for tasks to queue
[2025-04-02T06:19:38.493+0000] {logging_mixin.py:190} INFO - [2025-04-02T06:19:38.493+0000] {dagbag.py:588} INFO - Filling up the DagBag from /home/airflow/.local/lib/python3.12/site-packages/airflow/example_dags/example_python_operator.py
[2025-04-02T06:19:38.499+0000] {processor.py:925} INFO - DAG(s) 'example_python_operator' retrieved from /home/airflow/.local/lib/python3.12/site-packages/airflow/example_dags/example_python_operator.py
[2025-04-02T06:19:38.511+0000] {logging_mixin.py:190} INFO - [2025-04-02T06:19:38.511+0000] {dag.py:3239} INFO - Sync 1 DAGs
[2025-04-02T06:19:38.519+0000] {logging_mixin.py:190} INFO - [2025-04-02T06:19:38.519+0000] {dag.py:4180} INFO - Setting next_dagrun for example_python_operator to None, run_after=None
[2025-04-02T06:19:38.528+0000] {processor.py:208} INFO - Processing /home/airflow/.local/lib/python3.12/site-packages/airflow/example_dags/example_python_operator.py took 0.041 seconds
[2025-04-02T06:20:09.663+0000] {processor.py:186} INFO - Started process (PID=355) to work on /home/airflow/.local/lib/python3.12/site-packages/airflow/example_dags/example_python_operator.py
[2025-04-02T06:20:09.664+0000] {processor.py:914} INFO - Processing file /home/airflow/.local/lib/python3.12/site-packages/airflow/example_dags/example_python_operator.py for tasks to queue
[2025-04-02T06:20:09.665+0000] {logging_mixin.py:190} INFO - [2025-04-02T06:20:09.665+0000] {dagbag.py:588} INFO - Filling up the DagBag from /home/airflow/.local/lib/python3.12/site-packages/airflow/example_dags/example_python_operator.py
[2025-04-02T06:20:09.671+0000] {processor.py:925} INFO - DAG(s) 'example_python_operator' retrieved from /home/airflow/.local/lib/python3.12/site-packages/airflow/example_dags/example_python_operator.py
[2025-04-02T06:20:09.682+0000] {logging_mixin.py:190} INFO - [2025-04-02T06:20:09.682+0000] {dag.py:3239} INFO - Sync 1 DAGs
[2025-04-02T06:20:09.691+0000] {logging_mixin.py:190} INFO - [2025-04-02T06:20:09.691+0000] {dag.py:4180} INFO - Setting next_dagrun for example_python_operator to None, run_after=None
[2025-04-02T06:20:09.703+0000] {processor.py:208} INFO - Processing /home/airflow/.local/lib/python3.12/site-packages/airflow/example_dags/example_python_operator.py took 0.043 seconds
[2025-04-02T06:20:40.873+0000] {processor.py:186} INFO - Started process (PID=418) to work on /home/airflow/.local/lib/python3.12/site-packages/airflow/example_dags/example_python_operator.py
[2025-04-02T06:20:40.874+0000] {processor.py:914} INFO - Processing file /home/airflow/.local/lib/python3.12/site-packages/airflow/example_dags/example_python_operator.py for tasks to queue
[2025-04-02T06:20:40.876+0000] {logging_mixin.py:190} INFO - [2025-04-02T06:20:40.876+0000] {dagbag.py:588} INFO - Filling up the DagBag from /home/airflow/.local/lib/python3.12/site-packages/airflow/example_dags/example_python_operator.py
[2025-04-02T06:20:40.883+0000] {processor.py:925} INFO - DAG(s) 'example_python_operator' retrieved from /home/airflow/.local/lib/python3.12/site-packages/airflow/example_dags/example_python_operator.py
[2025-04-02T06:20:40.895+0000] {logging_mixin.py:190} INFO - [2025-04-02T06:20:40.895+0000] {dag.py:3239} INFO - Sync 1 DAGs
[2025-04-02T06:20:40.903+0000] {logging_mixin.py:190} INFO - [2025-04-02T06:20:40.903+0000] {dag.py:4180} INFO - Setting next_dagrun for example_python_operator to None, run_after=None
[2025-04-02T06:20:40.911+0000] {processor.py:208} INFO - Processing /home/airflow/.local/lib/python3.12/site-packages/airflow/example_dags/example_python_operator.py took 0.042 seconds
[2025-04-02T06:21:12.167+0000] {processor.py:186} INFO - Started process (PID=481) to work on /home/airflow/.local/lib/python3.12/site-packages/airflow/example_dags/example_python_operator.py
[2025-04-02T06:21:12.169+0000] {processor.py:914} INFO - Processing file /home/airflow/.local/lib/python3.12/site-packages/airflow/example_dags/example_python_operator.py for tasks to queue
[2025-04-02T06:21:12.171+0000] {logging_mixin.py:190} INFO - [2025-04-02T06:21:12.171+0000] {dagbag.py:588} INFO - Filling up the DagBag from /home/airflow/.local/lib/python3.12/site-packages/airflow/example_dags/example_python_operator.py
[2025-04-02T06:21:12.181+0000] {processor.py:925} INFO - DAG(s) 'example_python_operator' retrieved from /home/airflow/.local/lib/python3.12/site-packages/airflow/example_dags/example_python_operator.py
[2025-04-02T06:21:12.201+0000] {logging_mixin.py:190} INFO - [2025-04-02T06:21:12.201+0000] {dag.py:3239} INFO - Sync 1 DAGs
[2025-04-02T06:21:12.211+0000] {logging_mixin.py:190} INFO - [2025-04-02T06:21:12.211+0000] {dag.py:4180} INFO - Setting next_dagrun for example_python_operator to None, run_after=None
[2025-04-02T06:21:12.242+0000] {processor.py:208} INFO - Processing /home/airflow/.local/lib/python3.12/site-packages/airflow/example_dags/example_python_operator.py took 0.079 seconds
[2025-04-02T06:21:43.547+0000] {processor.py:186} INFO - Started process (PID=543) to work on /home/airflow/.local/lib/python3.12/site-packages/airflow/example_dags/example_python_operator.py
[2025-04-02T06:21:43.548+0000] {processor.py:914} INFO - Processing file /home/airflow/.local/lib/python3.12/site-packages/airflow/example_dags/example_python_operator.py for tasks to queue
[2025-04-02T06:21:43.550+0000] {logging_mixin.py:190} INFO - [2025-04-02T06:21:43.549+0000] {dagbag.py:588} INFO - Filling up the DagBag from /home/airflow/.local/lib/python3.12/site-packages/airflow/example_dags/example_python_operator.py
[2025-04-02T06:21:43.562+0000] {processor.py:925} INFO - DAG(s) 'example_python_operator' retrieved from /home/airflow/.local/lib/python3.12/site-packages/airflow/example_dags/example_python_operator.py
[2025-04-02T06:21:43.585+0000] {logging_mixin.py:190} INFO - [2025-04-02T06:21:43.584+0000] {dag.py:3239} INFO - Sync 1 DAGs
[2025-04-02T06:21:43.593+0000] {logging_mixin.py:190} INFO - [2025-04-02T06:21:43.592+0000] {dag.py:4180} INFO - Setting next_dagrun for example_python_operator to None, run_after=None
[2025-04-02T06:21:43.602+0000] {processor.py:208} INFO - Processing /home/airflow/.local/lib/python3.12/site-packages/airflow/example_dags/example_python_operator.py took 0.059 seconds
[2025-04-02T06:22:15.189+0000] {processor.py:186} INFO - Started process (PID=606) to work on /home/airflow/.local/lib/python3.12/site-packages/airflow/example_dags/example_python_operator.py
[2025-04-02T06:22:15.190+0000] {processor.py:914} INFO - Processing file /home/airflow/.local/lib/python3.12/site-packages/airflow/example_dags/example_python_operator.py for tasks to queue
[2025-04-02T06:22:15.193+0000] {logging_mixin.py:190} INFO - [2025-04-02T06:22:15.193+0000] {dagbag.py:588} INFO - Filling up the DagBag from /home/airflow/.local/lib/python3.12/site-packages/airflow/example_dags/example_python_operator.py
[2025-04-02T06:22:15.206+0000] {processor.py:925} INFO - DAG(s) 'example_python_operator' retrieved from /home/airflow/.local/lib/python3.12/site-packages/airflow/example_dags/example_python_operator.py
[2025-04-02T06:22:15.218+0000] {logging_mixin.py:190} INFO - [2025-04-02T06:22:15.218+0000] {dag.py:3239} INFO - Sync 1 DAGs
[2025-04-02T06:22:15.225+0000] {logging_mixin.py:190} INFO - [2025-04-02T06:22:15.225+0000] {dag.py:4180} INFO - Setting next_dagrun for example_python_operator to None, run_after=None
[2025-04-02T06:22:15.234+0000] {processor.py:208} INFO - Processing /home/airflow/.local/lib/python3.12/site-packages/airflow/example_dags/example_python_operator.py took 0.049 seconds
[2025-04-02T06:22:46.976+0000] {processor.py:186} INFO - Started process (PID=669) to work on /home/airflow/.local/lib/python3.12/site-packages/airflow/example_dags/example_python_operator.py
[2025-04-02T06:22:46.977+0000] {processor.py:914} INFO - Processing file /home/airflow/.local/lib/python3.12/site-packages/airflow/example_dags/example_python_operator.py for tasks to queue
[2025-04-02T06:22:46.978+0000] {logging_mixin.py:190} INFO - [2025-04-02T06:22:46.978+0000] {dagbag.py:588} INFO - Filling up the DagBag from /home/airflow/.local/lib/python3.12/site-packages/airflow/example_dags/example_python_operator.py
[2025-04-02T06:22:46.985+0000] {processor.py:925} INFO - DAG(s) 'example_python_operator' retrieved from /home/airflow/.local/lib/python3.12/site-packages/airflow/example_dags/example_python_operator.py
[2025-04-02T06:22:46.996+0000] {logging_mixin.py:190} INFO - [2025-04-02T06:22:46.996+0000] {dag.py:3239} INFO - Sync 1 DAGs
[2025-04-02T06:22:47.003+0000] {logging_mixin.py:190} INFO - [2025-04-02T06:22:47.002+0000] {dag.py:4180} INFO - Setting next_dagrun for example_python_operator to None, run_after=None
[2025-04-02T06:22:47.013+0000] {processor.py:208} INFO - Processing /home/airflow/.local/lib/python3.12/site-packages/airflow/example_dags/example_python_operator.py took 0.041 seconds
[2025-04-02T06:23:18.703+0000] {processor.py:186} INFO - Started process (PID=734) to work on /home/airflow/.local/lib/python3.12/site-packages/airflow/example_dags/example_python_operator.py
[2025-04-02T06:23:18.704+0000] {processor.py:914} INFO - Processing file /home/airflow/.local/lib/python3.12/site-packages/airflow/example_dags/example_python_operator.py for tasks to queue
[2025-04-02T06:23:18.706+0000] {logging_mixin.py:190} INFO - [2025-04-02T06:23:18.706+0000] {dagbag.py:588} INFO - Filling up the DagBag from /home/airflow/.local/lib/python3.12/site-packages/airflow/example_dags/example_python_operator.py
[2025-04-02T06:23:18.718+0000] {processor.py:925} INFO - DAG(s) 'example_python_operator' retrieved from /home/airflow/.local/lib/python3.12/site-packages/airflow/example_dags/example_python_operator.py
[2025-04-02T06:23:18.748+0000] {logging_mixin.py:190} INFO - [2025-04-02T06:23:18.748+0000] {dag.py:3239} INFO - Sync 1 DAGs
[2025-04-02T06:23:18.760+0000] {logging_mixin.py:190} INFO - [2025-04-02T06:23:18.760+0000] {dag.py:4180} INFO - Setting next_dagrun for example_python_operator to None, run_after=None
[2025-04-02T06:23:18.772+0000] {processor.py:208} INFO - Processing /home/airflow/.local/lib/python3.12/site-packages/airflow/example_dags/example_python_operator.py took 0.073 seconds
[2025-04-02T06:23:49.832+0000] {processor.py:186} INFO - Started process (PID=798) to work on /home/airflow/.local/lib/python3.12/site-packages/airflow/example_dags/example_python_operator.py
[2025-04-02T06:23:49.832+0000] {processor.py:914} INFO - Processing file /home/airflow/.local/lib/python3.12/site-packages/airflow/example_dags/example_python_operator.py for tasks to queue
[2025-04-02T06:23:49.834+0000] {logging_mixin.py:190} INFO - [2025-04-02T06:23:49.833+0000] {dagbag.py:588} INFO - Filling up the DagBag from /home/airflow/.local/lib/python3.12/site-packages/airflow/example_dags/example_python_operator.py
[2025-04-02T06:23:49.842+0000] {processor.py:925} INFO - DAG(s) 'example_python_operator' retrieved from /home/airflow/.local/lib/python3.12/site-packages/airflow/example_dags/example_python_operator.py
[2025-04-02T06:23:49.858+0000] {logging_mixin.py:190} INFO - [2025-04-02T06:23:49.858+0000] {dag.py:3239} INFO - Sync 1 DAGs
[2025-04-02T06:23:49.866+0000] {logging_mixin.py:190} INFO - [2025-04-02T06:23:49.866+0000] {dag.py:4180} INFO - Setting next_dagrun for example_python_operator to None, run_after=None
[2025-04-02T06:23:49.879+0000] {processor.py:208} INFO - Processing /home/airflow/.local/lib/python3.12/site-packages/airflow/example_dags/example_python_operator.py took 0.051 seconds
[2025-04-02T06:24:20.930+0000] {processor.py:186} INFO - Started process (PID=864) to work on /home/airflow/.local/lib/python3.12/site-packages/airflow/example_dags/example_python_operator.py
[2025-04-02T06:24:20.931+0000] {processor.py:914} INFO - Processing file /home/airflow/.local/lib/python3.12/site-packages/airflow/example_dags/example_python_operator.py for tasks to queue
[2025-04-02T06:24:20.932+0000] {logging_mixin.py:190} INFO - [2025-04-02T06:24:20.932+0000] {dagbag.py:588} INFO - Filling up the DagBag from /home/airflow/.local/lib/python3.12/site-packages/airflow/example_dags/example_python_operator.py
[2025-04-02T06:24:20.939+0000] {processor.py:925} INFO - DAG(s) 'example_python_operator' retrieved from /home/airflow/.local/lib/python3.12/site-packages/airflow/example_dags/example_python_operator.py
[2025-04-02T06:24:20.952+0000] {logging_mixin.py:190} INFO - [2025-04-02T06:24:20.952+0000] {dag.py:3239} INFO - Sync 1 DAGs
[2025-04-02T06:24:20.961+0000] {logging_mixin.py:190} INFO - [2025-04-02T06:24:20.961+0000] {dag.py:4180} INFO - Setting next_dagrun for example_python_operator to None, run_after=None
[2025-04-02T06:24:20.978+0000] {processor.py:208} INFO - Processing /home/airflow/.local/lib/python3.12/site-packages/airflow/example_dags/example_python_operator.py took 0.052 seconds
[2025-04-02T06:24:51.718+0000] {processor.py:186} INFO - Started process (PID=928) to work on /home/airflow/.local/lib/python3.12/site-packages/airflow/example_dags/example_python_operator.py
[2025-04-02T06:24:51.719+0000] {processor.py:914} INFO - Processing file /home/airflow/.local/lib/python3.12/site-packages/airflow/example_dags/example_python_operator.py for tasks to queue
[2025-04-02T06:24:51.720+0000] {logging_mixin.py:190} INFO - [2025-04-02T06:24:51.720+0000] {dagbag.py:588} INFO - Filling up the DagBag from /home/airflow/.local/lib/python3.12/site-packages/airflow/example_dags/example_python_operator.py
[2025-04-02T06:24:51.728+0000] {processor.py:925} INFO - DAG(s) 'example_python_operator' retrieved from /home/airflow/.local/lib/python3.12/site-packages/airflow/example_dags/example_python_operator.py
[2025-04-02T06:24:51.740+0000] {logging_mixin.py:190} INFO - [2025-04-02T06:24:51.740+0000] {dag.py:3239} INFO - Sync 1 DAGs
[2025-04-02T06:24:51.748+0000] {logging_mixin.py:190} INFO - [2025-04-02T06:24:51.748+0000] {dag.py:4180} INFO - Setting next_dagrun for example_python_operator to None, run_after=None
[2025-04-02T06:24:51.760+0000] {processor.py:208} INFO - Processing /home/airflow/.local/lib/python3.12/site-packages/airflow/example_dags/example_python_operator.py took 0.045 seconds
[2025-04-02T06:25:23.011+0000] {processor.py:186} INFO - Started process (PID=997) to work on /home/airflow/.local/lib/python3.12/site-packages/airflow/example_dags/example_python_operator.py
[2025-04-02T06:25:23.012+0000] {processor.py:914} INFO - Processing file /home/airflow/.local/lib/python3.12/site-packages/airflow/example_dags/example_python_operator.py for tasks to queue
[2025-04-02T06:25:23.013+0000] {logging_mixin.py:190} INFO - [2025-04-02T06:25:23.013+0000] {dagbag.py:588} INFO - Filling up the DagBag from /home/airflow/.local/lib/python3.12/site-packages/airflow/example_dags/example_python_operator.py
[2025-04-02T06:25:23.020+0000] {processor.py:925} INFO - DAG(s) 'example_python_operator' retrieved from /home/airflow/.local/lib/python3.12/site-packages/airflow/example_dags/example_python_operator.py
[2025-04-02T06:25:23.031+0000] {logging_mixin.py:190} INFO - [2025-04-02T06:25:23.031+0000] {dag.py:3239} INFO - Sync 1 DAGs
[2025-04-02T06:25:23.038+0000] {logging_mixin.py:190} INFO - [2025-04-02T06:25:23.038+0000] {dag.py:4180} INFO - Setting next_dagrun for example_python_operator to None, run_after=None
[2025-04-02T06:25:23.046+0000] {processor.py:208} INFO - Processing /home/airflow/.local/lib/python3.12/site-packages/airflow/example_dags/example_python_operator.py took 0.039 seconds
[2025-04-02T06:25:53.478+0000] {processor.py:186} INFO - Started process (PID=1060) to work on /home/airflow/.local/lib/python3.12/site-packages/airflow/example_dags/example_python_operator.py
[2025-04-02T06:25:53.481+0000] {processor.py:914} INFO - Processing file /home/airflow/.local/lib/python3.12/site-packages/airflow/example_dags/example_python_operator.py for tasks to queue
[2025-04-02T06:25:53.483+0000] {logging_mixin.py:190} INFO - [2025-04-02T06:25:53.483+0000] {dagbag.py:588} INFO - Filling up the DagBag from /home/airflow/.local/lib/python3.12/site-packages/airflow/example_dags/example_python_operator.py
[2025-04-02T06:25:53.491+0000] {processor.py:925} INFO - DAG(s) 'example_python_operator' retrieved from /home/airflow/.local/lib/python3.12/site-packages/airflow/example_dags/example_python_operator.py
[2025-04-02T06:25:53.506+0000] {logging_mixin.py:190} INFO - [2025-04-02T06:25:53.505+0000] {dag.py:3239} INFO - Sync 1 DAGs
[2025-04-02T06:25:53.514+0000] {logging_mixin.py:190} INFO - [2025-04-02T06:25:53.513+0000] {dag.py:4180} INFO - Setting next_dagrun for example_python_operator to None, run_after=None
[2025-04-02T06:25:53.525+0000] {processor.py:208} INFO - Processing /home/airflow/.local/lib/python3.12/site-packages/airflow/example_dags/example_python_operator.py took 0.050 seconds
[2025-04-02T06:26:24.985+0000] {processor.py:186} INFO - Started process (PID=1130) to work on /home/airflow/.local/lib/python3.12/site-packages/airflow/example_dags/example_python_operator.py
[2025-04-02T06:26:24.986+0000] {processor.py:914} INFO - Processing file /home/airflow/.local/lib/python3.12/site-packages/airflow/example_dags/example_python_operator.py for tasks to queue
[2025-04-02T06:26:24.987+0000] {logging_mixin.py:190} INFO - [2025-04-02T06:26:24.987+0000] {dagbag.py:588} INFO - Filling up the DagBag from /home/airflow/.local/lib/python3.12/site-packages/airflow/example_dags/example_python_operator.py
[2025-04-02T06:26:24.994+0000] {processor.py:925} INFO - DAG(s) 'example_python_operator' retrieved from /home/airflow/.local/lib/python3.12/site-packages/airflow/example_dags/example_python_operator.py
[2025-04-02T06:26:25.006+0000] {logging_mixin.py:190} INFO - [2025-04-02T06:26:25.005+0000] {dag.py:3239} INFO - Sync 1 DAGs
[2025-04-02T06:26:25.012+0000] {logging_mixin.py:190} INFO - [2025-04-02T06:26:25.012+0000] {dag.py:4180} INFO - Setting next_dagrun for example_python_operator to None, run_after=None
[2025-04-02T06:26:25.021+0000] {processor.py:208} INFO - Processing /home/airflow/.local/lib/python3.12/site-packages/airflow/example_dags/example_python_operator.py took 0.039 seconds
[2025-04-02T06:26:56.615+0000] {processor.py:186} INFO - Started process (PID=1199) to work on /home/airflow/.local/lib/python3.12/site-packages/airflow/example_dags/example_python_operator.py
[2025-04-02T06:26:56.615+0000] {processor.py:914} INFO - Processing file /home/airflow/.local/lib/python3.12/site-packages/airflow/example_dags/example_python_operator.py for tasks to queue
[2025-04-02T06:26:56.617+0000] {logging_mixin.py:190} INFO - [2025-04-02T06:26:56.616+0000] {dagbag.py:588} INFO - Filling up the DagBag from /home/airflow/.local/lib/python3.12/site-packages/airflow/example_dags/example_python_operator.py
[2025-04-02T06:26:56.623+0000] {processor.py:925} INFO - DAG(s) 'example_python_operator' retrieved from /home/airflow/.local/lib/python3.12/site-packages/airflow/example_dags/example_python_operator.py
[2025-04-02T06:26:56.635+0000] {logging_mixin.py:190} INFO - [2025-04-02T06:26:56.635+0000] {dag.py:3239} INFO - Sync 1 DAGs
[2025-04-02T06:26:56.644+0000] {logging_mixin.py:190} INFO - [2025-04-02T06:26:56.644+0000] {dag.py:4180} INFO - Setting next_dagrun for example_python_operator to None, run_after=None
[2025-04-02T06:26:56.656+0000] {processor.py:208} INFO - Processing /home/airflow/.local/lib/python3.12/site-packages/airflow/example_dags/example_python_operator.py took 0.045 seconds
[2025-04-02T06:27:27.455+0000] {processor.py:186} INFO - Started process (PID=1265) to work on /home/airflow/.local/lib/python3.12/site-packages/airflow/example_dags/example_python_operator.py
[2025-04-02T06:27:27.457+0000] {processor.py:914} INFO - Processing file /home/airflow/.local/lib/python3.12/site-packages/airflow/example_dags/example_python_operator.py for tasks to queue
[2025-04-02T06:27:27.458+0000] {logging_mixin.py:190} INFO - [2025-04-02T06:27:27.458+0000] {dagbag.py:588} INFO - Filling up the DagBag from /home/airflow/.local/lib/python3.12/site-packages/airflow/example_dags/example_python_operator.py
[2025-04-02T06:27:27.465+0000] {processor.py:925} INFO - DAG(s) 'example_python_operator' retrieved from /home/airflow/.local/lib/python3.12/site-packages/airflow/example_dags/example_python_operator.py
[2025-04-02T06:27:27.486+0000] {logging_mixin.py:190} INFO - [2025-04-02T06:27:27.485+0000] {dag.py:3239} INFO - Sync 1 DAGs
[2025-04-02T06:27:27.495+0000] {logging_mixin.py:190} INFO - [2025-04-02T06:27:27.495+0000] {dag.py:4180} INFO - Setting next_dagrun for example_python_operator to None, run_after=None
[2025-04-02T06:27:27.508+0000] {processor.py:208} INFO - Processing /home/airflow/.local/lib/python3.12/site-packages/airflow/example_dags/example_python_operator.py took 0.056 seconds
[2025-04-02T06:27:58.028+0000] {processor.py:186} INFO - Started process (PID=1333) to work on /home/airflow/.local/lib/python3.12/site-packages/airflow/example_dags/example_python_operator.py
[2025-04-02T06:27:58.028+0000] {processor.py:914} INFO - Processing file /home/airflow/.local/lib/python3.12/site-packages/airflow/example_dags/example_python_operator.py for tasks to queue
[2025-04-02T06:27:58.029+0000] {logging_mixin.py:190} INFO - [2025-04-02T06:27:58.029+0000] {dagbag.py:588} INFO - Filling up the DagBag from /home/airflow/.local/lib/python3.12/site-packages/airflow/example_dags/example_python_operator.py
[2025-04-02T06:27:58.035+0000] {processor.py:925} INFO - DAG(s) 'example_python_operator' retrieved from /home/airflow/.local/lib/python3.12/site-packages/airflow/example_dags/example_python_operator.py
[2025-04-02T06:27:58.047+0000] {logging_mixin.py:190} INFO - [2025-04-02T06:27:58.047+0000] {dag.py:3239} INFO - Sync 1 DAGs
[2025-04-02T06:27:58.054+0000] {logging_mixin.py:190} INFO - [2025-04-02T06:27:58.054+0000] {dag.py:4180} INFO - Setting next_dagrun for example_python_operator to None, run_after=None
[2025-04-02T06:27:58.063+0000] {processor.py:208} INFO - Processing /home/airflow/.local/lib/python3.12/site-packages/airflow/example_dags/example_python_operator.py took 0.039 seconds
