[2025-04-02T06:12:20.868+0000] {processor.py:186} INFO - Started process (PID=109) to work on /home/airflow/.local/lib/python3.12/site-packages/airflow/example_dags/example_display_name.py
[2025-04-02T06:12:20.869+0000] {processor.py:914} INFO - Processing file /home/airflow/.local/lib/python3.12/site-packages/airflow/example_dags/example_display_name.py for tasks to queue
[2025-04-02T06:12:20.870+0000] {logging_mixin.py:190} INFO - [2025-04-02T06:12:20.870+0000] {dagbag.py:588} INFO - Filling up the DagBag from /home/airflow/.local/lib/python3.12/site-packages/airflow/example_dags/example_display_name.py
[2025-04-02T06:12:20.876+0000] {processor.py:925} INFO - DAG(s) 'example_display_name' retrieved from /home/airflow/.local/lib/python3.12/site-packages/airflow/example_dags/example_display_name.py
[2025-04-02T06:12:20.940+0000] {logging_mixin.py:190} INFO - [2025-04-02T06:12:20.939+0000] {override.py:1912} INFO - Created Permission View: can delete on DAG:example_display_name
[2025-04-02T06:12:20.946+0000] {logging_mixin.py:190} INFO - [2025-04-02T06:12:20.946+0000] {override.py:1912} INFO - Created Permission View: can read on DAG:example_display_name
[2025-04-02T06:12:20.949+0000] {logging_mixin.py:190} INFO - [2025-04-02T06:12:20.949+0000] {override.py:1912} INFO - Created Permission View: can edit on DAG:example_display_name
[2025-04-02T06:12:20.952+0000] {logging_mixin.py:190} INFO - [2025-04-02T06:12:20.952+0000] {override.py:1912} INFO - Created Permission View: can delete on DAG Run:example_display_name
[2025-04-02T06:12:20.955+0000] {logging_mixin.py:190} INFO - [2025-04-02T06:12:20.955+0000] {override.py:1912} INFO - Created Permission View: can create on DAG Run:example_display_name
[2025-04-02T06:12:20.958+0000] {logging_mixin.py:190} INFO - [2025-04-02T06:12:20.958+0000] {override.py:1912} INFO - Created Permission View: can read on DAG Run:example_display_name
[2025-04-02T06:12:20.961+0000] {logging_mixin.py:190} INFO - [2025-04-02T06:12:20.961+0000] {override.py:1912} INFO - Created Permission View: menu access on DAG Run:example_display_name
[2025-04-02T06:12:20.961+0000] {logging_mixin.py:190} INFO - [2025-04-02T06:12:20.961+0000] {dag.py:3239} INFO - Sync 1 DAGs
[2025-04-02T06:12:20.968+0000] {logging_mixin.py:190} INFO - [2025-04-02T06:12:20.968+0000] {dag.py:3262} INFO - Creating ORM DAG for example_display_name
[2025-04-02T06:12:20.968+0000] {logging_mixin.py:190} INFO - [2025-04-02T06:12:20.968+0000] {dag.py:4180} INFO - Setting next_dagrun for example_display_name to None, run_after=None
[2025-04-02T06:12:20.976+0000] {processor.py:208} INFO - Processing /home/airflow/.local/lib/python3.12/site-packages/airflow/example_dags/example_display_name.py took 0.112 seconds
[2025-04-02T06:12:51.475+0000] {processor.py:186} INFO - Started process (PID=172) to work on /home/airflow/.local/lib/python3.12/site-packages/airflow/example_dags/example_display_name.py
[2025-04-02T06:12:51.475+0000] {processor.py:914} INFO - Processing file /home/airflow/.local/lib/python3.12/site-packages/airflow/example_dags/example_display_name.py for tasks to queue
[2025-04-02T06:12:51.477+0000] {logging_mixin.py:190} INFO - [2025-04-02T06:12:51.477+0000] {dagbag.py:588} INFO - Filling up the DagBag from /home/airflow/.local/lib/python3.12/site-packages/airflow/example_dags/example_display_name.py
[2025-04-02T06:12:51.482+0000] {processor.py:925} INFO - DAG(s) 'example_display_name' retrieved from /home/airflow/.local/lib/python3.12/site-packages/airflow/example_dags/example_display_name.py
[2025-04-02T06:12:51.495+0000] {logging_mixin.py:190} INFO - [2025-04-02T06:12:51.495+0000] {dag.py:3239} INFO - Sync 1 DAGs
[2025-04-02T06:12:51.502+0000] {logging_mixin.py:190} INFO - [2025-04-02T06:12:51.502+0000] {dag.py:4180} INFO - Setting next_dagrun for example_display_name to None, run_after=None
[2025-04-02T06:12:51.514+0000] {processor.py:208} INFO - Processing /home/airflow/.local/lib/python3.12/site-packages/airflow/example_dags/example_display_name.py took 0.042 seconds
[2025-04-02T06:13:21.721+0000] {processor.py:186} INFO - Started process (PID=235) to work on /home/airflow/.local/lib/python3.12/site-packages/airflow/example_dags/example_display_name.py
[2025-04-02T06:13:21.722+0000] {processor.py:914} INFO - Processing file /home/airflow/.local/lib/python3.12/site-packages/airflow/example_dags/example_display_name.py for tasks to queue
[2025-04-02T06:13:21.723+0000] {logging_mixin.py:190} INFO - [2025-04-02T06:13:21.723+0000] {dagbag.py:588} INFO - Filling up the DagBag from /home/airflow/.local/lib/python3.12/site-packages/airflow/example_dags/example_display_name.py
[2025-04-02T06:13:21.730+0000] {processor.py:925} INFO - DAG(s) 'example_display_name' retrieved from /home/airflow/.local/lib/python3.12/site-packages/airflow/example_dags/example_display_name.py
[2025-04-02T06:13:21.759+0000] {logging_mixin.py:190} INFO - [2025-04-02T06:13:21.758+0000] {dag.py:3239} INFO - Sync 1 DAGs
[2025-04-02T06:13:21.770+0000] {logging_mixin.py:190} INFO - [2025-04-02T06:13:21.770+0000] {dag.py:4180} INFO - Setting next_dagrun for example_display_name to None, run_after=None
[2025-04-02T06:13:21.784+0000] {processor.py:208} INFO - Processing /home/airflow/.local/lib/python3.12/site-packages/airflow/example_dags/example_display_name.py took 0.067 seconds
[2025-04-02T06:13:52.021+0000] {processor.py:186} INFO - Started process (PID=297) to work on /home/airflow/.local/lib/python3.12/site-packages/airflow/example_dags/example_display_name.py
[2025-04-02T06:13:52.023+0000] {processor.py:914} INFO - Processing file /home/airflow/.local/lib/python3.12/site-packages/airflow/example_dags/example_display_name.py for tasks to queue
[2025-04-02T06:13:52.025+0000] {logging_mixin.py:190} INFO - [2025-04-02T06:13:52.025+0000] {dagbag.py:588} INFO - Filling up the DagBag from /home/airflow/.local/lib/python3.12/site-packages/airflow/example_dags/example_display_name.py
[2025-04-02T06:13:52.032+0000] {processor.py:925} INFO - DAG(s) 'example_display_name' retrieved from /home/airflow/.local/lib/python3.12/site-packages/airflow/example_dags/example_display_name.py
[2025-04-02T06:13:52.045+0000] {logging_mixin.py:190} INFO - [2025-04-02T06:13:52.044+0000] {dag.py:3239} INFO - Sync 1 DAGs
[2025-04-02T06:13:52.052+0000] {logging_mixin.py:190} INFO - [2025-04-02T06:13:52.052+0000] {dag.py:4180} INFO - Setting next_dagrun for example_display_name to None, run_after=None
[2025-04-02T06:13:52.060+0000] {processor.py:208} INFO - Processing /home/airflow/.local/lib/python3.12/site-packages/airflow/example_dags/example_display_name.py took 0.042 seconds
[2025-04-02T06:14:22.626+0000] {processor.py:186} INFO - Started process (PID=360) to work on /home/airflow/.local/lib/python3.12/site-packages/airflow/example_dags/example_display_name.py
[2025-04-02T06:14:22.627+0000] {processor.py:914} INFO - Processing file /home/airflow/.local/lib/python3.12/site-packages/airflow/example_dags/example_display_name.py for tasks to queue
[2025-04-02T06:14:22.629+0000] {logging_mixin.py:190} INFO - [2025-04-02T06:14:22.629+0000] {dagbag.py:588} INFO - Filling up the DagBag from /home/airflow/.local/lib/python3.12/site-packages/airflow/example_dags/example_display_name.py
[2025-04-02T06:14:22.635+0000] {processor.py:925} INFO - DAG(s) 'example_display_name' retrieved from /home/airflow/.local/lib/python3.12/site-packages/airflow/example_dags/example_display_name.py
[2025-04-02T06:14:22.647+0000] {logging_mixin.py:190} INFO - [2025-04-02T06:14:22.646+0000] {dag.py:3239} INFO - Sync 1 DAGs
[2025-04-02T06:14:22.654+0000] {logging_mixin.py:190} INFO - [2025-04-02T06:14:22.654+0000] {dag.py:4180} INFO - Setting next_dagrun for example_display_name to None, run_after=None
[2025-04-02T06:14:22.663+0000] {processor.py:208} INFO - Processing /home/airflow/.local/lib/python3.12/site-packages/airflow/example_dags/example_display_name.py took 0.041 seconds
[2025-04-02T06:14:53.906+0000] {processor.py:186} INFO - Started process (PID=423) to work on /home/airflow/.local/lib/python3.12/site-packages/airflow/example_dags/example_display_name.py
[2025-04-02T06:14:53.907+0000] {processor.py:914} INFO - Processing file /home/airflow/.local/lib/python3.12/site-packages/airflow/example_dags/example_display_name.py for tasks to queue
[2025-04-02T06:14:53.908+0000] {logging_mixin.py:190} INFO - [2025-04-02T06:14:53.908+0000] {dagbag.py:588} INFO - Filling up the DagBag from /home/airflow/.local/lib/python3.12/site-packages/airflow/example_dags/example_display_name.py
[2025-04-02T06:14:53.912+0000] {processor.py:925} INFO - DAG(s) 'example_display_name' retrieved from /home/airflow/.local/lib/python3.12/site-packages/airflow/example_dags/example_display_name.py
[2025-04-02T06:14:53.922+0000] {logging_mixin.py:190} INFO - [2025-04-02T06:14:53.922+0000] {dag.py:3239} INFO - Sync 1 DAGs
[2025-04-02T06:14:53.929+0000] {logging_mixin.py:190} INFO - [2025-04-02T06:14:53.929+0000] {dag.py:4180} INFO - Setting next_dagrun for example_display_name to None, run_after=None
[2025-04-02T06:14:53.938+0000] {processor.py:208} INFO - Processing /home/airflow/.local/lib/python3.12/site-packages/airflow/example_dags/example_display_name.py took 0.035 seconds
[2025-04-02T06:15:24.543+0000] {processor.py:186} INFO - Started process (PID=486) to work on /home/airflow/.local/lib/python3.12/site-packages/airflow/example_dags/example_display_name.py
[2025-04-02T06:15:24.545+0000] {processor.py:914} INFO - Processing file /home/airflow/.local/lib/python3.12/site-packages/airflow/example_dags/example_display_name.py for tasks to queue
[2025-04-02T06:15:24.547+0000] {logging_mixin.py:190} INFO - [2025-04-02T06:15:24.547+0000] {dagbag.py:588} INFO - Filling up the DagBag from /home/airflow/.local/lib/python3.12/site-packages/airflow/example_dags/example_display_name.py
[2025-04-02T06:15:24.555+0000] {processor.py:925} INFO - DAG(s) 'example_display_name' retrieved from /home/airflow/.local/lib/python3.12/site-packages/airflow/example_dags/example_display_name.py
[2025-04-02T06:15:24.572+0000] {logging_mixin.py:190} INFO - [2025-04-02T06:15:24.571+0000] {dag.py:3239} INFO - Sync 1 DAGs
[2025-04-02T06:15:24.581+0000] {logging_mixin.py:190} INFO - [2025-04-02T06:15:24.581+0000] {dag.py:4180} INFO - Setting next_dagrun for example_display_name to None, run_after=None
[2025-04-02T06:15:24.591+0000] {processor.py:208} INFO - Processing /home/airflow/.local/lib/python3.12/site-packages/airflow/example_dags/example_display_name.py took 0.052 seconds
[2025-04-02T06:15:55.484+0000] {processor.py:186} INFO - Started process (PID=549) to work on /home/airflow/.local/lib/python3.12/site-packages/airflow/example_dags/example_display_name.py
[2025-04-02T06:15:55.484+0000] {processor.py:914} INFO - Processing file /home/airflow/.local/lib/python3.12/site-packages/airflow/example_dags/example_display_name.py for tasks to queue
[2025-04-02T06:15:55.486+0000] {logging_mixin.py:190} INFO - [2025-04-02T06:15:55.485+0000] {dagbag.py:588} INFO - Filling up the DagBag from /home/airflow/.local/lib/python3.12/site-packages/airflow/example_dags/example_display_name.py
[2025-04-02T06:15:55.490+0000] {processor.py:925} INFO - DAG(s) 'example_display_name' retrieved from /home/airflow/.local/lib/python3.12/site-packages/airflow/example_dags/example_display_name.py
[2025-04-02T06:15:55.500+0000] {logging_mixin.py:190} INFO - [2025-04-02T06:15:55.500+0000] {dag.py:3239} INFO - Sync 1 DAGs
[2025-04-02T06:15:55.512+0000] {logging_mixin.py:190} INFO - [2025-04-02T06:15:55.512+0000] {dag.py:4180} INFO - Setting next_dagrun for example_display_name to None, run_after=None
[2025-04-02T06:15:55.522+0000] {processor.py:208} INFO - Processing /home/airflow/.local/lib/python3.12/site-packages/airflow/example_dags/example_display_name.py took 0.042 seconds
[2025-04-02T06:18:06.713+0000] {processor.py:186} INFO - Started process (PID=108) to work on /home/airflow/.local/lib/python3.12/site-packages/airflow/example_dags/example_display_name.py
[2025-04-02T06:18:06.715+0000] {processor.py:914} INFO - Processing file /home/airflow/.local/lib/python3.12/site-packages/airflow/example_dags/example_display_name.py for tasks to queue
[2025-04-02T06:18:06.717+0000] {logging_mixin.py:190} INFO - [2025-04-02T06:18:06.716+0000] {dagbag.py:588} INFO - Filling up the DagBag from /home/airflow/.local/lib/python3.12/site-packages/airflow/example_dags/example_display_name.py
[2025-04-02T06:18:06.726+0000] {processor.py:925} INFO - DAG(s) 'example_display_name' retrieved from /home/airflow/.local/lib/python3.12/site-packages/airflow/example_dags/example_display_name.py
[2025-04-02T06:18:06.745+0000] {logging_mixin.py:190} INFO - [2025-04-02T06:18:06.744+0000] {dag.py:3239} INFO - Sync 1 DAGs
[2025-04-02T06:18:06.756+0000] {logging_mixin.py:190} INFO - [2025-04-02T06:18:06.756+0000] {dag.py:4180} INFO - Setting next_dagrun for example_display_name to None, run_after=None
[2025-04-02T06:18:06.769+0000] {processor.py:208} INFO - Processing /home/airflow/.local/lib/python3.12/site-packages/airflow/example_dags/example_display_name.py took 0.063 seconds
[2025-04-02T06:18:37.210+0000] {processor.py:186} INFO - Started process (PID=171) to work on /home/airflow/.local/lib/python3.12/site-packages/airflow/example_dags/example_display_name.py
[2025-04-02T06:18:37.211+0000] {processor.py:914} INFO - Processing file /home/airflow/.local/lib/python3.12/site-packages/airflow/example_dags/example_display_name.py for tasks to queue
[2025-04-02T06:18:37.212+0000] {logging_mixin.py:190} INFO - [2025-04-02T06:18:37.212+0000] {dagbag.py:588} INFO - Filling up the DagBag from /home/airflow/.local/lib/python3.12/site-packages/airflow/example_dags/example_display_name.py
[2025-04-02T06:18:37.217+0000] {processor.py:925} INFO - DAG(s) 'example_display_name' retrieved from /home/airflow/.local/lib/python3.12/site-packages/airflow/example_dags/example_display_name.py
[2025-04-02T06:18:37.228+0000] {logging_mixin.py:190} INFO - [2025-04-02T06:18:37.228+0000] {dag.py:3239} INFO - Sync 1 DAGs
[2025-04-02T06:18:37.237+0000] {logging_mixin.py:190} INFO - [2025-04-02T06:18:37.237+0000] {dag.py:4180} INFO - Setting next_dagrun for example_display_name to None, run_after=None
[2025-04-02T06:18:37.247+0000] {processor.py:208} INFO - Processing /home/airflow/.local/lib/python3.12/site-packages/airflow/example_dags/example_display_name.py took 0.040 seconds
[2025-04-02T06:19:07.493+0000] {processor.py:186} INFO - Started process (PID=234) to work on /home/airflow/.local/lib/python3.12/site-packages/airflow/example_dags/example_display_name.py
[2025-04-02T06:19:07.494+0000] {processor.py:914} INFO - Processing file /home/airflow/.local/lib/python3.12/site-packages/airflow/example_dags/example_display_name.py for tasks to queue
[2025-04-02T06:19:07.495+0000] {logging_mixin.py:190} INFO - [2025-04-02T06:19:07.495+0000] {dagbag.py:588} INFO - Filling up the DagBag from /home/airflow/.local/lib/python3.12/site-packages/airflow/example_dags/example_display_name.py
[2025-04-02T06:19:07.501+0000] {processor.py:925} INFO - DAG(s) 'example_display_name' retrieved from /home/airflow/.local/lib/python3.12/site-packages/airflow/example_dags/example_display_name.py
[2025-04-02T06:19:07.514+0000] {logging_mixin.py:190} INFO - [2025-04-02T06:19:07.514+0000] {dag.py:3239} INFO - Sync 1 DAGs
[2025-04-02T06:19:07.522+0000] {logging_mixin.py:190} INFO - [2025-04-02T06:19:07.522+0000] {dag.py:4180} INFO - Setting next_dagrun for example_display_name to None, run_after=None
[2025-04-02T06:19:07.535+0000] {processor.py:208} INFO - Processing /home/airflow/.local/lib/python3.12/site-packages/airflow/example_dags/example_display_name.py took 0.045 seconds
[2025-04-02T06:19:38.846+0000] {processor.py:186} INFO - Started process (PID=297) to work on /home/airflow/.local/lib/python3.12/site-packages/airflow/example_dags/example_display_name.py
[2025-04-02T06:19:38.847+0000] {processor.py:914} INFO - Processing file /home/airflow/.local/lib/python3.12/site-packages/airflow/example_dags/example_display_name.py for tasks to queue
[2025-04-02T06:19:38.848+0000] {logging_mixin.py:190} INFO - [2025-04-02T06:19:38.848+0000] {dagbag.py:588} INFO - Filling up the DagBag from /home/airflow/.local/lib/python3.12/site-packages/airflow/example_dags/example_display_name.py
[2025-04-02T06:19:38.853+0000] {processor.py:925} INFO - DAG(s) 'example_display_name' retrieved from /home/airflow/.local/lib/python3.12/site-packages/airflow/example_dags/example_display_name.py
[2025-04-02T06:19:38.864+0000] {logging_mixin.py:190} INFO - [2025-04-02T06:19:38.864+0000] {dag.py:3239} INFO - Sync 1 DAGs
[2025-04-02T06:19:38.871+0000] {logging_mixin.py:190} INFO - [2025-04-02T06:19:38.871+0000] {dag.py:4180} INFO - Setting next_dagrun for example_display_name to None, run_after=None
[2025-04-02T06:19:38.880+0000] {processor.py:208} INFO - Processing /home/airflow/.local/lib/python3.12/site-packages/airflow/example_dags/example_display_name.py took 0.037 seconds
[2025-04-02T06:20:09.986+0000] {processor.py:186} INFO - Started process (PID=360) to work on /home/airflow/.local/lib/python3.12/site-packages/airflow/example_dags/example_display_name.py
[2025-04-02T06:20:09.987+0000] {processor.py:914} INFO - Processing file /home/airflow/.local/lib/python3.12/site-packages/airflow/example_dags/example_display_name.py for tasks to queue
[2025-04-02T06:20:09.989+0000] {logging_mixin.py:190} INFO - [2025-04-02T06:20:09.988+0000] {dagbag.py:588} INFO - Filling up the DagBag from /home/airflow/.local/lib/python3.12/site-packages/airflow/example_dags/example_display_name.py
[2025-04-02T06:20:09.997+0000] {processor.py:925} INFO - DAG(s) 'example_display_name' retrieved from /home/airflow/.local/lib/python3.12/site-packages/airflow/example_dags/example_display_name.py
[2025-04-02T06:20:10.008+0000] {logging_mixin.py:190} INFO - [2025-04-02T06:20:10.008+0000] {dag.py:3239} INFO - Sync 1 DAGs
[2025-04-02T06:20:10.015+0000] {logging_mixin.py:190} INFO - [2025-04-02T06:20:10.015+0000] {dag.py:4180} INFO - Setting next_dagrun for example_display_name to None, run_after=None
[2025-04-02T06:20:10.026+0000] {processor.py:208} INFO - Processing /home/airflow/.local/lib/python3.12/site-packages/airflow/example_dags/example_display_name.py took 0.043 seconds
[2025-04-02T06:20:41.155+0000] {processor.py:186} INFO - Started process (PID=423) to work on /home/airflow/.local/lib/python3.12/site-packages/airflow/example_dags/example_display_name.py
[2025-04-02T06:20:41.156+0000] {processor.py:914} INFO - Processing file /home/airflow/.local/lib/python3.12/site-packages/airflow/example_dags/example_display_name.py for tasks to queue
[2025-04-02T06:20:41.157+0000] {logging_mixin.py:190} INFO - [2025-04-02T06:20:41.157+0000] {dagbag.py:588} INFO - Filling up the DagBag from /home/airflow/.local/lib/python3.12/site-packages/airflow/example_dags/example_display_name.py
[2025-04-02T06:20:41.161+0000] {processor.py:925} INFO - DAG(s) 'example_display_name' retrieved from /home/airflow/.local/lib/python3.12/site-packages/airflow/example_dags/example_display_name.py
[2025-04-02T06:20:41.172+0000] {logging_mixin.py:190} INFO - [2025-04-02T06:20:41.172+0000] {dag.py:3239} INFO - Sync 1 DAGs
[2025-04-02T06:20:41.180+0000] {logging_mixin.py:190} INFO - [2025-04-02T06:20:41.179+0000] {dag.py:4180} INFO - Setting next_dagrun for example_display_name to None, run_after=None
[2025-04-02T06:20:41.190+0000] {processor.py:208} INFO - Processing /home/airflow/.local/lib/python3.12/site-packages/airflow/example_dags/example_display_name.py took 0.039 seconds
[2025-04-02T06:21:12.555+0000] {processor.py:186} INFO - Started process (PID=486) to work on /home/airflow/.local/lib/python3.12/site-packages/airflow/example_dags/example_display_name.py
[2025-04-02T06:21:12.556+0000] {processor.py:914} INFO - Processing file /home/airflow/.local/lib/python3.12/site-packages/airflow/example_dags/example_display_name.py for tasks to queue
[2025-04-02T06:21:12.557+0000] {logging_mixin.py:190} INFO - [2025-04-02T06:21:12.557+0000] {dagbag.py:588} INFO - Filling up the DagBag from /home/airflow/.local/lib/python3.12/site-packages/airflow/example_dags/example_display_name.py
[2025-04-02T06:21:12.561+0000] {processor.py:925} INFO - DAG(s) 'example_display_name' retrieved from /home/airflow/.local/lib/python3.12/site-packages/airflow/example_dags/example_display_name.py
[2025-04-02T06:21:12.571+0000] {logging_mixin.py:190} INFO - [2025-04-02T06:21:12.571+0000] {dag.py:3239} INFO - Sync 1 DAGs
[2025-04-02T06:21:12.578+0000] {logging_mixin.py:190} INFO - [2025-04-02T06:21:12.578+0000] {dag.py:4180} INFO - Setting next_dagrun for example_display_name to None, run_after=None
[2025-04-02T06:21:12.588+0000] {processor.py:208} INFO - Processing /home/airflow/.local/lib/python3.12/site-packages/airflow/example_dags/example_display_name.py took 0.036 seconds
[2025-04-02T06:21:43.738+0000] {processor.py:186} INFO - Started process (PID=548) to work on /home/airflow/.local/lib/python3.12/site-packages/airflow/example_dags/example_display_name.py
[2025-04-02T06:21:43.739+0000] {processor.py:914} INFO - Processing file /home/airflow/.local/lib/python3.12/site-packages/airflow/example_dags/example_display_name.py for tasks to queue
[2025-04-02T06:21:43.741+0000] {logging_mixin.py:190} INFO - [2025-04-02T06:21:43.740+0000] {dagbag.py:588} INFO - Filling up the DagBag from /home/airflow/.local/lib/python3.12/site-packages/airflow/example_dags/example_display_name.py
[2025-04-02T06:21:43.745+0000] {processor.py:925} INFO - DAG(s) 'example_display_name' retrieved from /home/airflow/.local/lib/python3.12/site-packages/airflow/example_dags/example_display_name.py
[2025-04-02T06:21:43.754+0000] {logging_mixin.py:190} INFO - [2025-04-02T06:21:43.754+0000] {dag.py:3239} INFO - Sync 1 DAGs
[2025-04-02T06:21:43.761+0000] {logging_mixin.py:190} INFO - [2025-04-02T06:21:43.761+0000] {dag.py:4180} INFO - Setting next_dagrun for example_display_name to None, run_after=None
[2025-04-02T06:21:43.772+0000] {processor.py:208} INFO - Processing /home/airflow/.local/lib/python3.12/site-packages/airflow/example_dags/example_display_name.py took 0.038 seconds
[2025-04-02T06:22:15.449+0000] {processor.py:186} INFO - Started process (PID=611) to work on /home/airflow/.local/lib/python3.12/site-packages/airflow/example_dags/example_display_name.py
[2025-04-02T06:22:15.450+0000] {processor.py:914} INFO - Processing file /home/airflow/.local/lib/python3.12/site-packages/airflow/example_dags/example_display_name.py for tasks to queue
[2025-04-02T06:22:15.452+0000] {logging_mixin.py:190} INFO - [2025-04-02T06:22:15.451+0000] {dagbag.py:588} INFO - Filling up the DagBag from /home/airflow/.local/lib/python3.12/site-packages/airflow/example_dags/example_display_name.py
[2025-04-02T06:22:15.457+0000] {processor.py:925} INFO - DAG(s) 'example_display_name' retrieved from /home/airflow/.local/lib/python3.12/site-packages/airflow/example_dags/example_display_name.py
[2025-04-02T06:22:15.469+0000] {logging_mixin.py:190} INFO - [2025-04-02T06:22:15.468+0000] {dag.py:3239} INFO - Sync 1 DAGs
[2025-04-02T06:22:15.475+0000] {logging_mixin.py:190} INFO - [2025-04-02T06:22:15.475+0000] {dag.py:4180} INFO - Setting next_dagrun for example_display_name to None, run_after=None
[2025-04-02T06:22:15.485+0000] {processor.py:208} INFO - Processing /home/airflow/.local/lib/python3.12/site-packages/airflow/example_dags/example_display_name.py took 0.039 seconds
[2025-04-02T06:22:47.187+0000] {processor.py:186} INFO - Started process (PID=674) to work on /home/airflow/.local/lib/python3.12/site-packages/airflow/example_dags/example_display_name.py
[2025-04-02T06:22:47.188+0000] {processor.py:914} INFO - Processing file /home/airflow/.local/lib/python3.12/site-packages/airflow/example_dags/example_display_name.py for tasks to queue
[2025-04-02T06:22:47.189+0000] {logging_mixin.py:190} INFO - [2025-04-02T06:22:47.189+0000] {dagbag.py:588} INFO - Filling up the DagBag from /home/airflow/.local/lib/python3.12/site-packages/airflow/example_dags/example_display_name.py
[2025-04-02T06:22:47.194+0000] {processor.py:925} INFO - DAG(s) 'example_display_name' retrieved from /home/airflow/.local/lib/python3.12/site-packages/airflow/example_dags/example_display_name.py
[2025-04-02T06:22:47.204+0000] {logging_mixin.py:190} INFO - [2025-04-02T06:22:47.204+0000] {dag.py:3239} INFO - Sync 1 DAGs
[2025-04-02T06:22:47.211+0000] {logging_mixin.py:190} INFO - [2025-04-02T06:22:47.211+0000] {dag.py:4180} INFO - Setting next_dagrun for example_display_name to None, run_after=None
[2025-04-02T06:22:47.221+0000] {processor.py:208} INFO - Processing /home/airflow/.local/lib/python3.12/site-packages/airflow/example_dags/example_display_name.py took 0.037 seconds
[2025-04-02T06:23:19.055+0000] {processor.py:186} INFO - Started process (PID=739) to work on /home/airflow/.local/lib/python3.12/site-packages/airflow/example_dags/example_display_name.py
[2025-04-02T06:23:19.056+0000] {processor.py:914} INFO - Processing file /home/airflow/.local/lib/python3.12/site-packages/airflow/example_dags/example_display_name.py for tasks to queue
[2025-04-02T06:23:19.057+0000] {logging_mixin.py:190} INFO - [2025-04-02T06:23:19.057+0000] {dagbag.py:588} INFO - Filling up the DagBag from /home/airflow/.local/lib/python3.12/site-packages/airflow/example_dags/example_display_name.py
[2025-04-02T06:23:19.063+0000] {processor.py:925} INFO - DAG(s) 'example_display_name' retrieved from /home/airflow/.local/lib/python3.12/site-packages/airflow/example_dags/example_display_name.py
[2025-04-02T06:23:19.077+0000] {logging_mixin.py:190} INFO - [2025-04-02T06:23:19.076+0000] {dag.py:3239} INFO - Sync 1 DAGs
[2025-04-02T06:23:19.084+0000] {logging_mixin.py:190} INFO - [2025-04-02T06:23:19.084+0000] {dag.py:4180} INFO - Setting next_dagrun for example_display_name to None, run_after=None
[2025-04-02T06:23:19.094+0000] {processor.py:208} INFO - Processing /home/airflow/.local/lib/python3.12/site-packages/airflow/example_dags/example_display_name.py took 0.042 seconds
[2025-04-02T06:23:50.036+0000] {processor.py:186} INFO - Started process (PID=803) to work on /home/airflow/.local/lib/python3.12/site-packages/airflow/example_dags/example_display_name.py
[2025-04-02T06:23:50.037+0000] {processor.py:914} INFO - Processing file /home/airflow/.local/lib/python3.12/site-packages/airflow/example_dags/example_display_name.py for tasks to queue
[2025-04-02T06:23:50.038+0000] {logging_mixin.py:190} INFO - [2025-04-02T06:23:50.038+0000] {dagbag.py:588} INFO - Filling up the DagBag from /home/airflow/.local/lib/python3.12/site-packages/airflow/example_dags/example_display_name.py
[2025-04-02T06:23:50.043+0000] {processor.py:925} INFO - DAG(s) 'example_display_name' retrieved from /home/airflow/.local/lib/python3.12/site-packages/airflow/example_dags/example_display_name.py
[2025-04-02T06:23:50.055+0000] {logging_mixin.py:190} INFO - [2025-04-02T06:23:50.055+0000] {dag.py:3239} INFO - Sync 1 DAGs
[2025-04-02T06:23:50.067+0000] {logging_mixin.py:190} INFO - [2025-04-02T06:23:50.067+0000] {dag.py:4180} INFO - Setting next_dagrun for example_display_name to None, run_after=None
[2025-04-02T06:23:50.081+0000] {processor.py:208} INFO - Processing /home/airflow/.local/lib/python3.12/site-packages/airflow/example_dags/example_display_name.py took 0.049 seconds
[2025-04-02T06:24:21.346+0000] {processor.py:186} INFO - Started process (PID=869) to work on /home/airflow/.local/lib/python3.12/site-packages/airflow/example_dags/example_display_name.py
[2025-04-02T06:24:21.348+0000] {processor.py:914} INFO - Processing file /home/airflow/.local/lib/python3.12/site-packages/airflow/example_dags/example_display_name.py for tasks to queue
[2025-04-02T06:24:21.350+0000] {logging_mixin.py:190} INFO - [2025-04-02T06:24:21.350+0000] {dagbag.py:588} INFO - Filling up the DagBag from /home/airflow/.local/lib/python3.12/site-packages/airflow/example_dags/example_display_name.py
[2025-04-02T06:24:21.355+0000] {processor.py:925} INFO - DAG(s) 'example_display_name' retrieved from /home/airflow/.local/lib/python3.12/site-packages/airflow/example_dags/example_display_name.py
[2025-04-02T06:24:21.371+0000] {logging_mixin.py:190} INFO - [2025-04-02T06:24:21.371+0000] {dag.py:3239} INFO - Sync 1 DAGs
[2025-04-02T06:24:21.380+0000] {logging_mixin.py:190} INFO - [2025-04-02T06:24:21.380+0000] {dag.py:4180} INFO - Setting next_dagrun for example_display_name to None, run_after=None
[2025-04-02T06:24:21.397+0000] {processor.py:208} INFO - Processing /home/airflow/.local/lib/python3.12/site-packages/airflow/example_dags/example_display_name.py took 0.055 seconds
[2025-04-02T06:24:51.985+0000] {processor.py:186} INFO - Started process (PID=934) to work on /home/airflow/.local/lib/python3.12/site-packages/airflow/example_dags/example_display_name.py
[2025-04-02T06:24:51.987+0000] {processor.py:914} INFO - Processing file /home/airflow/.local/lib/python3.12/site-packages/airflow/example_dags/example_display_name.py for tasks to queue
[2025-04-02T06:24:51.988+0000] {logging_mixin.py:190} INFO - [2025-04-02T06:24:51.988+0000] {dagbag.py:588} INFO - Filling up the DagBag from /home/airflow/.local/lib/python3.12/site-packages/airflow/example_dags/example_display_name.py
[2025-04-02T06:24:51.993+0000] {processor.py:925} INFO - DAG(s) 'example_display_name' retrieved from /home/airflow/.local/lib/python3.12/site-packages/airflow/example_dags/example_display_name.py
[2025-04-02T06:24:52.005+0000] {logging_mixin.py:190} INFO - [2025-04-02T06:24:52.005+0000] {dag.py:3239} INFO - Sync 1 DAGs
[2025-04-02T06:24:52.014+0000] {logging_mixin.py:190} INFO - [2025-04-02T06:24:52.014+0000] {dag.py:4180} INFO - Setting next_dagrun for example_display_name to None, run_after=None
[2025-04-02T06:24:52.024+0000] {processor.py:208} INFO - Processing /home/airflow/.local/lib/python3.12/site-packages/airflow/example_dags/example_display_name.py took 0.042 seconds
[2025-04-02T06:25:23.289+0000] {processor.py:186} INFO - Started process (PID=1002) to work on /home/airflow/.local/lib/python3.12/site-packages/airflow/example_dags/example_display_name.py
[2025-04-02T06:25:23.290+0000] {processor.py:914} INFO - Processing file /home/airflow/.local/lib/python3.12/site-packages/airflow/example_dags/example_display_name.py for tasks to queue
[2025-04-02T06:25:23.291+0000] {logging_mixin.py:190} INFO - [2025-04-02T06:25:23.291+0000] {dagbag.py:588} INFO - Filling up the DagBag from /home/airflow/.local/lib/python3.12/site-packages/airflow/example_dags/example_display_name.py
[2025-04-02T06:25:23.295+0000] {processor.py:925} INFO - DAG(s) 'example_display_name' retrieved from /home/airflow/.local/lib/python3.12/site-packages/airflow/example_dags/example_display_name.py
[2025-04-02T06:25:23.306+0000] {logging_mixin.py:190} INFO - [2025-04-02T06:25:23.305+0000] {dag.py:3239} INFO - Sync 1 DAGs
[2025-04-02T06:25:23.313+0000] {logging_mixin.py:190} INFO - [2025-04-02T06:25:23.312+0000] {dag.py:4180} INFO - Setting next_dagrun for example_display_name to None, run_after=None
[2025-04-02T06:25:23.322+0000] {processor.py:208} INFO - Processing /home/airflow/.local/lib/python3.12/site-packages/airflow/example_dags/example_display_name.py took 0.036 seconds
[2025-04-02T06:25:53.756+0000] {processor.py:186} INFO - Started process (PID=1066) to work on /home/airflow/.local/lib/python3.12/site-packages/airflow/example_dags/example_display_name.py
[2025-04-02T06:25:53.757+0000] {processor.py:914} INFO - Processing file /home/airflow/.local/lib/python3.12/site-packages/airflow/example_dags/example_display_name.py for tasks to queue
[2025-04-02T06:25:53.758+0000] {logging_mixin.py:190} INFO - [2025-04-02T06:25:53.758+0000] {dagbag.py:588} INFO - Filling up the DagBag from /home/airflow/.local/lib/python3.12/site-packages/airflow/example_dags/example_display_name.py
[2025-04-02T06:25:53.763+0000] {processor.py:925} INFO - DAG(s) 'example_display_name' retrieved from /home/airflow/.local/lib/python3.12/site-packages/airflow/example_dags/example_display_name.py
[2025-04-02T06:25:53.776+0000] {logging_mixin.py:190} INFO - [2025-04-02T06:25:53.776+0000] {dag.py:3239} INFO - Sync 1 DAGs
[2025-04-02T06:25:53.784+0000] {logging_mixin.py:190} INFO - [2025-04-02T06:25:53.784+0000] {dag.py:4180} INFO - Setting next_dagrun for example_display_name to None, run_after=None
[2025-04-02T06:25:53.792+0000] {processor.py:208} INFO - Processing /home/airflow/.local/lib/python3.12/site-packages/airflow/example_dags/example_display_name.py took 0.040 seconds
[2025-04-02T06:26:25.252+0000] {processor.py:186} INFO - Started process (PID=1135) to work on /home/airflow/.local/lib/python3.12/site-packages/airflow/example_dags/example_display_name.py
[2025-04-02T06:26:25.253+0000] {processor.py:914} INFO - Processing file /home/airflow/.local/lib/python3.12/site-packages/airflow/example_dags/example_display_name.py for tasks to queue
[2025-04-02T06:26:25.254+0000] {logging_mixin.py:190} INFO - [2025-04-02T06:26:25.254+0000] {dagbag.py:588} INFO - Filling up the DagBag from /home/airflow/.local/lib/python3.12/site-packages/airflow/example_dags/example_display_name.py
[2025-04-02T06:26:25.259+0000] {processor.py:925} INFO - DAG(s) 'example_display_name' retrieved from /home/airflow/.local/lib/python3.12/site-packages/airflow/example_dags/example_display_name.py
[2025-04-02T06:26:25.269+0000] {logging_mixin.py:190} INFO - [2025-04-02T06:26:25.269+0000] {dag.py:3239} INFO - Sync 1 DAGs
[2025-04-02T06:26:25.277+0000] {logging_mixin.py:190} INFO - [2025-04-02T06:26:25.276+0000] {dag.py:4180} INFO - Setting next_dagrun for example_display_name to None, run_after=None
[2025-04-02T06:26:25.288+0000] {processor.py:208} INFO - Processing /home/airflow/.local/lib/python3.12/site-packages/airflow/example_dags/example_display_name.py took 0.039 seconds
[2025-04-02T06:26:56.876+0000] {processor.py:186} INFO - Started process (PID=1204) to work on /home/airflow/.local/lib/python3.12/site-packages/airflow/example_dags/example_display_name.py
[2025-04-02T06:26:56.877+0000] {processor.py:914} INFO - Processing file /home/airflow/.local/lib/python3.12/site-packages/airflow/example_dags/example_display_name.py for tasks to queue
[2025-04-02T06:26:56.879+0000] {logging_mixin.py:190} INFO - [2025-04-02T06:26:56.879+0000] {dagbag.py:588} INFO - Filling up the DagBag from /home/airflow/.local/lib/python3.12/site-packages/airflow/example_dags/example_display_name.py
[2025-04-02T06:26:56.883+0000] {processor.py:925} INFO - DAG(s) 'example_display_name' retrieved from /home/airflow/.local/lib/python3.12/site-packages/airflow/example_dags/example_display_name.py
[2025-04-02T06:26:56.898+0000] {logging_mixin.py:190} INFO - [2025-04-02T06:26:56.896+0000] {dag.py:3239} INFO - Sync 1 DAGs
[2025-04-02T06:26:56.905+0000] {logging_mixin.py:190} INFO - [2025-04-02T06:26:56.905+0000] {dag.py:4180} INFO - Setting next_dagrun for example_display_name to None, run_after=None
[2025-04-02T06:26:56.915+0000] {processor.py:208} INFO - Processing /home/airflow/.local/lib/python3.12/site-packages/airflow/example_dags/example_display_name.py took 0.043 seconds
[2025-04-02T06:27:27.633+0000] {processor.py:186} INFO - Started process (PID=1270) to work on /home/airflow/.local/lib/python3.12/site-packages/airflow/example_dags/example_display_name.py
[2025-04-02T06:27:27.634+0000] {processor.py:914} INFO - Processing file /home/airflow/.local/lib/python3.12/site-packages/airflow/example_dags/example_display_name.py for tasks to queue
[2025-04-02T06:27:27.635+0000] {logging_mixin.py:190} INFO - [2025-04-02T06:27:27.634+0000] {dagbag.py:588} INFO - Filling up the DagBag from /home/airflow/.local/lib/python3.12/site-packages/airflow/example_dags/example_display_name.py
[2025-04-02T06:27:27.639+0000] {processor.py:925} INFO - DAG(s) 'example_display_name' retrieved from /home/airflow/.local/lib/python3.12/site-packages/airflow/example_dags/example_display_name.py
[2025-04-02T06:27:27.653+0000] {logging_mixin.py:190} INFO - [2025-04-02T06:27:27.652+0000] {dag.py:3239} INFO - Sync 1 DAGs
[2025-04-02T06:27:27.660+0000] {logging_mixin.py:190} INFO - [2025-04-02T06:27:27.660+0000] {dag.py:4180} INFO - Setting next_dagrun for example_display_name to None, run_after=None
[2025-04-02T06:27:27.670+0000] {processor.py:208} INFO - Processing /home/airflow/.local/lib/python3.12/site-packages/airflow/example_dags/example_display_name.py took 0.040 seconds
[2025-04-02T06:27:58.305+0000] {processor.py:186} INFO - Started process (PID=1338) to work on /home/airflow/.local/lib/python3.12/site-packages/airflow/example_dags/example_display_name.py
[2025-04-02T06:27:58.306+0000] {processor.py:914} INFO - Processing file /home/airflow/.local/lib/python3.12/site-packages/airflow/example_dags/example_display_name.py for tasks to queue
[2025-04-02T06:27:58.307+0000] {logging_mixin.py:190} INFO - [2025-04-02T06:27:58.307+0000] {dagbag.py:588} INFO - Filling up the DagBag from /home/airflow/.local/lib/python3.12/site-packages/airflow/example_dags/example_display_name.py
[2025-04-02T06:27:58.311+0000] {processor.py:925} INFO - DAG(s) 'example_display_name' retrieved from /home/airflow/.local/lib/python3.12/site-packages/airflow/example_dags/example_display_name.py
[2025-04-02T06:27:58.326+0000] {logging_mixin.py:190} INFO - [2025-04-02T06:27:58.326+0000] {dag.py:3239} INFO - Sync 1 DAGs
[2025-04-02T06:27:58.335+0000] {logging_mixin.py:190} INFO - [2025-04-02T06:27:58.335+0000] {dag.py:4180} INFO - Setting next_dagrun for example_display_name to None, run_after=None
[2025-04-02T06:27:58.352+0000] {processor.py:208} INFO - Processing /home/airflow/.local/lib/python3.12/site-packages/airflow/example_dags/example_display_name.py took 0.050 seconds
