[2025-04-02T06:12:16.186+0000] {processor.py:186} INFO - Started process (PID=82) to work on /home/airflow/.local/lib/python3.12/site-packages/airflow/example_dags/example_branch_labels.py
[2025-04-02T06:12:16.186+0000] {processor.py:914} INFO - Processing file /home/airflow/.local/lib/python3.12/site-packages/airflow/example_dags/example_branch_labels.py for tasks to queue
[2025-04-02T06:12:16.189+0000] {logging_mixin.py:190} INFO - [2025-04-02T06:12:16.188+0000] {dagbag.py:588} INFO - Filling up the DagBag from /home/airflow/.local/lib/python3.12/site-packages/airflow/example_dags/example_branch_labels.py
[2025-04-02T06:12:16.200+0000] {processor.py:925} INFO - DAG(s) 'example_branch_labels' retrieved from /home/airflow/.local/lib/python3.12/site-packages/airflow/example_dags/example_branch_labels.py
[2025-04-02T06:12:16.299+0000] {logging_mixin.py:190} INFO - [2025-04-02T06:12:16.298+0000] {override.py:1912} INFO - Created Permission View: can delete on DAG:example_branch_labels
[2025-04-02T06:12:16.309+0000] {logging_mixin.py:190} INFO - [2025-04-02T06:12:16.309+0000] {override.py:1912} INFO - Created Permission View: can read on DAG:example_branch_labels
[2025-04-02T06:12:16.331+0000] {logging_mixin.py:190} INFO - [2025-04-02T06:12:16.330+0000] {override.py:1912} INFO - Created Permission View: can edit on DAG:example_branch_labels
[2025-04-02T06:12:16.344+0000] {logging_mixin.py:190} INFO - [2025-04-02T06:12:16.344+0000] {override.py:1912} INFO - Created Permission View: can delete on DAG Run:example_branch_labels
[2025-04-02T06:12:16.353+0000] {logging_mixin.py:190} INFO - [2025-04-02T06:12:16.353+0000] {override.py:1912} INFO - Created Permission View: can create on DAG Run:example_branch_labels
[2025-04-02T06:12:16.363+0000] {logging_mixin.py:190} INFO - [2025-04-02T06:12:16.362+0000] {override.py:1912} INFO - Created Permission View: can read on DAG Run:example_branch_labels
[2025-04-02T06:12:16.369+0000] {logging_mixin.py:190} INFO - [2025-04-02T06:12:16.369+0000] {override.py:1912} INFO - Created Permission View: menu access on DAG Run:example_branch_labels
[2025-04-02T06:12:16.370+0000] {logging_mixin.py:190} INFO - [2025-04-02T06:12:16.369+0000] {dag.py:3239} INFO - Sync 1 DAGs
[2025-04-02T06:12:16.382+0000] {logging_mixin.py:190} INFO - [2025-04-02T06:12:16.382+0000] {dag.py:3262} INFO - Creating ORM DAG for example_branch_labels
[2025-04-02T06:12:16.395+0000] {logging_mixin.py:190} INFO - [2025-04-02T06:12:16.395+0000] {dag.py:4180} INFO - Setting next_dagrun for example_branch_labels to 2025-04-01 00:00:00+00:00, run_after=2025-04-02 00:00:00+00:00
[2025-04-02T06:12:16.411+0000] {processor.py:208} INFO - Processing /home/airflow/.local/lib/python3.12/site-packages/airflow/example_dags/example_branch_labels.py took 0.230 seconds
[2025-04-02T06:12:47.036+0000] {processor.py:186} INFO - Started process (PID=145) to work on /home/airflow/.local/lib/python3.12/site-packages/airflow/example_dags/example_branch_labels.py
[2025-04-02T06:12:47.037+0000] {processor.py:914} INFO - Processing file /home/airflow/.local/lib/python3.12/site-packages/airflow/example_dags/example_branch_labels.py for tasks to queue
[2025-04-02T06:12:47.039+0000] {logging_mixin.py:190} INFO - [2025-04-02T06:12:47.038+0000] {dagbag.py:588} INFO - Filling up the DagBag from /home/airflow/.local/lib/python3.12/site-packages/airflow/example_dags/example_branch_labels.py
[2025-04-02T06:12:47.046+0000] {processor.py:925} INFO - DAG(s) 'example_branch_labels' retrieved from /home/airflow/.local/lib/python3.12/site-packages/airflow/example_dags/example_branch_labels.py
[2025-04-02T06:12:47.065+0000] {logging_mixin.py:190} INFO - [2025-04-02T06:12:47.065+0000] {dag.py:3239} INFO - Sync 1 DAGs
[2025-04-02T06:12:47.079+0000] {logging_mixin.py:190} INFO - [2025-04-02T06:12:47.079+0000] {dag.py:4180} INFO - Setting next_dagrun for example_branch_labels to 2025-04-01 00:00:00+00:00, run_after=2025-04-02 00:00:00+00:00
[2025-04-02T06:12:47.089+0000] {processor.py:208} INFO - Processing /home/airflow/.local/lib/python3.12/site-packages/airflow/example_dags/example_branch_labels.py took 0.058 seconds
[2025-04-02T06:13:18.080+0000] {processor.py:186} INFO - Started process (PID=208) to work on /home/airflow/.local/lib/python3.12/site-packages/airflow/example_dags/example_branch_labels.py
[2025-04-02T06:13:18.081+0000] {processor.py:914} INFO - Processing file /home/airflow/.local/lib/python3.12/site-packages/airflow/example_dags/example_branch_labels.py for tasks to queue
[2025-04-02T06:13:18.082+0000] {logging_mixin.py:190} INFO - [2025-04-02T06:13:18.082+0000] {dagbag.py:588} INFO - Filling up the DagBag from /home/airflow/.local/lib/python3.12/site-packages/airflow/example_dags/example_branch_labels.py
[2025-04-02T06:13:18.089+0000] {processor.py:925} INFO - DAG(s) 'example_branch_labels' retrieved from /home/airflow/.local/lib/python3.12/site-packages/airflow/example_dags/example_branch_labels.py
[2025-04-02T06:13:18.101+0000] {logging_mixin.py:190} INFO - [2025-04-02T06:13:18.101+0000] {dag.py:3239} INFO - Sync 1 DAGs
[2025-04-02T06:13:18.114+0000] {logging_mixin.py:190} INFO - [2025-04-02T06:13:18.114+0000] {dag.py:4180} INFO - Setting next_dagrun for example_branch_labels to 2025-04-01 00:00:00+00:00, run_after=2025-04-02 00:00:00+00:00
[2025-04-02T06:13:18.125+0000] {processor.py:208} INFO - Processing /home/airflow/.local/lib/python3.12/site-packages/airflow/example_dags/example_branch_labels.py took 0.048 seconds
[2025-04-02T06:13:48.325+0000] {processor.py:186} INFO - Started process (PID=270) to work on /home/airflow/.local/lib/python3.12/site-packages/airflow/example_dags/example_branch_labels.py
[2025-04-02T06:13:48.326+0000] {processor.py:914} INFO - Processing file /home/airflow/.local/lib/python3.12/site-packages/airflow/example_dags/example_branch_labels.py for tasks to queue
[2025-04-02T06:13:48.327+0000] {logging_mixin.py:190} INFO - [2025-04-02T06:13:48.327+0000] {dagbag.py:588} INFO - Filling up the DagBag from /home/airflow/.local/lib/python3.12/site-packages/airflow/example_dags/example_branch_labels.py
[2025-04-02T06:13:48.332+0000] {processor.py:925} INFO - DAG(s) 'example_branch_labels' retrieved from /home/airflow/.local/lib/python3.12/site-packages/airflow/example_dags/example_branch_labels.py
[2025-04-02T06:13:48.342+0000] {logging_mixin.py:190} INFO - [2025-04-02T06:13:48.342+0000] {dag.py:3239} INFO - Sync 1 DAGs
[2025-04-02T06:13:48.352+0000] {logging_mixin.py:190} INFO - [2025-04-02T06:13:48.352+0000] {dag.py:4180} INFO - Setting next_dagrun for example_branch_labels to 2025-04-01 00:00:00+00:00, run_after=2025-04-02 00:00:00+00:00
[2025-04-02T06:13:48.360+0000] {processor.py:208} INFO - Processing /home/airflow/.local/lib/python3.12/site-packages/airflow/example_dags/example_branch_labels.py took 0.038 seconds
[2025-04-02T06:14:18.826+0000] {processor.py:186} INFO - Started process (PID=333) to work on /home/airflow/.local/lib/python3.12/site-packages/airflow/example_dags/example_branch_labels.py
[2025-04-02T06:14:18.827+0000] {processor.py:914} INFO - Processing file /home/airflow/.local/lib/python3.12/site-packages/airflow/example_dags/example_branch_labels.py for tasks to queue
[2025-04-02T06:14:18.828+0000] {logging_mixin.py:190} INFO - [2025-04-02T06:14:18.828+0000] {dagbag.py:588} INFO - Filling up the DagBag from /home/airflow/.local/lib/python3.12/site-packages/airflow/example_dags/example_branch_labels.py
[2025-04-02T06:14:18.834+0000] {processor.py:925} INFO - DAG(s) 'example_branch_labels' retrieved from /home/airflow/.local/lib/python3.12/site-packages/airflow/example_dags/example_branch_labels.py
[2025-04-02T06:14:18.845+0000] {logging_mixin.py:190} INFO - [2025-04-02T06:14:18.845+0000] {dag.py:3239} INFO - Sync 1 DAGs
[2025-04-02T06:14:18.858+0000] {logging_mixin.py:190} INFO - [2025-04-02T06:14:18.858+0000] {dag.py:4180} INFO - Setting next_dagrun for example_branch_labels to 2025-04-01 00:00:00+00:00, run_after=2025-04-02 00:00:00+00:00
[2025-04-02T06:14:18.868+0000] {processor.py:208} INFO - Processing /home/airflow/.local/lib/python3.12/site-packages/airflow/example_dags/example_branch_labels.py took 0.046 seconds
[2025-04-02T06:14:49.423+0000] {processor.py:186} INFO - Started process (PID=396) to work on /home/airflow/.local/lib/python3.12/site-packages/airflow/example_dags/example_branch_labels.py
[2025-04-02T06:14:49.424+0000] {processor.py:914} INFO - Processing file /home/airflow/.local/lib/python3.12/site-packages/airflow/example_dags/example_branch_labels.py for tasks to queue
[2025-04-02T06:14:49.426+0000] {logging_mixin.py:190} INFO - [2025-04-02T06:14:49.426+0000] {dagbag.py:588} INFO - Filling up the DagBag from /home/airflow/.local/lib/python3.12/site-packages/airflow/example_dags/example_branch_labels.py
[2025-04-02T06:14:49.438+0000] {processor.py:925} INFO - DAG(s) 'example_branch_labels' retrieved from /home/airflow/.local/lib/python3.12/site-packages/airflow/example_dags/example_branch_labels.py
[2025-04-02T06:14:49.451+0000] {logging_mixin.py:190} INFO - [2025-04-02T06:14:49.451+0000] {dag.py:3239} INFO - Sync 1 DAGs
[2025-04-02T06:14:49.465+0000] {logging_mixin.py:190} INFO - [2025-04-02T06:14:49.465+0000] {dag.py:4180} INFO - Setting next_dagrun for example_branch_labels to 2025-04-01 00:00:00+00:00, run_after=2025-04-02 00:00:00+00:00
[2025-04-02T06:14:49.477+0000] {processor.py:208} INFO - Processing /home/airflow/.local/lib/python3.12/site-packages/airflow/example_dags/example_branch_labels.py took 0.058 seconds
[2025-04-02T06:15:20.524+0000] {processor.py:186} INFO - Started process (PID=460) to work on /home/airflow/.local/lib/python3.12/site-packages/airflow/example_dags/example_branch_labels.py
[2025-04-02T06:15:20.525+0000] {processor.py:914} INFO - Processing file /home/airflow/.local/lib/python3.12/site-packages/airflow/example_dags/example_branch_labels.py for tasks to queue
[2025-04-02T06:15:20.526+0000] {logging_mixin.py:190} INFO - [2025-04-02T06:15:20.526+0000] {dagbag.py:588} INFO - Filling up the DagBag from /home/airflow/.local/lib/python3.12/site-packages/airflow/example_dags/example_branch_labels.py
[2025-04-02T06:15:20.532+0000] {processor.py:925} INFO - DAG(s) 'example_branch_labels' retrieved from /home/airflow/.local/lib/python3.12/site-packages/airflow/example_dags/example_branch_labels.py
[2025-04-02T06:15:20.546+0000] {logging_mixin.py:190} INFO - [2025-04-02T06:15:20.546+0000] {dag.py:3239} INFO - Sync 1 DAGs
[2025-04-02T06:15:20.567+0000] {logging_mixin.py:190} INFO - [2025-04-02T06:15:20.567+0000] {dag.py:4180} INFO - Setting next_dagrun for example_branch_labels to 2025-04-01 00:00:00+00:00, run_after=2025-04-02 00:00:00+00:00
[2025-04-02T06:15:20.579+0000] {processor.py:208} INFO - Processing /home/airflow/.local/lib/python3.12/site-packages/airflow/example_dags/example_branch_labels.py took 0.058 seconds
[2025-04-02T06:15:50.802+0000] {processor.py:186} INFO - Started process (PID=522) to work on /home/airflow/.local/lib/python3.12/site-packages/airflow/example_dags/example_branch_labels.py
[2025-04-02T06:15:50.803+0000] {processor.py:914} INFO - Processing file /home/airflow/.local/lib/python3.12/site-packages/airflow/example_dags/example_branch_labels.py for tasks to queue
[2025-04-02T06:15:50.805+0000] {logging_mixin.py:190} INFO - [2025-04-02T06:15:50.805+0000] {dagbag.py:588} INFO - Filling up the DagBag from /home/airflow/.local/lib/python3.12/site-packages/airflow/example_dags/example_branch_labels.py
[2025-04-02T06:15:50.810+0000] {processor.py:925} INFO - DAG(s) 'example_branch_labels' retrieved from /home/airflow/.local/lib/python3.12/site-packages/airflow/example_dags/example_branch_labels.py
[2025-04-02T06:15:50.822+0000] {logging_mixin.py:190} INFO - [2025-04-02T06:15:50.822+0000] {dag.py:3239} INFO - Sync 1 DAGs
[2025-04-02T06:15:50.833+0000] {logging_mixin.py:190} INFO - [2025-04-02T06:15:50.833+0000] {dag.py:4180} INFO - Setting next_dagrun for example_branch_labels to 2025-04-01 00:00:00+00:00, run_after=2025-04-02 00:00:00+00:00
[2025-04-02T06:15:50.841+0000] {processor.py:208} INFO - Processing /home/airflow/.local/lib/python3.12/site-packages/airflow/example_dags/example_branch_labels.py took 0.043 seconds
[2025-04-02T06:18:03.448+0000] {processor.py:186} INFO - Started process (PID=81) to work on /home/airflow/.local/lib/python3.12/site-packages/airflow/example_dags/example_branch_labels.py
[2025-04-02T06:18:03.449+0000] {processor.py:914} INFO - Processing file /home/airflow/.local/lib/python3.12/site-packages/airflow/example_dags/example_branch_labels.py for tasks to queue
[2025-04-02T06:18:03.453+0000] {logging_mixin.py:190} INFO - [2025-04-02T06:18:03.453+0000] {dagbag.py:588} INFO - Filling up the DagBag from /home/airflow/.local/lib/python3.12/site-packages/airflow/example_dags/example_branch_labels.py
[2025-04-02T06:18:03.461+0000] {processor.py:925} INFO - DAG(s) 'example_branch_labels' retrieved from /home/airflow/.local/lib/python3.12/site-packages/airflow/example_dags/example_branch_labels.py
[2025-04-02T06:18:03.481+0000] {logging_mixin.py:190} INFO - [2025-04-02T06:18:03.481+0000] {dag.py:3239} INFO - Sync 1 DAGs
[2025-04-02T06:18:03.498+0000] {logging_mixin.py:190} INFO - [2025-04-02T06:18:03.498+0000] {dag.py:4180} INFO - Setting next_dagrun for example_branch_labels to 2025-04-01 00:00:00+00:00, run_after=2025-04-02 00:00:00+00:00
[2025-04-02T06:18:03.507+0000] {processor.py:208} INFO - Processing /home/airflow/.local/lib/python3.12/site-packages/airflow/example_dags/example_branch_labels.py took 0.065 seconds
[2025-04-02T06:18:34.434+0000] {processor.py:186} INFO - Started process (PID=144) to work on /home/airflow/.local/lib/python3.12/site-packages/airflow/example_dags/example_branch_labels.py
[2025-04-02T06:18:34.435+0000] {processor.py:914} INFO - Processing file /home/airflow/.local/lib/python3.12/site-packages/airflow/example_dags/example_branch_labels.py for tasks to queue
[2025-04-02T06:18:34.437+0000] {logging_mixin.py:190} INFO - [2025-04-02T06:18:34.436+0000] {dagbag.py:588} INFO - Filling up the DagBag from /home/airflow/.local/lib/python3.12/site-packages/airflow/example_dags/example_branch_labels.py
[2025-04-02T06:18:34.443+0000] {processor.py:925} INFO - DAG(s) 'example_branch_labels' retrieved from /home/airflow/.local/lib/python3.12/site-packages/airflow/example_dags/example_branch_labels.py
[2025-04-02T06:18:34.457+0000] {logging_mixin.py:190} INFO - [2025-04-02T06:18:34.457+0000] {dag.py:3239} INFO - Sync 1 DAGs
[2025-04-02T06:18:34.470+0000] {logging_mixin.py:190} INFO - [2025-04-02T06:18:34.470+0000] {dag.py:4180} INFO - Setting next_dagrun for example_branch_labels to 2025-04-01 00:00:00+00:00, run_after=2025-04-02 00:00:00+00:00
[2025-04-02T06:18:34.485+0000] {processor.py:208} INFO - Processing /home/airflow/.local/lib/python3.12/site-packages/airflow/example_dags/example_branch_labels.py took 0.056 seconds
[2025-04-02T06:19:04.516+0000] {processor.py:186} INFO - Started process (PID=206) to work on /home/airflow/.local/lib/python3.12/site-packages/airflow/example_dags/example_branch_labels.py
[2025-04-02T06:19:04.517+0000] {processor.py:914} INFO - Processing file /home/airflow/.local/lib/python3.12/site-packages/airflow/example_dags/example_branch_labels.py for tasks to queue
[2025-04-02T06:19:04.518+0000] {logging_mixin.py:190} INFO - [2025-04-02T06:19:04.518+0000] {dagbag.py:588} INFO - Filling up the DagBag from /home/airflow/.local/lib/python3.12/site-packages/airflow/example_dags/example_branch_labels.py
[2025-04-02T06:19:04.524+0000] {processor.py:925} INFO - DAG(s) 'example_branch_labels' retrieved from /home/airflow/.local/lib/python3.12/site-packages/airflow/example_dags/example_branch_labels.py
[2025-04-02T06:19:04.534+0000] {logging_mixin.py:190} INFO - [2025-04-02T06:19:04.534+0000] {dag.py:3239} INFO - Sync 1 DAGs
[2025-04-02T06:19:04.544+0000] {logging_mixin.py:190} INFO - [2025-04-02T06:19:04.544+0000] {dag.py:4180} INFO - Setting next_dagrun for example_branch_labels to 2025-04-01 00:00:00+00:00, run_after=2025-04-02 00:00:00+00:00
[2025-04-02T06:19:04.551+0000] {processor.py:208} INFO - Processing /home/airflow/.local/lib/python3.12/site-packages/airflow/example_dags/example_branch_labels.py took 0.038 seconds
[2025-04-02T06:19:34.885+0000] {processor.py:186} INFO - Started process (PID=269) to work on /home/airflow/.local/lib/python3.12/site-packages/airflow/example_dags/example_branch_labels.py
[2025-04-02T06:19:34.886+0000] {processor.py:914} INFO - Processing file /home/airflow/.local/lib/python3.12/site-packages/airflow/example_dags/example_branch_labels.py for tasks to queue
[2025-04-02T06:19:34.887+0000] {logging_mixin.py:190} INFO - [2025-04-02T06:19:34.887+0000] {dagbag.py:588} INFO - Filling up the DagBag from /home/airflow/.local/lib/python3.12/site-packages/airflow/example_dags/example_branch_labels.py
[2025-04-02T06:19:34.893+0000] {processor.py:925} INFO - DAG(s) 'example_branch_labels' retrieved from /home/airflow/.local/lib/python3.12/site-packages/airflow/example_dags/example_branch_labels.py
[2025-04-02T06:19:34.903+0000] {logging_mixin.py:190} INFO - [2025-04-02T06:19:34.902+0000] {dag.py:3239} INFO - Sync 1 DAGs
[2025-04-02T06:19:34.914+0000] {logging_mixin.py:190} INFO - [2025-04-02T06:19:34.914+0000] {dag.py:4180} INFO - Setting next_dagrun for example_branch_labels to 2025-04-01 00:00:00+00:00, run_after=2025-04-02 00:00:00+00:00
[2025-04-02T06:19:34.922+0000] {processor.py:208} INFO - Processing /home/airflow/.local/lib/python3.12/site-packages/airflow/example_dags/example_branch_labels.py took 0.041 seconds
[2025-04-02T06:20:05.162+0000] {processor.py:186} INFO - Started process (PID=332) to work on /home/airflow/.local/lib/python3.12/site-packages/airflow/example_dags/example_branch_labels.py
[2025-04-02T06:20:05.163+0000] {processor.py:914} INFO - Processing file /home/airflow/.local/lib/python3.12/site-packages/airflow/example_dags/example_branch_labels.py for tasks to queue
[2025-04-02T06:20:05.164+0000] {logging_mixin.py:190} INFO - [2025-04-02T06:20:05.164+0000] {dagbag.py:588} INFO - Filling up the DagBag from /home/airflow/.local/lib/python3.12/site-packages/airflow/example_dags/example_branch_labels.py
[2025-04-02T06:20:05.170+0000] {processor.py:925} INFO - DAG(s) 'example_branch_labels' retrieved from /home/airflow/.local/lib/python3.12/site-packages/airflow/example_dags/example_branch_labels.py
[2025-04-02T06:20:05.182+0000] {logging_mixin.py:190} INFO - [2025-04-02T06:20:05.181+0000] {dag.py:3239} INFO - Sync 1 DAGs
[2025-04-02T06:20:05.194+0000] {logging_mixin.py:190} INFO - [2025-04-02T06:20:05.194+0000] {dag.py:4180} INFO - Setting next_dagrun for example_branch_labels to 2025-04-01 00:00:00+00:00, run_after=2025-04-02 00:00:00+00:00
[2025-04-02T06:20:05.203+0000] {processor.py:208} INFO - Processing /home/airflow/.local/lib/python3.12/site-packages/airflow/example_dags/example_branch_labels.py took 0.045 seconds
[2025-04-02T06:20:35.321+0000] {processor.py:186} INFO - Started process (PID=395) to work on /home/airflow/.local/lib/python3.12/site-packages/airflow/example_dags/example_branch_labels.py
[2025-04-02T06:20:35.322+0000] {processor.py:914} INFO - Processing file /home/airflow/.local/lib/python3.12/site-packages/airflow/example_dags/example_branch_labels.py for tasks to queue
[2025-04-02T06:20:35.324+0000] {logging_mixin.py:190} INFO - [2025-04-02T06:20:35.324+0000] {dagbag.py:588} INFO - Filling up the DagBag from /home/airflow/.local/lib/python3.12/site-packages/airflow/example_dags/example_branch_labels.py
[2025-04-02T06:20:35.329+0000] {processor.py:925} INFO - DAG(s) 'example_branch_labels' retrieved from /home/airflow/.local/lib/python3.12/site-packages/airflow/example_dags/example_branch_labels.py
[2025-04-02T06:20:35.340+0000] {logging_mixin.py:190} INFO - [2025-04-02T06:20:35.340+0000] {dag.py:3239} INFO - Sync 1 DAGs
[2025-04-02T06:20:35.351+0000] {logging_mixin.py:190} INFO - [2025-04-02T06:20:35.351+0000] {dag.py:4180} INFO - Setting next_dagrun for example_branch_labels to 2025-04-01 00:00:00+00:00, run_after=2025-04-02 00:00:00+00:00
[2025-04-02T06:20:35.360+0000] {processor.py:208} INFO - Processing /home/airflow/.local/lib/python3.12/site-packages/airflow/example_dags/example_branch_labels.py took 0.043 seconds
[2025-04-02T06:21:05.476+0000] {processor.py:186} INFO - Started process (PID=458) to work on /home/airflow/.local/lib/python3.12/site-packages/airflow/example_dags/example_branch_labels.py
[2025-04-02T06:21:05.477+0000] {processor.py:914} INFO - Processing file /home/airflow/.local/lib/python3.12/site-packages/airflow/example_dags/example_branch_labels.py for tasks to queue
[2025-04-02T06:21:05.478+0000] {logging_mixin.py:190} INFO - [2025-04-02T06:21:05.478+0000] {dagbag.py:588} INFO - Filling up the DagBag from /home/airflow/.local/lib/python3.12/site-packages/airflow/example_dags/example_branch_labels.py
[2025-04-02T06:21:05.484+0000] {processor.py:925} INFO - DAG(s) 'example_branch_labels' retrieved from /home/airflow/.local/lib/python3.12/site-packages/airflow/example_dags/example_branch_labels.py
[2025-04-02T06:21:05.496+0000] {logging_mixin.py:190} INFO - [2025-04-02T06:21:05.496+0000] {dag.py:3239} INFO - Sync 1 DAGs
[2025-04-02T06:21:05.509+0000] {logging_mixin.py:190} INFO - [2025-04-02T06:21:05.508+0000] {dag.py:4180} INFO - Setting next_dagrun for example_branch_labels to 2025-04-01 00:00:00+00:00, run_after=2025-04-02 00:00:00+00:00
[2025-04-02T06:21:05.517+0000] {processor.py:208} INFO - Processing /home/airflow/.local/lib/python3.12/site-packages/airflow/example_dags/example_branch_labels.py took 0.045 seconds
[2025-04-02T06:21:35.846+0000] {processor.py:186} INFO - Started process (PID=520) to work on /home/airflow/.local/lib/python3.12/site-packages/airflow/example_dags/example_branch_labels.py
[2025-04-02T06:21:35.847+0000] {processor.py:914} INFO - Processing file /home/airflow/.local/lib/python3.12/site-packages/airflow/example_dags/example_branch_labels.py for tasks to queue
[2025-04-02T06:21:35.849+0000] {logging_mixin.py:190} INFO - [2025-04-02T06:21:35.849+0000] {dagbag.py:588} INFO - Filling up the DagBag from /home/airflow/.local/lib/python3.12/site-packages/airflow/example_dags/example_branch_labels.py
[2025-04-02T06:21:35.854+0000] {processor.py:925} INFO - DAG(s) 'example_branch_labels' retrieved from /home/airflow/.local/lib/python3.12/site-packages/airflow/example_dags/example_branch_labels.py
[2025-04-02T06:21:35.864+0000] {logging_mixin.py:190} INFO - [2025-04-02T06:21:35.864+0000] {dag.py:3239} INFO - Sync 1 DAGs
[2025-04-02T06:21:35.874+0000] {logging_mixin.py:190} INFO - [2025-04-02T06:21:35.874+0000] {dag.py:4180} INFO - Setting next_dagrun for example_branch_labels to 2025-04-01 00:00:00+00:00, run_after=2025-04-02 00:00:00+00:00
[2025-04-02T06:21:35.882+0000] {processor.py:208} INFO - Processing /home/airflow/.local/lib/python3.12/site-packages/airflow/example_dags/example_branch_labels.py took 0.039 seconds
[2025-04-02T06:22:06.074+0000] {processor.py:186} INFO - Started process (PID=583) to work on /home/airflow/.local/lib/python3.12/site-packages/airflow/example_dags/example_branch_labels.py
[2025-04-02T06:22:06.075+0000] {processor.py:914} INFO - Processing file /home/airflow/.local/lib/python3.12/site-packages/airflow/example_dags/example_branch_labels.py for tasks to queue
[2025-04-02T06:22:06.077+0000] {logging_mixin.py:190} INFO - [2025-04-02T06:22:06.077+0000] {dagbag.py:588} INFO - Filling up the DagBag from /home/airflow/.local/lib/python3.12/site-packages/airflow/example_dags/example_branch_labels.py
[2025-04-02T06:22:06.084+0000] {processor.py:925} INFO - DAG(s) 'example_branch_labels' retrieved from /home/airflow/.local/lib/python3.12/site-packages/airflow/example_dags/example_branch_labels.py
[2025-04-02T06:22:06.098+0000] {logging_mixin.py:190} INFO - [2025-04-02T06:22:06.098+0000] {dag.py:3239} INFO - Sync 1 DAGs
[2025-04-02T06:22:06.109+0000] {logging_mixin.py:190} INFO - [2025-04-02T06:22:06.109+0000] {dag.py:4180} INFO - Setting next_dagrun for example_branch_labels to 2025-04-01 00:00:00+00:00, run_after=2025-04-02 00:00:00+00:00
[2025-04-02T06:22:06.120+0000] {processor.py:208} INFO - Processing /home/airflow/.local/lib/python3.12/site-packages/airflow/example_dags/example_branch_labels.py took 0.051 seconds
[2025-04-02T06:22:36.837+0000] {processor.py:186} INFO - Started process (PID=646) to work on /home/airflow/.local/lib/python3.12/site-packages/airflow/example_dags/example_branch_labels.py
[2025-04-02T06:22:36.838+0000] {processor.py:914} INFO - Processing file /home/airflow/.local/lib/python3.12/site-packages/airflow/example_dags/example_branch_labels.py for tasks to queue
[2025-04-02T06:22:36.840+0000] {logging_mixin.py:190} INFO - [2025-04-02T06:22:36.840+0000] {dagbag.py:588} INFO - Filling up the DagBag from /home/airflow/.local/lib/python3.12/site-packages/airflow/example_dags/example_branch_labels.py
[2025-04-02T06:22:36.846+0000] {processor.py:925} INFO - DAG(s) 'example_branch_labels' retrieved from /home/airflow/.local/lib/python3.12/site-packages/airflow/example_dags/example_branch_labels.py
[2025-04-02T06:22:36.857+0000] {logging_mixin.py:190} INFO - [2025-04-02T06:22:36.857+0000] {dag.py:3239} INFO - Sync 1 DAGs
[2025-04-02T06:22:36.867+0000] {logging_mixin.py:190} INFO - [2025-04-02T06:22:36.867+0000] {dag.py:4180} INFO - Setting next_dagrun for example_branch_labels to 2025-04-01 00:00:00+00:00, run_after=2025-04-02 00:00:00+00:00
[2025-04-02T06:22:36.875+0000] {processor.py:208} INFO - Processing /home/airflow/.local/lib/python3.12/site-packages/airflow/example_dags/example_branch_labels.py took 0.041 seconds
[2025-04-02T06:23:07.253+0000] {processor.py:186} INFO - Started process (PID=711) to work on /home/airflow/.local/lib/python3.12/site-packages/airflow/example_dags/example_branch_labels.py
[2025-04-02T06:23:07.254+0000] {processor.py:914} INFO - Processing file /home/airflow/.local/lib/python3.12/site-packages/airflow/example_dags/example_branch_labels.py for tasks to queue
[2025-04-02T06:23:07.258+0000] {logging_mixin.py:190} INFO - [2025-04-02T06:23:07.258+0000] {dagbag.py:588} INFO - Filling up the DagBag from /home/airflow/.local/lib/python3.12/site-packages/airflow/example_dags/example_branch_labels.py
[2025-04-02T06:23:07.268+0000] {processor.py:925} INFO - DAG(s) 'example_branch_labels' retrieved from /home/airflow/.local/lib/python3.12/site-packages/airflow/example_dags/example_branch_labels.py
[2025-04-02T06:23:07.287+0000] {logging_mixin.py:190} INFO - [2025-04-02T06:23:07.287+0000] {dag.py:3239} INFO - Sync 1 DAGs
[2025-04-02T06:23:07.306+0000] {logging_mixin.py:190} INFO - [2025-04-02T06:23:07.305+0000] {dag.py:4180} INFO - Setting next_dagrun for example_branch_labels to 2025-04-01 00:00:00+00:00, run_after=2025-04-02 00:00:00+00:00
[2025-04-02T06:23:07.316+0000] {processor.py:208} INFO - Processing /home/airflow/.local/lib/python3.12/site-packages/airflow/example_dags/example_branch_labels.py took 0.068 seconds
[2025-04-02T06:23:37.462+0000] {processor.py:186} INFO - Started process (PID=775) to work on /home/airflow/.local/lib/python3.12/site-packages/airflow/example_dags/example_branch_labels.py
[2025-04-02T06:23:37.462+0000] {processor.py:914} INFO - Processing file /home/airflow/.local/lib/python3.12/site-packages/airflow/example_dags/example_branch_labels.py for tasks to queue
[2025-04-02T06:23:37.464+0000] {logging_mixin.py:190} INFO - [2025-04-02T06:23:37.463+0000] {dagbag.py:588} INFO - Filling up the DagBag from /home/airflow/.local/lib/python3.12/site-packages/airflow/example_dags/example_branch_labels.py
[2025-04-02T06:23:37.469+0000] {processor.py:925} INFO - DAG(s) 'example_branch_labels' retrieved from /home/airflow/.local/lib/python3.12/site-packages/airflow/example_dags/example_branch_labels.py
[2025-04-02T06:23:37.480+0000] {logging_mixin.py:190} INFO - [2025-04-02T06:23:37.479+0000] {dag.py:3239} INFO - Sync 1 DAGs
[2025-04-02T06:23:37.490+0000] {logging_mixin.py:190} INFO - [2025-04-02T06:23:37.490+0000] {dag.py:4180} INFO - Setting next_dagrun for example_branch_labels to 2025-04-01 00:00:00+00:00, run_after=2025-04-02 00:00:00+00:00
[2025-04-02T06:23:37.498+0000] {processor.py:208} INFO - Processing /home/airflow/.local/lib/python3.12/site-packages/airflow/example_dags/example_branch_labels.py took 0.040 seconds
[2025-04-02T06:24:08.493+0000] {processor.py:186} INFO - Started process (PID=841) to work on /home/airflow/.local/lib/python3.12/site-packages/airflow/example_dags/example_branch_labels.py
[2025-04-02T06:24:08.494+0000] {processor.py:914} INFO - Processing file /home/airflow/.local/lib/python3.12/site-packages/airflow/example_dags/example_branch_labels.py for tasks to queue
[2025-04-02T06:24:08.496+0000] {logging_mixin.py:190} INFO - [2025-04-02T06:24:08.496+0000] {dagbag.py:588} INFO - Filling up the DagBag from /home/airflow/.local/lib/python3.12/site-packages/airflow/example_dags/example_branch_labels.py
[2025-04-02T06:24:08.501+0000] {processor.py:925} INFO - DAG(s) 'example_branch_labels' retrieved from /home/airflow/.local/lib/python3.12/site-packages/airflow/example_dags/example_branch_labels.py
[2025-04-02T06:24:08.513+0000] {logging_mixin.py:190} INFO - [2025-04-02T06:24:08.513+0000] {dag.py:3239} INFO - Sync 1 DAGs
[2025-04-02T06:24:08.525+0000] {logging_mixin.py:190} INFO - [2025-04-02T06:24:08.525+0000] {dag.py:4180} INFO - Setting next_dagrun for example_branch_labels to 2025-04-01 00:00:00+00:00, run_after=2025-04-02 00:00:00+00:00
[2025-04-02T06:24:08.535+0000] {processor.py:208} INFO - Processing /home/airflow/.local/lib/python3.12/site-packages/airflow/example_dags/example_branch_labels.py took 0.044 seconds
[2025-04-02T06:24:38.893+0000] {processor.py:186} INFO - Started process (PID=905) to work on /home/airflow/.local/lib/python3.12/site-packages/airflow/example_dags/example_branch_labels.py
[2025-04-02T06:24:38.893+0000] {processor.py:914} INFO - Processing file /home/airflow/.local/lib/python3.12/site-packages/airflow/example_dags/example_branch_labels.py for tasks to queue
[2025-04-02T06:24:38.895+0000] {logging_mixin.py:190} INFO - [2025-04-02T06:24:38.894+0000] {dagbag.py:588} INFO - Filling up the DagBag from /home/airflow/.local/lib/python3.12/site-packages/airflow/example_dags/example_branch_labels.py
[2025-04-02T06:24:38.900+0000] {processor.py:925} INFO - DAG(s) 'example_branch_labels' retrieved from /home/airflow/.local/lib/python3.12/site-packages/airflow/example_dags/example_branch_labels.py
[2025-04-02T06:24:38.910+0000] {logging_mixin.py:190} INFO - [2025-04-02T06:24:38.910+0000] {dag.py:3239} INFO - Sync 1 DAGs
[2025-04-02T06:24:38.920+0000] {logging_mixin.py:190} INFO - [2025-04-02T06:24:38.920+0000] {dag.py:4180} INFO - Setting next_dagrun for example_branch_labels to 2025-04-01 00:00:00+00:00, run_after=2025-04-02 00:00:00+00:00
[2025-04-02T06:24:38.927+0000] {processor.py:208} INFO - Processing /home/airflow/.local/lib/python3.12/site-packages/airflow/example_dags/example_branch_labels.py took 0.037 seconds
[2025-04-02T06:25:09.246+0000] {processor.py:186} INFO - Started process (PID=969) to work on /home/airflow/.local/lib/python3.12/site-packages/airflow/example_dags/example_branch_labels.py
[2025-04-02T06:25:09.247+0000] {processor.py:914} INFO - Processing file /home/airflow/.local/lib/python3.12/site-packages/airflow/example_dags/example_branch_labels.py for tasks to queue
[2025-04-02T06:25:09.249+0000] {logging_mixin.py:190} INFO - [2025-04-02T06:25:09.249+0000] {dagbag.py:588} INFO - Filling up the DagBag from /home/airflow/.local/lib/python3.12/site-packages/airflow/example_dags/example_branch_labels.py
[2025-04-02T06:25:09.255+0000] {processor.py:925} INFO - DAG(s) 'example_branch_labels' retrieved from /home/airflow/.local/lib/python3.12/site-packages/airflow/example_dags/example_branch_labels.py
[2025-04-02T06:25:09.269+0000] {logging_mixin.py:190} INFO - [2025-04-02T06:25:09.269+0000] {dag.py:3239} INFO - Sync 1 DAGs
[2025-04-02T06:25:09.281+0000] {logging_mixin.py:190} INFO - [2025-04-02T06:25:09.281+0000] {dag.py:4180} INFO - Setting next_dagrun for example_branch_labels to 2025-04-01 00:00:00+00:00, run_after=2025-04-02 00:00:00+00:00
[2025-04-02T06:25:09.293+0000] {processor.py:208} INFO - Processing /home/airflow/.local/lib/python3.12/site-packages/airflow/example_dags/example_branch_labels.py took 0.050 seconds
[2025-04-02T06:25:39.742+0000] {processor.py:186} INFO - Started process (PID=1037) to work on /home/airflow/.local/lib/python3.12/site-packages/airflow/example_dags/example_branch_labels.py
[2025-04-02T06:25:39.742+0000] {processor.py:914} INFO - Processing file /home/airflow/.local/lib/python3.12/site-packages/airflow/example_dags/example_branch_labels.py for tasks to queue
[2025-04-02T06:25:39.744+0000] {logging_mixin.py:190} INFO - [2025-04-02T06:25:39.744+0000] {dagbag.py:588} INFO - Filling up the DagBag from /home/airflow/.local/lib/python3.12/site-packages/airflow/example_dags/example_branch_labels.py
[2025-04-02T06:25:39.749+0000] {processor.py:925} INFO - DAG(s) 'example_branch_labels' retrieved from /home/airflow/.local/lib/python3.12/site-packages/airflow/example_dags/example_branch_labels.py
[2025-04-02T06:25:39.761+0000] {logging_mixin.py:190} INFO - [2025-04-02T06:25:39.761+0000] {dag.py:3239} INFO - Sync 1 DAGs
[2025-04-02T06:25:39.772+0000] {logging_mixin.py:190} INFO - [2025-04-02T06:25:39.772+0000] {dag.py:4180} INFO - Setting next_dagrun for example_branch_labels to 2025-04-01 00:00:00+00:00, run_after=2025-04-02 00:00:00+00:00
[2025-04-02T06:25:39.781+0000] {processor.py:208} INFO - Processing /home/airflow/.local/lib/python3.12/site-packages/airflow/example_dags/example_branch_labels.py took 0.043 seconds
[2025-04-02T06:26:10.039+0000] {processor.py:186} INFO - Started process (PID=1105) to work on /home/airflow/.local/lib/python3.12/site-packages/airflow/example_dags/example_branch_labels.py
[2025-04-02T06:26:10.040+0000] {processor.py:914} INFO - Processing file /home/airflow/.local/lib/python3.12/site-packages/airflow/example_dags/example_branch_labels.py for tasks to queue
[2025-04-02T06:26:10.041+0000] {logging_mixin.py:190} INFO - [2025-04-02T06:26:10.041+0000] {dagbag.py:588} INFO - Filling up the DagBag from /home/airflow/.local/lib/python3.12/site-packages/airflow/example_dags/example_branch_labels.py
[2025-04-02T06:26:10.046+0000] {processor.py:925} INFO - DAG(s) 'example_branch_labels' retrieved from /home/airflow/.local/lib/python3.12/site-packages/airflow/example_dags/example_branch_labels.py
[2025-04-02T06:26:10.056+0000] {logging_mixin.py:190} INFO - [2025-04-02T06:26:10.056+0000] {dag.py:3239} INFO - Sync 1 DAGs
[2025-04-02T06:26:10.066+0000] {logging_mixin.py:190} INFO - [2025-04-02T06:26:10.066+0000] {dag.py:4180} INFO - Setting next_dagrun for example_branch_labels to 2025-04-01 00:00:00+00:00, run_after=2025-04-02 00:00:00+00:00
[2025-04-02T06:26:10.073+0000] {processor.py:208} INFO - Processing /home/airflow/.local/lib/python3.12/site-packages/airflow/example_dags/example_branch_labels.py took 0.037 seconds
[2025-04-02T06:26:40.478+0000] {processor.py:186} INFO - Started process (PID=1172) to work on /home/airflow/.local/lib/python3.12/site-packages/airflow/example_dags/example_branch_labels.py
[2025-04-02T06:26:40.484+0000] {processor.py:914} INFO - Processing file /home/airflow/.local/lib/python3.12/site-packages/airflow/example_dags/example_branch_labels.py for tasks to queue
[2025-04-02T06:26:40.485+0000] {logging_mixin.py:190} INFO - [2025-04-02T06:26:40.485+0000] {dagbag.py:588} INFO - Filling up the DagBag from /home/airflow/.local/lib/python3.12/site-packages/airflow/example_dags/example_branch_labels.py
[2025-04-02T06:26:40.493+0000] {processor.py:925} INFO - DAG(s) 'example_branch_labels' retrieved from /home/airflow/.local/lib/python3.12/site-packages/airflow/example_dags/example_branch_labels.py
[2025-04-02T06:26:40.504+0000] {logging_mixin.py:190} INFO - [2025-04-02T06:26:40.504+0000] {dag.py:3239} INFO - Sync 1 DAGs
[2025-04-02T06:26:40.517+0000] {logging_mixin.py:190} INFO - [2025-04-02T06:26:40.517+0000] {dag.py:4180} INFO - Setting next_dagrun for example_branch_labels to 2025-04-01 00:00:00+00:00, run_after=2025-04-02 00:00:00+00:00
[2025-04-02T06:26:40.525+0000] {processor.py:208} INFO - Processing /home/airflow/.local/lib/python3.12/site-packages/airflow/example_dags/example_branch_labels.py took 0.051 seconds
[2025-04-02T06:27:11.316+0000] {processor.py:186} INFO - Started process (PID=1242) to work on /home/airflow/.local/lib/python3.12/site-packages/airflow/example_dags/example_branch_labels.py
[2025-04-02T06:27:11.317+0000] {processor.py:914} INFO - Processing file /home/airflow/.local/lib/python3.12/site-packages/airflow/example_dags/example_branch_labels.py for tasks to queue
[2025-04-02T06:27:11.318+0000] {logging_mixin.py:190} INFO - [2025-04-02T06:27:11.317+0000] {dagbag.py:588} INFO - Filling up the DagBag from /home/airflow/.local/lib/python3.12/site-packages/airflow/example_dags/example_branch_labels.py
[2025-04-02T06:27:11.323+0000] {processor.py:925} INFO - DAG(s) 'example_branch_labels' retrieved from /home/airflow/.local/lib/python3.12/site-packages/airflow/example_dags/example_branch_labels.py
[2025-04-02T06:27:11.333+0000] {logging_mixin.py:190} INFO - [2025-04-02T06:27:11.333+0000] {dag.py:3239} INFO - Sync 1 DAGs
[2025-04-02T06:27:11.347+0000] {logging_mixin.py:190} INFO - [2025-04-02T06:27:11.346+0000] {dag.py:4180} INFO - Setting next_dagrun for example_branch_labels to 2025-04-01 00:00:00+00:00, run_after=2025-04-02 00:00:00+00:00
[2025-04-02T06:27:11.355+0000] {processor.py:208} INFO - Processing /home/airflow/.local/lib/python3.12/site-packages/airflow/example_dags/example_branch_labels.py took 0.042 seconds
[2025-04-02T06:27:41.912+0000] {processor.py:186} INFO - Started process (PID=1306) to work on /home/airflow/.local/lib/python3.12/site-packages/airflow/example_dags/example_branch_labels.py
[2025-04-02T06:27:41.913+0000] {processor.py:914} INFO - Processing file /home/airflow/.local/lib/python3.12/site-packages/airflow/example_dags/example_branch_labels.py for tasks to queue
[2025-04-02T06:27:41.914+0000] {logging_mixin.py:190} INFO - [2025-04-02T06:27:41.914+0000] {dagbag.py:588} INFO - Filling up the DagBag from /home/airflow/.local/lib/python3.12/site-packages/airflow/example_dags/example_branch_labels.py
[2025-04-02T06:27:41.920+0000] {processor.py:925} INFO - DAG(s) 'example_branch_labels' retrieved from /home/airflow/.local/lib/python3.12/site-packages/airflow/example_dags/example_branch_labels.py
[2025-04-02T06:27:41.933+0000] {logging_mixin.py:190} INFO - [2025-04-02T06:27:41.933+0000] {dag.py:3239} INFO - Sync 1 DAGs
[2025-04-02T06:27:41.947+0000] {logging_mixin.py:190} INFO - [2025-04-02T06:27:41.947+0000] {dag.py:4180} INFO - Setting next_dagrun for example_branch_labels to 2025-04-01 00:00:00+00:00, run_after=2025-04-02 00:00:00+00:00
[2025-04-02T06:27:41.954+0000] {processor.py:208} INFO - Processing /home/airflow/.local/lib/python3.12/site-packages/airflow/example_dags/example_branch_labels.py took 0.047 seconds
[2025-04-02T06:28:12.491+0000] {processor.py:186} INFO - Started process (PID=1374) to work on /home/airflow/.local/lib/python3.12/site-packages/airflow/example_dags/example_branch_labels.py
[2025-04-02T06:28:12.492+0000] {processor.py:914} INFO - Processing file /home/airflow/.local/lib/python3.12/site-packages/airflow/example_dags/example_branch_labels.py for tasks to queue
[2025-04-02T06:28:12.492+0000] {logging_mixin.py:190} INFO - [2025-04-02T06:28:12.492+0000] {dagbag.py:588} INFO - Filling up the DagBag from /home/airflow/.local/lib/python3.12/site-packages/airflow/example_dags/example_branch_labels.py
[2025-04-02T06:28:12.498+0000] {processor.py:925} INFO - DAG(s) 'example_branch_labels' retrieved from /home/airflow/.local/lib/python3.12/site-packages/airflow/example_dags/example_branch_labels.py
[2025-04-02T06:28:12.509+0000] {logging_mixin.py:190} INFO - [2025-04-02T06:28:12.509+0000] {dag.py:3239} INFO - Sync 1 DAGs
[2025-04-02T06:28:12.522+0000] {logging_mixin.py:190} INFO - [2025-04-02T06:28:12.522+0000] {dag.py:4180} INFO - Setting next_dagrun for example_branch_labels to 2025-04-01 00:00:00+00:00, run_after=2025-04-02 00:00:00+00:00
[2025-04-02T06:28:12.529+0000] {processor.py:208} INFO - Processing /home/airflow/.local/lib/python3.12/site-packages/airflow/example_dags/example_branch_labels.py took 0.042 seconds
