[2025-04-02T06:12:17.416+0000] {processor.py:186} INFO - Started process (PID=90) to work on /home/airflow/.local/lib/python3.12/site-packages/airflow/example_dags/example_outlet_event_extra.py
[2025-04-02T06:12:17.416+0000] {processor.py:914} INFO - Processing file /home/airflow/.local/lib/python3.12/site-packages/airflow/example_dags/example_outlet_event_extra.py for tasks to queue
[2025-04-02T06:12:17.419+0000] {logging_mixin.py:190} INFO - [2025-04-02T06:12:17.418+0000] {dagbag.py:588} INFO - Filling up the DagBag from /home/airflow/.local/lib/python3.12/site-packages/airflow/example_dags/example_outlet_event_extra.py
[2025-04-02T06:12:18.497+0000] {processor.py:925} INFO - DAG(s) 'dataset_with_extra_by_context', 'dataset_with_extra_by_yield', 'dataset_with_extra_from_classic_operator' retrieved from /home/airflow/.local/lib/python3.12/site-packages/airflow/example_dags/example_outlet_event_extra.py
[2025-04-02T06:12:18.727+0000] {logging_mixin.py:190} INFO - [2025-04-02T06:12:18.726+0000] {override.py:1912} INFO - Created Permission View: can delete on DAG:dataset_with_extra_by_context
[2025-04-02T06:12:18.733+0000] {logging_mixin.py:190} INFO - [2025-04-02T06:12:18.733+0000] {override.py:1912} INFO - Created Permission View: can read on DAG:dataset_with_extra_by_context
[2025-04-02T06:12:18.737+0000] {logging_mixin.py:190} INFO - [2025-04-02T06:12:18.737+0000] {override.py:1912} INFO - Created Permission View: can edit on DAG:dataset_with_extra_by_context
[2025-04-02T06:12:18.740+0000] {logging_mixin.py:190} INFO - [2025-04-02T06:12:18.740+0000] {override.py:1912} INFO - Created Permission View: can delete on DAG Run:dataset_with_extra_by_context
[2025-04-02T06:12:18.743+0000] {logging_mixin.py:190} INFO - [2025-04-02T06:12:18.743+0000] {override.py:1912} INFO - Created Permission View: can create on DAG Run:dataset_with_extra_by_context
[2025-04-02T06:12:18.747+0000] {logging_mixin.py:190} INFO - [2025-04-02T06:12:18.747+0000] {override.py:1912} INFO - Created Permission View: can read on DAG Run:dataset_with_extra_by_context
[2025-04-02T06:12:18.751+0000] {logging_mixin.py:190} INFO - [2025-04-02T06:12:18.751+0000] {override.py:1912} INFO - Created Permission View: menu access on DAG Run:dataset_with_extra_by_context
[2025-04-02T06:12:18.771+0000] {logging_mixin.py:190} INFO - [2025-04-02T06:12:18.770+0000] {override.py:1912} INFO - Created Permission View: can delete on DAG:dataset_with_extra_by_yield
[2025-04-02T06:12:18.777+0000] {logging_mixin.py:190} INFO - [2025-04-02T06:12:18.776+0000] {override.py:1912} INFO - Created Permission View: can read on DAG:dataset_with_extra_by_yield
[2025-04-02T06:12:18.782+0000] {logging_mixin.py:190} INFO - [2025-04-02T06:12:18.782+0000] {override.py:1912} INFO - Created Permission View: can edit on DAG:dataset_with_extra_by_yield
[2025-04-02T06:12:18.787+0000] {logging_mixin.py:190} INFO - [2025-04-02T06:12:18.786+0000] {override.py:1912} INFO - Created Permission View: can delete on DAG Run:dataset_with_extra_by_yield
[2025-04-02T06:12:18.790+0000] {logging_mixin.py:190} INFO - [2025-04-02T06:12:18.790+0000] {override.py:1912} INFO - Created Permission View: can create on DAG Run:dataset_with_extra_by_yield
[2025-04-02T06:12:18.795+0000] {logging_mixin.py:190} INFO - [2025-04-02T06:12:18.795+0000] {override.py:1912} INFO - Created Permission View: can read on DAG Run:dataset_with_extra_by_yield
[2025-04-02T06:12:18.800+0000] {logging_mixin.py:190} INFO - [2025-04-02T06:12:18.800+0000] {override.py:1912} INFO - Created Permission View: menu access on DAG Run:dataset_with_extra_by_yield
[2025-04-02T06:12:18.816+0000] {logging_mixin.py:190} INFO - [2025-04-02T06:12:18.815+0000] {override.py:1912} INFO - Created Permission View: can delete on DAG:dataset_with_extra_from_classic_operator
[2025-04-02T06:12:18.824+0000] {logging_mixin.py:190} INFO - [2025-04-02T06:12:18.823+0000] {override.py:1912} INFO - Created Permission View: can read on DAG:dataset_with_extra_from_classic_operator
[2025-04-02T06:12:18.829+0000] {logging_mixin.py:190} INFO - [2025-04-02T06:12:18.829+0000] {override.py:1912} INFO - Created Permission View: can edit on DAG:dataset_with_extra_from_classic_operator
[2025-04-02T06:12:18.834+0000] {logging_mixin.py:190} INFO - [2025-04-02T06:12:18.834+0000] {override.py:1912} INFO - Created Permission View: can delete on DAG Run:dataset_with_extra_from_classic_operator
[2025-04-02T06:12:18.838+0000] {logging_mixin.py:190} INFO - [2025-04-02T06:12:18.838+0000] {override.py:1912} INFO - Created Permission View: can create on DAG Run:dataset_with_extra_from_classic_operator
[2025-04-02T06:12:18.842+0000] {logging_mixin.py:190} INFO - [2025-04-02T06:12:18.842+0000] {override.py:1912} INFO - Created Permission View: can read on DAG Run:dataset_with_extra_from_classic_operator
[2025-04-02T06:12:18.845+0000] {logging_mixin.py:190} INFO - [2025-04-02T06:12:18.845+0000] {override.py:1912} INFO - Created Permission View: menu access on DAG Run:dataset_with_extra_from_classic_operator
[2025-04-02T06:12:18.846+0000] {logging_mixin.py:190} INFO - [2025-04-02T06:12:18.846+0000] {dag.py:3239} INFO - Sync 3 DAGs
[2025-04-02T06:12:18.858+0000] {logging_mixin.py:190} INFO - [2025-04-02T06:12:18.858+0000] {dag.py:3262} INFO - Creating ORM DAG for dataset_with_extra_by_yield
[2025-04-02T06:12:18.859+0000] {logging_mixin.py:190} INFO - [2025-04-02T06:12:18.859+0000] {dag.py:3262} INFO - Creating ORM DAG for dataset_with_extra_by_context
[2025-04-02T06:12:18.860+0000] {logging_mixin.py:190} INFO - [2025-04-02T06:12:18.860+0000] {dag.py:3262} INFO - Creating ORM DAG for dataset_with_extra_from_classic_operator
[2025-04-02T06:12:18.868+0000] {logging_mixin.py:190} INFO - [2025-04-02T06:12:18.868+0000] {dag.py:4180} INFO - Setting next_dagrun for dataset_with_extra_by_context to 2025-04-01 00:00:00+00:00, run_after=2025-04-02 00:00:00+00:00
[2025-04-02T06:12:18.869+0000] {logging_mixin.py:190} INFO - [2025-04-02T06:12:18.869+0000] {dag.py:4180} INFO - Setting next_dagrun for dataset_with_extra_by_yield to 2025-04-01 00:00:00+00:00, run_after=2025-04-02 00:00:00+00:00
[2025-04-02T06:12:18.870+0000] {logging_mixin.py:190} INFO - [2025-04-02T06:12:18.870+0000] {dag.py:4180} INFO - Setting next_dagrun for dataset_with_extra_from_classic_operator to 2025-04-01 00:00:00+00:00, run_after=2025-04-02 00:00:00+00:00
[2025-04-02T06:12:18.895+0000] {processor.py:208} INFO - Processing /home/airflow/.local/lib/python3.12/site-packages/airflow/example_dags/example_outlet_event_extra.py took 1.484 seconds
[2025-04-02T06:12:48.945+0000] {processor.py:186} INFO - Started process (PID=153) to work on /home/airflow/.local/lib/python3.12/site-packages/airflow/example_dags/example_outlet_event_extra.py
[2025-04-02T06:12:48.947+0000] {processor.py:914} INFO - Processing file /home/airflow/.local/lib/python3.12/site-packages/airflow/example_dags/example_outlet_event_extra.py for tasks to queue
[2025-04-02T06:12:48.954+0000] {logging_mixin.py:190} INFO - [2025-04-02T06:12:48.954+0000] {dagbag.py:588} INFO - Filling up the DagBag from /home/airflow/.local/lib/python3.12/site-packages/airflow/example_dags/example_outlet_event_extra.py
[2025-04-02T06:12:49.606+0000] {processor.py:925} INFO - DAG(s) 'dataset_with_extra_by_yield', 'dataset_with_extra_from_classic_operator', 'dataset_with_extra_by_context' retrieved from /home/airflow/.local/lib/python3.12/site-packages/airflow/example_dags/example_outlet_event_extra.py
[2025-04-02T06:12:49.631+0000] {logging_mixin.py:190} INFO - [2025-04-02T06:12:49.631+0000] {dag.py:3239} INFO - Sync 3 DAGs
[2025-04-02T06:12:49.663+0000] {logging_mixin.py:190} INFO - [2025-04-02T06:12:49.663+0000] {dag.py:4180} INFO - Setting next_dagrun for dataset_with_extra_by_context to 2025-04-01 00:00:00+00:00, run_after=2025-04-02 00:00:00+00:00
[2025-04-02T06:12:49.667+0000] {logging_mixin.py:190} INFO - [2025-04-02T06:12:49.667+0000] {dag.py:4180} INFO - Setting next_dagrun for dataset_with_extra_by_yield to 2025-04-01 00:00:00+00:00, run_after=2025-04-02 00:00:00+00:00
[2025-04-02T06:12:49.669+0000] {logging_mixin.py:190} INFO - [2025-04-02T06:12:49.669+0000] {dag.py:4180} INFO - Setting next_dagrun for dataset_with_extra_from_classic_operator to 2025-04-01 00:00:00+00:00, run_after=2025-04-02 00:00:00+00:00
[2025-04-02T06:12:49.686+0000] {processor.py:208} INFO - Processing /home/airflow/.local/lib/python3.12/site-packages/airflow/example_dags/example_outlet_event_extra.py took 0.751 seconds
[2025-04-02T06:13:19.796+0000] {processor.py:186} INFO - Started process (PID=216) to work on /home/airflow/.local/lib/python3.12/site-packages/airflow/example_dags/example_outlet_event_extra.py
[2025-04-02T06:13:19.797+0000] {processor.py:914} INFO - Processing file /home/airflow/.local/lib/python3.12/site-packages/airflow/example_dags/example_outlet_event_extra.py for tasks to queue
[2025-04-02T06:13:19.801+0000] {logging_mixin.py:190} INFO - [2025-04-02T06:13:19.801+0000] {dagbag.py:588} INFO - Filling up the DagBag from /home/airflow/.local/lib/python3.12/site-packages/airflow/example_dags/example_outlet_event_extra.py
[2025-04-02T06:13:20.490+0000] {processor.py:925} INFO - DAG(s) 'dataset_with_extra_by_yield', 'dataset_with_extra_from_classic_operator', 'dataset_with_extra_by_context' retrieved from /home/airflow/.local/lib/python3.12/site-packages/airflow/example_dags/example_outlet_event_extra.py
[2025-04-02T06:13:20.547+0000] {logging_mixin.py:190} INFO - [2025-04-02T06:13:20.547+0000] {dag.py:3239} INFO - Sync 3 DAGs
[2025-04-02T06:13:20.584+0000] {logging_mixin.py:190} INFO - [2025-04-02T06:13:20.584+0000] {dag.py:4180} INFO - Setting next_dagrun for dataset_with_extra_by_context to 2025-04-01 00:00:00+00:00, run_after=2025-04-02 00:00:00+00:00
[2025-04-02T06:13:20.597+0000] {logging_mixin.py:190} INFO - [2025-04-02T06:13:20.596+0000] {dag.py:4180} INFO - Setting next_dagrun for dataset_with_extra_by_yield to 2025-04-01 00:00:00+00:00, run_after=2025-04-02 00:00:00+00:00
[2025-04-02T06:13:20.599+0000] {logging_mixin.py:190} INFO - [2025-04-02T06:13:20.599+0000] {dag.py:4180} INFO - Setting next_dagrun for dataset_with_extra_from_classic_operator to 2025-04-01 00:00:00+00:00, run_after=2025-04-02 00:00:00+00:00
[2025-04-02T06:13:20.636+0000] {processor.py:208} INFO - Processing /home/airflow/.local/lib/python3.12/site-packages/airflow/example_dags/example_outlet_event_extra.py took 0.848 seconds
[2025-04-02T06:13:50.962+0000] {processor.py:186} INFO - Started process (PID=279) to work on /home/airflow/.local/lib/python3.12/site-packages/airflow/example_dags/example_outlet_event_extra.py
[2025-04-02T06:13:50.964+0000] {processor.py:914} INFO - Processing file /home/airflow/.local/lib/python3.12/site-packages/airflow/example_dags/example_outlet_event_extra.py for tasks to queue
[2025-04-02T06:13:50.968+0000] {logging_mixin.py:190} INFO - [2025-04-02T06:13:50.968+0000] {dagbag.py:588} INFO - Filling up the DagBag from /home/airflow/.local/lib/python3.12/site-packages/airflow/example_dags/example_outlet_event_extra.py
[2025-04-02T06:13:51.420+0000] {processor.py:925} INFO - DAG(s) 'dataset_with_extra_from_classic_operator', 'dataset_with_extra_by_context', 'dataset_with_extra_by_yield' retrieved from /home/airflow/.local/lib/python3.12/site-packages/airflow/example_dags/example_outlet_event_extra.py
[2025-04-02T06:13:51.437+0000] {logging_mixin.py:190} INFO - [2025-04-02T06:13:51.437+0000] {dag.py:3239} INFO - Sync 3 DAGs
[2025-04-02T06:13:51.448+0000] {logging_mixin.py:190} INFO - [2025-04-02T06:13:51.448+0000] {dag.py:4180} INFO - Setting next_dagrun for dataset_with_extra_by_context to 2025-04-01 00:00:00+00:00, run_after=2025-04-02 00:00:00+00:00
[2025-04-02T06:13:51.450+0000] {logging_mixin.py:190} INFO - [2025-04-02T06:13:51.450+0000] {dag.py:4180} INFO - Setting next_dagrun for dataset_with_extra_by_yield to 2025-04-01 00:00:00+00:00, run_after=2025-04-02 00:00:00+00:00
[2025-04-02T06:13:51.451+0000] {logging_mixin.py:190} INFO - [2025-04-02T06:13:51.451+0000] {dag.py:4180} INFO - Setting next_dagrun for dataset_with_extra_from_classic_operator to 2025-04-01 00:00:00+00:00, run_after=2025-04-02 00:00:00+00:00
[2025-04-02T06:13:51.465+0000] {processor.py:208} INFO - Processing /home/airflow/.local/lib/python3.12/site-packages/airflow/example_dags/example_outlet_event_extra.py took 0.514 seconds
[2025-04-02T06:14:21.660+0000] {processor.py:186} INFO - Started process (PID=342) to work on /home/airflow/.local/lib/python3.12/site-packages/airflow/example_dags/example_outlet_event_extra.py
[2025-04-02T06:14:21.661+0000] {processor.py:914} INFO - Processing file /home/airflow/.local/lib/python3.12/site-packages/airflow/example_dags/example_outlet_event_extra.py for tasks to queue
[2025-04-02T06:14:21.662+0000] {logging_mixin.py:190} INFO - [2025-04-02T06:14:21.662+0000] {dagbag.py:588} INFO - Filling up the DagBag from /home/airflow/.local/lib/python3.12/site-packages/airflow/example_dags/example_outlet_event_extra.py
[2025-04-02T06:14:21.973+0000] {processor.py:925} INFO - DAG(s) 'dataset_with_extra_by_context', 'dataset_with_extra_from_classic_operator', 'dataset_with_extra_by_yield' retrieved from /home/airflow/.local/lib/python3.12/site-packages/airflow/example_dags/example_outlet_event_extra.py
[2025-04-02T06:14:21.987+0000] {logging_mixin.py:190} INFO - [2025-04-02T06:14:21.987+0000] {dag.py:3239} INFO - Sync 3 DAGs
[2025-04-02T06:14:21.997+0000] {logging_mixin.py:190} INFO - [2025-04-02T06:14:21.997+0000] {dag.py:4180} INFO - Setting next_dagrun for dataset_with_extra_by_context to 2025-04-01 00:00:00+00:00, run_after=2025-04-02 00:00:00+00:00
[2025-04-02T06:14:22.000+0000] {logging_mixin.py:190} INFO - [2025-04-02T06:14:22.000+0000] {dag.py:4180} INFO - Setting next_dagrun for dataset_with_extra_by_yield to 2025-04-01 00:00:00+00:00, run_after=2025-04-02 00:00:00+00:00
[2025-04-02T06:14:22.002+0000] {logging_mixin.py:190} INFO - [2025-04-02T06:14:22.001+0000] {dag.py:4180} INFO - Setting next_dagrun for dataset_with_extra_from_classic_operator to 2025-04-01 00:00:00+00:00, run_after=2025-04-02 00:00:00+00:00
[2025-04-02T06:14:22.011+0000] {processor.py:208} INFO - Processing /home/airflow/.local/lib/python3.12/site-packages/airflow/example_dags/example_outlet_event_extra.py took 0.356 seconds
[2025-04-02T06:14:52.812+0000] {processor.py:186} INFO - Started process (PID=405) to work on /home/airflow/.local/lib/python3.12/site-packages/airflow/example_dags/example_outlet_event_extra.py
[2025-04-02T06:14:52.813+0000] {processor.py:914} INFO - Processing file /home/airflow/.local/lib/python3.12/site-packages/airflow/example_dags/example_outlet_event_extra.py for tasks to queue
[2025-04-02T06:14:52.815+0000] {logging_mixin.py:190} INFO - [2025-04-02T06:14:52.814+0000] {dagbag.py:588} INFO - Filling up the DagBag from /home/airflow/.local/lib/python3.12/site-packages/airflow/example_dags/example_outlet_event_extra.py
[2025-04-02T06:14:53.191+0000] {processor.py:925} INFO - DAG(s) 'dataset_with_extra_by_yield', 'dataset_with_extra_from_classic_operator', 'dataset_with_extra_by_context' retrieved from /home/airflow/.local/lib/python3.12/site-packages/airflow/example_dags/example_outlet_event_extra.py
[2025-04-02T06:14:53.206+0000] {logging_mixin.py:190} INFO - [2025-04-02T06:14:53.205+0000] {dag.py:3239} INFO - Sync 3 DAGs
[2025-04-02T06:14:53.218+0000] {logging_mixin.py:190} INFO - [2025-04-02T06:14:53.218+0000] {dag.py:4180} INFO - Setting next_dagrun for dataset_with_extra_by_context to 2025-04-01 00:00:00+00:00, run_after=2025-04-02 00:00:00+00:00
[2025-04-02T06:14:53.220+0000] {logging_mixin.py:190} INFO - [2025-04-02T06:14:53.220+0000] {dag.py:4180} INFO - Setting next_dagrun for dataset_with_extra_by_yield to 2025-04-01 00:00:00+00:00, run_after=2025-04-02 00:00:00+00:00
[2025-04-02T06:14:53.221+0000] {logging_mixin.py:190} INFO - [2025-04-02T06:14:53.221+0000] {dag.py:4180} INFO - Setting next_dagrun for dataset_with_extra_from_classic_operator to 2025-04-01 00:00:00+00:00, run_after=2025-04-02 00:00:00+00:00
[2025-04-02T06:14:53.231+0000] {processor.py:208} INFO - Processing /home/airflow/.local/lib/python3.12/site-packages/airflow/example_dags/example_outlet_event_extra.py took 0.435 seconds
[2025-04-02T06:15:23.386+0000] {processor.py:186} INFO - Started process (PID=468) to work on /home/airflow/.local/lib/python3.12/site-packages/airflow/example_dags/example_outlet_event_extra.py
[2025-04-02T06:15:23.387+0000] {processor.py:914} INFO - Processing file /home/airflow/.local/lib/python3.12/site-packages/airflow/example_dags/example_outlet_event_extra.py for tasks to queue
[2025-04-02T06:15:23.389+0000] {logging_mixin.py:190} INFO - [2025-04-02T06:15:23.388+0000] {dagbag.py:588} INFO - Filling up the DagBag from /home/airflow/.local/lib/python3.12/site-packages/airflow/example_dags/example_outlet_event_extra.py
[2025-04-02T06:15:23.987+0000] {processor.py:925} INFO - DAG(s) 'dataset_with_extra_from_classic_operator', 'dataset_with_extra_by_context', 'dataset_with_extra_by_yield' retrieved from /home/airflow/.local/lib/python3.12/site-packages/airflow/example_dags/example_outlet_event_extra.py
[2025-04-02T06:15:24.006+0000] {logging_mixin.py:190} INFO - [2025-04-02T06:15:24.006+0000] {dag.py:3239} INFO - Sync 3 DAGs
[2025-04-02T06:15:24.022+0000] {logging_mixin.py:190} INFO - [2025-04-02T06:15:24.022+0000] {dag.py:4180} INFO - Setting next_dagrun for dataset_with_extra_by_context to 2025-04-01 00:00:00+00:00, run_after=2025-04-02 00:00:00+00:00
[2025-04-02T06:15:24.026+0000] {logging_mixin.py:190} INFO - [2025-04-02T06:15:24.026+0000] {dag.py:4180} INFO - Setting next_dagrun for dataset_with_extra_by_yield to 2025-04-01 00:00:00+00:00, run_after=2025-04-02 00:00:00+00:00
[2025-04-02T06:15:24.027+0000] {logging_mixin.py:190} INFO - [2025-04-02T06:15:24.027+0000] {dag.py:4180} INFO - Setting next_dagrun for dataset_with_extra_from_classic_operator to 2025-04-01 00:00:00+00:00, run_after=2025-04-02 00:00:00+00:00
[2025-04-02T06:15:24.041+0000] {processor.py:208} INFO - Processing /home/airflow/.local/lib/python3.12/site-packages/airflow/example_dags/example_outlet_event_extra.py took 0.658 seconds
[2025-04-02T06:15:54.516+0000] {processor.py:186} INFO - Started process (PID=531) to work on /home/airflow/.local/lib/python3.12/site-packages/airflow/example_dags/example_outlet_event_extra.py
[2025-04-02T06:15:54.517+0000] {processor.py:914} INFO - Processing file /home/airflow/.local/lib/python3.12/site-packages/airflow/example_dags/example_outlet_event_extra.py for tasks to queue
[2025-04-02T06:15:54.520+0000] {logging_mixin.py:190} INFO - [2025-04-02T06:15:54.520+0000] {dagbag.py:588} INFO - Filling up the DagBag from /home/airflow/.local/lib/python3.12/site-packages/airflow/example_dags/example_outlet_event_extra.py
[2025-04-02T06:15:54.891+0000] {processor.py:925} INFO - DAG(s) 'dataset_with_extra_by_yield', 'dataset_with_extra_by_context', 'dataset_with_extra_from_classic_operator' retrieved from /home/airflow/.local/lib/python3.12/site-packages/airflow/example_dags/example_outlet_event_extra.py
[2025-04-02T06:15:54.905+0000] {logging_mixin.py:190} INFO - [2025-04-02T06:15:54.904+0000] {dag.py:3239} INFO - Sync 3 DAGs
[2025-04-02T06:15:54.921+0000] {logging_mixin.py:190} INFO - [2025-04-02T06:15:54.921+0000] {dag.py:4180} INFO - Setting next_dagrun for dataset_with_extra_by_context to 2025-04-01 00:00:00+00:00, run_after=2025-04-02 00:00:00+00:00
[2025-04-02T06:15:54.925+0000] {logging_mixin.py:190} INFO - [2025-04-02T06:15:54.925+0000] {dag.py:4180} INFO - Setting next_dagrun for dataset_with_extra_by_yield to 2025-04-01 00:00:00+00:00, run_after=2025-04-02 00:00:00+00:00
[2025-04-02T06:15:54.926+0000] {logging_mixin.py:190} INFO - [2025-04-02T06:15:54.926+0000] {dag.py:4180} INFO - Setting next_dagrun for dataset_with_extra_from_classic_operator to 2025-04-01 00:00:00+00:00, run_after=2025-04-02 00:00:00+00:00
[2025-04-02T06:15:54.939+0000] {processor.py:208} INFO - Processing /home/airflow/.local/lib/python3.12/site-packages/airflow/example_dags/example_outlet_event_extra.py took 0.427 seconds
[2025-04-02T06:18:04.164+0000] {processor.py:186} INFO - Started process (PID=89) to work on /home/airflow/.local/lib/python3.12/site-packages/airflow/example_dags/example_outlet_event_extra.py
[2025-04-02T06:18:04.167+0000] {processor.py:914} INFO - Processing file /home/airflow/.local/lib/python3.12/site-packages/airflow/example_dags/example_outlet_event_extra.py for tasks to queue
[2025-04-02T06:18:04.171+0000] {logging_mixin.py:190} INFO - [2025-04-02T06:18:04.171+0000] {dagbag.py:588} INFO - Filling up the DagBag from /home/airflow/.local/lib/python3.12/site-packages/airflow/example_dags/example_outlet_event_extra.py
[2025-04-02T06:18:04.636+0000] {processor.py:925} INFO - DAG(s) 'dataset_with_extra_by_yield', 'dataset_with_extra_by_context', 'dataset_with_extra_from_classic_operator' retrieved from /home/airflow/.local/lib/python3.12/site-packages/airflow/example_dags/example_outlet_event_extra.py
[2025-04-02T06:18:04.673+0000] {logging_mixin.py:190} INFO - [2025-04-02T06:18:04.673+0000] {dag.py:3239} INFO - Sync 3 DAGs
[2025-04-02T06:18:04.701+0000] {logging_mixin.py:190} INFO - [2025-04-02T06:18:04.701+0000] {dag.py:4180} INFO - Setting next_dagrun for dataset_with_extra_by_context to 2025-04-01 00:00:00+00:00, run_after=2025-04-02 00:00:00+00:00
[2025-04-02T06:18:04.706+0000] {logging_mixin.py:190} INFO - [2025-04-02T06:18:04.706+0000] {dag.py:4180} INFO - Setting next_dagrun for dataset_with_extra_by_yield to 2025-04-01 00:00:00+00:00, run_after=2025-04-02 00:00:00+00:00
[2025-04-02T06:18:04.708+0000] {logging_mixin.py:190} INFO - [2025-04-02T06:18:04.708+0000] {dag.py:4180} INFO - Setting next_dagrun for dataset_with_extra_from_classic_operator to 2025-04-01 00:00:00+00:00, run_after=2025-04-02 00:00:00+00:00
[2025-04-02T06:18:04.729+0000] {processor.py:208} INFO - Processing /home/airflow/.local/lib/python3.12/site-packages/airflow/example_dags/example_outlet_event_extra.py took 0.571 seconds
[2025-04-02T06:18:34.930+0000] {processor.py:186} INFO - Started process (PID=152) to work on /home/airflow/.local/lib/python3.12/site-packages/airflow/example_dags/example_outlet_event_extra.py
[2025-04-02T06:18:34.931+0000] {processor.py:914} INFO - Processing file /home/airflow/.local/lib/python3.12/site-packages/airflow/example_dags/example_outlet_event_extra.py for tasks to queue
[2025-04-02T06:18:34.932+0000] {logging_mixin.py:190} INFO - [2025-04-02T06:18:34.932+0000] {dagbag.py:588} INFO - Filling up the DagBag from /home/airflow/.local/lib/python3.12/site-packages/airflow/example_dags/example_outlet_event_extra.py
[2025-04-02T06:18:35.309+0000] {processor.py:925} INFO - DAG(s) 'dataset_with_extra_by_yield', 'dataset_with_extra_by_context', 'dataset_with_extra_from_classic_operator' retrieved from /home/airflow/.local/lib/python3.12/site-packages/airflow/example_dags/example_outlet_event_extra.py
[2025-04-02T06:18:35.320+0000] {logging_mixin.py:190} INFO - [2025-04-02T06:18:35.320+0000] {dag.py:3239} INFO - Sync 3 DAGs
[2025-04-02T06:18:35.332+0000] {logging_mixin.py:190} INFO - [2025-04-02T06:18:35.332+0000] {dag.py:4180} INFO - Setting next_dagrun for dataset_with_extra_by_context to 2025-04-01 00:00:00+00:00, run_after=2025-04-02 00:00:00+00:00
[2025-04-02T06:18:35.334+0000] {logging_mixin.py:190} INFO - [2025-04-02T06:18:35.334+0000] {dag.py:4180} INFO - Setting next_dagrun for dataset_with_extra_by_yield to 2025-04-01 00:00:00+00:00, run_after=2025-04-02 00:00:00+00:00
[2025-04-02T06:18:35.335+0000] {logging_mixin.py:190} INFO - [2025-04-02T06:18:35.335+0000] {dag.py:4180} INFO - Setting next_dagrun for dataset_with_extra_from_classic_operator to 2025-04-01 00:00:00+00:00, run_after=2025-04-02 00:00:00+00:00
[2025-04-02T06:18:35.346+0000] {processor.py:208} INFO - Processing /home/airflow/.local/lib/python3.12/site-packages/airflow/example_dags/example_outlet_event_extra.py took 0.418 seconds
[2025-04-02T06:19:06.373+0000] {processor.py:186} INFO - Started process (PID=215) to work on /home/airflow/.local/lib/python3.12/site-packages/airflow/example_dags/example_outlet_event_extra.py
[2025-04-02T06:19:06.374+0000] {processor.py:914} INFO - Processing file /home/airflow/.local/lib/python3.12/site-packages/airflow/example_dags/example_outlet_event_extra.py for tasks to queue
[2025-04-02T06:19:06.375+0000] {logging_mixin.py:190} INFO - [2025-04-02T06:19:06.375+0000] {dagbag.py:588} INFO - Filling up the DagBag from /home/airflow/.local/lib/python3.12/site-packages/airflow/example_dags/example_outlet_event_extra.py
[2025-04-02T06:19:06.727+0000] {processor.py:925} INFO - DAG(s) 'dataset_with_extra_from_classic_operator', 'dataset_with_extra_by_yield', 'dataset_with_extra_by_context' retrieved from /home/airflow/.local/lib/python3.12/site-packages/airflow/example_dags/example_outlet_event_extra.py
[2025-04-02T06:19:06.742+0000] {logging_mixin.py:190} INFO - [2025-04-02T06:19:06.741+0000] {dag.py:3239} INFO - Sync 3 DAGs
[2025-04-02T06:19:06.758+0000] {logging_mixin.py:190} INFO - [2025-04-02T06:19:06.758+0000] {dag.py:4180} INFO - Setting next_dagrun for dataset_with_extra_by_context to 2025-04-01 00:00:00+00:00, run_after=2025-04-02 00:00:00+00:00
[2025-04-02T06:19:06.763+0000] {logging_mixin.py:190} INFO - [2025-04-02T06:19:06.763+0000] {dag.py:4180} INFO - Setting next_dagrun for dataset_with_extra_by_yield to 2025-04-01 00:00:00+00:00, run_after=2025-04-02 00:00:00+00:00
[2025-04-02T06:19:06.767+0000] {logging_mixin.py:190} INFO - [2025-04-02T06:19:06.766+0000] {dag.py:4180} INFO - Setting next_dagrun for dataset_with_extra_from_classic_operator to 2025-04-01 00:00:00+00:00, run_after=2025-04-02 00:00:00+00:00
[2025-04-02T06:19:06.785+0000] {processor.py:208} INFO - Processing /home/airflow/.local/lib/python3.12/site-packages/airflow/example_dags/example_outlet_event_extra.py took 0.417 seconds
[2025-04-02T06:19:37.694+0000] {processor.py:186} INFO - Started process (PID=278) to work on /home/airflow/.local/lib/python3.12/site-packages/airflow/example_dags/example_outlet_event_extra.py
[2025-04-02T06:19:37.695+0000] {processor.py:914} INFO - Processing file /home/airflow/.local/lib/python3.12/site-packages/airflow/example_dags/example_outlet_event_extra.py for tasks to queue
[2025-04-02T06:19:37.697+0000] {logging_mixin.py:190} INFO - [2025-04-02T06:19:37.696+0000] {dagbag.py:588} INFO - Filling up the DagBag from /home/airflow/.local/lib/python3.12/site-packages/airflow/example_dags/example_outlet_event_extra.py
[2025-04-02T06:19:38.008+0000] {processor.py:925} INFO - DAG(s) 'dataset_with_extra_by_context', 'dataset_with_extra_by_yield', 'dataset_with_extra_from_classic_operator' retrieved from /home/airflow/.local/lib/python3.12/site-packages/airflow/example_dags/example_outlet_event_extra.py
[2025-04-02T06:19:38.022+0000] {logging_mixin.py:190} INFO - [2025-04-02T06:19:38.022+0000] {dag.py:3239} INFO - Sync 3 DAGs
[2025-04-02T06:19:38.037+0000] {logging_mixin.py:190} INFO - [2025-04-02T06:19:38.037+0000] {dag.py:4180} INFO - Setting next_dagrun for dataset_with_extra_by_context to 2025-04-01 00:00:00+00:00, run_after=2025-04-02 00:00:00+00:00
[2025-04-02T06:19:38.039+0000] {logging_mixin.py:190} INFO - [2025-04-02T06:19:38.039+0000] {dag.py:4180} INFO - Setting next_dagrun for dataset_with_extra_by_yield to 2025-04-01 00:00:00+00:00, run_after=2025-04-02 00:00:00+00:00
[2025-04-02T06:19:38.041+0000] {logging_mixin.py:190} INFO - [2025-04-02T06:19:38.041+0000] {dag.py:4180} INFO - Setting next_dagrun for dataset_with_extra_from_classic_operator to 2025-04-01 00:00:00+00:00, run_after=2025-04-02 00:00:00+00:00
[2025-04-02T06:19:38.052+0000] {processor.py:208} INFO - Processing /home/airflow/.local/lib/python3.12/site-packages/airflow/example_dags/example_outlet_event_extra.py took 0.361 seconds
[2025-04-02T06:20:08.917+0000] {processor.py:186} INFO - Started process (PID=341) to work on /home/airflow/.local/lib/python3.12/site-packages/airflow/example_dags/example_outlet_event_extra.py
[2025-04-02T06:20:08.918+0000] {processor.py:914} INFO - Processing file /home/airflow/.local/lib/python3.12/site-packages/airflow/example_dags/example_outlet_event_extra.py for tasks to queue
[2025-04-02T06:20:08.919+0000] {logging_mixin.py:190} INFO - [2025-04-02T06:20:08.919+0000] {dagbag.py:588} INFO - Filling up the DagBag from /home/airflow/.local/lib/python3.12/site-packages/airflow/example_dags/example_outlet_event_extra.py
[2025-04-02T06:20:09.226+0000] {processor.py:925} INFO - DAG(s) 'dataset_with_extra_by_context', 'dataset_with_extra_by_yield', 'dataset_with_extra_from_classic_operator' retrieved from /home/airflow/.local/lib/python3.12/site-packages/airflow/example_dags/example_outlet_event_extra.py
[2025-04-02T06:20:09.238+0000] {logging_mixin.py:190} INFO - [2025-04-02T06:20:09.238+0000] {dag.py:3239} INFO - Sync 3 DAGs
[2025-04-02T06:20:09.249+0000] {logging_mixin.py:190} INFO - [2025-04-02T06:20:09.249+0000] {dag.py:4180} INFO - Setting next_dagrun for dataset_with_extra_by_context to 2025-04-01 00:00:00+00:00, run_after=2025-04-02 00:00:00+00:00
[2025-04-02T06:20:09.252+0000] {logging_mixin.py:190} INFO - [2025-04-02T06:20:09.252+0000] {dag.py:4180} INFO - Setting next_dagrun for dataset_with_extra_by_yield to 2025-04-01 00:00:00+00:00, run_after=2025-04-02 00:00:00+00:00
[2025-04-02T06:20:09.254+0000] {logging_mixin.py:190} INFO - [2025-04-02T06:20:09.254+0000] {dag.py:4180} INFO - Setting next_dagrun for dataset_with_extra_from_classic_operator to 2025-04-01 00:00:00+00:00, run_after=2025-04-02 00:00:00+00:00
[2025-04-02T06:20:09.263+0000] {processor.py:208} INFO - Processing /home/airflow/.local/lib/python3.12/site-packages/airflow/example_dags/example_outlet_event_extra.py took 0.350 seconds
[2025-04-02T06:20:40.115+0000] {processor.py:186} INFO - Started process (PID=404) to work on /home/airflow/.local/lib/python3.12/site-packages/airflow/example_dags/example_outlet_event_extra.py
[2025-04-02T06:20:40.115+0000] {processor.py:914} INFO - Processing file /home/airflow/.local/lib/python3.12/site-packages/airflow/example_dags/example_outlet_event_extra.py for tasks to queue
[2025-04-02T06:20:40.117+0000] {logging_mixin.py:190} INFO - [2025-04-02T06:20:40.117+0000] {dagbag.py:588} INFO - Filling up the DagBag from /home/airflow/.local/lib/python3.12/site-packages/airflow/example_dags/example_outlet_event_extra.py
[2025-04-02T06:20:40.413+0000] {processor.py:925} INFO - DAG(s) 'dataset_with_extra_by_context', 'dataset_with_extra_by_yield', 'dataset_with_extra_from_classic_operator' retrieved from /home/airflow/.local/lib/python3.12/site-packages/airflow/example_dags/example_outlet_event_extra.py
[2025-04-02T06:20:40.424+0000] {logging_mixin.py:190} INFO - [2025-04-02T06:20:40.424+0000] {dag.py:3239} INFO - Sync 3 DAGs
[2025-04-02T06:20:40.435+0000] {logging_mixin.py:190} INFO - [2025-04-02T06:20:40.434+0000] {dag.py:4180} INFO - Setting next_dagrun for dataset_with_extra_by_context to 2025-04-01 00:00:00+00:00, run_after=2025-04-02 00:00:00+00:00
[2025-04-02T06:20:40.438+0000] {logging_mixin.py:190} INFO - [2025-04-02T06:20:40.437+0000] {dag.py:4180} INFO - Setting next_dagrun for dataset_with_extra_by_yield to 2025-04-01 00:00:00+00:00, run_after=2025-04-02 00:00:00+00:00
[2025-04-02T06:20:40.439+0000] {logging_mixin.py:190} INFO - [2025-04-02T06:20:40.439+0000] {dag.py:4180} INFO - Setting next_dagrun for dataset_with_extra_from_classic_operator to 2025-04-01 00:00:00+00:00, run_after=2025-04-02 00:00:00+00:00
[2025-04-02T06:20:40.449+0000] {processor.py:208} INFO - Processing /home/airflow/.local/lib/python3.12/site-packages/airflow/example_dags/example_outlet_event_extra.py took 0.337 seconds
[2025-04-02T06:21:11.253+0000] {processor.py:186} INFO - Started process (PID=467) to work on /home/airflow/.local/lib/python3.12/site-packages/airflow/example_dags/example_outlet_event_extra.py
[2025-04-02T06:21:11.254+0000] {processor.py:914} INFO - Processing file /home/airflow/.local/lib/python3.12/site-packages/airflow/example_dags/example_outlet_event_extra.py for tasks to queue
[2025-04-02T06:21:11.255+0000] {logging_mixin.py:190} INFO - [2025-04-02T06:21:11.255+0000] {dagbag.py:588} INFO - Filling up the DagBag from /home/airflow/.local/lib/python3.12/site-packages/airflow/example_dags/example_outlet_event_extra.py
[2025-04-02T06:21:11.559+0000] {processor.py:925} INFO - DAG(s) 'dataset_with_extra_from_classic_operator', 'dataset_with_extra_by_context', 'dataset_with_extra_by_yield' retrieved from /home/airflow/.local/lib/python3.12/site-packages/airflow/example_dags/example_outlet_event_extra.py
[2025-04-02T06:21:11.570+0000] {logging_mixin.py:190} INFO - [2025-04-02T06:21:11.570+0000] {dag.py:3239} INFO - Sync 3 DAGs
[2025-04-02T06:21:11.581+0000] {logging_mixin.py:190} INFO - [2025-04-02T06:21:11.581+0000] {dag.py:4180} INFO - Setting next_dagrun for dataset_with_extra_by_context to 2025-04-01 00:00:00+00:00, run_after=2025-04-02 00:00:00+00:00
[2025-04-02T06:21:11.583+0000] {logging_mixin.py:190} INFO - [2025-04-02T06:21:11.583+0000] {dag.py:4180} INFO - Setting next_dagrun for dataset_with_extra_by_yield to 2025-04-01 00:00:00+00:00, run_after=2025-04-02 00:00:00+00:00
[2025-04-02T06:21:11.585+0000] {logging_mixin.py:190} INFO - [2025-04-02T06:21:11.585+0000] {dag.py:4180} INFO - Setting next_dagrun for dataset_with_extra_from_classic_operator to 2025-04-01 00:00:00+00:00, run_after=2025-04-02 00:00:00+00:00
[2025-04-02T06:21:11.595+0000] {processor.py:208} INFO - Processing /home/airflow/.local/lib/python3.12/site-packages/airflow/example_dags/example_outlet_event_extra.py took 0.346 seconds
[2025-04-02T06:21:42.695+0000] {processor.py:186} INFO - Started process (PID=529) to work on /home/airflow/.local/lib/python3.12/site-packages/airflow/example_dags/example_outlet_event_extra.py
[2025-04-02T06:21:42.696+0000] {processor.py:914} INFO - Processing file /home/airflow/.local/lib/python3.12/site-packages/airflow/example_dags/example_outlet_event_extra.py for tasks to queue
[2025-04-02T06:21:42.697+0000] {logging_mixin.py:190} INFO - [2025-04-02T06:21:42.697+0000] {dagbag.py:588} INFO - Filling up the DagBag from /home/airflow/.local/lib/python3.12/site-packages/airflow/example_dags/example_outlet_event_extra.py
[2025-04-02T06:21:42.999+0000] {processor.py:925} INFO - DAG(s) 'dataset_with_extra_from_classic_operator', 'dataset_with_extra_by_context', 'dataset_with_extra_by_yield' retrieved from /home/airflow/.local/lib/python3.12/site-packages/airflow/example_dags/example_outlet_event_extra.py
[2025-04-02T06:21:43.011+0000] {logging_mixin.py:190} INFO - [2025-04-02T06:21:43.011+0000] {dag.py:3239} INFO - Sync 3 DAGs
[2025-04-02T06:21:43.021+0000] {logging_mixin.py:190} INFO - [2025-04-02T06:21:43.021+0000] {dag.py:4180} INFO - Setting next_dagrun for dataset_with_extra_by_context to 2025-04-01 00:00:00+00:00, run_after=2025-04-02 00:00:00+00:00
[2025-04-02T06:21:43.024+0000] {logging_mixin.py:190} INFO - [2025-04-02T06:21:43.024+0000] {dag.py:4180} INFO - Setting next_dagrun for dataset_with_extra_by_yield to 2025-04-01 00:00:00+00:00, run_after=2025-04-02 00:00:00+00:00
[2025-04-02T06:21:43.025+0000] {logging_mixin.py:190} INFO - [2025-04-02T06:21:43.025+0000] {dag.py:4180} INFO - Setting next_dagrun for dataset_with_extra_from_classic_operator to 2025-04-01 00:00:00+00:00, run_after=2025-04-02 00:00:00+00:00
[2025-04-02T06:21:43.036+0000] {processor.py:208} INFO - Processing /home/airflow/.local/lib/python3.12/site-packages/airflow/example_dags/example_outlet_event_extra.py took 0.344 seconds
[2025-04-02T06:22:14.257+0000] {processor.py:186} INFO - Started process (PID=592) to work on /home/airflow/.local/lib/python3.12/site-packages/airflow/example_dags/example_outlet_event_extra.py
[2025-04-02T06:22:14.258+0000] {processor.py:914} INFO - Processing file /home/airflow/.local/lib/python3.12/site-packages/airflow/example_dags/example_outlet_event_extra.py for tasks to queue
[2025-04-02T06:22:14.259+0000] {logging_mixin.py:190} INFO - [2025-04-02T06:22:14.259+0000] {dagbag.py:588} INFO - Filling up the DagBag from /home/airflow/.local/lib/python3.12/site-packages/airflow/example_dags/example_outlet_event_extra.py
[2025-04-02T06:22:14.555+0000] {processor.py:925} INFO - DAG(s) 'dataset_with_extra_by_yield', 'dataset_with_extra_from_classic_operator', 'dataset_with_extra_by_context' retrieved from /home/airflow/.local/lib/python3.12/site-packages/airflow/example_dags/example_outlet_event_extra.py
[2025-04-02T06:22:14.574+0000] {logging_mixin.py:190} INFO - [2025-04-02T06:22:14.573+0000] {dag.py:3239} INFO - Sync 3 DAGs
[2025-04-02T06:22:14.588+0000] {logging_mixin.py:190} INFO - [2025-04-02T06:22:14.588+0000] {dag.py:4180} INFO - Setting next_dagrun for dataset_with_extra_by_context to 2025-04-01 00:00:00+00:00, run_after=2025-04-02 00:00:00+00:00
[2025-04-02T06:22:14.594+0000] {logging_mixin.py:190} INFO - [2025-04-02T06:22:14.593+0000] {dag.py:4180} INFO - Setting next_dagrun for dataset_with_extra_by_yield to 2025-04-01 00:00:00+00:00, run_after=2025-04-02 00:00:00+00:00
[2025-04-02T06:22:14.595+0000] {logging_mixin.py:190} INFO - [2025-04-02T06:22:14.595+0000] {dag.py:4180} INFO - Setting next_dagrun for dataset_with_extra_from_classic_operator to 2025-04-01 00:00:00+00:00, run_after=2025-04-02 00:00:00+00:00
[2025-04-02T06:22:14.607+0000] {processor.py:208} INFO - Processing /home/airflow/.local/lib/python3.12/site-packages/airflow/example_dags/example_outlet_event_extra.py took 0.353 seconds
[2025-04-02T06:22:45.941+0000] {processor.py:186} INFO - Started process (PID=655) to work on /home/airflow/.local/lib/python3.12/site-packages/airflow/example_dags/example_outlet_event_extra.py
[2025-04-02T06:22:45.941+0000] {processor.py:914} INFO - Processing file /home/airflow/.local/lib/python3.12/site-packages/airflow/example_dags/example_outlet_event_extra.py for tasks to queue
[2025-04-02T06:22:45.943+0000] {logging_mixin.py:190} INFO - [2025-04-02T06:22:45.943+0000] {dagbag.py:588} INFO - Filling up the DagBag from /home/airflow/.local/lib/python3.12/site-packages/airflow/example_dags/example_outlet_event_extra.py
[2025-04-02T06:22:46.301+0000] {processor.py:925} INFO - DAG(s) 'dataset_with_extra_by_yield', 'dataset_with_extra_from_classic_operator', 'dataset_with_extra_by_context' retrieved from /home/airflow/.local/lib/python3.12/site-packages/airflow/example_dags/example_outlet_event_extra.py
[2025-04-02T06:22:46.316+0000] {logging_mixin.py:190} INFO - [2025-04-02T06:22:46.316+0000] {dag.py:3239} INFO - Sync 3 DAGs
[2025-04-02T06:22:46.329+0000] {logging_mixin.py:190} INFO - [2025-04-02T06:22:46.328+0000] {dag.py:4180} INFO - Setting next_dagrun for dataset_with_extra_by_context to 2025-04-01 00:00:00+00:00, run_after=2025-04-02 00:00:00+00:00
[2025-04-02T06:22:46.331+0000] {logging_mixin.py:190} INFO - [2025-04-02T06:22:46.331+0000] {dag.py:4180} INFO - Setting next_dagrun for dataset_with_extra_by_yield to 2025-04-01 00:00:00+00:00, run_after=2025-04-02 00:00:00+00:00
[2025-04-02T06:22:46.333+0000] {logging_mixin.py:190} INFO - [2025-04-02T06:22:46.333+0000] {dag.py:4180} INFO - Setting next_dagrun for dataset_with_extra_from_classic_operator to 2025-04-01 00:00:00+00:00, run_after=2025-04-02 00:00:00+00:00
[2025-04-02T06:22:46.343+0000] {processor.py:208} INFO - Processing /home/airflow/.local/lib/python3.12/site-packages/airflow/example_dags/example_outlet_event_extra.py took 0.406 seconds
[2025-04-02T06:23:17.795+0000] {processor.py:186} INFO - Started process (PID=720) to work on /home/airflow/.local/lib/python3.12/site-packages/airflow/example_dags/example_outlet_event_extra.py
[2025-04-02T06:23:17.798+0000] {processor.py:914} INFO - Processing file /home/airflow/.local/lib/python3.12/site-packages/airflow/example_dags/example_outlet_event_extra.py for tasks to queue
[2025-04-02T06:23:17.800+0000] {logging_mixin.py:190} INFO - [2025-04-02T06:23:17.799+0000] {dagbag.py:588} INFO - Filling up the DagBag from /home/airflow/.local/lib/python3.12/site-packages/airflow/example_dags/example_outlet_event_extra.py
[2025-04-02T06:23:18.158+0000] {processor.py:925} INFO - DAG(s) 'dataset_with_extra_by_context', 'dataset_with_extra_from_classic_operator', 'dataset_with_extra_by_yield' retrieved from /home/airflow/.local/lib/python3.12/site-packages/airflow/example_dags/example_outlet_event_extra.py
[2025-04-02T06:23:18.175+0000] {logging_mixin.py:190} INFO - [2025-04-02T06:23:18.175+0000] {dag.py:3239} INFO - Sync 3 DAGs
[2025-04-02T06:23:18.192+0000] {logging_mixin.py:190} INFO - [2025-04-02T06:23:18.192+0000] {dag.py:4180} INFO - Setting next_dagrun for dataset_with_extra_by_context to 2025-04-01 00:00:00+00:00, run_after=2025-04-02 00:00:00+00:00
[2025-04-02T06:23:18.195+0000] {logging_mixin.py:190} INFO - [2025-04-02T06:23:18.195+0000] {dag.py:4180} INFO - Setting next_dagrun for dataset_with_extra_by_yield to 2025-04-01 00:00:00+00:00, run_after=2025-04-02 00:00:00+00:00
[2025-04-02T06:23:18.197+0000] {logging_mixin.py:190} INFO - [2025-04-02T06:23:18.196+0000] {dag.py:4180} INFO - Setting next_dagrun for dataset_with_extra_from_classic_operator to 2025-04-01 00:00:00+00:00, run_after=2025-04-02 00:00:00+00:00
[2025-04-02T06:23:18.209+0000] {processor.py:208} INFO - Processing /home/airflow/.local/lib/python3.12/site-packages/airflow/example_dags/example_outlet_event_extra.py took 0.418 seconds
[2025-04-02T06:23:48.581+0000] {processor.py:186} INFO - Started process (PID=784) to work on /home/airflow/.local/lib/python3.12/site-packages/airflow/example_dags/example_outlet_event_extra.py
[2025-04-02T06:23:48.582+0000] {processor.py:914} INFO - Processing file /home/airflow/.local/lib/python3.12/site-packages/airflow/example_dags/example_outlet_event_extra.py for tasks to queue
[2025-04-02T06:23:48.583+0000] {logging_mixin.py:190} INFO - [2025-04-02T06:23:48.583+0000] {dagbag.py:588} INFO - Filling up the DagBag from /home/airflow/.local/lib/python3.12/site-packages/airflow/example_dags/example_outlet_event_extra.py
[2025-04-02T06:23:48.913+0000] {processor.py:925} INFO - DAG(s) 'dataset_with_extra_from_classic_operator', 'dataset_with_extra_by_context', 'dataset_with_extra_by_yield' retrieved from /home/airflow/.local/lib/python3.12/site-packages/airflow/example_dags/example_outlet_event_extra.py
[2025-04-02T06:23:48.925+0000] {logging_mixin.py:190} INFO - [2025-04-02T06:23:48.925+0000] {dag.py:3239} INFO - Sync 3 DAGs
[2025-04-02T06:23:48.936+0000] {logging_mixin.py:190} INFO - [2025-04-02T06:23:48.936+0000] {dag.py:4180} INFO - Setting next_dagrun for dataset_with_extra_by_context to 2025-04-01 00:00:00+00:00, run_after=2025-04-02 00:00:00+00:00
[2025-04-02T06:23:48.938+0000] {logging_mixin.py:190} INFO - [2025-04-02T06:23:48.938+0000] {dag.py:4180} INFO - Setting next_dagrun for dataset_with_extra_by_yield to 2025-04-01 00:00:00+00:00, run_after=2025-04-02 00:00:00+00:00
[2025-04-02T06:23:48.939+0000] {logging_mixin.py:190} INFO - [2025-04-02T06:23:48.939+0000] {dag.py:4180} INFO - Setting next_dagrun for dataset_with_extra_from_classic_operator to 2025-04-01 00:00:00+00:00, run_after=2025-04-02 00:00:00+00:00
[2025-04-02T06:23:48.948+0000] {processor.py:208} INFO - Processing /home/airflow/.local/lib/python3.12/site-packages/airflow/example_dags/example_outlet_event_extra.py took 0.370 seconds
[2025-04-02T06:24:19.882+0000] {processor.py:186} INFO - Started process (PID=850) to work on /home/airflow/.local/lib/python3.12/site-packages/airflow/example_dags/example_outlet_event_extra.py
[2025-04-02T06:24:19.883+0000] {processor.py:914} INFO - Processing file /home/airflow/.local/lib/python3.12/site-packages/airflow/example_dags/example_outlet_event_extra.py for tasks to queue
[2025-04-02T06:24:19.884+0000] {logging_mixin.py:190} INFO - [2025-04-02T06:24:19.884+0000] {dagbag.py:588} INFO - Filling up the DagBag from /home/airflow/.local/lib/python3.12/site-packages/airflow/example_dags/example_outlet_event_extra.py
[2025-04-02T06:24:20.198+0000] {processor.py:925} INFO - DAG(s) 'dataset_with_extra_by_context', 'dataset_with_extra_by_yield', 'dataset_with_extra_from_classic_operator' retrieved from /home/airflow/.local/lib/python3.12/site-packages/airflow/example_dags/example_outlet_event_extra.py
[2025-04-02T06:24:20.210+0000] {logging_mixin.py:190} INFO - [2025-04-02T06:24:20.210+0000] {dag.py:3239} INFO - Sync 3 DAGs
[2025-04-02T06:24:20.219+0000] {logging_mixin.py:190} INFO - [2025-04-02T06:24:20.219+0000] {dag.py:4180} INFO - Setting next_dagrun for dataset_with_extra_by_context to 2025-04-01 00:00:00+00:00, run_after=2025-04-02 00:00:00+00:00
[2025-04-02T06:24:20.222+0000] {logging_mixin.py:190} INFO - [2025-04-02T06:24:20.222+0000] {dag.py:4180} INFO - Setting next_dagrun for dataset_with_extra_by_yield to 2025-04-01 00:00:00+00:00, run_after=2025-04-02 00:00:00+00:00
[2025-04-02T06:24:20.223+0000] {logging_mixin.py:190} INFO - [2025-04-02T06:24:20.223+0000] {dag.py:4180} INFO - Setting next_dagrun for dataset_with_extra_from_classic_operator to 2025-04-01 00:00:00+00:00, run_after=2025-04-02 00:00:00+00:00
[2025-04-02T06:24:20.234+0000] {processor.py:208} INFO - Processing /home/airflow/.local/lib/python3.12/site-packages/airflow/example_dags/example_outlet_event_extra.py took 0.356 seconds
[2025-04-02T06:24:51.001+0000] {processor.py:186} INFO - Started process (PID=915) to work on /home/airflow/.local/lib/python3.12/site-packages/airflow/example_dags/example_outlet_event_extra.py
[2025-04-02T06:24:51.003+0000] {processor.py:914} INFO - Processing file /home/airflow/.local/lib/python3.12/site-packages/airflow/example_dags/example_outlet_event_extra.py for tasks to queue
[2025-04-02T06:24:51.004+0000] {logging_mixin.py:190} INFO - [2025-04-02T06:24:51.004+0000] {dagbag.py:588} INFO - Filling up the DagBag from /home/airflow/.local/lib/python3.12/site-packages/airflow/example_dags/example_outlet_event_extra.py
[2025-04-02T06:24:51.289+0000] {processor.py:925} INFO - DAG(s) 'dataset_with_extra_from_classic_operator', 'dataset_with_extra_by_yield', 'dataset_with_extra_by_context' retrieved from /home/airflow/.local/lib/python3.12/site-packages/airflow/example_dags/example_outlet_event_extra.py
[2025-04-02T06:24:51.307+0000] {logging_mixin.py:190} INFO - [2025-04-02T06:24:51.307+0000] {dag.py:3239} INFO - Sync 3 DAGs
[2025-04-02T06:24:51.320+0000] {logging_mixin.py:190} INFO - [2025-04-02T06:24:51.320+0000] {dag.py:4180} INFO - Setting next_dagrun for dataset_with_extra_by_context to 2025-04-01 00:00:00+00:00, run_after=2025-04-02 00:00:00+00:00
[2025-04-02T06:24:51.323+0000] {logging_mixin.py:190} INFO - [2025-04-02T06:24:51.322+0000] {dag.py:4180} INFO - Setting next_dagrun for dataset_with_extra_by_yield to 2025-04-01 00:00:00+00:00, run_after=2025-04-02 00:00:00+00:00
[2025-04-02T06:24:51.325+0000] {logging_mixin.py:190} INFO - [2025-04-02T06:24:51.325+0000] {dag.py:4180} INFO - Setting next_dagrun for dataset_with_extra_from_classic_operator to 2025-04-01 00:00:00+00:00, run_after=2025-04-02 00:00:00+00:00
[2025-04-02T06:24:51.339+0000] {processor.py:208} INFO - Processing /home/airflow/.local/lib/python3.12/site-packages/airflow/example_dags/example_outlet_event_extra.py took 0.341 seconds
[2025-04-02T06:25:22.052+0000] {processor.py:186} INFO - Started process (PID=983) to work on /home/airflow/.local/lib/python3.12/site-packages/airflow/example_dags/example_outlet_event_extra.py
[2025-04-02T06:25:22.053+0000] {processor.py:914} INFO - Processing file /home/airflow/.local/lib/python3.12/site-packages/airflow/example_dags/example_outlet_event_extra.py for tasks to queue
[2025-04-02T06:25:22.055+0000] {logging_mixin.py:190} INFO - [2025-04-02T06:25:22.054+0000] {dagbag.py:588} INFO - Filling up the DagBag from /home/airflow/.local/lib/python3.12/site-packages/airflow/example_dags/example_outlet_event_extra.py
[2025-04-02T06:25:22.346+0000] {processor.py:925} INFO - DAG(s) 'dataset_with_extra_by_context', 'dataset_with_extra_by_yield', 'dataset_with_extra_from_classic_operator' retrieved from /home/airflow/.local/lib/python3.12/site-packages/airflow/example_dags/example_outlet_event_extra.py
[2025-04-02T06:25:22.364+0000] {logging_mixin.py:190} INFO - [2025-04-02T06:25:22.364+0000] {dag.py:3239} INFO - Sync 3 DAGs
[2025-04-02T06:25:22.375+0000] {logging_mixin.py:190} INFO - [2025-04-02T06:25:22.375+0000] {dag.py:4180} INFO - Setting next_dagrun for dataset_with_extra_by_context to 2025-04-01 00:00:00+00:00, run_after=2025-04-02 00:00:00+00:00
[2025-04-02T06:25:22.378+0000] {logging_mixin.py:190} INFO - [2025-04-02T06:25:22.377+0000] {dag.py:4180} INFO - Setting next_dagrun for dataset_with_extra_by_yield to 2025-04-01 00:00:00+00:00, run_after=2025-04-02 00:00:00+00:00
[2025-04-02T06:25:22.379+0000] {logging_mixin.py:190} INFO - [2025-04-02T06:25:22.379+0000] {dag.py:4180} INFO - Setting next_dagrun for dataset_with_extra_from_classic_operator to 2025-04-01 00:00:00+00:00, run_after=2025-04-02 00:00:00+00:00
[2025-04-02T06:25:22.388+0000] {processor.py:208} INFO - Processing /home/airflow/.local/lib/python3.12/site-packages/airflow/example_dags/example_outlet_event_extra.py took 0.339 seconds
[2025-04-02T06:25:52.707+0000] {processor.py:186} INFO - Started process (PID=1047) to work on /home/airflow/.local/lib/python3.12/site-packages/airflow/example_dags/example_outlet_event_extra.py
[2025-04-02T06:25:52.707+0000] {processor.py:914} INFO - Processing file /home/airflow/.local/lib/python3.12/site-packages/airflow/example_dags/example_outlet_event_extra.py for tasks to queue
[2025-04-02T06:25:52.709+0000] {logging_mixin.py:190} INFO - [2025-04-02T06:25:52.709+0000] {dagbag.py:588} INFO - Filling up the DagBag from /home/airflow/.local/lib/python3.12/site-packages/airflow/example_dags/example_outlet_event_extra.py
[2025-04-02T06:25:53.044+0000] {processor.py:925} INFO - DAG(s) 'dataset_with_extra_from_classic_operator', 'dataset_with_extra_by_yield', 'dataset_with_extra_by_context' retrieved from /home/airflow/.local/lib/python3.12/site-packages/airflow/example_dags/example_outlet_event_extra.py
[2025-04-02T06:25:53.064+0000] {logging_mixin.py:190} INFO - [2025-04-02T06:25:53.063+0000] {dag.py:3239} INFO - Sync 3 DAGs
[2025-04-02T06:25:53.076+0000] {logging_mixin.py:190} INFO - [2025-04-02T06:25:53.076+0000] {dag.py:4180} INFO - Setting next_dagrun for dataset_with_extra_by_context to 2025-04-01 00:00:00+00:00, run_after=2025-04-02 00:00:00+00:00
[2025-04-02T06:25:53.078+0000] {logging_mixin.py:190} INFO - [2025-04-02T06:25:53.078+0000] {dag.py:4180} INFO - Setting next_dagrun for dataset_with_extra_by_yield to 2025-04-01 00:00:00+00:00, run_after=2025-04-02 00:00:00+00:00
[2025-04-02T06:25:53.080+0000] {logging_mixin.py:190} INFO - [2025-04-02T06:25:53.080+0000] {dag.py:4180} INFO - Setting next_dagrun for dataset_with_extra_from_classic_operator to 2025-04-01 00:00:00+00:00, run_after=2025-04-02 00:00:00+00:00
[2025-04-02T06:25:53.093+0000] {processor.py:208} INFO - Processing /home/airflow/.local/lib/python3.12/site-packages/airflow/example_dags/example_outlet_event_extra.py took 0.390 seconds
[2025-04-02T06:26:24.131+0000] {processor.py:186} INFO - Started process (PID=1116) to work on /home/airflow/.local/lib/python3.12/site-packages/airflow/example_dags/example_outlet_event_extra.py
[2025-04-02T06:26:24.133+0000] {processor.py:914} INFO - Processing file /home/airflow/.local/lib/python3.12/site-packages/airflow/example_dags/example_outlet_event_extra.py for tasks to queue
[2025-04-02T06:26:24.134+0000] {logging_mixin.py:190} INFO - [2025-04-02T06:26:24.134+0000] {dagbag.py:588} INFO - Filling up the DagBag from /home/airflow/.local/lib/python3.12/site-packages/airflow/example_dags/example_outlet_event_extra.py
[2025-04-02T06:26:24.426+0000] {processor.py:925} INFO - DAG(s) 'dataset_with_extra_from_classic_operator', 'dataset_with_extra_by_yield', 'dataset_with_extra_by_context' retrieved from /home/airflow/.local/lib/python3.12/site-packages/airflow/example_dags/example_outlet_event_extra.py
[2025-04-02T06:26:24.440+0000] {logging_mixin.py:190} INFO - [2025-04-02T06:26:24.440+0000] {dag.py:3239} INFO - Sync 3 DAGs
[2025-04-02T06:26:24.451+0000] {logging_mixin.py:190} INFO - [2025-04-02T06:26:24.451+0000] {dag.py:4180} INFO - Setting next_dagrun for dataset_with_extra_by_context to 2025-04-01 00:00:00+00:00, run_after=2025-04-02 00:00:00+00:00
[2025-04-02T06:26:24.455+0000] {logging_mixin.py:190} INFO - [2025-04-02T06:26:24.455+0000] {dag.py:4180} INFO - Setting next_dagrun for dataset_with_extra_by_yield to 2025-04-01 00:00:00+00:00, run_after=2025-04-02 00:00:00+00:00
[2025-04-02T06:26:24.456+0000] {logging_mixin.py:190} INFO - [2025-04-02T06:26:24.456+0000] {dag.py:4180} INFO - Setting next_dagrun for dataset_with_extra_from_classic_operator to 2025-04-01 00:00:00+00:00, run_after=2025-04-02 00:00:00+00:00
[2025-04-02T06:26:24.469+0000] {processor.py:208} INFO - Processing /home/airflow/.local/lib/python3.12/site-packages/airflow/example_dags/example_outlet_event_extra.py took 0.341 seconds
[2025-04-02T06:26:55.744+0000] {processor.py:186} INFO - Started process (PID=1184) to work on /home/airflow/.local/lib/python3.12/site-packages/airflow/example_dags/example_outlet_event_extra.py
[2025-04-02T06:26:55.745+0000] {processor.py:914} INFO - Processing file /home/airflow/.local/lib/python3.12/site-packages/airflow/example_dags/example_outlet_event_extra.py for tasks to queue
[2025-04-02T06:26:55.747+0000] {logging_mixin.py:190} INFO - [2025-04-02T06:26:55.746+0000] {dagbag.py:588} INFO - Filling up the DagBag from /home/airflow/.local/lib/python3.12/site-packages/airflow/example_dags/example_outlet_event_extra.py
[2025-04-02T06:26:56.038+0000] {processor.py:925} INFO - DAG(s) 'dataset_with_extra_by_context', 'dataset_with_extra_from_classic_operator', 'dataset_with_extra_by_yield' retrieved from /home/airflow/.local/lib/python3.12/site-packages/airflow/example_dags/example_outlet_event_extra.py
[2025-04-02T06:26:56.053+0000] {logging_mixin.py:190} INFO - [2025-04-02T06:26:56.053+0000] {dag.py:3239} INFO - Sync 3 DAGs
[2025-04-02T06:26:56.064+0000] {logging_mixin.py:190} INFO - [2025-04-02T06:26:56.064+0000] {dag.py:4180} INFO - Setting next_dagrun for dataset_with_extra_by_context to 2025-04-01 00:00:00+00:00, run_after=2025-04-02 00:00:00+00:00
[2025-04-02T06:26:56.067+0000] {logging_mixin.py:190} INFO - [2025-04-02T06:26:56.067+0000] {dag.py:4180} INFO - Setting next_dagrun for dataset_with_extra_by_yield to 2025-04-01 00:00:00+00:00, run_after=2025-04-02 00:00:00+00:00
[2025-04-02T06:26:56.069+0000] {logging_mixin.py:190} INFO - [2025-04-02T06:26:56.069+0000] {dag.py:4180} INFO - Setting next_dagrun for dataset_with_extra_from_classic_operator to 2025-04-01 00:00:00+00:00, run_after=2025-04-02 00:00:00+00:00
[2025-04-02T06:26:56.084+0000] {processor.py:208} INFO - Processing /home/airflow/.local/lib/python3.12/site-packages/airflow/example_dags/example_outlet_event_extra.py took 0.343 seconds
[2025-04-02T06:27:26.430+0000] {processor.py:186} INFO - Started process (PID=1251) to work on /home/airflow/.local/lib/python3.12/site-packages/airflow/example_dags/example_outlet_event_extra.py
[2025-04-02T06:27:26.431+0000] {processor.py:914} INFO - Processing file /home/airflow/.local/lib/python3.12/site-packages/airflow/example_dags/example_outlet_event_extra.py for tasks to queue
[2025-04-02T06:27:26.432+0000] {logging_mixin.py:190} INFO - [2025-04-02T06:27:26.432+0000] {dagbag.py:588} INFO - Filling up the DagBag from /home/airflow/.local/lib/python3.12/site-packages/airflow/example_dags/example_outlet_event_extra.py
[2025-04-02T06:27:26.717+0000] {processor.py:925} INFO - DAG(s) 'dataset_with_extra_from_classic_operator', 'dataset_with_extra_by_context', 'dataset_with_extra_by_yield' retrieved from /home/airflow/.local/lib/python3.12/site-packages/airflow/example_dags/example_outlet_event_extra.py
[2025-04-02T06:27:26.733+0000] {logging_mixin.py:190} INFO - [2025-04-02T06:27:26.733+0000] {dag.py:3239} INFO - Sync 3 DAGs
[2025-04-02T06:27:26.744+0000] {logging_mixin.py:190} INFO - [2025-04-02T06:27:26.744+0000] {dag.py:4180} INFO - Setting next_dagrun for dataset_with_extra_by_context to 2025-04-01 00:00:00+00:00, run_after=2025-04-02 00:00:00+00:00
[2025-04-02T06:27:26.747+0000] {logging_mixin.py:190} INFO - [2025-04-02T06:27:26.747+0000] {dag.py:4180} INFO - Setting next_dagrun for dataset_with_extra_by_yield to 2025-04-01 00:00:00+00:00, run_after=2025-04-02 00:00:00+00:00
[2025-04-02T06:27:26.748+0000] {logging_mixin.py:190} INFO - [2025-04-02T06:27:26.748+0000] {dag.py:4180} INFO - Setting next_dagrun for dataset_with_extra_from_classic_operator to 2025-04-01 00:00:00+00:00, run_after=2025-04-02 00:00:00+00:00
[2025-04-02T06:27:26.762+0000] {processor.py:208} INFO - Processing /home/airflow/.local/lib/python3.12/site-packages/airflow/example_dags/example_outlet_event_extra.py took 0.336 seconds
[2025-04-02T06:27:57.081+0000] {processor.py:186} INFO - Started process (PID=1319) to work on /home/airflow/.local/lib/python3.12/site-packages/airflow/example_dags/example_outlet_event_extra.py
[2025-04-02T06:27:57.082+0000] {processor.py:914} INFO - Processing file /home/airflow/.local/lib/python3.12/site-packages/airflow/example_dags/example_outlet_event_extra.py for tasks to queue
[2025-04-02T06:27:57.083+0000] {logging_mixin.py:190} INFO - [2025-04-02T06:27:57.083+0000] {dagbag.py:588} INFO - Filling up the DagBag from /home/airflow/.local/lib/python3.12/site-packages/airflow/example_dags/example_outlet_event_extra.py
[2025-04-02T06:27:57.355+0000] {processor.py:925} INFO - DAG(s) 'dataset_with_extra_from_classic_operator', 'dataset_with_extra_by_context', 'dataset_with_extra_by_yield' retrieved from /home/airflow/.local/lib/python3.12/site-packages/airflow/example_dags/example_outlet_event_extra.py
[2025-04-02T06:27:57.366+0000] {logging_mixin.py:190} INFO - [2025-04-02T06:27:57.365+0000] {dag.py:3239} INFO - Sync 3 DAGs
[2025-04-02T06:27:57.375+0000] {logging_mixin.py:190} INFO - [2025-04-02T06:27:57.374+0000] {dag.py:4180} INFO - Setting next_dagrun for dataset_with_extra_by_context to 2025-04-01 00:00:00+00:00, run_after=2025-04-02 00:00:00+00:00
[2025-04-02T06:27:57.376+0000] {logging_mixin.py:190} INFO - [2025-04-02T06:27:57.376+0000] {dag.py:4180} INFO - Setting next_dagrun for dataset_with_extra_by_yield to 2025-04-01 00:00:00+00:00, run_after=2025-04-02 00:00:00+00:00
[2025-04-02T06:27:57.377+0000] {logging_mixin.py:190} INFO - [2025-04-02T06:27:57.377+0000] {dag.py:4180} INFO - Setting next_dagrun for dataset_with_extra_from_classic_operator to 2025-04-01 00:00:00+00:00, run_after=2025-04-02 00:00:00+00:00
[2025-04-02T06:27:57.389+0000] {processor.py:208} INFO - Processing /home/airflow/.local/lib/python3.12/site-packages/airflow/example_dags/example_outlet_event_extra.py took 0.312 seconds
