[2025-04-02T06:12:14.904+0000] {processor.py:186} INFO - Started process (PID=73) to work on /home/airflow/.local/lib/python3.12/site-packages/airflow/example_dags/example_external_task_marker_dag.py
[2025-04-02T06:12:14.907+0000] {processor.py:914} INFO - Processing file /home/airflow/.local/lib/python3.12/site-packages/airflow/example_dags/example_external_task_marker_dag.py for tasks to queue
[2025-04-02T06:12:14.910+0000] {logging_mixin.py:190} INFO - [2025-04-02T06:12:14.910+0000] {dagbag.py:588} INFO - Filling up the DagBag from /home/airflow/.local/lib/python3.12/site-packages/airflow/example_dags/example_external_task_marker_dag.py
[2025-04-02T06:12:14.918+0000] {processor.py:925} INFO - DAG(s) 'example_external_task_marker_parent', 'example_external_task_marker_child' retrieved from /home/airflow/.local/lib/python3.12/site-packages/airflow/example_dags/example_external_task_marker_dag.py
[2025-04-02T06:12:14.986+0000] {logging_mixin.py:190} INFO - [2025-04-02T06:12:14.986+0000] {override.py:1912} INFO - Created Permission View: can delete on DAG:example_external_task_marker_parent
[2025-04-02T06:12:14.994+0000] {logging_mixin.py:190} INFO - [2025-04-02T06:12:14.994+0000] {override.py:1912} INFO - Created Permission View: can read on DAG:example_external_task_marker_parent
[2025-04-02T06:12:14.997+0000] {logging_mixin.py:190} INFO - [2025-04-02T06:12:14.997+0000] {override.py:1912} INFO - Created Permission View: can edit on DAG:example_external_task_marker_parent
[2025-04-02T06:12:15.001+0000] {logging_mixin.py:190} INFO - [2025-04-02T06:12:15.001+0000] {override.py:1912} INFO - Created Permission View: can delete on DAG Run:example_external_task_marker_parent
[2025-04-02T06:12:15.005+0000] {logging_mixin.py:190} INFO - [2025-04-02T06:12:15.005+0000] {override.py:1912} INFO - Created Permission View: can create on DAG Run:example_external_task_marker_parent
[2025-04-02T06:12:15.009+0000] {logging_mixin.py:190} INFO - [2025-04-02T06:12:15.009+0000] {override.py:1912} INFO - Created Permission View: can read on DAG Run:example_external_task_marker_parent
[2025-04-02T06:12:15.012+0000] {logging_mixin.py:190} INFO - [2025-04-02T06:12:15.011+0000] {override.py:1912} INFO - Created Permission View: menu access on DAG Run:example_external_task_marker_parent
[2025-04-02T06:12:15.022+0000] {logging_mixin.py:190} INFO - [2025-04-02T06:12:15.022+0000] {override.py:1912} INFO - Created Permission View: can delete on DAG:example_external_task_marker_child
[2025-04-02T06:12:15.026+0000] {logging_mixin.py:190} INFO - [2025-04-02T06:12:15.025+0000] {override.py:1912} INFO - Created Permission View: can read on DAG:example_external_task_marker_child
[2025-04-02T06:12:15.029+0000] {logging_mixin.py:190} INFO - [2025-04-02T06:12:15.029+0000] {override.py:1912} INFO - Created Permission View: can edit on DAG:example_external_task_marker_child
[2025-04-02T06:12:15.033+0000] {logging_mixin.py:190} INFO - [2025-04-02T06:12:15.032+0000] {override.py:1912} INFO - Created Permission View: can delete on DAG Run:example_external_task_marker_child
[2025-04-02T06:12:15.037+0000] {logging_mixin.py:190} INFO - [2025-04-02T06:12:15.036+0000] {override.py:1912} INFO - Created Permission View: can create on DAG Run:example_external_task_marker_child
[2025-04-02T06:12:15.040+0000] {logging_mixin.py:190} INFO - [2025-04-02T06:12:15.040+0000] {override.py:1912} INFO - Created Permission View: can read on DAG Run:example_external_task_marker_child
[2025-04-02T06:12:15.044+0000] {logging_mixin.py:190} INFO - [2025-04-02T06:12:15.043+0000] {override.py:1912} INFO - Created Permission View: menu access on DAG Run:example_external_task_marker_child
[2025-04-02T06:12:15.044+0000] {logging_mixin.py:190} INFO - [2025-04-02T06:12:15.044+0000] {dag.py:3239} INFO - Sync 2 DAGs
[2025-04-02T06:12:15.055+0000] {logging_mixin.py:190} INFO - [2025-04-02T06:12:15.055+0000] {dag.py:3262} INFO - Creating ORM DAG for example_external_task_marker_child
[2025-04-02T06:12:15.055+0000] {logging_mixin.py:190} INFO - [2025-04-02T06:12:15.055+0000] {dag.py:3262} INFO - Creating ORM DAG for example_external_task_marker_parent
[2025-04-02T06:12:15.056+0000] {logging_mixin.py:190} INFO - [2025-04-02T06:12:15.056+0000] {dag.py:4180} INFO - Setting next_dagrun for example_external_task_marker_child to None, run_after=None
[2025-04-02T06:12:15.057+0000] {logging_mixin.py:190} INFO - [2025-04-02T06:12:15.057+0000] {dag.py:4180} INFO - Setting next_dagrun for example_external_task_marker_parent to None, run_after=None
[2025-04-02T06:12:15.068+0000] {processor.py:208} INFO - Processing /home/airflow/.local/lib/python3.12/site-packages/airflow/example_dags/example_external_task_marker_dag.py took 0.201 seconds
[2025-04-02T06:12:46.126+0000] {processor.py:186} INFO - Started process (PID=136) to work on /home/airflow/.local/lib/python3.12/site-packages/airflow/example_dags/example_external_task_marker_dag.py
[2025-04-02T06:12:46.127+0000] {processor.py:914} INFO - Processing file /home/airflow/.local/lib/python3.12/site-packages/airflow/example_dags/example_external_task_marker_dag.py for tasks to queue
[2025-04-02T06:12:46.129+0000] {logging_mixin.py:190} INFO - [2025-04-02T06:12:46.128+0000] {dagbag.py:588} INFO - Filling up the DagBag from /home/airflow/.local/lib/python3.12/site-packages/airflow/example_dags/example_external_task_marker_dag.py
[2025-04-02T06:12:46.135+0000] {processor.py:925} INFO - DAG(s) 'example_external_task_marker_parent', 'example_external_task_marker_child' retrieved from /home/airflow/.local/lib/python3.12/site-packages/airflow/example_dags/example_external_task_marker_dag.py
[2025-04-02T06:12:46.153+0000] {logging_mixin.py:190} INFO - [2025-04-02T06:12:46.153+0000] {dag.py:3239} INFO - Sync 2 DAGs
[2025-04-02T06:12:46.164+0000] {logging_mixin.py:190} INFO - [2025-04-02T06:12:46.164+0000] {dag.py:4180} INFO - Setting next_dagrun for example_external_task_marker_child to None, run_after=None
[2025-04-02T06:12:46.167+0000] {logging_mixin.py:190} INFO - [2025-04-02T06:12:46.167+0000] {dag.py:4180} INFO - Setting next_dagrun for example_external_task_marker_parent to None, run_after=None
[2025-04-02T06:12:46.177+0000] {processor.py:208} INFO - Processing /home/airflow/.local/lib/python3.12/site-packages/airflow/example_dags/example_external_task_marker_dag.py took 0.057 seconds
[2025-04-02T06:13:16.531+0000] {processor.py:186} INFO - Started process (PID=198) to work on /home/airflow/.local/lib/python3.12/site-packages/airflow/example_dags/example_external_task_marker_dag.py
[2025-04-02T06:13:16.532+0000] {processor.py:914} INFO - Processing file /home/airflow/.local/lib/python3.12/site-packages/airflow/example_dags/example_external_task_marker_dag.py for tasks to queue
[2025-04-02T06:13:16.535+0000] {logging_mixin.py:190} INFO - [2025-04-02T06:13:16.534+0000] {dagbag.py:588} INFO - Filling up the DagBag from /home/airflow/.local/lib/python3.12/site-packages/airflow/example_dags/example_external_task_marker_dag.py
[2025-04-02T06:13:16.542+0000] {processor.py:925} INFO - DAG(s) 'example_external_task_marker_child', 'example_external_task_marker_parent' retrieved from /home/airflow/.local/lib/python3.12/site-packages/airflow/example_dags/example_external_task_marker_dag.py
[2025-04-02T06:13:16.557+0000] {logging_mixin.py:190} INFO - [2025-04-02T06:13:16.556+0000] {dag.py:3239} INFO - Sync 2 DAGs
[2025-04-02T06:13:16.564+0000] {logging_mixin.py:190} INFO - [2025-04-02T06:13:16.564+0000] {dag.py:4180} INFO - Setting next_dagrun for example_external_task_marker_child to None, run_after=None
[2025-04-02T06:13:16.566+0000] {logging_mixin.py:190} INFO - [2025-04-02T06:13:16.566+0000] {dag.py:4180} INFO - Setting next_dagrun for example_external_task_marker_parent to None, run_after=None
[2025-04-02T06:13:16.574+0000] {processor.py:208} INFO - Processing /home/airflow/.local/lib/python3.12/site-packages/airflow/example_dags/example_external_task_marker_dag.py took 0.050 seconds
[2025-04-02T06:13:47.055+0000] {processor.py:186} INFO - Started process (PID=261) to work on /home/airflow/.local/lib/python3.12/site-packages/airflow/example_dags/example_external_task_marker_dag.py
[2025-04-02T06:13:47.055+0000] {processor.py:914} INFO - Processing file /home/airflow/.local/lib/python3.12/site-packages/airflow/example_dags/example_external_task_marker_dag.py for tasks to queue
[2025-04-02T06:13:47.057+0000] {logging_mixin.py:190} INFO - [2025-04-02T06:13:47.057+0000] {dagbag.py:588} INFO - Filling up the DagBag from /home/airflow/.local/lib/python3.12/site-packages/airflow/example_dags/example_external_task_marker_dag.py
[2025-04-02T06:13:47.062+0000] {processor.py:925} INFO - DAG(s) 'example_external_task_marker_child', 'example_external_task_marker_parent' retrieved from /home/airflow/.local/lib/python3.12/site-packages/airflow/example_dags/example_external_task_marker_dag.py
[2025-04-02T06:13:47.076+0000] {logging_mixin.py:190} INFO - [2025-04-02T06:13:47.076+0000] {dag.py:3239} INFO - Sync 2 DAGs
[2025-04-02T06:13:47.083+0000] {logging_mixin.py:190} INFO - [2025-04-02T06:13:47.083+0000] {dag.py:4180} INFO - Setting next_dagrun for example_external_task_marker_child to None, run_after=None
[2025-04-02T06:13:47.085+0000] {logging_mixin.py:190} INFO - [2025-04-02T06:13:47.085+0000] {dag.py:4180} INFO - Setting next_dagrun for example_external_task_marker_parent to None, run_after=None
[2025-04-02T06:13:47.093+0000] {processor.py:208} INFO - Processing /home/airflow/.local/lib/python3.12/site-packages/airflow/example_dags/example_external_task_marker_dag.py took 0.042 seconds
[2025-04-02T06:14:17.453+0000] {processor.py:186} INFO - Started process (PID=324) to work on /home/airflow/.local/lib/python3.12/site-packages/airflow/example_dags/example_external_task_marker_dag.py
[2025-04-02T06:14:17.455+0000] {processor.py:914} INFO - Processing file /home/airflow/.local/lib/python3.12/site-packages/airflow/example_dags/example_external_task_marker_dag.py for tasks to queue
[2025-04-02T06:14:17.458+0000] {logging_mixin.py:190} INFO - [2025-04-02T06:14:17.458+0000] {dagbag.py:588} INFO - Filling up the DagBag from /home/airflow/.local/lib/python3.12/site-packages/airflow/example_dags/example_external_task_marker_dag.py
[2025-04-02T06:14:17.465+0000] {processor.py:925} INFO - DAG(s) 'example_external_task_marker_child', 'example_external_task_marker_parent' retrieved from /home/airflow/.local/lib/python3.12/site-packages/airflow/example_dags/example_external_task_marker_dag.py
[2025-04-02T06:14:17.483+0000] {logging_mixin.py:190} INFO - [2025-04-02T06:14:17.483+0000] {dag.py:3239} INFO - Sync 2 DAGs
[2025-04-02T06:14:17.492+0000] {logging_mixin.py:190} INFO - [2025-04-02T06:14:17.491+0000] {dag.py:4180} INFO - Setting next_dagrun for example_external_task_marker_child to None, run_after=None
[2025-04-02T06:14:17.494+0000] {logging_mixin.py:190} INFO - [2025-04-02T06:14:17.494+0000] {dag.py:4180} INFO - Setting next_dagrun for example_external_task_marker_parent to None, run_after=None
[2025-04-02T06:14:17.502+0000] {processor.py:208} INFO - Processing /home/airflow/.local/lib/python3.12/site-packages/airflow/example_dags/example_external_task_marker_dag.py took 0.060 seconds
[2025-04-02T06:14:47.851+0000] {processor.py:186} INFO - Started process (PID=387) to work on /home/airflow/.local/lib/python3.12/site-packages/airflow/example_dags/example_external_task_marker_dag.py
[2025-04-02T06:14:47.855+0000] {processor.py:914} INFO - Processing file /home/airflow/.local/lib/python3.12/site-packages/airflow/example_dags/example_external_task_marker_dag.py for tasks to queue
[2025-04-02T06:14:47.858+0000] {logging_mixin.py:190} INFO - [2025-04-02T06:14:47.858+0000] {dagbag.py:588} INFO - Filling up the DagBag from /home/airflow/.local/lib/python3.12/site-packages/airflow/example_dags/example_external_task_marker_dag.py
[2025-04-02T06:14:47.872+0000] {processor.py:925} INFO - DAG(s) 'example_external_task_marker_child', 'example_external_task_marker_parent' retrieved from /home/airflow/.local/lib/python3.12/site-packages/airflow/example_dags/example_external_task_marker_dag.py
[2025-04-02T06:14:47.922+0000] {logging_mixin.py:190} INFO - [2025-04-02T06:14:47.922+0000] {dag.py:3239} INFO - Sync 2 DAGs
[2025-04-02T06:14:47.939+0000] {logging_mixin.py:190} INFO - [2025-04-02T06:14:47.938+0000] {dag.py:4180} INFO - Setting next_dagrun for example_external_task_marker_child to None, run_after=None
[2025-04-02T06:14:47.942+0000] {logging_mixin.py:190} INFO - [2025-04-02T06:14:47.942+0000] {dag.py:4180} INFO - Setting next_dagrun for example_external_task_marker_parent to None, run_after=None
[2025-04-02T06:14:47.957+0000] {processor.py:208} INFO - Processing /home/airflow/.local/lib/python3.12/site-packages/airflow/example_dags/example_external_task_marker_dag.py took 0.116 seconds
[2025-04-02T06:15:18.161+0000] {processor.py:186} INFO - Started process (PID=450) to work on /home/airflow/.local/lib/python3.12/site-packages/airflow/example_dags/example_external_task_marker_dag.py
[2025-04-02T06:15:18.162+0000] {processor.py:914} INFO - Processing file /home/airflow/.local/lib/python3.12/site-packages/airflow/example_dags/example_external_task_marker_dag.py for tasks to queue
[2025-04-02T06:15:18.165+0000] {logging_mixin.py:190} INFO - [2025-04-02T06:15:18.165+0000] {dagbag.py:588} INFO - Filling up the DagBag from /home/airflow/.local/lib/python3.12/site-packages/airflow/example_dags/example_external_task_marker_dag.py
[2025-04-02T06:15:18.171+0000] {processor.py:925} INFO - DAG(s) 'example_external_task_marker_parent', 'example_external_task_marker_child' retrieved from /home/airflow/.local/lib/python3.12/site-packages/airflow/example_dags/example_external_task_marker_dag.py
[2025-04-02T06:15:18.187+0000] {logging_mixin.py:190} INFO - [2025-04-02T06:15:18.187+0000] {dag.py:3239} INFO - Sync 2 DAGs
[2025-04-02T06:15:18.196+0000] {logging_mixin.py:190} INFO - [2025-04-02T06:15:18.196+0000] {dag.py:4180} INFO - Setting next_dagrun for example_external_task_marker_child to None, run_after=None
[2025-04-02T06:15:18.199+0000] {logging_mixin.py:190} INFO - [2025-04-02T06:15:18.199+0000] {dag.py:4180} INFO - Setting next_dagrun for example_external_task_marker_parent to None, run_after=None
[2025-04-02T06:15:18.208+0000] {processor.py:208} INFO - Processing /home/airflow/.local/lib/python3.12/site-packages/airflow/example_dags/example_external_task_marker_dag.py took 0.051 seconds
[2025-04-02T06:15:48.540+0000] {processor.py:186} INFO - Started process (PID=513) to work on /home/airflow/.local/lib/python3.12/site-packages/airflow/example_dags/example_external_task_marker_dag.py
[2025-04-02T06:15:48.541+0000] {processor.py:914} INFO - Processing file /home/airflow/.local/lib/python3.12/site-packages/airflow/example_dags/example_external_task_marker_dag.py for tasks to queue
[2025-04-02T06:15:48.543+0000] {logging_mixin.py:190} INFO - [2025-04-02T06:15:48.542+0000] {dagbag.py:588} INFO - Filling up the DagBag from /home/airflow/.local/lib/python3.12/site-packages/airflow/example_dags/example_external_task_marker_dag.py
[2025-04-02T06:15:48.549+0000] {processor.py:925} INFO - DAG(s) 'example_external_task_marker_child', 'example_external_task_marker_parent' retrieved from /home/airflow/.local/lib/python3.12/site-packages/airflow/example_dags/example_external_task_marker_dag.py
[2025-04-02T06:15:48.568+0000] {logging_mixin.py:190} INFO - [2025-04-02T06:15:48.568+0000] {dag.py:3239} INFO - Sync 2 DAGs
[2025-04-02T06:15:48.578+0000] {logging_mixin.py:190} INFO - [2025-04-02T06:15:48.577+0000] {dag.py:4180} INFO - Setting next_dagrun for example_external_task_marker_child to None, run_after=None
[2025-04-02T06:15:48.579+0000] {logging_mixin.py:190} INFO - [2025-04-02T06:15:48.579+0000] {dag.py:4180} INFO - Setting next_dagrun for example_external_task_marker_parent to None, run_after=None
[2025-04-02T06:15:48.587+0000] {processor.py:208} INFO - Processing /home/airflow/.local/lib/python3.12/site-packages/airflow/example_dags/example_external_task_marker_dag.py took 0.054 seconds
[2025-04-02T06:18:02.449+0000] {processor.py:186} INFO - Started process (PID=72) to work on /home/airflow/.local/lib/python3.12/site-packages/airflow/example_dags/example_external_task_marker_dag.py
[2025-04-02T06:18:02.451+0000] {processor.py:914} INFO - Processing file /home/airflow/.local/lib/python3.12/site-packages/airflow/example_dags/example_external_task_marker_dag.py for tasks to queue
[2025-04-02T06:18:02.456+0000] {logging_mixin.py:190} INFO - [2025-04-02T06:18:02.455+0000] {dagbag.py:588} INFO - Filling up the DagBag from /home/airflow/.local/lib/python3.12/site-packages/airflow/example_dags/example_external_task_marker_dag.py
[2025-04-02T06:18:02.472+0000] {processor.py:925} INFO - DAG(s) 'example_external_task_marker_parent', 'example_external_task_marker_child' retrieved from /home/airflow/.local/lib/python3.12/site-packages/airflow/example_dags/example_external_task_marker_dag.py
[2025-04-02T06:18:02.515+0000] {logging_mixin.py:190} INFO - [2025-04-02T06:18:02.515+0000] {dag.py:3239} INFO - Sync 2 DAGs
[2025-04-02T06:18:02.562+0000] {logging_mixin.py:190} INFO - [2025-04-02T06:18:02.561+0000] {dag.py:4180} INFO - Setting next_dagrun for example_external_task_marker_child to None, run_after=None
[2025-04-02T06:18:02.567+0000] {logging_mixin.py:190} INFO - [2025-04-02T06:18:02.567+0000] {dag.py:4180} INFO - Setting next_dagrun for example_external_task_marker_parent to None, run_after=None
[2025-04-02T06:18:02.589+0000] {processor.py:208} INFO - Processing /home/airflow/.local/lib/python3.12/site-packages/airflow/example_dags/example_external_task_marker_dag.py took 0.153 seconds
[2025-04-02T06:18:32.903+0000] {processor.py:186} INFO - Started process (PID=134) to work on /home/airflow/.local/lib/python3.12/site-packages/airflow/example_dags/example_external_task_marker_dag.py
[2025-04-02T06:18:32.904+0000] {processor.py:914} INFO - Processing file /home/airflow/.local/lib/python3.12/site-packages/airflow/example_dags/example_external_task_marker_dag.py for tasks to queue
[2025-04-02T06:18:32.906+0000] {logging_mixin.py:190} INFO - [2025-04-02T06:18:32.906+0000] {dagbag.py:588} INFO - Filling up the DagBag from /home/airflow/.local/lib/python3.12/site-packages/airflow/example_dags/example_external_task_marker_dag.py
[2025-04-02T06:18:32.913+0000] {processor.py:925} INFO - DAG(s) 'example_external_task_marker_parent', 'example_external_task_marker_child' retrieved from /home/airflow/.local/lib/python3.12/site-packages/airflow/example_dags/example_external_task_marker_dag.py
[2025-04-02T06:18:32.927+0000] {logging_mixin.py:190} INFO - [2025-04-02T06:18:32.927+0000] {dag.py:3239} INFO - Sync 2 DAGs
[2025-04-02T06:18:32.936+0000] {logging_mixin.py:190} INFO - [2025-04-02T06:18:32.936+0000] {dag.py:4180} INFO - Setting next_dagrun for example_external_task_marker_child to None, run_after=None
[2025-04-02T06:18:32.939+0000] {logging_mixin.py:190} INFO - [2025-04-02T06:18:32.939+0000] {dag.py:4180} INFO - Setting next_dagrun for example_external_task_marker_parent to None, run_after=None
[2025-04-02T06:18:32.947+0000] {processor.py:208} INFO - Processing /home/airflow/.local/lib/python3.12/site-packages/airflow/example_dags/example_external_task_marker_dag.py took 0.048 seconds
[2025-04-02T06:19:03.171+0000] {processor.py:186} INFO - Started process (PID=197) to work on /home/airflow/.local/lib/python3.12/site-packages/airflow/example_dags/example_external_task_marker_dag.py
[2025-04-02T06:19:03.173+0000] {processor.py:914} INFO - Processing file /home/airflow/.local/lib/python3.12/site-packages/airflow/example_dags/example_external_task_marker_dag.py for tasks to queue
[2025-04-02T06:19:03.174+0000] {logging_mixin.py:190} INFO - [2025-04-02T06:19:03.174+0000] {dagbag.py:588} INFO - Filling up the DagBag from /home/airflow/.local/lib/python3.12/site-packages/airflow/example_dags/example_external_task_marker_dag.py
[2025-04-02T06:19:03.178+0000] {processor.py:925} INFO - DAG(s) 'example_external_task_marker_parent', 'example_external_task_marker_child' retrieved from /home/airflow/.local/lib/python3.12/site-packages/airflow/example_dags/example_external_task_marker_dag.py
[2025-04-02T06:19:03.190+0000] {logging_mixin.py:190} INFO - [2025-04-02T06:19:03.190+0000] {dag.py:3239} INFO - Sync 2 DAGs
[2025-04-02T06:19:03.198+0000] {logging_mixin.py:190} INFO - [2025-04-02T06:19:03.198+0000] {dag.py:4180} INFO - Setting next_dagrun for example_external_task_marker_child to None, run_after=None
[2025-04-02T06:19:03.201+0000] {logging_mixin.py:190} INFO - [2025-04-02T06:19:03.201+0000] {dag.py:4180} INFO - Setting next_dagrun for example_external_task_marker_parent to None, run_after=None
[2025-04-02T06:19:03.213+0000] {processor.py:208} INFO - Processing /home/airflow/.local/lib/python3.12/site-packages/airflow/example_dags/example_external_task_marker_dag.py took 0.045 seconds
[2025-04-02T06:19:33.602+0000] {processor.py:186} INFO - Started process (PID=260) to work on /home/airflow/.local/lib/python3.12/site-packages/airflow/example_dags/example_external_task_marker_dag.py
[2025-04-02T06:19:33.603+0000] {processor.py:914} INFO - Processing file /home/airflow/.local/lib/python3.12/site-packages/airflow/example_dags/example_external_task_marker_dag.py for tasks to queue
[2025-04-02T06:19:33.605+0000] {logging_mixin.py:190} INFO - [2025-04-02T06:19:33.605+0000] {dagbag.py:588} INFO - Filling up the DagBag from /home/airflow/.local/lib/python3.12/site-packages/airflow/example_dags/example_external_task_marker_dag.py
[2025-04-02T06:19:33.615+0000] {processor.py:925} INFO - DAG(s) 'example_external_task_marker_child', 'example_external_task_marker_parent' retrieved from /home/airflow/.local/lib/python3.12/site-packages/airflow/example_dags/example_external_task_marker_dag.py
[2025-04-02T06:19:33.629+0000] {logging_mixin.py:190} INFO - [2025-04-02T06:19:33.629+0000] {dag.py:3239} INFO - Sync 2 DAGs
[2025-04-02T06:19:33.638+0000] {logging_mixin.py:190} INFO - [2025-04-02T06:19:33.638+0000] {dag.py:4180} INFO - Setting next_dagrun for example_external_task_marker_child to None, run_after=None
[2025-04-02T06:19:33.640+0000] {logging_mixin.py:190} INFO - [2025-04-02T06:19:33.640+0000] {dag.py:4180} INFO - Setting next_dagrun for example_external_task_marker_parent to None, run_after=None
[2025-04-02T06:19:33.649+0000] {processor.py:208} INFO - Processing /home/airflow/.local/lib/python3.12/site-packages/airflow/example_dags/example_external_task_marker_dag.py took 0.052 seconds
[2025-04-02T06:20:03.870+0000] {processor.py:186} INFO - Started process (PID=323) to work on /home/airflow/.local/lib/python3.12/site-packages/airflow/example_dags/example_external_task_marker_dag.py
[2025-04-02T06:20:03.871+0000] {processor.py:914} INFO - Processing file /home/airflow/.local/lib/python3.12/site-packages/airflow/example_dags/example_external_task_marker_dag.py for tasks to queue
[2025-04-02T06:20:03.872+0000] {logging_mixin.py:190} INFO - [2025-04-02T06:20:03.872+0000] {dagbag.py:588} INFO - Filling up the DagBag from /home/airflow/.local/lib/python3.12/site-packages/airflow/example_dags/example_external_task_marker_dag.py
[2025-04-02T06:20:03.877+0000] {processor.py:925} INFO - DAG(s) 'example_external_task_marker_child', 'example_external_task_marker_parent' retrieved from /home/airflow/.local/lib/python3.12/site-packages/airflow/example_dags/example_external_task_marker_dag.py
[2025-04-02T06:20:03.889+0000] {logging_mixin.py:190} INFO - [2025-04-02T06:20:03.888+0000] {dag.py:3239} INFO - Sync 2 DAGs
[2025-04-02T06:20:03.899+0000] {logging_mixin.py:190} INFO - [2025-04-02T06:20:03.899+0000] {dag.py:4180} INFO - Setting next_dagrun for example_external_task_marker_child to None, run_after=None
[2025-04-02T06:20:03.901+0000] {logging_mixin.py:190} INFO - [2025-04-02T06:20:03.901+0000] {dag.py:4180} INFO - Setting next_dagrun for example_external_task_marker_parent to None, run_after=None
[2025-04-02T06:20:03.909+0000] {processor.py:208} INFO - Processing /home/airflow/.local/lib/python3.12/site-packages/airflow/example_dags/example_external_task_marker_dag.py took 0.042 seconds
[2025-04-02T06:20:34.011+0000] {processor.py:186} INFO - Started process (PID=386) to work on /home/airflow/.local/lib/python3.12/site-packages/airflow/example_dags/example_external_task_marker_dag.py
[2025-04-02T06:20:34.012+0000] {processor.py:914} INFO - Processing file /home/airflow/.local/lib/python3.12/site-packages/airflow/example_dags/example_external_task_marker_dag.py for tasks to queue
[2025-04-02T06:20:34.013+0000] {logging_mixin.py:190} INFO - [2025-04-02T06:20:34.013+0000] {dagbag.py:588} INFO - Filling up the DagBag from /home/airflow/.local/lib/python3.12/site-packages/airflow/example_dags/example_external_task_marker_dag.py
[2025-04-02T06:20:34.018+0000] {processor.py:925} INFO - DAG(s) 'example_external_task_marker_child', 'example_external_task_marker_parent' retrieved from /home/airflow/.local/lib/python3.12/site-packages/airflow/example_dags/example_external_task_marker_dag.py
[2025-04-02T06:20:34.029+0000] {logging_mixin.py:190} INFO - [2025-04-02T06:20:34.028+0000] {dag.py:3239} INFO - Sync 2 DAGs
[2025-04-02T06:20:34.035+0000] {logging_mixin.py:190} INFO - [2025-04-02T06:20:34.035+0000] {dag.py:4180} INFO - Setting next_dagrun for example_external_task_marker_child to None, run_after=None
[2025-04-02T06:20:34.037+0000] {logging_mixin.py:190} INFO - [2025-04-02T06:20:34.037+0000] {dag.py:4180} INFO - Setting next_dagrun for example_external_task_marker_parent to None, run_after=None
[2025-04-02T06:20:34.044+0000] {processor.py:208} INFO - Processing /home/airflow/.local/lib/python3.12/site-packages/airflow/example_dags/example_external_task_marker_dag.py took 0.035 seconds
[2025-04-02T06:21:04.186+0000] {processor.py:186} INFO - Started process (PID=449) to work on /home/airflow/.local/lib/python3.12/site-packages/airflow/example_dags/example_external_task_marker_dag.py
[2025-04-02T06:21:04.187+0000] {processor.py:914} INFO - Processing file /home/airflow/.local/lib/python3.12/site-packages/airflow/example_dags/example_external_task_marker_dag.py for tasks to queue
[2025-04-02T06:21:04.188+0000] {logging_mixin.py:190} INFO - [2025-04-02T06:21:04.188+0000] {dagbag.py:588} INFO - Filling up the DagBag from /home/airflow/.local/lib/python3.12/site-packages/airflow/example_dags/example_external_task_marker_dag.py
[2025-04-02T06:21:04.193+0000] {processor.py:925} INFO - DAG(s) 'example_external_task_marker_child', 'example_external_task_marker_parent' retrieved from /home/airflow/.local/lib/python3.12/site-packages/airflow/example_dags/example_external_task_marker_dag.py
[2025-04-02T06:21:04.205+0000] {logging_mixin.py:190} INFO - [2025-04-02T06:21:04.205+0000] {dag.py:3239} INFO - Sync 2 DAGs
[2025-04-02T06:21:04.214+0000] {logging_mixin.py:190} INFO - [2025-04-02T06:21:04.213+0000] {dag.py:4180} INFO - Setting next_dagrun for example_external_task_marker_child to None, run_after=None
[2025-04-02T06:21:04.216+0000] {logging_mixin.py:190} INFO - [2025-04-02T06:21:04.215+0000] {dag.py:4180} INFO - Setting next_dagrun for example_external_task_marker_parent to None, run_after=None
[2025-04-02T06:21:04.223+0000] {processor.py:208} INFO - Processing /home/airflow/.local/lib/python3.12/site-packages/airflow/example_dags/example_external_task_marker_dag.py took 0.042 seconds
[2025-04-02T06:21:34.583+0000] {processor.py:186} INFO - Started process (PID=511) to work on /home/airflow/.local/lib/python3.12/site-packages/airflow/example_dags/example_external_task_marker_dag.py
[2025-04-02T06:21:34.584+0000] {processor.py:914} INFO - Processing file /home/airflow/.local/lib/python3.12/site-packages/airflow/example_dags/example_external_task_marker_dag.py for tasks to queue
[2025-04-02T06:21:34.585+0000] {logging_mixin.py:190} INFO - [2025-04-02T06:21:34.585+0000] {dagbag.py:588} INFO - Filling up the DagBag from /home/airflow/.local/lib/python3.12/site-packages/airflow/example_dags/example_external_task_marker_dag.py
[2025-04-02T06:21:34.592+0000] {processor.py:925} INFO - DAG(s) 'example_external_task_marker_parent', 'example_external_task_marker_child' retrieved from /home/airflow/.local/lib/python3.12/site-packages/airflow/example_dags/example_external_task_marker_dag.py
[2025-04-02T06:21:34.607+0000] {logging_mixin.py:190} INFO - [2025-04-02T06:21:34.607+0000] {dag.py:3239} INFO - Sync 2 DAGs
[2025-04-02T06:21:34.615+0000] {logging_mixin.py:190} INFO - [2025-04-02T06:21:34.615+0000] {dag.py:4180} INFO - Setting next_dagrun for example_external_task_marker_child to None, run_after=None
[2025-04-02T06:21:34.618+0000] {logging_mixin.py:190} INFO - [2025-04-02T06:21:34.618+0000] {dag.py:4180} INFO - Setting next_dagrun for example_external_task_marker_parent to None, run_after=None
[2025-04-02T06:21:34.632+0000] {processor.py:208} INFO - Processing /home/airflow/.local/lib/python3.12/site-packages/airflow/example_dags/example_external_task_marker_dag.py took 0.055 seconds
[2025-04-02T06:22:04.739+0000] {processor.py:186} INFO - Started process (PID=574) to work on /home/airflow/.local/lib/python3.12/site-packages/airflow/example_dags/example_external_task_marker_dag.py
[2025-04-02T06:22:04.740+0000] {processor.py:914} INFO - Processing file /home/airflow/.local/lib/python3.12/site-packages/airflow/example_dags/example_external_task_marker_dag.py for tasks to queue
[2025-04-02T06:22:04.742+0000] {logging_mixin.py:190} INFO - [2025-04-02T06:22:04.741+0000] {dagbag.py:588} INFO - Filling up the DagBag from /home/airflow/.local/lib/python3.12/site-packages/airflow/example_dags/example_external_task_marker_dag.py
[2025-04-02T06:22:04.747+0000] {processor.py:925} INFO - DAG(s) 'example_external_task_marker_child', 'example_external_task_marker_parent' retrieved from /home/airflow/.local/lib/python3.12/site-packages/airflow/example_dags/example_external_task_marker_dag.py
[2025-04-02T06:22:04.762+0000] {logging_mixin.py:190} INFO - [2025-04-02T06:22:04.762+0000] {dag.py:3239} INFO - Sync 2 DAGs
[2025-04-02T06:22:04.772+0000] {logging_mixin.py:190} INFO - [2025-04-02T06:22:04.772+0000] {dag.py:4180} INFO - Setting next_dagrun for example_external_task_marker_child to None, run_after=None
[2025-04-02T06:22:04.774+0000] {logging_mixin.py:190} INFO - [2025-04-02T06:22:04.774+0000] {dag.py:4180} INFO - Setting next_dagrun for example_external_task_marker_parent to None, run_after=None
[2025-04-02T06:22:04.782+0000] {processor.py:208} INFO - Processing /home/airflow/.local/lib/python3.12/site-packages/airflow/example_dags/example_external_task_marker_dag.py took 0.054 seconds
[2025-04-02T06:22:35.529+0000] {processor.py:186} INFO - Started process (PID=637) to work on /home/airflow/.local/lib/python3.12/site-packages/airflow/example_dags/example_external_task_marker_dag.py
[2025-04-02T06:22:35.529+0000] {processor.py:914} INFO - Processing file /home/airflow/.local/lib/python3.12/site-packages/airflow/example_dags/example_external_task_marker_dag.py for tasks to queue
[2025-04-02T06:22:35.531+0000] {logging_mixin.py:190} INFO - [2025-04-02T06:22:35.531+0000] {dagbag.py:588} INFO - Filling up the DagBag from /home/airflow/.local/lib/python3.12/site-packages/airflow/example_dags/example_external_task_marker_dag.py
[2025-04-02T06:22:35.536+0000] {processor.py:925} INFO - DAG(s) 'example_external_task_marker_child', 'example_external_task_marker_parent' retrieved from /home/airflow/.local/lib/python3.12/site-packages/airflow/example_dags/example_external_task_marker_dag.py
[2025-04-02T06:22:35.548+0000] {logging_mixin.py:190} INFO - [2025-04-02T06:22:35.548+0000] {dag.py:3239} INFO - Sync 2 DAGs
[2025-04-02T06:22:35.557+0000] {logging_mixin.py:190} INFO - [2025-04-02T06:22:35.556+0000] {dag.py:4180} INFO - Setting next_dagrun for example_external_task_marker_child to None, run_after=None
[2025-04-02T06:22:35.558+0000] {logging_mixin.py:190} INFO - [2025-04-02T06:22:35.558+0000] {dag.py:4180} INFO - Setting next_dagrun for example_external_task_marker_parent to None, run_after=None
[2025-04-02T06:22:35.567+0000] {processor.py:208} INFO - Processing /home/airflow/.local/lib/python3.12/site-packages/airflow/example_dags/example_external_task_marker_dag.py took 0.042 seconds
[2025-04-02T06:23:06.588+0000] {processor.py:186} INFO - Started process (PID=702) to work on /home/airflow/.local/lib/python3.12/site-packages/airflow/example_dags/example_external_task_marker_dag.py
[2025-04-02T06:23:06.589+0000] {processor.py:914} INFO - Processing file /home/airflow/.local/lib/python3.12/site-packages/airflow/example_dags/example_external_task_marker_dag.py for tasks to queue
[2025-04-02T06:23:06.592+0000] {logging_mixin.py:190} INFO - [2025-04-02T06:23:06.592+0000] {dagbag.py:588} INFO - Filling up the DagBag from /home/airflow/.local/lib/python3.12/site-packages/airflow/example_dags/example_external_task_marker_dag.py
[2025-04-02T06:23:06.598+0000] {processor.py:925} INFO - DAG(s) 'example_external_task_marker_child', 'example_external_task_marker_parent' retrieved from /home/airflow/.local/lib/python3.12/site-packages/airflow/example_dags/example_external_task_marker_dag.py
[2025-04-02T06:23:06.614+0000] {logging_mixin.py:190} INFO - [2025-04-02T06:23:06.614+0000] {dag.py:3239} INFO - Sync 2 DAGs
[2025-04-02T06:23:06.622+0000] {logging_mixin.py:190} INFO - [2025-04-02T06:23:06.622+0000] {dag.py:4180} INFO - Setting next_dagrun for example_external_task_marker_child to None, run_after=None
[2025-04-02T06:23:06.626+0000] {logging_mixin.py:190} INFO - [2025-04-02T06:23:06.626+0000] {dag.py:4180} INFO - Setting next_dagrun for example_external_task_marker_parent to None, run_after=None
[2025-04-02T06:23:06.643+0000] {processor.py:208} INFO - Processing /home/airflow/.local/lib/python3.12/site-packages/airflow/example_dags/example_external_task_marker_dag.py took 0.059 seconds
[2025-04-02T06:23:37.119+0000] {processor.py:186} INFO - Started process (PID=766) to work on /home/airflow/.local/lib/python3.12/site-packages/airflow/example_dags/example_external_task_marker_dag.py
[2025-04-02T06:23:37.120+0000] {processor.py:914} INFO - Processing file /home/airflow/.local/lib/python3.12/site-packages/airflow/example_dags/example_external_task_marker_dag.py for tasks to queue
[2025-04-02T06:23:37.122+0000] {logging_mixin.py:190} INFO - [2025-04-02T06:23:37.122+0000] {dagbag.py:588} INFO - Filling up the DagBag from /home/airflow/.local/lib/python3.12/site-packages/airflow/example_dags/example_external_task_marker_dag.py
[2025-04-02T06:23:37.128+0000] {processor.py:925} INFO - DAG(s) 'example_external_task_marker_child', 'example_external_task_marker_parent' retrieved from /home/airflow/.local/lib/python3.12/site-packages/airflow/example_dags/example_external_task_marker_dag.py
[2025-04-02T06:23:37.140+0000] {logging_mixin.py:190} INFO - [2025-04-02T06:23:37.140+0000] {dag.py:3239} INFO - Sync 2 DAGs
[2025-04-02T06:23:37.148+0000] {logging_mixin.py:190} INFO - [2025-04-02T06:23:37.148+0000] {dag.py:4180} INFO - Setting next_dagrun for example_external_task_marker_child to None, run_after=None
[2025-04-02T06:23:37.150+0000] {logging_mixin.py:190} INFO - [2025-04-02T06:23:37.150+0000] {dag.py:4180} INFO - Setting next_dagrun for example_external_task_marker_parent to None, run_after=None
[2025-04-02T06:23:37.159+0000] {processor.py:208} INFO - Processing /home/airflow/.local/lib/python3.12/site-packages/airflow/example_dags/example_external_task_marker_dag.py took 0.044 seconds
[2025-04-02T06:24:08.135+0000] {processor.py:186} INFO - Started process (PID=832) to work on /home/airflow/.local/lib/python3.12/site-packages/airflow/example_dags/example_external_task_marker_dag.py
[2025-04-02T06:24:08.136+0000] {processor.py:914} INFO - Processing file /home/airflow/.local/lib/python3.12/site-packages/airflow/example_dags/example_external_task_marker_dag.py for tasks to queue
[2025-04-02T06:24:08.138+0000] {logging_mixin.py:190} INFO - [2025-04-02T06:24:08.138+0000] {dagbag.py:588} INFO - Filling up the DagBag from /home/airflow/.local/lib/python3.12/site-packages/airflow/example_dags/example_external_task_marker_dag.py
[2025-04-02T06:24:08.143+0000] {processor.py:925} INFO - DAG(s) 'example_external_task_marker_child', 'example_external_task_marker_parent' retrieved from /home/airflow/.local/lib/python3.12/site-packages/airflow/example_dags/example_external_task_marker_dag.py
[2025-04-02T06:24:08.161+0000] {logging_mixin.py:190} INFO - [2025-04-02T06:24:08.161+0000] {dag.py:3239} INFO - Sync 2 DAGs
[2025-04-02T06:24:08.170+0000] {logging_mixin.py:190} INFO - [2025-04-02T06:24:08.170+0000] {dag.py:4180} INFO - Setting next_dagrun for example_external_task_marker_child to None, run_after=None
[2025-04-02T06:24:08.172+0000] {logging_mixin.py:190} INFO - [2025-04-02T06:24:08.172+0000] {dag.py:4180} INFO - Setting next_dagrun for example_external_task_marker_parent to None, run_after=None
[2025-04-02T06:24:08.181+0000] {processor.py:208} INFO - Processing /home/airflow/.local/lib/python3.12/site-packages/airflow/example_dags/example_external_task_marker_dag.py took 0.049 seconds
[2025-04-02T06:24:38.537+0000] {processor.py:186} INFO - Started process (PID=896) to work on /home/airflow/.local/lib/python3.12/site-packages/airflow/example_dags/example_external_task_marker_dag.py
[2025-04-02T06:24:38.539+0000] {processor.py:914} INFO - Processing file /home/airflow/.local/lib/python3.12/site-packages/airflow/example_dags/example_external_task_marker_dag.py for tasks to queue
[2025-04-02T06:24:38.540+0000] {logging_mixin.py:190} INFO - [2025-04-02T06:24:38.540+0000] {dagbag.py:588} INFO - Filling up the DagBag from /home/airflow/.local/lib/python3.12/site-packages/airflow/example_dags/example_external_task_marker_dag.py
[2025-04-02T06:24:38.545+0000] {processor.py:925} INFO - DAG(s) 'example_external_task_marker_parent', 'example_external_task_marker_child' retrieved from /home/airflow/.local/lib/python3.12/site-packages/airflow/example_dags/example_external_task_marker_dag.py
[2025-04-02T06:24:38.559+0000] {logging_mixin.py:190} INFO - [2025-04-02T06:24:38.559+0000] {dag.py:3239} INFO - Sync 2 DAGs
[2025-04-02T06:24:38.569+0000] {logging_mixin.py:190} INFO - [2025-04-02T06:24:38.569+0000] {dag.py:4180} INFO - Setting next_dagrun for example_external_task_marker_child to None, run_after=None
[2025-04-02T06:24:38.572+0000] {logging_mixin.py:190} INFO - [2025-04-02T06:24:38.572+0000] {dag.py:4180} INFO - Setting next_dagrun for example_external_task_marker_parent to None, run_after=None
[2025-04-02T06:24:38.580+0000] {processor.py:208} INFO - Processing /home/airflow/.local/lib/python3.12/site-packages/airflow/example_dags/example_external_task_marker_dag.py took 0.046 seconds
[2025-04-02T06:25:08.945+0000] {processor.py:186} INFO - Started process (PID=960) to work on /home/airflow/.local/lib/python3.12/site-packages/airflow/example_dags/example_external_task_marker_dag.py
[2025-04-02T06:25:08.945+0000] {processor.py:914} INFO - Processing file /home/airflow/.local/lib/python3.12/site-packages/airflow/example_dags/example_external_task_marker_dag.py for tasks to queue
[2025-04-02T06:25:08.947+0000] {logging_mixin.py:190} INFO - [2025-04-02T06:25:08.947+0000] {dagbag.py:588} INFO - Filling up the DagBag from /home/airflow/.local/lib/python3.12/site-packages/airflow/example_dags/example_external_task_marker_dag.py
[2025-04-02T06:25:08.952+0000] {processor.py:925} INFO - DAG(s) 'example_external_task_marker_parent', 'example_external_task_marker_child' retrieved from /home/airflow/.local/lib/python3.12/site-packages/airflow/example_dags/example_external_task_marker_dag.py
[2025-04-02T06:25:08.968+0000] {logging_mixin.py:190} INFO - [2025-04-02T06:25:08.968+0000] {dag.py:3239} INFO - Sync 2 DAGs
[2025-04-02T06:25:08.976+0000] {logging_mixin.py:190} INFO - [2025-04-02T06:25:08.976+0000] {dag.py:4180} INFO - Setting next_dagrun for example_external_task_marker_child to None, run_after=None
[2025-04-02T06:25:08.978+0000] {logging_mixin.py:190} INFO - [2025-04-02T06:25:08.978+0000] {dag.py:4180} INFO - Setting next_dagrun for example_external_task_marker_parent to None, run_after=None
[2025-04-02T06:25:08.990+0000] {processor.py:208} INFO - Processing /home/airflow/.local/lib/python3.12/site-packages/airflow/example_dags/example_external_task_marker_dag.py took 0.049 seconds
[2025-04-02T06:25:39.404+0000] {processor.py:186} INFO - Started process (PID=1028) to work on /home/airflow/.local/lib/python3.12/site-packages/airflow/example_dags/example_external_task_marker_dag.py
[2025-04-02T06:25:39.409+0000] {processor.py:914} INFO - Processing file /home/airflow/.local/lib/python3.12/site-packages/airflow/example_dags/example_external_task_marker_dag.py for tasks to queue
[2025-04-02T06:25:39.411+0000] {logging_mixin.py:190} INFO - [2025-04-02T06:25:39.411+0000] {dagbag.py:588} INFO - Filling up the DagBag from /home/airflow/.local/lib/python3.12/site-packages/airflow/example_dags/example_external_task_marker_dag.py
[2025-04-02T06:25:39.415+0000] {processor.py:925} INFO - DAG(s) 'example_external_task_marker_child', 'example_external_task_marker_parent' retrieved from /home/airflow/.local/lib/python3.12/site-packages/airflow/example_dags/example_external_task_marker_dag.py
[2025-04-02T06:25:39.429+0000] {logging_mixin.py:190} INFO - [2025-04-02T06:25:39.429+0000] {dag.py:3239} INFO - Sync 2 DAGs
[2025-04-02T06:25:39.437+0000] {logging_mixin.py:190} INFO - [2025-04-02T06:25:39.437+0000] {dag.py:4180} INFO - Setting next_dagrun for example_external_task_marker_child to None, run_after=None
[2025-04-02T06:25:39.439+0000] {logging_mixin.py:190} INFO - [2025-04-02T06:25:39.439+0000] {dag.py:4180} INFO - Setting next_dagrun for example_external_task_marker_parent to None, run_after=None
[2025-04-02T06:25:39.447+0000] {processor.py:208} INFO - Processing /home/airflow/.local/lib/python3.12/site-packages/airflow/example_dags/example_external_task_marker_dag.py took 0.046 seconds
[2025-04-02T06:26:09.724+0000] {processor.py:186} INFO - Started process (PID=1095) to work on /home/airflow/.local/lib/python3.12/site-packages/airflow/example_dags/example_external_task_marker_dag.py
[2025-04-02T06:26:09.725+0000] {processor.py:914} INFO - Processing file /home/airflow/.local/lib/python3.12/site-packages/airflow/example_dags/example_external_task_marker_dag.py for tasks to queue
[2025-04-02T06:26:09.727+0000] {logging_mixin.py:190} INFO - [2025-04-02T06:26:09.727+0000] {dagbag.py:588} INFO - Filling up the DagBag from /home/airflow/.local/lib/python3.12/site-packages/airflow/example_dags/example_external_task_marker_dag.py
[2025-04-02T06:26:09.731+0000] {processor.py:925} INFO - DAG(s) 'example_external_task_marker_child', 'example_external_task_marker_parent' retrieved from /home/airflow/.local/lib/python3.12/site-packages/airflow/example_dags/example_external_task_marker_dag.py
[2025-04-02T06:26:09.745+0000] {logging_mixin.py:190} INFO - [2025-04-02T06:26:09.745+0000] {dag.py:3239} INFO - Sync 2 DAGs
[2025-04-02T06:26:09.753+0000] {logging_mixin.py:190} INFO - [2025-04-02T06:26:09.753+0000] {dag.py:4180} INFO - Setting next_dagrun for example_external_task_marker_child to None, run_after=None
[2025-04-02T06:26:09.756+0000] {logging_mixin.py:190} INFO - [2025-04-02T06:26:09.756+0000] {dag.py:4180} INFO - Setting next_dagrun for example_external_task_marker_parent to None, run_after=None
[2025-04-02T06:26:09.764+0000] {processor.py:208} INFO - Processing /home/airflow/.local/lib/python3.12/site-packages/airflow/example_dags/example_external_task_marker_dag.py took 0.043 seconds
[2025-04-02T06:26:40.166+0000] {processor.py:186} INFO - Started process (PID=1163) to work on /home/airflow/.local/lib/python3.12/site-packages/airflow/example_dags/example_external_task_marker_dag.py
[2025-04-02T06:26:40.167+0000] {processor.py:914} INFO - Processing file /home/airflow/.local/lib/python3.12/site-packages/airflow/example_dags/example_external_task_marker_dag.py for tasks to queue
[2025-04-02T06:26:40.170+0000] {logging_mixin.py:190} INFO - [2025-04-02T06:26:40.170+0000] {dagbag.py:588} INFO - Filling up the DagBag from /home/airflow/.local/lib/python3.12/site-packages/airflow/example_dags/example_external_task_marker_dag.py
[2025-04-02T06:26:40.175+0000] {processor.py:925} INFO - DAG(s) 'example_external_task_marker_parent', 'example_external_task_marker_child' retrieved from /home/airflow/.local/lib/python3.12/site-packages/airflow/example_dags/example_external_task_marker_dag.py
[2025-04-02T06:26:40.190+0000] {logging_mixin.py:190} INFO - [2025-04-02T06:26:40.190+0000] {dag.py:3239} INFO - Sync 2 DAGs
[2025-04-02T06:26:40.199+0000] {logging_mixin.py:190} INFO - [2025-04-02T06:26:40.199+0000] {dag.py:4180} INFO - Setting next_dagrun for example_external_task_marker_child to None, run_after=None
[2025-04-02T06:26:40.201+0000] {logging_mixin.py:190} INFO - [2025-04-02T06:26:40.201+0000] {dag.py:4180} INFO - Setting next_dagrun for example_external_task_marker_parent to None, run_after=None
[2025-04-02T06:26:40.210+0000] {processor.py:208} INFO - Processing /home/airflow/.local/lib/python3.12/site-packages/airflow/example_dags/example_external_task_marker_dag.py took 0.047 seconds
[2025-04-02T06:27:10.998+0000] {processor.py:186} INFO - Started process (PID=1233) to work on /home/airflow/.local/lib/python3.12/site-packages/airflow/example_dags/example_external_task_marker_dag.py
[2025-04-02T06:27:10.999+0000] {processor.py:914} INFO - Processing file /home/airflow/.local/lib/python3.12/site-packages/airflow/example_dags/example_external_task_marker_dag.py for tasks to queue
[2025-04-02T06:27:10.999+0000] {logging_mixin.py:190} INFO - [2025-04-02T06:27:10.999+0000] {dagbag.py:588} INFO - Filling up the DagBag from /home/airflow/.local/lib/python3.12/site-packages/airflow/example_dags/example_external_task_marker_dag.py
[2025-04-02T06:27:11.004+0000] {processor.py:925} INFO - DAG(s) 'example_external_task_marker_parent', 'example_external_task_marker_child' retrieved from /home/airflow/.local/lib/python3.12/site-packages/airflow/example_dags/example_external_task_marker_dag.py
[2025-04-02T06:27:11.017+0000] {logging_mixin.py:190} INFO - [2025-04-02T06:27:11.017+0000] {dag.py:3239} INFO - Sync 2 DAGs
[2025-04-02T06:27:11.026+0000] {logging_mixin.py:190} INFO - [2025-04-02T06:27:11.026+0000] {dag.py:4180} INFO - Setting next_dagrun for example_external_task_marker_child to None, run_after=None
[2025-04-02T06:27:11.028+0000] {logging_mixin.py:190} INFO - [2025-04-02T06:27:11.028+0000] {dag.py:4180} INFO - Setting next_dagrun for example_external_task_marker_parent to None, run_after=None
[2025-04-02T06:27:11.037+0000] {processor.py:208} INFO - Processing /home/airflow/.local/lib/python3.12/site-packages/airflow/example_dags/example_external_task_marker_dag.py took 0.042 seconds
[2025-04-02T06:27:41.639+0000] {processor.py:186} INFO - Started process (PID=1297) to work on /home/airflow/.local/lib/python3.12/site-packages/airflow/example_dags/example_external_task_marker_dag.py
[2025-04-02T06:27:41.640+0000] {processor.py:914} INFO - Processing file /home/airflow/.local/lib/python3.12/site-packages/airflow/example_dags/example_external_task_marker_dag.py for tasks to queue
[2025-04-02T06:27:41.641+0000] {logging_mixin.py:190} INFO - [2025-04-02T06:27:41.641+0000] {dagbag.py:588} INFO - Filling up the DagBag from /home/airflow/.local/lib/python3.12/site-packages/airflow/example_dags/example_external_task_marker_dag.py
[2025-04-02T06:27:41.645+0000] {processor.py:925} INFO - DAG(s) 'example_external_task_marker_parent', 'example_external_task_marker_child' retrieved from /home/airflow/.local/lib/python3.12/site-packages/airflow/example_dags/example_external_task_marker_dag.py
[2025-04-02T06:27:41.658+0000] {logging_mixin.py:190} INFO - [2025-04-02T06:27:41.658+0000] {dag.py:3239} INFO - Sync 2 DAGs
[2025-04-02T06:27:41.666+0000] {logging_mixin.py:190} INFO - [2025-04-02T06:27:41.666+0000] {dag.py:4180} INFO - Setting next_dagrun for example_external_task_marker_child to None, run_after=None
[2025-04-02T06:27:41.669+0000] {logging_mixin.py:190} INFO - [2025-04-02T06:27:41.669+0000] {dag.py:4180} INFO - Setting next_dagrun for example_external_task_marker_parent to None, run_after=None
[2025-04-02T06:27:41.682+0000] {processor.py:208} INFO - Processing /home/airflow/.local/lib/python3.12/site-packages/airflow/example_dags/example_external_task_marker_dag.py took 0.047 seconds
[2025-04-02T06:28:12.240+0000] {processor.py:186} INFO - Started process (PID=1365) to work on /home/airflow/.local/lib/python3.12/site-packages/airflow/example_dags/example_external_task_marker_dag.py
[2025-04-02T06:28:12.241+0000] {processor.py:914} INFO - Processing file /home/airflow/.local/lib/python3.12/site-packages/airflow/example_dags/example_external_task_marker_dag.py for tasks to queue
[2025-04-02T06:28:12.242+0000] {logging_mixin.py:190} INFO - [2025-04-02T06:28:12.242+0000] {dagbag.py:588} INFO - Filling up the DagBag from /home/airflow/.local/lib/python3.12/site-packages/airflow/example_dags/example_external_task_marker_dag.py
[2025-04-02T06:28:12.247+0000] {processor.py:925} INFO - DAG(s) 'example_external_task_marker_child', 'example_external_task_marker_parent' retrieved from /home/airflow/.local/lib/python3.12/site-packages/airflow/example_dags/example_external_task_marker_dag.py
[2025-04-02T06:28:12.261+0000] {logging_mixin.py:190} INFO - [2025-04-02T06:28:12.261+0000] {dag.py:3239} INFO - Sync 2 DAGs
[2025-04-02T06:28:12.269+0000] {logging_mixin.py:190} INFO - [2025-04-02T06:28:12.269+0000] {dag.py:4180} INFO - Setting next_dagrun for example_external_task_marker_child to None, run_after=None
[2025-04-02T06:28:12.270+0000] {logging_mixin.py:190} INFO - [2025-04-02T06:28:12.270+0000] {dag.py:4180} INFO - Setting next_dagrun for example_external_task_marker_parent to None, run_after=None
[2025-04-02T06:28:12.278+0000] {processor.py:208} INFO - Processing /home/airflow/.local/lib/python3.12/site-packages/airflow/example_dags/example_external_task_marker_dag.py took 0.041 seconds
