[2025-04-02T06:12:16.068+0000] {processor.py:186} INFO - Started process (PID=81) to work on /home/airflow/.local/lib/python3.12/site-packages/airflow/example_dags/tutorial_dag.py
[2025-04-02T06:12:16.072+0000] {processor.py:914} INFO - Processing file /home/airflow/.local/lib/python3.12/site-packages/airflow/example_dags/tutorial_dag.py for tasks to queue
[2025-04-02T06:12:16.075+0000] {logging_mixin.py:190} INFO - [2025-04-02T06:12:16.075+0000] {dagbag.py:588} INFO - Filling up the DagBag from /home/airflow/.local/lib/python3.12/site-packages/airflow/example_dags/tutorial_dag.py
[2025-04-02T06:12:16.086+0000] {processor.py:925} INFO - DAG(s) 'tutorial_dag' retrieved from /home/airflow/.local/lib/python3.12/site-packages/airflow/example_dags/tutorial_dag.py
[2025-04-02T06:12:16.207+0000] {logging_mixin.py:190} INFO - [2025-04-02T06:12:16.206+0000] {override.py:1912} INFO - Created Permission View: can delete on DAG:tutorial_dag
[2025-04-02T06:12:16.213+0000] {logging_mixin.py:190} INFO - [2025-04-02T06:12:16.213+0000] {override.py:1912} INFO - Created Permission View: can read on DAG:tutorial_dag
[2025-04-02T06:12:16.218+0000] {logging_mixin.py:190} INFO - [2025-04-02T06:12:16.218+0000] {override.py:1912} INFO - Created Permission View: can edit on DAG:tutorial_dag
[2025-04-02T06:12:16.223+0000] {logging_mixin.py:190} INFO - [2025-04-02T06:12:16.223+0000] {override.py:1912} INFO - Created Permission View: can delete on DAG Run:tutorial_dag
[2025-04-02T06:12:16.229+0000] {logging_mixin.py:190} INFO - [2025-04-02T06:12:16.228+0000] {override.py:1912} INFO - Created Permission View: can create on DAG Run:tutorial_dag
[2025-04-02T06:12:16.233+0000] {logging_mixin.py:190} INFO - [2025-04-02T06:12:16.233+0000] {override.py:1912} INFO - Created Permission View: can read on DAG Run:tutorial_dag
[2025-04-02T06:12:16.237+0000] {logging_mixin.py:190} INFO - [2025-04-02T06:12:16.237+0000] {override.py:1912} INFO - Created Permission View: menu access on DAG Run:tutorial_dag
[2025-04-02T06:12:16.238+0000] {logging_mixin.py:190} INFO - [2025-04-02T06:12:16.238+0000] {dag.py:3239} INFO - Sync 1 DAGs
[2025-04-02T06:12:16.248+0000] {logging_mixin.py:190} INFO - [2025-04-02T06:12:16.248+0000] {dag.py:3262} INFO - Creating ORM DAG for tutorial_dag
[2025-04-02T06:12:16.249+0000] {logging_mixin.py:190} INFO - [2025-04-02T06:12:16.249+0000] {dag.py:4180} INFO - Setting next_dagrun for tutorial_dag to None, run_after=None
[2025-04-02T06:12:16.261+0000] {processor.py:208} INFO - Processing /home/airflow/.local/lib/python3.12/site-packages/airflow/example_dags/tutorial_dag.py took 0.211 seconds
[2025-04-02T06:12:46.961+0000] {processor.py:186} INFO - Started process (PID=144) to work on /home/airflow/.local/lib/python3.12/site-packages/airflow/example_dags/tutorial_dag.py
[2025-04-02T06:12:46.965+0000] {processor.py:914} INFO - Processing file /home/airflow/.local/lib/python3.12/site-packages/airflow/example_dags/tutorial_dag.py for tasks to queue
[2025-04-02T06:12:46.966+0000] {logging_mixin.py:190} INFO - [2025-04-02T06:12:46.966+0000] {dagbag.py:588} INFO - Filling up the DagBag from /home/airflow/.local/lib/python3.12/site-packages/airflow/example_dags/tutorial_dag.py
[2025-04-02T06:12:46.972+0000] {processor.py:925} INFO - DAG(s) 'tutorial_dag' retrieved from /home/airflow/.local/lib/python3.12/site-packages/airflow/example_dags/tutorial_dag.py
[2025-04-02T06:12:46.993+0000] {logging_mixin.py:190} INFO - [2025-04-02T06:12:46.992+0000] {dag.py:3239} INFO - Sync 1 DAGs
[2025-04-02T06:12:47.004+0000] {logging_mixin.py:190} INFO - [2025-04-02T06:12:47.004+0000] {dag.py:4180} INFO - Setting next_dagrun for tutorial_dag to None, run_after=None
[2025-04-02T06:12:47.015+0000] {processor.py:208} INFO - Processing /home/airflow/.local/lib/python3.12/site-packages/airflow/example_dags/tutorial_dag.py took 0.061 seconds
[2025-04-02T06:13:18.020+0000] {processor.py:186} INFO - Started process (PID=207) to work on /home/airflow/.local/lib/python3.12/site-packages/airflow/example_dags/tutorial_dag.py
[2025-04-02T06:13:18.021+0000] {processor.py:914} INFO - Processing file /home/airflow/.local/lib/python3.12/site-packages/airflow/example_dags/tutorial_dag.py for tasks to queue
[2025-04-02T06:13:18.023+0000] {logging_mixin.py:190} INFO - [2025-04-02T06:13:18.023+0000] {dagbag.py:588} INFO - Filling up the DagBag from /home/airflow/.local/lib/python3.12/site-packages/airflow/example_dags/tutorial_dag.py
[2025-04-02T06:13:18.028+0000] {processor.py:925} INFO - DAG(s) 'tutorial_dag' retrieved from /home/airflow/.local/lib/python3.12/site-packages/airflow/example_dags/tutorial_dag.py
[2025-04-02T06:13:18.040+0000] {logging_mixin.py:190} INFO - [2025-04-02T06:13:18.040+0000] {dag.py:3239} INFO - Sync 1 DAGs
[2025-04-02T06:13:18.050+0000] {logging_mixin.py:190} INFO - [2025-04-02T06:13:18.049+0000] {dag.py:4180} INFO - Setting next_dagrun for tutorial_dag to None, run_after=None
[2025-04-02T06:13:18.060+0000] {processor.py:208} INFO - Processing /home/airflow/.local/lib/python3.12/site-packages/airflow/example_dags/tutorial_dag.py took 0.043 seconds
[2025-04-02T06:13:48.277+0000] {processor.py:186} INFO - Started process (PID=269) to work on /home/airflow/.local/lib/python3.12/site-packages/airflow/example_dags/tutorial_dag.py
[2025-04-02T06:13:48.278+0000] {processor.py:914} INFO - Processing file /home/airflow/.local/lib/python3.12/site-packages/airflow/example_dags/tutorial_dag.py for tasks to queue
[2025-04-02T06:13:48.279+0000] {logging_mixin.py:190} INFO - [2025-04-02T06:13:48.279+0000] {dagbag.py:588} INFO - Filling up the DagBag from /home/airflow/.local/lib/python3.12/site-packages/airflow/example_dags/tutorial_dag.py
[2025-04-02T06:13:48.283+0000] {processor.py:925} INFO - DAG(s) 'tutorial_dag' retrieved from /home/airflow/.local/lib/python3.12/site-packages/airflow/example_dags/tutorial_dag.py
[2025-04-02T06:13:48.293+0000] {logging_mixin.py:190} INFO - [2025-04-02T06:13:48.293+0000] {dag.py:3239} INFO - Sync 1 DAGs
[2025-04-02T06:13:48.299+0000] {logging_mixin.py:190} INFO - [2025-04-02T06:13:48.299+0000] {dag.py:4180} INFO - Setting next_dagrun for tutorial_dag to None, run_after=None
[2025-04-02T06:13:48.310+0000] {processor.py:208} INFO - Processing /home/airflow/.local/lib/python3.12/site-packages/airflow/example_dags/tutorial_dag.py took 0.035 seconds
[2025-04-02T06:14:18.759+0000] {processor.py:186} INFO - Started process (PID=332) to work on /home/airflow/.local/lib/python3.12/site-packages/airflow/example_dags/tutorial_dag.py
[2025-04-02T06:14:18.759+0000] {processor.py:914} INFO - Processing file /home/airflow/.local/lib/python3.12/site-packages/airflow/example_dags/tutorial_dag.py for tasks to queue
[2025-04-02T06:14:18.761+0000] {logging_mixin.py:190} INFO - [2025-04-02T06:14:18.761+0000] {dagbag.py:588} INFO - Filling up the DagBag from /home/airflow/.local/lib/python3.12/site-packages/airflow/example_dags/tutorial_dag.py
[2025-04-02T06:14:18.765+0000] {processor.py:925} INFO - DAG(s) 'tutorial_dag' retrieved from /home/airflow/.local/lib/python3.12/site-packages/airflow/example_dags/tutorial_dag.py
[2025-04-02T06:14:18.785+0000] {logging_mixin.py:190} INFO - [2025-04-02T06:14:18.785+0000] {dag.py:3239} INFO - Sync 1 DAGs
[2025-04-02T06:14:18.796+0000] {logging_mixin.py:190} INFO - [2025-04-02T06:14:18.796+0000] {dag.py:4180} INFO - Setting next_dagrun for tutorial_dag to None, run_after=None
[2025-04-02T06:14:18.807+0000] {processor.py:208} INFO - Processing /home/airflow/.local/lib/python3.12/site-packages/airflow/example_dags/tutorial_dag.py took 0.052 seconds
[2025-04-02T06:14:49.332+0000] {processor.py:186} INFO - Started process (PID=395) to work on /home/airflow/.local/lib/python3.12/site-packages/airflow/example_dags/tutorial_dag.py
[2025-04-02T06:14:49.333+0000] {processor.py:914} INFO - Processing file /home/airflow/.local/lib/python3.12/site-packages/airflow/example_dags/tutorial_dag.py for tasks to queue
[2025-04-02T06:14:49.334+0000] {logging_mixin.py:190} INFO - [2025-04-02T06:14:49.334+0000] {dagbag.py:588} INFO - Filling up the DagBag from /home/airflow/.local/lib/python3.12/site-packages/airflow/example_dags/tutorial_dag.py
[2025-04-02T06:14:49.340+0000] {processor.py:925} INFO - DAG(s) 'tutorial_dag' retrieved from /home/airflow/.local/lib/python3.12/site-packages/airflow/example_dags/tutorial_dag.py
[2025-04-02T06:14:49.376+0000] {logging_mixin.py:190} INFO - [2025-04-02T06:14:49.375+0000] {dag.py:3239} INFO - Sync 1 DAGs
[2025-04-02T06:14:49.387+0000] {logging_mixin.py:190} INFO - [2025-04-02T06:14:49.386+0000] {dag.py:4180} INFO - Setting next_dagrun for tutorial_dag to None, run_after=None
[2025-04-02T06:14:49.400+0000] {processor.py:208} INFO - Processing /home/airflow/.local/lib/python3.12/site-packages/airflow/example_dags/tutorial_dag.py took 0.075 seconds
[2025-04-02T06:15:20.469+0000] {processor.py:186} INFO - Started process (PID=459) to work on /home/airflow/.local/lib/python3.12/site-packages/airflow/example_dags/tutorial_dag.py
[2025-04-02T06:15:20.470+0000] {processor.py:914} INFO - Processing file /home/airflow/.local/lib/python3.12/site-packages/airflow/example_dags/tutorial_dag.py for tasks to queue
[2025-04-02T06:15:20.471+0000] {logging_mixin.py:190} INFO - [2025-04-02T06:15:20.471+0000] {dagbag.py:588} INFO - Filling up the DagBag from /home/airflow/.local/lib/python3.12/site-packages/airflow/example_dags/tutorial_dag.py
[2025-04-02T06:15:20.476+0000] {processor.py:925} INFO - DAG(s) 'tutorial_dag' retrieved from /home/airflow/.local/lib/python3.12/site-packages/airflow/example_dags/tutorial_dag.py
[2025-04-02T06:15:20.488+0000] {logging_mixin.py:190} INFO - [2025-04-02T06:15:20.488+0000] {dag.py:3239} INFO - Sync 1 DAGs
[2025-04-02T06:15:20.497+0000] {logging_mixin.py:190} INFO - [2025-04-02T06:15:20.497+0000] {dag.py:4180} INFO - Setting next_dagrun for tutorial_dag to None, run_after=None
[2025-04-02T06:15:20.508+0000] {processor.py:208} INFO - Processing /home/airflow/.local/lib/python3.12/site-packages/airflow/example_dags/tutorial_dag.py took 0.042 seconds
[2025-04-02T06:15:50.750+0000] {processor.py:186} INFO - Started process (PID=521) to work on /home/airflow/.local/lib/python3.12/site-packages/airflow/example_dags/tutorial_dag.py
[2025-04-02T06:15:50.751+0000] {processor.py:914} INFO - Processing file /home/airflow/.local/lib/python3.12/site-packages/airflow/example_dags/tutorial_dag.py for tasks to queue
[2025-04-02T06:15:50.752+0000] {logging_mixin.py:190} INFO - [2025-04-02T06:15:50.752+0000] {dagbag.py:588} INFO - Filling up the DagBag from /home/airflow/.local/lib/python3.12/site-packages/airflow/example_dags/tutorial_dag.py
[2025-04-02T06:15:50.757+0000] {processor.py:925} INFO - DAG(s) 'tutorial_dag' retrieved from /home/airflow/.local/lib/python3.12/site-packages/airflow/example_dags/tutorial_dag.py
[2025-04-02T06:15:50.769+0000] {logging_mixin.py:190} INFO - [2025-04-02T06:15:50.768+0000] {dag.py:3239} INFO - Sync 1 DAGs
[2025-04-02T06:15:50.776+0000] {logging_mixin.py:190} INFO - [2025-04-02T06:15:50.776+0000] {dag.py:4180} INFO - Setting next_dagrun for tutorial_dag to None, run_after=None
[2025-04-02T06:15:50.786+0000] {processor.py:208} INFO - Processing /home/airflow/.local/lib/python3.12/site-packages/airflow/example_dags/tutorial_dag.py took 0.040 seconds
[2025-04-02T06:18:03.368+0000] {processor.py:186} INFO - Started process (PID=80) to work on /home/airflow/.local/lib/python3.12/site-packages/airflow/example_dags/tutorial_dag.py
[2025-04-02T06:18:03.369+0000] {processor.py:914} INFO - Processing file /home/airflow/.local/lib/python3.12/site-packages/airflow/example_dags/tutorial_dag.py for tasks to queue
[2025-04-02T06:18:03.371+0000] {logging_mixin.py:190} INFO - [2025-04-02T06:18:03.371+0000] {dagbag.py:588} INFO - Filling up the DagBag from /home/airflow/.local/lib/python3.12/site-packages/airflow/example_dags/tutorial_dag.py
[2025-04-02T06:18:03.381+0000] {processor.py:925} INFO - DAG(s) 'tutorial_dag' retrieved from /home/airflow/.local/lib/python3.12/site-packages/airflow/example_dags/tutorial_dag.py
[2025-04-02T06:18:03.402+0000] {logging_mixin.py:190} INFO - [2025-04-02T06:18:03.402+0000] {dag.py:3239} INFO - Sync 1 DAGs
[2025-04-02T06:18:03.414+0000] {logging_mixin.py:190} INFO - [2025-04-02T06:18:03.413+0000] {dag.py:4180} INFO - Setting next_dagrun for tutorial_dag to None, run_after=None
[2025-04-02T06:18:03.426+0000] {processor.py:208} INFO - Processing /home/airflow/.local/lib/python3.12/site-packages/airflow/example_dags/tutorial_dag.py took 0.063 seconds
[2025-04-02T06:18:34.377+0000] {processor.py:186} INFO - Started process (PID=143) to work on /home/airflow/.local/lib/python3.12/site-packages/airflow/example_dags/tutorial_dag.py
[2025-04-02T06:18:34.378+0000] {processor.py:914} INFO - Processing file /home/airflow/.local/lib/python3.12/site-packages/airflow/example_dags/tutorial_dag.py for tasks to queue
[2025-04-02T06:18:34.379+0000] {logging_mixin.py:190} INFO - [2025-04-02T06:18:34.379+0000] {dagbag.py:588} INFO - Filling up the DagBag from /home/airflow/.local/lib/python3.12/site-packages/airflow/example_dags/tutorial_dag.py
[2025-04-02T06:18:34.384+0000] {processor.py:925} INFO - DAG(s) 'tutorial_dag' retrieved from /home/airflow/.local/lib/python3.12/site-packages/airflow/example_dags/tutorial_dag.py
[2025-04-02T06:18:34.397+0000] {logging_mixin.py:190} INFO - [2025-04-02T06:18:34.397+0000] {dag.py:3239} INFO - Sync 1 DAGs
[2025-04-02T06:18:34.406+0000] {logging_mixin.py:190} INFO - [2025-04-02T06:18:34.406+0000] {dag.py:4180} INFO - Setting next_dagrun for tutorial_dag to None, run_after=None
[2025-04-02T06:18:34.416+0000] {processor.py:208} INFO - Processing /home/airflow/.local/lib/python3.12/site-packages/airflow/example_dags/tutorial_dag.py took 0.043 seconds
[2025-04-02T06:19:04.471+0000] {processor.py:186} INFO - Started process (PID=205) to work on /home/airflow/.local/lib/python3.12/site-packages/airflow/example_dags/tutorial_dag.py
[2025-04-02T06:19:04.472+0000] {processor.py:914} INFO - Processing file /home/airflow/.local/lib/python3.12/site-packages/airflow/example_dags/tutorial_dag.py for tasks to queue
[2025-04-02T06:19:04.473+0000] {logging_mixin.py:190} INFO - [2025-04-02T06:19:04.473+0000] {dagbag.py:588} INFO - Filling up the DagBag from /home/airflow/.local/lib/python3.12/site-packages/airflow/example_dags/tutorial_dag.py
[2025-04-02T06:19:04.478+0000] {processor.py:925} INFO - DAG(s) 'tutorial_dag' retrieved from /home/airflow/.local/lib/python3.12/site-packages/airflow/example_dags/tutorial_dag.py
[2025-04-02T06:19:04.488+0000] {logging_mixin.py:190} INFO - [2025-04-02T06:19:04.488+0000] {dag.py:3239} INFO - Sync 1 DAGs
[2025-04-02T06:19:04.495+0000] {logging_mixin.py:190} INFO - [2025-04-02T06:19:04.495+0000] {dag.py:4180} INFO - Setting next_dagrun for tutorial_dag to None, run_after=None
[2025-04-02T06:19:04.503+0000] {processor.py:208} INFO - Processing /home/airflow/.local/lib/python3.12/site-packages/airflow/example_dags/tutorial_dag.py took 0.035 seconds
[2025-04-02T06:19:34.850+0000] {processor.py:186} INFO - Started process (PID=268) to work on /home/airflow/.local/lib/python3.12/site-packages/airflow/example_dags/tutorial_dag.py
[2025-04-02T06:19:34.851+0000] {processor.py:914} INFO - Processing file /home/airflow/.local/lib/python3.12/site-packages/airflow/example_dags/tutorial_dag.py for tasks to queue
[2025-04-02T06:19:34.852+0000] {logging_mixin.py:190} INFO - [2025-04-02T06:19:34.852+0000] {dagbag.py:588} INFO - Filling up the DagBag from /home/airflow/.local/lib/python3.12/site-packages/airflow/example_dags/tutorial_dag.py
[2025-04-02T06:19:34.857+0000] {processor.py:925} INFO - DAG(s) 'tutorial_dag' retrieved from /home/airflow/.local/lib/python3.12/site-packages/airflow/example_dags/tutorial_dag.py
[2025-04-02T06:19:34.867+0000] {logging_mixin.py:190} INFO - [2025-04-02T06:19:34.867+0000] {dag.py:3239} INFO - Sync 1 DAGs
[2025-04-02T06:19:34.874+0000] {logging_mixin.py:190} INFO - [2025-04-02T06:19:34.874+0000] {dag.py:4180} INFO - Setting next_dagrun for tutorial_dag to None, run_after=None
[2025-04-02T06:19:34.886+0000] {processor.py:208} INFO - Processing /home/airflow/.local/lib/python3.12/site-packages/airflow/example_dags/tutorial_dag.py took 0.039 seconds
[2025-04-02T06:20:05.116+0000] {processor.py:186} INFO - Started process (PID=331) to work on /home/airflow/.local/lib/python3.12/site-packages/airflow/example_dags/tutorial_dag.py
[2025-04-02T06:20:05.117+0000] {processor.py:914} INFO - Processing file /home/airflow/.local/lib/python3.12/site-packages/airflow/example_dags/tutorial_dag.py for tasks to queue
[2025-04-02T06:20:05.119+0000] {logging_mixin.py:190} INFO - [2025-04-02T06:20:05.119+0000] {dagbag.py:588} INFO - Filling up the DagBag from /home/airflow/.local/lib/python3.12/site-packages/airflow/example_dags/tutorial_dag.py
[2025-04-02T06:20:05.124+0000] {processor.py:925} INFO - DAG(s) 'tutorial_dag' retrieved from /home/airflow/.local/lib/python3.12/site-packages/airflow/example_dags/tutorial_dag.py
[2025-04-02T06:20:05.135+0000] {logging_mixin.py:190} INFO - [2025-04-02T06:20:05.135+0000] {dag.py:3239} INFO - Sync 1 DAGs
[2025-04-02T06:20:05.141+0000] {logging_mixin.py:190} INFO - [2025-04-02T06:20:05.141+0000] {dag.py:4180} INFO - Setting next_dagrun for tutorial_dag to None, run_after=None
[2025-04-02T06:20:05.151+0000] {processor.py:208} INFO - Processing /home/airflow/.local/lib/python3.12/site-packages/airflow/example_dags/tutorial_dag.py took 0.039 seconds
[2025-04-02T06:20:35.270+0000] {processor.py:186} INFO - Started process (PID=394) to work on /home/airflow/.local/lib/python3.12/site-packages/airflow/example_dags/tutorial_dag.py
[2025-04-02T06:20:35.271+0000] {processor.py:914} INFO - Processing file /home/airflow/.local/lib/python3.12/site-packages/airflow/example_dags/tutorial_dag.py for tasks to queue
[2025-04-02T06:20:35.274+0000] {logging_mixin.py:190} INFO - [2025-04-02T06:20:35.274+0000] {dagbag.py:588} INFO - Filling up the DagBag from /home/airflow/.local/lib/python3.12/site-packages/airflow/example_dags/tutorial_dag.py
[2025-04-02T06:20:35.280+0000] {processor.py:925} INFO - DAG(s) 'tutorial_dag' retrieved from /home/airflow/.local/lib/python3.12/site-packages/airflow/example_dags/tutorial_dag.py
[2025-04-02T06:20:35.293+0000] {logging_mixin.py:190} INFO - [2025-04-02T06:20:35.293+0000] {dag.py:3239} INFO - Sync 1 DAGs
[2025-04-02T06:20:35.302+0000] {logging_mixin.py:190} INFO - [2025-04-02T06:20:35.302+0000] {dag.py:4180} INFO - Setting next_dagrun for tutorial_dag to None, run_after=None
[2025-04-02T06:20:35.312+0000] {processor.py:208} INFO - Processing /home/airflow/.local/lib/python3.12/site-packages/airflow/example_dags/tutorial_dag.py took 0.046 seconds
[2025-04-02T06:21:05.427+0000] {processor.py:186} INFO - Started process (PID=457) to work on /home/airflow/.local/lib/python3.12/site-packages/airflow/example_dags/tutorial_dag.py
[2025-04-02T06:21:05.428+0000] {processor.py:914} INFO - Processing file /home/airflow/.local/lib/python3.12/site-packages/airflow/example_dags/tutorial_dag.py for tasks to queue
[2025-04-02T06:21:05.429+0000] {logging_mixin.py:190} INFO - [2025-04-02T06:21:05.429+0000] {dagbag.py:588} INFO - Filling up the DagBag from /home/airflow/.local/lib/python3.12/site-packages/airflow/example_dags/tutorial_dag.py
[2025-04-02T06:21:05.433+0000] {processor.py:925} INFO - DAG(s) 'tutorial_dag' retrieved from /home/airflow/.local/lib/python3.12/site-packages/airflow/example_dags/tutorial_dag.py
[2025-04-02T06:21:05.446+0000] {logging_mixin.py:190} INFO - [2025-04-02T06:21:05.446+0000] {dag.py:3239} INFO - Sync 1 DAGs
[2025-04-02T06:21:05.456+0000] {logging_mixin.py:190} INFO - [2025-04-02T06:21:05.456+0000] {dag.py:4180} INFO - Setting next_dagrun for tutorial_dag to None, run_after=None
[2025-04-02T06:21:05.468+0000] {processor.py:208} INFO - Processing /home/airflow/.local/lib/python3.12/site-packages/airflow/example_dags/tutorial_dag.py took 0.045 seconds
[2025-04-02T06:21:35.809+0000] {processor.py:186} INFO - Started process (PID=519) to work on /home/airflow/.local/lib/python3.12/site-packages/airflow/example_dags/tutorial_dag.py
[2025-04-02T06:21:35.810+0000] {processor.py:914} INFO - Processing file /home/airflow/.local/lib/python3.12/site-packages/airflow/example_dags/tutorial_dag.py for tasks to queue
[2025-04-02T06:21:35.811+0000] {logging_mixin.py:190} INFO - [2025-04-02T06:21:35.811+0000] {dagbag.py:588} INFO - Filling up the DagBag from /home/airflow/.local/lib/python3.12/site-packages/airflow/example_dags/tutorial_dag.py
[2025-04-02T06:21:35.815+0000] {processor.py:925} INFO - DAG(s) 'tutorial_dag' retrieved from /home/airflow/.local/lib/python3.12/site-packages/airflow/example_dags/tutorial_dag.py
[2025-04-02T06:21:35.826+0000] {logging_mixin.py:190} INFO - [2025-04-02T06:21:35.826+0000] {dag.py:3239} INFO - Sync 1 DAGs
[2025-04-02T06:21:35.834+0000] {logging_mixin.py:190} INFO - [2025-04-02T06:21:35.834+0000] {dag.py:4180} INFO - Setting next_dagrun for tutorial_dag to None, run_after=None
[2025-04-02T06:21:35.842+0000] {processor.py:208} INFO - Processing /home/airflow/.local/lib/python3.12/site-packages/airflow/example_dags/tutorial_dag.py took 0.037 seconds
[2025-04-02T06:22:06.013+0000] {processor.py:186} INFO - Started process (PID=582) to work on /home/airflow/.local/lib/python3.12/site-packages/airflow/example_dags/tutorial_dag.py
[2025-04-02T06:22:06.014+0000] {processor.py:914} INFO - Processing file /home/airflow/.local/lib/python3.12/site-packages/airflow/example_dags/tutorial_dag.py for tasks to queue
[2025-04-02T06:22:06.015+0000] {logging_mixin.py:190} INFO - [2025-04-02T06:22:06.015+0000] {dagbag.py:588} INFO - Filling up the DagBag from /home/airflow/.local/lib/python3.12/site-packages/airflow/example_dags/tutorial_dag.py
[2025-04-02T06:22:06.025+0000] {processor.py:925} INFO - DAG(s) 'tutorial_dag' retrieved from /home/airflow/.local/lib/python3.12/site-packages/airflow/example_dags/tutorial_dag.py
[2025-04-02T06:22:06.038+0000] {logging_mixin.py:190} INFO - [2025-04-02T06:22:06.037+0000] {dag.py:3239} INFO - Sync 1 DAGs
[2025-04-02T06:22:06.046+0000] {logging_mixin.py:190} INFO - [2025-04-02T06:22:06.046+0000] {dag.py:4180} INFO - Setting next_dagrun for tutorial_dag to None, run_after=None
[2025-04-02T06:22:06.063+0000] {processor.py:208} INFO - Processing /home/airflow/.local/lib/python3.12/site-packages/airflow/example_dags/tutorial_dag.py took 0.054 seconds
[2025-04-02T06:22:36.796+0000] {processor.py:186} INFO - Started process (PID=645) to work on /home/airflow/.local/lib/python3.12/site-packages/airflow/example_dags/tutorial_dag.py
[2025-04-02T06:22:36.796+0000] {processor.py:914} INFO - Processing file /home/airflow/.local/lib/python3.12/site-packages/airflow/example_dags/tutorial_dag.py for tasks to queue
[2025-04-02T06:22:36.798+0000] {logging_mixin.py:190} INFO - [2025-04-02T06:22:36.798+0000] {dagbag.py:588} INFO - Filling up the DagBag from /home/airflow/.local/lib/python3.12/site-packages/airflow/example_dags/tutorial_dag.py
[2025-04-02T06:22:36.802+0000] {processor.py:925} INFO - DAG(s) 'tutorial_dag' retrieved from /home/airflow/.local/lib/python3.12/site-packages/airflow/example_dags/tutorial_dag.py
[2025-04-02T06:22:36.812+0000] {logging_mixin.py:190} INFO - [2025-04-02T06:22:36.812+0000] {dag.py:3239} INFO - Sync 1 DAGs
[2025-04-02T06:22:36.820+0000] {logging_mixin.py:190} INFO - [2025-04-02T06:22:36.820+0000] {dag.py:4180} INFO - Setting next_dagrun for tutorial_dag to None, run_after=None
[2025-04-02T06:22:36.830+0000] {processor.py:208} INFO - Processing /home/airflow/.local/lib/python3.12/site-packages/airflow/example_dags/tutorial_dag.py took 0.037 seconds
[2025-04-02T06:23:07.233+0000] {processor.py:186} INFO - Started process (PID=710) to work on /home/airflow/.local/lib/python3.12/site-packages/airflow/example_dags/tutorial_dag.py
[2025-04-02T06:23:07.234+0000] {processor.py:914} INFO - Processing file /home/airflow/.local/lib/python3.12/site-packages/airflow/example_dags/tutorial_dag.py for tasks to queue
[2025-04-02T06:23:07.236+0000] {logging_mixin.py:190} INFO - [2025-04-02T06:23:07.236+0000] {dagbag.py:588} INFO - Filling up the DagBag from /home/airflow/.local/lib/python3.12/site-packages/airflow/example_dags/tutorial_dag.py
[2025-04-02T06:23:07.244+0000] {processor.py:925} INFO - DAG(s) 'tutorial_dag' retrieved from /home/airflow/.local/lib/python3.12/site-packages/airflow/example_dags/tutorial_dag.py
[2025-04-02T06:23:07.263+0000] {logging_mixin.py:190} INFO - [2025-04-02T06:23:07.263+0000] {dag.py:3239} INFO - Sync 1 DAGs
[2025-04-02T06:23:07.272+0000] {logging_mixin.py:190} INFO - [2025-04-02T06:23:07.272+0000] {dag.py:4180} INFO - Setting next_dagrun for tutorial_dag to None, run_after=None
[2025-04-02T06:23:07.290+0000] {processor.py:208} INFO - Processing /home/airflow/.local/lib/python3.12/site-packages/airflow/example_dags/tutorial_dag.py took 0.062 seconds
[2025-04-02T06:23:37.410+0000] {processor.py:186} INFO - Started process (PID=774) to work on /home/airflow/.local/lib/python3.12/site-packages/airflow/example_dags/tutorial_dag.py
[2025-04-02T06:23:37.411+0000] {processor.py:914} INFO - Processing file /home/airflow/.local/lib/python3.12/site-packages/airflow/example_dags/tutorial_dag.py for tasks to queue
[2025-04-02T06:23:37.412+0000] {logging_mixin.py:190} INFO - [2025-04-02T06:23:37.412+0000] {dagbag.py:588} INFO - Filling up the DagBag from /home/airflow/.local/lib/python3.12/site-packages/airflow/example_dags/tutorial_dag.py
[2025-04-02T06:23:37.417+0000] {processor.py:925} INFO - DAG(s) 'tutorial_dag' retrieved from /home/airflow/.local/lib/python3.12/site-packages/airflow/example_dags/tutorial_dag.py
[2025-04-02T06:23:37.430+0000] {logging_mixin.py:190} INFO - [2025-04-02T06:23:37.430+0000] {dag.py:3239} INFO - Sync 1 DAGs
[2025-04-02T06:23:37.437+0000] {logging_mixin.py:190} INFO - [2025-04-02T06:23:37.437+0000] {dag.py:4180} INFO - Setting next_dagrun for tutorial_dag to None, run_after=None
[2025-04-02T06:23:37.448+0000] {processor.py:208} INFO - Processing /home/airflow/.local/lib/python3.12/site-packages/airflow/example_dags/tutorial_dag.py took 0.041 seconds
[2025-04-02T06:24:08.440+0000] {processor.py:186} INFO - Started process (PID=840) to work on /home/airflow/.local/lib/python3.12/site-packages/airflow/example_dags/tutorial_dag.py
[2025-04-02T06:24:08.441+0000] {processor.py:914} INFO - Processing file /home/airflow/.local/lib/python3.12/site-packages/airflow/example_dags/tutorial_dag.py for tasks to queue
[2025-04-02T06:24:08.444+0000] {logging_mixin.py:190} INFO - [2025-04-02T06:24:08.443+0000] {dagbag.py:588} INFO - Filling up the DagBag from /home/airflow/.local/lib/python3.12/site-packages/airflow/example_dags/tutorial_dag.py
[2025-04-02T06:24:08.448+0000] {processor.py:925} INFO - DAG(s) 'tutorial_dag' retrieved from /home/airflow/.local/lib/python3.12/site-packages/airflow/example_dags/tutorial_dag.py
[2025-04-02T06:24:08.458+0000] {logging_mixin.py:190} INFO - [2025-04-02T06:24:08.458+0000] {dag.py:3239} INFO - Sync 1 DAGs
[2025-04-02T06:24:08.466+0000] {logging_mixin.py:190} INFO - [2025-04-02T06:24:08.465+0000] {dag.py:4180} INFO - Setting next_dagrun for tutorial_dag to None, run_after=None
[2025-04-02T06:24:08.478+0000] {processor.py:208} INFO - Processing /home/airflow/.local/lib/python3.12/site-packages/airflow/example_dags/tutorial_dag.py took 0.041 seconds
[2025-04-02T06:24:38.836+0000] {processor.py:186} INFO - Started process (PID=904) to work on /home/airflow/.local/lib/python3.12/site-packages/airflow/example_dags/tutorial_dag.py
[2025-04-02T06:24:38.837+0000] {processor.py:914} INFO - Processing file /home/airflow/.local/lib/python3.12/site-packages/airflow/example_dags/tutorial_dag.py for tasks to queue
[2025-04-02T06:24:38.839+0000] {logging_mixin.py:190} INFO - [2025-04-02T06:24:38.839+0000] {dagbag.py:588} INFO - Filling up the DagBag from /home/airflow/.local/lib/python3.12/site-packages/airflow/example_dags/tutorial_dag.py
[2025-04-02T06:24:38.844+0000] {processor.py:925} INFO - DAG(s) 'tutorial_dag' retrieved from /home/airflow/.local/lib/python3.12/site-packages/airflow/example_dags/tutorial_dag.py
[2025-04-02T06:24:38.859+0000] {logging_mixin.py:190} INFO - [2025-04-02T06:24:38.859+0000] {dag.py:3239} INFO - Sync 1 DAGs
[2025-04-02T06:24:38.866+0000] {logging_mixin.py:190} INFO - [2025-04-02T06:24:38.866+0000] {dag.py:4180} INFO - Setting next_dagrun for tutorial_dag to None, run_after=None
[2025-04-02T06:24:38.879+0000] {processor.py:208} INFO - Processing /home/airflow/.local/lib/python3.12/site-packages/airflow/example_dags/tutorial_dag.py took 0.047 seconds
[2025-04-02T06:25:09.207+0000] {processor.py:186} INFO - Started process (PID=968) to work on /home/airflow/.local/lib/python3.12/site-packages/airflow/example_dags/tutorial_dag.py
[2025-04-02T06:25:09.208+0000] {processor.py:914} INFO - Processing file /home/airflow/.local/lib/python3.12/site-packages/airflow/example_dags/tutorial_dag.py for tasks to queue
[2025-04-02T06:25:09.210+0000] {logging_mixin.py:190} INFO - [2025-04-02T06:25:09.210+0000] {dagbag.py:588} INFO - Filling up the DagBag from /home/airflow/.local/lib/python3.12/site-packages/airflow/example_dags/tutorial_dag.py
[2025-04-02T06:25:09.216+0000] {processor.py:925} INFO - DAG(s) 'tutorial_dag' retrieved from /home/airflow/.local/lib/python3.12/site-packages/airflow/example_dags/tutorial_dag.py
[2025-04-02T06:25:09.231+0000] {logging_mixin.py:190} INFO - [2025-04-02T06:25:09.231+0000] {dag.py:3239} INFO - Sync 1 DAGs
[2025-04-02T06:25:09.241+0000] {logging_mixin.py:190} INFO - [2025-04-02T06:25:09.241+0000] {dag.py:4180} INFO - Setting next_dagrun for tutorial_dag to None, run_after=None
[2025-04-02T06:25:09.256+0000] {processor.py:208} INFO - Processing /home/airflow/.local/lib/python3.12/site-packages/airflow/example_dags/tutorial_dag.py took 0.053 seconds
[2025-04-02T06:25:39.695+0000] {processor.py:186} INFO - Started process (PID=1036) to work on /home/airflow/.local/lib/python3.12/site-packages/airflow/example_dags/tutorial_dag.py
[2025-04-02T06:25:39.696+0000] {processor.py:914} INFO - Processing file /home/airflow/.local/lib/python3.12/site-packages/airflow/example_dags/tutorial_dag.py for tasks to queue
[2025-04-02T06:25:39.697+0000] {logging_mixin.py:190} INFO - [2025-04-02T06:25:39.697+0000] {dagbag.py:588} INFO - Filling up the DagBag from /home/airflow/.local/lib/python3.12/site-packages/airflow/example_dags/tutorial_dag.py
[2025-04-02T06:25:39.701+0000] {processor.py:925} INFO - DAG(s) 'tutorial_dag' retrieved from /home/airflow/.local/lib/python3.12/site-packages/airflow/example_dags/tutorial_dag.py
[2025-04-02T06:25:39.712+0000] {logging_mixin.py:190} INFO - [2025-04-02T06:25:39.711+0000] {dag.py:3239} INFO - Sync 1 DAGs
[2025-04-02T06:25:39.718+0000] {logging_mixin.py:190} INFO - [2025-04-02T06:25:39.718+0000] {dag.py:4180} INFO - Setting next_dagrun for tutorial_dag to None, run_after=None
[2025-04-02T06:25:39.726+0000] {processor.py:208} INFO - Processing /home/airflow/.local/lib/python3.12/site-packages/airflow/example_dags/tutorial_dag.py took 0.035 seconds
[2025-04-02T06:26:09.993+0000] {processor.py:186} INFO - Started process (PID=1104) to work on /home/airflow/.local/lib/python3.12/site-packages/airflow/example_dags/tutorial_dag.py
[2025-04-02T06:26:09.993+0000] {processor.py:914} INFO - Processing file /home/airflow/.local/lib/python3.12/site-packages/airflow/example_dags/tutorial_dag.py for tasks to queue
[2025-04-02T06:26:09.995+0000] {logging_mixin.py:190} INFO - [2025-04-02T06:26:09.995+0000] {dagbag.py:588} INFO - Filling up the DagBag from /home/airflow/.local/lib/python3.12/site-packages/airflow/example_dags/tutorial_dag.py
[2025-04-02T06:26:09.999+0000] {processor.py:925} INFO - DAG(s) 'tutorial_dag' retrieved from /home/airflow/.local/lib/python3.12/site-packages/airflow/example_dags/tutorial_dag.py
[2025-04-02T06:26:10.010+0000] {logging_mixin.py:190} INFO - [2025-04-02T06:26:10.010+0000] {dag.py:3239} INFO - Sync 1 DAGs
[2025-04-02T06:26:10.016+0000] {logging_mixin.py:190} INFO - [2025-04-02T06:26:10.016+0000] {dag.py:4180} INFO - Setting next_dagrun for tutorial_dag to None, run_after=None
[2025-04-02T06:26:10.030+0000] {processor.py:208} INFO - Processing /home/airflow/.local/lib/python3.12/site-packages/airflow/example_dags/tutorial_dag.py took 0.041 seconds
[2025-04-02T06:26:40.432+0000] {processor.py:186} INFO - Started process (PID=1171) to work on /home/airflow/.local/lib/python3.12/site-packages/airflow/example_dags/tutorial_dag.py
[2025-04-02T06:26:40.434+0000] {processor.py:914} INFO - Processing file /home/airflow/.local/lib/python3.12/site-packages/airflow/example_dags/tutorial_dag.py for tasks to queue
[2025-04-02T06:26:40.435+0000] {logging_mixin.py:190} INFO - [2025-04-02T06:26:40.435+0000] {dagbag.py:588} INFO - Filling up the DagBag from /home/airflow/.local/lib/python3.12/site-packages/airflow/example_dags/tutorial_dag.py
[2025-04-02T06:26:40.443+0000] {processor.py:925} INFO - DAG(s) 'tutorial_dag' retrieved from /home/airflow/.local/lib/python3.12/site-packages/airflow/example_dags/tutorial_dag.py
[2025-04-02T06:26:40.457+0000] {logging_mixin.py:190} INFO - [2025-04-02T06:26:40.457+0000] {dag.py:3239} INFO - Sync 1 DAGs
[2025-04-02T06:26:40.467+0000] {logging_mixin.py:190} INFO - [2025-04-02T06:26:40.467+0000] {dag.py:4180} INFO - Setting next_dagrun for tutorial_dag to None, run_after=None
[2025-04-02T06:26:40.477+0000] {processor.py:208} INFO - Processing /home/airflow/.local/lib/python3.12/site-packages/airflow/example_dags/tutorial_dag.py took 0.049 seconds
[2025-04-02T06:27:11.282+0000] {processor.py:186} INFO - Started process (PID=1241) to work on /home/airflow/.local/lib/python3.12/site-packages/airflow/example_dags/tutorial_dag.py
[2025-04-02T06:27:11.284+0000] {processor.py:914} INFO - Processing file /home/airflow/.local/lib/python3.12/site-packages/airflow/example_dags/tutorial_dag.py for tasks to queue
[2025-04-02T06:27:11.285+0000] {logging_mixin.py:190} INFO - [2025-04-02T06:27:11.285+0000] {dagbag.py:588} INFO - Filling up the DagBag from /home/airflow/.local/lib/python3.12/site-packages/airflow/example_dags/tutorial_dag.py
[2025-04-02T06:27:11.290+0000] {processor.py:925} INFO - DAG(s) 'tutorial_dag' retrieved from /home/airflow/.local/lib/python3.12/site-packages/airflow/example_dags/tutorial_dag.py
[2025-04-02T06:27:11.302+0000] {logging_mixin.py:190} INFO - [2025-04-02T06:27:11.302+0000] {dag.py:3239} INFO - Sync 1 DAGs
[2025-04-02T06:27:11.310+0000] {logging_mixin.py:190} INFO - [2025-04-02T06:27:11.310+0000] {dag.py:4180} INFO - Setting next_dagrun for tutorial_dag to None, run_after=None
[2025-04-02T06:27:11.320+0000] {processor.py:208} INFO - Processing /home/airflow/.local/lib/python3.12/site-packages/airflow/example_dags/tutorial_dag.py took 0.042 seconds
[2025-04-02T06:27:41.897+0000] {processor.py:186} INFO - Started process (PID=1305) to work on /home/airflow/.local/lib/python3.12/site-packages/airflow/example_dags/tutorial_dag.py
[2025-04-02T06:27:41.898+0000] {processor.py:914} INFO - Processing file /home/airflow/.local/lib/python3.12/site-packages/airflow/example_dags/tutorial_dag.py for tasks to queue
[2025-04-02T06:27:41.899+0000] {logging_mixin.py:190} INFO - [2025-04-02T06:27:41.899+0000] {dagbag.py:588} INFO - Filling up the DagBag from /home/airflow/.local/lib/python3.12/site-packages/airflow/example_dags/tutorial_dag.py
[2025-04-02T06:27:41.904+0000] {processor.py:925} INFO - DAG(s) 'tutorial_dag' retrieved from /home/airflow/.local/lib/python3.12/site-packages/airflow/example_dags/tutorial_dag.py
[2025-04-02T06:27:41.917+0000] {logging_mixin.py:190} INFO - [2025-04-02T06:27:41.916+0000] {dag.py:3239} INFO - Sync 1 DAGs
[2025-04-02T06:27:41.924+0000] {logging_mixin.py:190} INFO - [2025-04-02T06:27:41.924+0000] {dag.py:4180} INFO - Setting next_dagrun for tutorial_dag to None, run_after=None
[2025-04-02T06:27:41.940+0000] {processor.py:208} INFO - Processing /home/airflow/.local/lib/python3.12/site-packages/airflow/example_dags/tutorial_dag.py took 0.046 seconds
[2025-04-02T06:28:12.477+0000] {processor.py:186} INFO - Started process (PID=1373) to work on /home/airflow/.local/lib/python3.12/site-packages/airflow/example_dags/tutorial_dag.py
[2025-04-02T06:28:12.478+0000] {processor.py:914} INFO - Processing file /home/airflow/.local/lib/python3.12/site-packages/airflow/example_dags/tutorial_dag.py for tasks to queue
[2025-04-02T06:28:12.479+0000] {logging_mixin.py:190} INFO - [2025-04-02T06:28:12.479+0000] {dagbag.py:588} INFO - Filling up the DagBag from /home/airflow/.local/lib/python3.12/site-packages/airflow/example_dags/tutorial_dag.py
[2025-04-02T06:28:12.484+0000] {processor.py:925} INFO - DAG(s) 'tutorial_dag' retrieved from /home/airflow/.local/lib/python3.12/site-packages/airflow/example_dags/tutorial_dag.py
[2025-04-02T06:28:12.495+0000] {logging_mixin.py:190} INFO - [2025-04-02T06:28:12.495+0000] {dag.py:3239} INFO - Sync 1 DAGs
[2025-04-02T06:28:12.502+0000] {logging_mixin.py:190} INFO - [2025-04-02T06:28:12.502+0000] {dag.py:4180} INFO - Setting next_dagrun for tutorial_dag to None, run_after=None
[2025-04-02T06:28:12.511+0000] {processor.py:208} INFO - Processing /home/airflow/.local/lib/python3.12/site-packages/airflow/example_dags/tutorial_dag.py took 0.039 seconds
